2024-05-07 13:07:35.069 [background-preinit] INFO  --- o.h.validator.internal.util.Version     :   HV000001: Hibernate Validator 8.0.1.Final
2024-05-07 13:07:35.182 [main] INFO  --- c.h.d.i.BackorderIntegrationTest     :   Starting BackorderIntegrationTest using Java 21.0.2 with PID 688 (started by Himanshu.Kumar in C:\Users\himanshu.kumar\IdeaProjects\departmentalStore)
2024-05-07 13:07:35.182 [main] DEBUG --- c.h.d.i.BackorderIntegrationTest     :   Running with Spring Boot v3.2.4, Spring v6.1.5
2024-05-07 13:07:35.183 [main] INFO  --- c.h.d.i.BackorderIntegrationTest     :   No active profile set, falling back to 1 default profile: "default"
2024-05-07 13:07:37.048 [main] INFO  --- o.s.d.r.c.RepositoryConfigurationDelegate     :   Bootstrapping Spring Data JPA repositories in DEFAULT mode.
2024-05-07 13:07:37.143 [main] INFO  --- o.s.d.r.c.RepositoryConfigurationDelegate     :   Finished Spring Data repository scanning in 81 ms. Found 5 JPA repository interfaces.
2024-05-07 13:07:38.559 [main] INFO  --- o.s.b.w.e.tomcat.TomcatWebServer     :   Tomcat initialized with port 0 (http)
2024-05-07 13:07:38.577 [main] INFO  --- o.a.coyote.http11.Http11NioProtocol     :   Initializing ProtocolHandler ["http-nio-auto-1"]
2024-05-07 13:07:38.581 [main] INFO  --- o.a.catalina.core.StandardService     :   Starting service [Tomcat]
2024-05-07 13:07:38.581 [main] INFO  --- o.a.catalina.core.StandardEngine     :   Starting Servlet engine: [Apache Tomcat/10.1.19]
2024-05-07 13:07:38.678 [main] INFO  --- o.a.c.c.C.[Tomcat].[localhost].[/]     :   Initializing Spring embedded WebApplicationContext
2024-05-07 13:07:38.679 [main] INFO  --- o.s.b.w.s.c.ServletWebServerApplicationContext     :   Root WebApplicationContext: initialization completed in 3469 ms
2024-05-07 13:07:39.198 [main] INFO  --- com.zaxxer.hikari.HikariDataSource     :   HikariPool-1 - Starting...
2024-05-07 13:07:39.518 [main] INFO  --- com.zaxxer.hikari.pool.HikariPool     :   HikariPool-1 - Added connection com.mysql.cj.jdbc.ConnectionImpl@10e94abd
2024-05-07 13:07:39.521 [main] INFO  --- com.zaxxer.hikari.HikariDataSource     :   HikariPool-1 - Start completed.
2024-05-07 13:07:39.707 [main] INFO  --- o.f.c.i.license.VersionPrinter     :   Flyway Community Edition 9.22.3 by Redgate
2024-05-07 13:07:39.707 [main] INFO  --- o.f.c.i.license.VersionPrinter     :   See release notes here: https://rd.gt/416ObMi
2024-05-07 13:07:39.707 [main] INFO  --- o.f.c.i.license.VersionPrinter     :   
2024-05-07 13:07:39.746 [main] INFO  --- org.flywaydb.core.FlywayExecutor     :   Database: jdbc:mysql://localhost:3306/jpa_testing_departmentalstore_flyway (MySQL 8.0)
2024-05-07 13:07:39.854 [main] INFO  --- o.f.core.internal.command.DbValidate     :   Successfully validated 5 migrations (execution time 00:00.066s)
2024-05-07 13:07:39.883 [main] INFO  --- o.f.core.internal.command.DbMigrate     :   Current version of schema `jpa_testing_departmentalstore_flyway`: 5
2024-05-07 13:07:39.891 [main] INFO  --- o.f.core.internal.command.DbMigrate     :   Schema `jpa_testing_departmentalstore_flyway` is up to date. No migration necessary.
2024-05-07 13:07:40.094 [main] INFO  --- o.h.jpa.internal.util.LogHelper     :   HHH000204: Processing PersistenceUnitInfo [name: default]
2024-05-07 13:07:40.237 [main] INFO  --- org.hibernate.Version     :   HHH000412: Hibernate ORM core version 6.4.4.Final
2024-05-07 13:07:40.309 [main] INFO  --- o.h.c.i.RegionFactoryInitiator     :   HHH000026: Second-level cache disabled
2024-05-07 13:07:40.556 [main] INFO  --- o.s.o.j.p.SpringPersistenceUnitInfo     :   No LoadTimeWeaver setup: ignoring JPA class transformer
2024-05-07 13:07:42.274 [main] INFO  --- o.h.e.t.j.p.i.JtaPlatformInitiator     :   HHH000489: No JTA platform available (set 'hibernate.transaction.jta.platform' to enable JTA platform integration)
2024-05-07 13:07:42.381 [main] INFO  --- o.s.o.j.LocalContainerEntityManagerFactoryBean     :   Initialized JPA EntityManagerFactory for persistence unit 'default'
2024-05-07 13:07:44.013 [main] WARN  --- o.s.b.a.o.j.JpaBaseConfiguration$JpaWebConfiguration     :   spring.jpa.open-in-view is enabled by default. Therefore, database queries may be performed during view rendering. Explicitly configure spring.jpa.open-in-view to disable this warning
2024-05-07 13:07:45.549 [main] INFO  --- o.a.c.c.C.[Tomcat].[localhost].[/]     :   Initializing Spring TestDispatcherServlet ''
2024-05-07 13:07:45.550 [main] INFO  --- o.s.t.w.s.TestDispatcherServlet     :   Initializing Servlet ''
2024-05-07 13:07:45.562 [main] INFO  --- o.s.b.a.e.web.EndpointLinksResolver     :   Exposing 1 endpoint(s) beneath base path '/actuator'
2024-05-07 13:07:45.587 [main] INFO  --- o.s.t.w.s.TestDispatcherServlet     :   Completed initialization in 37 ms
2024-05-07 13:07:45.724 [main] INFO  --- o.a.coyote.http11.Http11NioProtocol     :   Starting ProtocolHandler ["http-nio-auto-1"]
2024-05-07 13:07:45.760 [main] INFO  --- o.s.b.w.e.tomcat.TomcatWebServer     :   Tomcat started on port 50430 (http) with context path ''
2024-05-07 13:07:45.785 [main] INFO  --- c.h.d.i.BackorderIntegrationTest     :   Started BackorderIntegrationTest in 11.061 seconds (process running for 34.252)
2024-05-07 13:07:46.393 [main] INFO  --- c.h.d.controller.BackorderController     :   Received request to fetch backorder by ID: 58
2024-05-07 13:07:46.393 [main] INFO  --- c.h.d.service.BackorderService     :   Fetching backorder by Id : 58
2024-05-07 13:07:46.438 [main] INFO  --- c.h.d.controller.BackorderController     :   Fetched backorder with Id: 58
2024-05-07 13:07:46.807 [main] INFO  --- c.h.d.controller.BackorderController     :   Received request to update backorder with ID 59: com.himanshu.departmentalStore.dto.BackOrderRequestBody@40c138fa
2024-05-07 13:07:46.807 [main] INFO  --- c.h.d.controller.BackorderController     :   Converting RequestBody to backorder
2024-05-07 13:07:46.808 [main] INFO  --- c.h.d.controller.BackorderController     :   Checking that Product and customer exist with requested Id or not.
2024-05-07 13:07:46.818 [main] INFO  --- c.h.d.controller.BackorderController     :   Product and Customer exist with requested Id.
2024-05-07 13:07:46.825 [main] INFO  --- c.h.d.controller.BackorderController     :   RequestBody converted to backorder
2024-05-07 13:07:46.826 [main] INFO  --- c.h.d.service.BackorderService     :   Updating backorder
2024-05-07 13:07:47.481 [main] INFO  --- c.h.d.controller.BackorderController     :   Backorder updated with ID : 59
2024-05-07 13:07:47.579 [main] INFO  --- c.h.d.controller.BackorderController     :   Received request to fetch backorder by ID: 160
2024-05-07 13:07:47.579 [main] INFO  --- c.h.d.service.BackorderService     :   Fetching backorder by Id : 160
2024-05-07 13:07:47.592 [main] ERROR --- c.h.d.e.GlobalExceptionHandler     :   ResourceNotFoundException: Backorder not found with Id : 160
2024-05-07 13:07:47.695 [main] INFO  --- c.h.d.controller.BackorderController     :   Received request to delete backorder with ID: 161
2024-05-07 13:07:47.696 [main] INFO  --- c.h.d.service.BackorderService     :   Deleting backorder
2024-05-07 13:07:47.703 [main] ERROR --- c.h.d.e.GlobalExceptionHandler     :   ResourceNotFoundException: Backorder not found with Id : 161
2024-05-07 13:07:47.792 [main] INFO  --- c.h.d.controller.BackorderController     :   Received request to create new backorder with request body: com.himanshu.departmentalStore.dto.BackOrderRequestBody@764ba14f
2024-05-07 13:07:47.792 [main] INFO  --- c.h.d.controller.BackorderController     :   Converting RequestBody to backorder
2024-05-07 13:07:47.792 [main] INFO  --- c.h.d.controller.BackorderController     :   Checking that Product and customer exist with requested Id or not.
2024-05-07 13:07:47.803 [main] INFO  --- c.h.d.controller.BackorderController     :   Product and Customer exist with requested Id.
2024-05-07 13:07:47.803 [main] INFO  --- c.h.d.controller.BackorderController     :   RequestBody converted to backorder
2024-05-07 13:07:47.804 [main] INFO  --- c.h.d.service.BackorderService     :   Saving backorder
2024-05-07 13:07:47.811 [main] INFO  --- c.h.d.controller.BackorderController     :   Backorder created with ID : 62
2024-05-07 13:07:47.903 [main] INFO  --- c.h.d.controller.BackorderController     :   Received request to fetch all backorders
2024-05-07 13:07:47.903 [main] INFO  --- c.h.d.service.BackorderService     :   Fetching all backorders
2024-05-07 13:07:47.917 [main] INFO  --- c.h.d.controller.BackorderController     :   Fetched backorders
2024-05-07 13:07:48.016 [main] INFO  --- c.h.d.controller.BackorderController     :   Received request to update backorder with ID 164: com.himanshu.departmentalStore.dto.BackOrderRequestBody@3348c47d
2024-05-07 13:07:48.016 [main] INFO  --- c.h.d.controller.BackorderController     :   Converting RequestBody to backorder
2024-05-07 13:07:48.016 [main] INFO  --- c.h.d.controller.BackorderController     :   Checking that Product and customer exist with requested Id or not.
2024-05-07 13:07:48.026 [main] INFO  --- c.h.d.controller.BackorderController     :   Product and Customer exist with requested Id.
2024-05-07 13:07:48.027 [main] INFO  --- c.h.d.controller.BackorderController     :   RequestBody converted to backorder
2024-05-07 13:07:48.027 [main] INFO  --- c.h.d.service.BackorderService     :   Updating backorder
2024-05-07 13:07:48.034 [main] ERROR --- c.h.d.e.GlobalExceptionHandler     :   ResourceNotFoundException: Backorder not found with Id : 164
2024-05-07 13:07:48.114 [main] INFO  --- c.h.d.controller.BackorderController     :   Received request to delete backorder with ID: 65
2024-05-07 13:07:48.114 [main] INFO  --- c.h.d.service.BackorderService     :   Deleting backorder
2024-05-07 13:07:48.129 [main] INFO  --- c.h.d.controller.BackorderController     :   Backorder deleted with ID: 65
2024-05-07 13:07:48.175 [main] INFO  --- o.s.t.c.s.AnnotationConfigContextLoaderUtils     :   Could not detect default configuration classes for test class [com.himanshu.departmentalStore.integration_test.CustomerIntegrationTest]: CustomerIntegrationTest does not declare any static, non-private, non-final, nested classes annotated with @Configuration.
2024-05-07 13:07:48.190 [main] INFO  --- o.s.b.t.c.SpringBootTestContextBootstrapper     :   Found @SpringBootConfiguration com.himanshu.departmentalStore.DepartmentalStoreApplication for test class com.himanshu.departmentalStore.integration_test.CustomerIntegrationTest
2024-05-07 13:07:48.219 [main] INFO  --- c.h.d.controller.CustomerController     :   Request received to fetch customer with ID 186
2024-05-07 13:07:48.219 [main] INFO  --- c.h.d.service.CustomerService     :   Fetching customer with ID 186
2024-05-07 13:07:48.225 [main] INFO  --- c.h.d.service.CustomerService     :   Fetched customer: com.himanshu.departmentalStore.model.Customer@61794b08
2024-05-07 13:07:48.225 [main] INFO  --- c.h.d.controller.CustomerController     :   Returning customer with ID 186: com.himanshu.departmentalStore.model.Customer@61794b08
2024-05-07 13:07:48.260 [main] INFO  --- c.h.d.controller.CustomerController     :   Request received to delete customer with ID 187
2024-05-07 13:07:48.261 [main] INFO  --- c.h.d.service.CustomerService     :   Deleting customer with ID 187
2024-05-07 13:07:48.272 [main] INFO  --- c.h.d.controller.CustomerController     :   Customer with ID 187 deleted successfully
2024-05-07 13:07:48.301 [main] INFO  --- c.h.d.controller.CustomerController     :   Received request to retrieve all customers.
2024-05-07 13:07:48.302 [main] INFO  --- c.h.d.service.CustomerService     :   Fetching all customers from the database
2024-05-07 13:07:48.308 [main] INFO  --- c.h.d.service.CustomerService     :   Fetched 1 customers
2024-05-07 13:07:48.309 [main] INFO  --- c.h.d.controller.CustomerController     :   Retrieved 1 customers.
2024-05-07 13:07:48.340 [main] INFO  --- c.h.d.controller.CustomerController     :   Request received to delete customer with ID 289
2024-05-07 13:07:48.340 [main] INFO  --- c.h.d.service.CustomerService     :   Deleting customer with ID 289
2024-05-07 13:07:48.344 [main] ERROR --- c.h.d.e.GlobalExceptionHandler     :   ResourceNotFoundException: Customer not found with Id : 289
2024-05-07 13:07:48.370 [main] INFO  --- c.h.d.controller.CustomerController     :   Request received to save a new customer: com.himanshu.departmentalStore.model.Customer@5d9f85c6
2024-05-07 13:07:48.370 [main] INFO  --- c.h.d.service.CustomerService     :   Saving new customer: com.himanshu.departmentalStore.model.Customer@5d9f85c6
2024-05-07 13:07:48.377 [main] INFO  --- c.h.d.controller.CustomerController     :   Saved customer: com.himanshu.departmentalStore.model.Customer@5d9f85c6
2024-05-07 13:07:48.413 [main] INFO  --- c.h.d.controller.CustomerController     :   Request received to update customer with ID 291: com.himanshu.departmentalStore.model.Customer@26e434f5
2024-05-07 13:07:48.414 [main] INFO  --- c.h.d.service.CustomerService     :   Updating customer with ID 291: com.himanshu.departmentalStore.model.Customer@26e434f5
2024-05-07 13:07:48.423 [main] ERROR --- c.h.d.service.CustomerService     :   Customer with ID 291 not found
2024-05-07 13:07:48.424 [main] ERROR --- c.h.d.e.GlobalExceptionHandler     :   ResourceNotFoundException: Customer not found with Id : 291
2024-05-07 13:07:48.460 [main] INFO  --- c.h.d.controller.CustomerController     :   Request received to update customer with ID 192: com.himanshu.departmentalStore.model.Customer@1c7a4a36
2024-05-07 13:07:48.460 [main] INFO  --- c.h.d.service.CustomerService     :   Updating customer with ID 192: com.himanshu.departmentalStore.model.Customer@1c7a4a36
2024-05-07 13:07:48.473 [main] INFO  --- c.h.d.controller.CustomerController     :   Updated customer with ID 192: com.himanshu.departmentalStore.model.Customer@3cee8cfc
2024-05-07 13:07:48.503 [main] INFO  --- c.h.d.controller.CustomerController     :   Request received to fetch customer with ID 293
2024-05-07 13:07:48.503 [main] INFO  --- c.h.d.service.CustomerService     :   Fetching customer with ID 293
2024-05-07 13:07:48.507 [main] ERROR --- c.h.d.e.GlobalExceptionHandler     :   ResourceNotFoundException: Customer not found with Id : 293
2024-05-07 13:07:48.524 [main] INFO  --- o.s.t.c.s.AnnotationConfigContextLoaderUtils     :   Could not detect default configuration classes for test class [com.himanshu.departmentalStore.integration_test.DiscountIntegrationTest]: DiscountIntegrationTest does not declare any static, non-private, non-final, nested classes annotated with @Configuration.
2024-05-07 13:07:48.532 [main] INFO  --- o.s.b.t.c.SpringBootTestContextBootstrapper     :   Found @SpringBootConfiguration com.himanshu.departmentalStore.DepartmentalStoreApplication for test class com.himanshu.departmentalStore.integration_test.DiscountIntegrationTest
2024-05-07 13:07:48.556 [main] INFO  --- c.h.d.controller.DiscountController     :   Received request to Fetch discount by Id : 43
2024-05-07 13:07:48.556 [main] INFO  --- c.h.d.service.DiscountService     :   Fetching discount by ID: 43
2024-05-07 13:07:48.562 [main] INFO  --- c.h.d.controller.DiscountController     :   Fetched discounts with Id : 43, discount : com.himanshu.departmentalStore.model.Discount@7afcb504
2024-05-07 13:07:48.594 [main] INFO  --- c.h.d.controller.DiscountController     :   Received request to delete discount with ID 44
2024-05-07 13:07:48.595 [main] INFO  --- c.h.d.service.DiscountService     :   Deleting discount with ID: 44
2024-05-07 13:07:48.631 [main] INFO  --- c.h.d.controller.DiscountController     :   Received request to Fetch all discounts
2024-05-07 13:07:48.632 [main] INFO  --- c.h.d.service.DiscountService     :   Fetching all discounts
2024-05-07 13:07:48.638 [main] INFO  --- c.h.d.controller.DiscountController     :   Fetched all discounts : [com.himanshu.departmentalStore.model.Discount@3b637f48]
2024-05-07 13:07:48.671 [main] INFO  --- c.h.d.controller.DiscountController     :   Received request to delete discount with ID 146
2024-05-07 13:07:48.672 [main] INFO  --- c.h.d.service.DiscountService     :   Deleting discount with ID: 146
2024-05-07 13:07:48.677 [main] ERROR --- c.h.d.e.GlobalExceptionHandler     :   ResourceNotFoundException: Discount not found with Id : 146
2024-05-07 13:07:48.712 [main] INFO  --- c.h.d.controller.DiscountController     :   Received request to create new discount: com.himanshu.departmentalStore.model.Discount@2995a4b
2024-05-07 13:07:48.712 [main] INFO  --- c.h.d.service.DiscountService     :   Saving discount: com.himanshu.departmentalStore.model.Discount@2995a4b
2024-05-07 13:07:48.752 [main] INFO  --- c.h.d.controller.DiscountController     :   Received request to update discount with ID 148: com.himanshu.departmentalStore.model.Discount@3348830e
2024-05-07 13:07:48.752 [main] INFO  --- c.h.d.service.DiscountService     :   Updating discount with ID 148: com.himanshu.departmentalStore.model.Discount@3348830e
2024-05-07 13:07:48.759 [main] ERROR --- c.h.d.e.GlobalExceptionHandler     :   ResourceNotFoundException: Discount not found with Id : 148
2024-05-07 13:07:48.790 [main] INFO  --- c.h.d.controller.DiscountController     :   Received request to update discount with ID 49: com.himanshu.departmentalStore.model.Discount@7fcf6e93
2024-05-07 13:07:48.790 [main] INFO  --- c.h.d.service.DiscountService     :   Updating discount with ID 49: com.himanshu.departmentalStore.model.Discount@7fcf6e93
2024-05-07 13:07:48.848 [main] INFO  --- c.h.d.controller.DiscountController     :   Received request to Fetch discount by Id : 150
2024-05-07 13:07:48.848 [main] INFO  --- c.h.d.service.DiscountService     :   Fetching discount by ID: 150
2024-05-07 13:07:48.854 [main] ERROR --- c.h.d.e.GlobalExceptionHandler     :   ResourceNotFoundException: Discount not found with Id : 150
2024-05-07 13:07:48.878 [main] INFO  --- o.s.t.c.s.AnnotationConfigContextLoaderUtils     :   Could not detect default configuration classes for test class [com.himanshu.departmentalStore.integration_test.OrderIntegrationTest]: OrderIntegrationTest does not declare any static, non-private, non-final, nested classes annotated with @Configuration.
2024-05-07 13:07:48.891 [main] INFO  --- o.s.b.t.c.SpringBootTestContextBootstrapper     :   Found @SpringBootConfiguration com.himanshu.departmentalStore.DepartmentalStoreApplication for test class com.himanshu.departmentalStore.integration_test.OrderIntegrationTest
2024-05-07 13:07:48.945 [main] INFO  --- c.h.d.controller.OrderController     :   Received request to fetch all orders by Id : 171
2024-05-07 13:07:48.945 [main] INFO  --- c.h.d.service.OrderService     :   Fetching all orders with Id : 171
2024-05-07 13:07:48.949 [main] ERROR --- c.h.d.e.GlobalExceptionHandler     :   ResourceNotFoundException: Order not found with Id : 171
2024-05-07 13:07:49.016 [main] INFO  --- c.h.d.controller.OrderController     :   Received request to create order.
2024-05-07 13:07:49.016 [main] INFO  --- c.h.d.controller.OrderController     :   Converting OrderRequestBody to Order.
2024-05-07 13:07:49.016 [main] INFO  --- c.h.d.controller.OrderController     :   Checking that Product, customer and discount exist with requested Id or not.
2024-05-07 13:07:49.023 [main] ERROR --- c.h.d.e.GlobalExceptionHandler     :   ResourceNotFoundException: Customer not found with Id : 295
2024-05-07 13:07:49.095 [main] INFO  --- c.h.d.controller.OrderController     :   Received request to delete order with ID: 72
2024-05-07 13:07:49.095 [main] INFO  --- c.h.d.service.OrderService     :   Deleting order with Id : 72
2024-05-07 13:07:49.101 [main] INFO  --- c.h.d.service.OrderService     :   Updating product
2024-05-07 13:07:49.101 [main] INFO  --- c.h.d.service.ProductService     :   Updating product with ID 188: com.himanshu.departmentalStore.model.Product@4f63304d
2024-05-07 13:07:49.111 [main] INFO  --- c.h.d.service.OrderService     :   Product quantity increased in product
2024-05-07 13:07:49.111 [main] INFO  --- c.h.d.service.OrderService     :   Checking backorder which can be fulfilled
2024-05-07 13:07:49.111 [main] INFO  --- c.h.d.service.BackorderService     :   Fetching all backorder associated with Ordered product
2024-05-07 13:07:49.111 [main] INFO  --- c.h.d.service.BackorderService     :   Fetching all backorder having productId: 188
2024-05-07 13:07:49.129 [main] INFO  --- c.h.d.service.BackorderService     :   performing operation on backorder.
2024-05-07 13:07:49.136 [main] INFO  --- c.h.d.service.OrderService     :   Order deleted with Id : 72
2024-05-07 13:07:49.136 [main] INFO  --- c.h.d.controller.OrderController     :   Order deleted with ID: 72
2024-05-07 13:07:49.204 [main] INFO  --- c.h.d.controller.OrderController     :   Received request to update the order with Id : 73.
2024-05-07 13:07:49.204 [main] INFO  --- c.h.d.controller.OrderController     :   Converting OrderRequestBody to Order.
2024-05-07 13:07:49.204 [main] INFO  --- c.h.d.controller.OrderController     :   Checking that Product, customer and discount exist with requested Id or not.
2024-05-07 13:07:49.211 [main] ERROR --- c.h.d.e.GlobalExceptionHandler     :   ResourceNotFoundException: Customer not found with Id : 297
2024-05-07 13:07:49.288 [main] INFO  --- c.h.d.controller.OrderController     :   Received request to update the order with Id : 74.
2024-05-07 13:07:49.288 [main] INFO  --- c.h.d.controller.OrderController     :   Converting OrderRequestBody to Order.
2024-05-07 13:07:49.288 [main] INFO  --- c.h.d.controller.OrderController     :   Checking that Product, customer and discount exist with requested Id or not.
2024-05-07 13:07:49.297 [main] INFO  --- c.h.d.controller.OrderController     :   Product, Customer and discount exist with requested Id.
2024-05-07 13:07:49.298 [main] INFO  --- c.h.d.controller.OrderController     :   OrderRequestBody converted to Order
2024-05-07 13:07:49.299 [main] INFO  --- c.h.d.service.OrderService     :   Updating order with Id : 74
2024-05-07 13:07:49.304 [main] INFO  --- c.h.d.service.OrderService     :   Check if the customer, product, and discount are the same or different
2024-05-07 13:07:49.304 [main] INFO  --- c.h.d.service.OrderService     :   Product quantity increased : Checking is Product available
2024-05-07 13:07:49.305 [main] INFO  --- c.h.d.service.OrderService     :   Product available.
2024-05-07 13:07:49.305 [main] INFO  --- c.h.d.service.ProductService     :   Updating product with ID 190: com.himanshu.departmentalStore.model.Product@1c07185a
2024-05-07 13:07:49.314 [main] INFO  --- c.h.d.service.OrderService     :   Updated Order, product, orderAmount
2024-05-07 13:07:49.321 [main] INFO  --- c.h.d.controller.OrderController     :   Order placed
2024-05-07 13:07:49.410 [main] INFO  --- c.h.d.controller.OrderController     :   Received request to fetch all orders.
2024-05-07 13:07:49.410 [main] INFO  --- c.h.d.service.OrderService     :   Fetching all orders
2024-05-07 13:07:49.417 [main] INFO  --- c.h.d.service.OrderService     :   Order Fetched
2024-05-07 13:07:49.487 [main] INFO  --- c.h.d.controller.OrderController     :   Received request to create order.
2024-05-07 13:07:49.488 [main] INFO  --- c.h.d.controller.OrderController     :   Converting OrderRequestBody to Order.
2024-05-07 13:07:49.488 [main] INFO  --- c.h.d.controller.OrderController     :   Checking that Product, customer and discount exist with requested Id or not.
2024-05-07 13:07:49.495 [main] INFO  --- c.h.d.controller.OrderController     :   Product, Customer and discount exist with requested Id.
2024-05-07 13:07:49.496 [main] INFO  --- c.h.d.controller.OrderController     :   OrderRequestBody converted to Order
2024-05-07 13:07:49.496 [main] INFO  --- c.h.d.service.OrderService     :   Placing order.
2024-05-07 13:07:49.496 [main] INFO  --- c.h.d.service.ProductService     :   Fetching product with ID 192
2024-05-07 13:07:49.499 [main] INFO  --- c.h.d.service.ProductService     :   Fetched product: com.himanshu.departmentalStore.model.Product@5c5898a1
2024-05-07 13:07:49.499 [main] INFO  --- c.h.d.service.OrderService     :   Checking isProductAvailable
2024-05-07 13:07:49.499 [main] INFO  --- c.h.d.service.OrderService     :   Product available.
2024-05-07 13:07:49.499 [main] INFO  --- c.h.d.service.OrderService     :   Calculating total amount
2024-05-07 13:07:49.499 [main] INFO  --- c.h.d.service.OrderService     :   Amount updated in order
2024-05-07 13:07:49.500 [main] INFO  --- c.h.d.service.ProductService     :   Updating product with ID 192: com.himanshu.departmentalStore.model.Product@5c5898a1
2024-05-07 13:07:49.509 [main] INFO  --- c.h.d.service.OrderService     :   Updating product quantity
2024-05-07 13:07:49.509 [main] INFO  --- c.h.d.service.OrderService     :   Saving order
2024-05-07 13:07:49.516 [main] INFO  --- c.h.d.controller.OrderController     :   Order Placed.
2024-05-07 13:07:49.597 [main] INFO  --- c.h.d.controller.OrderController     :   Received request to fetch all orders by Id : 77
2024-05-07 13:07:49.598 [main] INFO  --- c.h.d.service.OrderService     :   Fetching all orders with Id : 77
2024-05-07 13:07:49.602 [main] INFO  --- c.h.d.service.OrderService     :   Order fetched with Id : 77, order : com.himanshu.departmentalStore.model.Order@7cf0f1e8
2024-05-07 13:07:49.602 [main] INFO  --- c.h.d.controller.OrderController     :   Fetched order with id : 77, order : com.himanshu.departmentalStore.model.Order@7cf0f1e8
2024-05-07 13:07:49.671 [main] INFO  --- c.h.d.controller.OrderController     :   Received request to delete order with ID: 178
2024-05-07 13:07:49.671 [main] INFO  --- c.h.d.service.OrderService     :   Deleting order with Id : 178
2024-05-07 13:07:49.675 [main] ERROR --- c.h.d.e.GlobalExceptionHandler     :   ResourceNotFoundException: Order not found with Id : 178
2024-05-07 13:07:49.751 [main] INFO  --- c.h.d.controller.OrderController     :   Received request to update the order with Id : 179.
2024-05-07 13:07:49.752 [main] INFO  --- c.h.d.controller.OrderController     :   Converting OrderRequestBody to Order.
2024-05-07 13:07:49.752 [main] INFO  --- c.h.d.controller.OrderController     :   Checking that Product, customer and discount exist with requested Id or not.
2024-05-07 13:07:49.760 [main] INFO  --- c.h.d.controller.OrderController     :   Product, Customer and discount exist with requested Id.
2024-05-07 13:07:49.760 [main] INFO  --- c.h.d.controller.OrderController     :   OrderRequestBody converted to Order
2024-05-07 13:07:49.760 [main] INFO  --- c.h.d.service.OrderService     :   Updating order with Id : 179
2024-05-07 13:07:49.765 [main] ERROR --- c.h.d.e.GlobalExceptionHandler     :   ResourceNotFoundException: Order not found with Id : 179
2024-05-07 13:07:49.835 [main] INFO  --- c.h.d.controller.OrderController     :   Received request to create order.
2024-05-07 13:07:49.836 [main] INFO  --- c.h.d.controller.OrderController     :   Converting OrderRequestBody to Order.
2024-05-07 13:07:49.836 [main] INFO  --- c.h.d.controller.OrderController     :   Checking that Product, customer and discount exist with requested Id or not.
2024-05-07 13:07:49.843 [main] INFO  --- c.h.d.controller.OrderController     :   Product, Customer and discount exist with requested Id.
2024-05-07 13:07:49.843 [main] INFO  --- c.h.d.controller.OrderController     :   OrderRequestBody converted to Order
2024-05-07 13:07:49.844 [main] INFO  --- c.h.d.service.OrderService     :   Placing order.
2024-05-07 13:07:49.844 [main] INFO  --- c.h.d.service.ProductService     :   Fetching product with ID 196
2024-05-07 13:07:49.846 [main] INFO  --- c.h.d.service.ProductService     :   Fetched product: com.himanshu.departmentalStore.model.Product@f3b6f0e
2024-05-07 13:07:49.846 [main] INFO  --- c.h.d.service.OrderService     :   Checking isProductAvailable
2024-05-07 13:07:49.846 [main] ERROR --- c.h.d.service.OrderService     :   Product not available
2024-05-07 13:07:49.846 [main] INFO  --- c.h.d.service.OrderService     :   Creating Backorder
2024-05-07 13:07:49.846 [main] INFO  --- c.h.d.service.OrderService     :   Saving Backorder
2024-05-07 13:07:49.846 [main] INFO  --- c.h.d.service.BackorderService     :   Saving backorder
2024-05-07 13:07:49.853 [main] INFO  --- c.h.d.service.OrderService     :   Backorder saved with Id : 66
2024-05-07 13:07:49.854 [main] ERROR --- c.h.d.e.GlobalExceptionHandler     :   Custom Exception: Ordered quantity is more then quantity left in stock : Backorder created
2024-05-07 13:07:49.949 [main] INFO  --- c.h.d.controller.OrderController     :   Received request to update the order with Id : 80.
2024-05-07 13:07:49.949 [main] INFO  --- c.h.d.controller.OrderController     :   Converting OrderRequestBody to Order.
2024-05-07 13:07:49.950 [main] INFO  --- c.h.d.controller.OrderController     :   Checking that Product, customer and discount exist with requested Id or not.
2024-05-07 13:07:49.953 [main] ERROR --- c.h.d.e.GlobalExceptionHandler     :   ResourceNotFoundException: Product not found with Id : 297
2024-05-07 13:07:50.033 [main] INFO  --- c.h.d.controller.OrderController     :   Received request to create order.
2024-05-07 13:07:50.033 [main] INFO  --- c.h.d.controller.OrderController     :   Converting OrderRequestBody to Order.
2024-05-07 13:07:50.033 [main] INFO  --- c.h.d.controller.OrderController     :   Checking that Product, customer and discount exist with requested Id or not.
2024-05-07 13:07:50.037 [main] ERROR --- c.h.d.e.GlobalExceptionHandler     :   ResourceNotFoundException: Product not found with Id : 298
2024-05-07 13:07:50.068 [main] INFO  --- o.s.t.c.s.AnnotationConfigContextLoaderUtils     :   Could not detect default configuration classes for test class [com.himanshu.departmentalStore.integration_test.ProductIntegrationTest]: ProductIntegrationTest does not declare any static, non-private, non-final, nested classes annotated with @Configuration.
2024-05-07 13:07:50.073 [main] INFO  --- o.s.b.t.c.SpringBootTestContextBootstrapper     :   Found @SpringBootConfiguration com.himanshu.departmentalStore.DepartmentalStoreApplication for test class com.himanshu.departmentalStore.integration_test.ProductIntegrationTest
2024-05-07 13:07:50.089 [main] INFO  --- c.h.d.controller.ProductController     :   Request received to fetch product with ID 199
2024-05-07 13:07:50.089 [main] INFO  --- c.h.d.service.ProductService     :   Fetching product with ID 199
2024-05-07 13:07:50.093 [main] INFO  --- c.h.d.service.ProductService     :   Fetched product: com.himanshu.departmentalStore.model.Product@2cd59815
2024-05-07 13:07:50.093 [main] INFO  --- c.h.d.controller.ProductController     :   Returning product with ID 199: com.himanshu.departmentalStore.model.Product@2cd59815
2024-05-07 13:07:50.125 [main] INFO  --- c.h.d.controller.ProductController     :   Request received to update product with ID 200: com.himanshu.departmentalStore.model.Product@1963f144
2024-05-07 13:07:50.125 [main] INFO  --- c.h.d.service.ProductService     :   Updating product with ID 200: com.himanshu.departmentalStore.model.Product@1963f144
2024-05-07 13:07:50.134 [main] INFO  --- c.h.d.controller.ProductController     :   Updated product with ID 200: com.himanshu.departmentalStore.model.Product@d6b44b0
2024-05-07 13:07:50.157 [main] INFO  --- c.h.d.controller.ProductController     :   Request received to fetch all products
2024-05-07 13:07:50.157 [main] INFO  --- c.h.d.service.ProductService     :   Fetching all products from the database
2024-05-07 13:07:50.162 [main] INFO  --- c.h.d.service.ProductService     :   Fetched 1 products
2024-05-07 13:07:50.162 [main] INFO  --- c.h.d.controller.ProductController     :   Returning 1 products
2024-05-07 13:07:50.191 [main] INFO  --- c.h.d.controller.ProductController     :   Request received to update product with ID 302: com.himanshu.departmentalStore.model.Product@45d958f7
2024-05-07 13:07:50.191 [main] INFO  --- c.h.d.service.ProductService     :   Updating product with ID 302: com.himanshu.departmentalStore.model.Product@45d958f7
2024-05-07 13:07:50.195 [main] ERROR --- c.h.d.e.GlobalExceptionHandler     :   ResourceNotFoundException: Product not found with Id : 302
2024-05-07 13:07:50.224 [main] INFO  --- c.h.d.controller.ProductController     :   Request received to delete product with ID 203
2024-05-07 13:07:50.224 [main] INFO  --- c.h.d.service.ProductService     :   Deleting product with ID 203
2024-05-07 13:07:50.234 [main] INFO  --- c.h.d.controller.ProductController     :   Product with ID 203 deleted successfully
2024-05-07 13:07:50.255 [main] INFO  --- c.h.d.controller.ProductController     :   Request received to save a new product: com.himanshu.departmentalStore.model.Product@44afe4e7
2024-05-07 13:07:50.256 [main] INFO  --- c.h.d.service.ProductService     :   Saving new product: com.himanshu.departmentalStore.model.Product@44afe4e7
2024-05-07 13:07:50.262 [main] INFO  --- c.h.d.controller.ProductController     :   Saved product: com.himanshu.departmentalStore.model.Product@44afe4e7
2024-05-07 13:07:50.291 [main] INFO  --- c.h.d.controller.ProductController     :   Request received to fetch product with ID 305
2024-05-07 13:07:50.291 [main] INFO  --- c.h.d.service.ProductService     :   Fetching product with ID 305
2024-05-07 13:07:50.295 [main] ERROR --- c.h.d.e.GlobalExceptionHandler     :   ResourceNotFoundException: Product not found with Id : 305
2024-05-07 13:07:50.319 [main] INFO  --- c.h.d.controller.ProductController     :   Request received to delete product with ID 306
2024-05-07 13:07:50.319 [main] INFO  --- c.h.d.service.ProductService     :   Deleting product with ID 306
2024-05-07 13:07:50.323 [main] ERROR --- c.h.d.e.GlobalExceptionHandler     :   ResourceNotFoundException: Product not found with Id : 306
2024-05-07 13:07:50.383 [main] INFO  --- c.h.d.r.BackorderRepositoryTest     :   Starting BackorderRepositoryTest using Java 21.0.2 with PID 688 (started by Himanshu.Kumar in C:\Users\himanshu.kumar\IdeaProjects\departmentalStore)
2024-05-07 13:07:50.383 [main] DEBUG --- c.h.d.r.BackorderRepositoryTest     :   Running with Spring Boot v3.2.4, Spring v6.1.5
2024-05-07 13:07:50.383 [main] INFO  --- c.h.d.r.BackorderRepositoryTest     :   No active profile set, falling back to 1 default profile: "default"
2024-05-07 13:07:50.980 [main] INFO  --- o.s.d.r.c.RepositoryConfigurationDelegate     :   Bootstrapping Spring Data JPA repositories in DEFAULT mode.
2024-05-07 13:07:51.011 [main] INFO  --- o.s.d.r.c.RepositoryConfigurationDelegate     :   Finished Spring Data repository scanning in 29 ms. Found 5 JPA repository interfaces.
2024-05-07 13:07:51.160 [main] INFO  --- com.zaxxer.hikari.HikariDataSource     :   HikariPool-2 - Starting...
2024-05-07 13:07:51.181 [main] INFO  --- com.zaxxer.hikari.pool.HikariPool     :   HikariPool-2 - Added connection com.mysql.cj.jdbc.ConnectionImpl@6f6ee6e1
2024-05-07 13:07:51.181 [main] INFO  --- com.zaxxer.hikari.HikariDataSource     :   HikariPool-2 - Start completed.
2024-05-07 13:07:51.199 [main] INFO  --- org.flywaydb.core.FlywayExecutor     :   Database: jdbc:mysql://localhost:3306/jpa_testing_departmentalstore_flyway (MySQL 8.0)
2024-05-07 13:07:51.218 [main] INFO  --- o.f.core.internal.command.DbValidate     :   Successfully validated 5 migrations (execution time 00:00.012s)
2024-05-07 13:07:51.228 [main] INFO  --- o.f.core.internal.command.DbMigrate     :   Current version of schema `jpa_testing_departmentalstore_flyway`: 5
2024-05-07 13:07:51.229 [main] INFO  --- o.f.core.internal.command.DbMigrate     :   Schema `jpa_testing_departmentalstore_flyway` is up to date. No migration necessary.
2024-05-07 13:07:51.282 [main] INFO  --- o.h.jpa.internal.util.LogHelper     :   HHH000204: Processing PersistenceUnitInfo [name: default]
2024-05-07 13:07:51.286 [main] INFO  --- o.h.c.i.RegionFactoryInitiator     :   HHH000026: Second-level cache disabled
2024-05-07 13:07:51.296 [main] INFO  --- o.s.o.j.p.SpringPersistenceUnitInfo     :   No LoadTimeWeaver setup: ignoring JPA class transformer
2024-05-07 13:07:51.497 [main] INFO  --- o.h.e.t.j.p.i.JtaPlatformInitiator     :   HHH000489: No JTA platform available (set 'hibernate.transaction.jta.platform' to enable JTA platform integration)
2024-05-07 13:07:51.542 [main] INFO  --- o.s.o.j.LocalContainerEntityManagerFactoryBean     :   Initialized JPA EntityManagerFactory for persistence unit 'default'
2024-05-07 13:07:51.976 [main] WARN  --- o.s.b.a.o.j.JpaBaseConfiguration$JpaWebConfiguration     :   spring.jpa.open-in-view is enabled by default. Therefore, database queries may be performed during view rendering. Explicitly configure spring.jpa.open-in-view to disable this warning
2024-05-07 13:07:52.572 [main] INFO  --- o.s.b.a.e.web.EndpointLinksResolver     :   Exposing 1 endpoint(s) beneath base path '/actuator'
2024-05-07 13:07:52.610 [main] INFO  --- c.h.d.r.BackorderRepositoryTest     :   Started BackorderRepositoryTest in 2.255 seconds (process running for 41.077)
2024-05-07 13:07:54.468 [main] INFO  --- c.h.d.service.BackorderService     :   Fetching backorder by Id : 1
2024-05-07 13:07:54.472 [main] INFO  --- c.h.d.service.BackorderService     :   Updating backorder
2024-05-07 13:07:54.476 [main] INFO  --- c.h.d.service.BackorderService     :   Saving backorder
2024-05-07 13:07:54.479 [main] INFO  --- c.h.d.service.BackorderService     :   Fetching all backorders
2024-05-07 13:07:54.484 [main] INFO  --- c.h.d.service.BackorderService     :   Deleting backorder
2024-05-07 13:07:54.616 [main] INFO  --- c.h.d.service.CustomerService     :   Fetching customer with ID 1
2024-05-07 13:07:54.617 [main] INFO  --- c.h.d.service.CustomerService     :   Fetched customer: com.himanshu.departmentalStore.model.Customer@40b90faa
2024-05-07 13:07:54.619 [main] INFO  --- c.h.d.service.CustomerService     :   Deleting customer with ID 1
2024-05-07 13:07:54.622 [main] INFO  --- c.h.d.service.CustomerService     :   Fetching all customers from the database
2024-05-07 13:07:54.622 [main] INFO  --- c.h.d.service.CustomerService     :   Fetched 2 customers
2024-05-07 13:07:54.625 [main] INFO  --- c.h.d.service.CustomerService     :   Saving new customer: com.himanshu.departmentalStore.model.Customer@6a27c0d7
2024-05-07 13:07:54.629 [main] INFO  --- c.h.d.service.CustomerService     :   Updating customer with ID 1: com.himanshu.departmentalStore.model.Customer@2f7fcb65
2024-05-07 13:07:54.763 [main] INFO  --- c.h.d.service.DiscountService     :   Fetching discount by ID: 1
2024-05-07 13:07:54.766 [main] INFO  --- c.h.d.service.DiscountService     :   Deleting discount with ID: 1
2024-05-07 13:07:54.770 [main] INFO  --- c.h.d.service.DiscountService     :   Fetching all active discounts
2024-05-07 13:07:54.775 [main] INFO  --- c.h.d.service.DiscountService     :   Saving discount: com.himanshu.departmentalStore.model.Discount@2dcb887
2024-05-07 13:07:54.778 [main] INFO  --- c.h.d.service.DiscountService     :   fetching discount with ID 1
2024-05-07 13:07:54.782 [main] INFO  --- c.h.d.service.DiscountService     :   Updating discount with ID 1: com.himanshu.departmentalStore.model.Discount@55710d76
2024-05-07 13:07:54.785 [main] INFO  --- c.h.d.service.DiscountService     :   fetching discount with ID null
2024-05-07 13:07:54.819 [main] INFO  --- c.h.d.service.BackorderService     :   Deleting backorder
2024-05-07 13:07:54.826 [main] INFO  --- c.h.d.service.BackorderService     :   Deleting backorder
2024-05-07 13:07:54.830 [main] INFO  --- c.h.d.service.BackorderService     :   Updating backorder
2024-05-07 13:07:54.836 [main] INFO  --- c.h.d.service.BackorderService     :   Fetching backorder by Id : -1
2024-05-07 13:07:54.840 [main] INFO  --- c.h.d.service.BackorderService     :   Updating backorder
2024-05-07 13:07:54.844 [main] INFO  --- c.h.d.service.CustomerService     :   Deleting customer with ID -1
2024-05-07 13:07:54.849 [main] INFO  --- c.h.d.service.CustomerService     :   Updating customer with ID 1: null
2024-05-07 13:07:54.849 [main] ERROR --- c.h.d.service.CustomerService     :   Customer with ID 1 not found
2024-05-07 13:07:54.852 [main] INFO  --- c.h.d.service.CustomerService     :   Updating customer with ID -1: com.himanshu.departmentalStore.model.Customer@307bbeb7
2024-05-07 13:07:54.852 [main] ERROR --- c.h.d.service.CustomerService     :   Customer with ID -1 not found
2024-05-07 13:07:54.855 [main] INFO  --- c.h.d.service.CustomerService     :   Fetching customer with ID -1
2024-05-07 13:07:54.857 [main] INFO  --- c.h.d.service.CustomerService     :   Deleting customer with ID null
2024-05-07 13:07:54.861 [main] INFO  --- c.h.d.service.CustomerService     :   Deleting customer with ID -1
2024-05-07 13:07:54.865 [main] INFO  --- c.h.d.service.DiscountService     :   Fetching discount by ID: -1
2024-05-07 13:07:54.868 [main] INFO  --- c.h.d.service.DiscountService     :   Updating discount with ID -1: com.himanshu.departmentalStore.model.Discount@5ff4e3c1
2024-05-07 13:07:54.873 [main] INFO  --- c.h.d.service.DiscountService     :   Deleting discount with ID: -1
2024-05-07 13:07:54.876 [main] INFO  --- c.h.d.service.DiscountService     :   Updating discount with ID 1: null
2024-05-07 13:07:54.879 [main] INFO  --- c.h.d.service.DiscountService     :   Deleting discount with ID: null
2024-05-07 13:07:55.025 [main] INFO  --- c.h.d.service.OrderService     :   Placing order.
2024-05-07 13:07:55.025 [main] INFO  --- c.h.d.service.OrderService     :   Checking isProductAvailable
2024-05-07 13:07:55.026 [main] ERROR --- c.h.d.service.OrderService     :   Product not available
2024-05-07 13:07:55.026 [main] INFO  --- c.h.d.service.OrderService     :   Creating Backorder
2024-05-07 13:07:55.026 [main] INFO  --- c.h.d.service.OrderService     :   Saving Backorder
2024-05-07 13:07:55.026 [main] INFO  --- c.h.d.service.OrderService     :   Backorder saved with Id : 1
2024-05-07 13:07:55.031 [main] INFO  --- c.h.d.service.OrderService     :   Deleting order with Id : 1
2024-05-07 13:07:55.036 [main] INFO  --- c.h.d.service.OrderService     :   Updating order with Id : 1
2024-05-07 13:07:55.037 [main] INFO  --- c.h.d.service.OrderService     :   Check if the customer, product, and discount are the same or different
2024-05-07 13:07:55.037 [main] ERROR --- c.h.d.service.OrderService     :   No change in previous and current quantity : not updated
2024-05-07 13:07:55.042 [main] INFO  --- c.h.d.service.OrderService     :   Updating order with Id : 1
2024-05-07 13:07:55.168 [main] INFO  --- c.h.d.service.ProductService     :   Deleting product with ID null
2024-05-07 13:07:55.172 [main] INFO  --- c.h.d.service.ProductService     :   Deleting product with ID -1
2024-05-07 13:07:55.177 [main] INFO  --- c.h.d.service.ProductService     :   Updating product with ID -1: com.himanshu.departmentalStore.model.Product@3309ec9b
2024-05-07 13:07:55.181 [main] INFO  --- c.h.d.service.ProductService     :   Updating product with ID 1: null
2024-05-07 13:07:55.185 [main] INFO  --- c.h.d.service.ProductService     :   Fetching product with ID -1
2024-05-07 13:07:55.194 [main] INFO  --- c.h.d.service.OrderService     :   Deleting order with Id : 1
2024-05-07 13:07:55.195 [main] INFO  --- c.h.d.service.OrderService     :   Updating product
2024-05-07 13:07:55.195 [main] INFO  --- c.h.d.service.OrderService     :   Product quantity increased in product
2024-05-07 13:07:55.195 [main] INFO  --- c.h.d.service.OrderService     :   Checking backorder which can be fulfilled
2024-05-07 13:07:55.196 [main] INFO  --- c.h.d.service.OrderService     :   Order deleted with Id : 1
2024-05-07 13:07:55.201 [main] INFO  --- c.h.d.service.OrderService     :   Updating order with Id : 1
2024-05-07 13:07:55.201 [main] INFO  --- c.h.d.service.OrderService     :   Check if the customer, product, and discount are the same or different
2024-05-07 13:07:55.201 [main] INFO  --- c.h.d.service.OrderService     :   Product quantity increased : Checking is Product available
2024-05-07 13:07:55.202 [main] INFO  --- c.h.d.service.OrderService     :   Product available.
2024-05-07 13:07:55.202 [main] INFO  --- c.h.d.service.OrderService     :   Updated Order, product, orderAmount
2024-05-07 13:07:55.206 [main] INFO  --- c.h.d.service.OrderService     :   Fetching all orders
2024-05-07 13:07:55.207 [main] INFO  --- c.h.d.service.OrderService     :   Order Fetched
2024-05-07 13:07:55.210 [main] INFO  --- c.h.d.service.OrderService     :   Fetching all orders with Id : 1
2024-05-07 13:07:55.210 [main] INFO  --- c.h.d.service.OrderService     :   Order fetched with Id : 1, order : com.himanshu.departmentalStore.model.Order@328d2f27
2024-05-07 13:07:55.215 [main] INFO  --- c.h.d.service.OrderService     :   Placing order.
2024-05-07 13:07:55.215 [main] INFO  --- c.h.d.service.OrderService     :   Checking isProductAvailable
2024-05-07 13:07:55.215 [main] INFO  --- c.h.d.service.OrderService     :   Product available.
2024-05-07 13:07:55.215 [main] INFO  --- c.h.d.service.OrderService     :   Calculating total amount
2024-05-07 13:07:55.216 [main] INFO  --- c.h.d.service.OrderService     :   Amount updated in order
2024-05-07 13:07:55.216 [main] INFO  --- c.h.d.service.OrderService     :   Updating product quantity
2024-05-07 13:07:55.216 [main] INFO  --- c.h.d.service.OrderService     :   Saving order
2024-05-07 13:07:55.221 [main] INFO  --- c.h.d.service.ProductService     :   Fetching product with ID 1
2024-05-07 13:07:55.222 [main] INFO  --- c.h.d.service.ProductService     :   Fetched product: com.himanshu.departmentalStore.model.Product@19c59261
2024-05-07 13:07:55.225 [main] INFO  --- c.h.d.service.ProductService     :   Updating product with ID 1: com.himanshu.departmentalStore.model.Product@69c1dde
2024-05-07 13:07:55.228 [main] INFO  --- c.h.d.service.ProductService     :   Fetching all products from the database
2024-05-07 13:07:55.228 [main] INFO  --- c.h.d.service.ProductService     :   Fetched 2 products
2024-05-07 13:07:55.231 [main] INFO  --- c.h.d.service.ProductService     :   Deleting product with ID 1
2024-05-07 13:07:55.235 [main] INFO  --- c.h.d.service.ProductService     :   Saving new product: com.himanshu.departmentalStore.model.Product@700bd3f8
2024-05-07 13:07:55.238 [main] INFO  --- o.s.t.c.s.AnnotationConfigContextLoaderUtils     :   Could not detect default configuration classes for test class [com.himanshu.departmentalStore.util.CustomDateTimeUtilsTest]: CustomDateTimeUtilsTest does not declare any static, non-private, non-final, nested classes annotated with @Configuration.
2024-05-07 13:07:55.254 [main] INFO  --- o.s.b.t.c.SpringBootTestContextBootstrapper     :   Found @SpringBootConfiguration com.himanshu.departmentalStore.DepartmentalStoreApplication for test class com.himanshu.departmentalStore.util.CustomDateTimeUtilsTest
2024-05-07 13:07:56.455 [SpringApplicationShutdownHook] INFO  --- o.s.o.j.LocalContainerEntityManagerFactoryBean     :   Closing JPA EntityManagerFactory for persistence unit 'default'
2024-05-07 13:07:56.458 [SpringApplicationShutdownHook] INFO  --- com.zaxxer.hikari.HikariDataSource     :   HikariPool-1 - Shutdown initiated...
2024-05-07 13:07:56.465 [SpringApplicationShutdownHook] INFO  --- com.zaxxer.hikari.HikariDataSource     :   HikariPool-1 - Shutdown completed.
2024-05-07 13:07:56.478 [SpringApplicationShutdownHook] INFO  --- o.s.o.j.LocalContainerEntityManagerFactoryBean     :   Closing JPA EntityManagerFactory for persistence unit 'default'
2024-05-07 13:07:56.479 [SpringApplicationShutdownHook] INFO  --- com.zaxxer.hikari.HikariDataSource     :   HikariPool-2 - Shutdown initiated...
2024-05-07 13:07:56.484 [SpringApplicationShutdownHook] INFO  --- com.zaxxer.hikari.HikariDataSource     :   HikariPool-2 - Shutdown completed.
