2024-05-01 21:24:00.195 [SpringApplicationShutdownHook] INFO  --- o.s.o.j.LocalContainerEntityManagerFactoryBean     :   Closing JPA EntityManagerFactory for persistence unit 'default'
2024-05-01 21:24:00.208 [SpringApplicationShutdownHook] INFO  --- com.zaxxer.hikari.HikariDataSource     :   HikariPool-1 - Shutdown initiated...
2024-05-01 21:24:00.220 [SpringApplicationShutdownHook] INFO  --- com.zaxxer.hikari.HikariDataSource     :   HikariPool-1 - Shutdown completed.
2024-05-01 21:24:22.294 [background-preinit] INFO  --- o.h.validator.internal.util.Version     :   HV000001: Hibernate Validator 8.0.1.Final
2024-05-01 21:24:22.367 [main] INFO  --- c.h.d.DepartmentalStoreApplication     :   Starting DepartmentalStoreApplication using Java 21.0.2 with PID 21932 (C:\Users\himanshu.kumar\IdeaProjects\departmentalStore\target\classes started by Himanshu.Kumar in C:\Users\himanshu.kumar\IdeaProjects\departmentalStore)
2024-05-01 21:24:22.368 [main] DEBUG --- c.h.d.DepartmentalStoreApplication     :   Running with Spring Boot v3.2.4, Spring v6.1.5
2024-05-01 21:24:22.369 [main] INFO  --- c.h.d.DepartmentalStoreApplication     :   No active profile set, falling back to 1 default profile: "default"
2024-05-01 21:24:24.493 [main] INFO  --- o.s.d.r.c.RepositoryConfigurationDelegate     :   Bootstrapping Spring Data JPA repositories in DEFAULT mode.
2024-05-01 21:24:24.638 [main] INFO  --- o.s.d.r.c.RepositoryConfigurationDelegate     :   Finished Spring Data repository scanning in 128 ms. Found 5 JPA repository interfaces.
2024-05-01 21:24:25.938 [main] INFO  --- o.s.b.w.e.tomcat.TomcatWebServer     :   Tomcat initialized with port 8080 (http)
2024-05-01 21:24:25.960 [main] INFO  --- o.a.coyote.http11.Http11NioProtocol     :   Initializing ProtocolHandler ["http-nio-8080"]
2024-05-01 21:24:25.965 [main] INFO  --- o.a.catalina.core.StandardService     :   Starting service [Tomcat]
2024-05-01 21:24:25.966 [main] INFO  --- o.a.catalina.core.StandardEngine     :   Starting Servlet engine: [Apache Tomcat/10.1.19]
2024-05-01 21:24:26.157 [main] INFO  --- o.a.c.c.C.[Tomcat].[localhost].[/]     :   Initializing Spring embedded WebApplicationContext
2024-05-01 21:24:26.158 [main] INFO  --- o.s.b.w.s.c.ServletWebServerApplicationContext     :   Root WebApplicationContext: initialization completed in 3685 ms
2024-05-01 21:24:26.719 [main] INFO  --- com.zaxxer.hikari.HikariDataSource     :   HikariPool-1 - Starting...
2024-05-01 21:24:27.338 [main] INFO  --- com.zaxxer.hikari.pool.HikariPool     :   HikariPool-1 - Added connection com.mysql.cj.jdbc.ConnectionImpl@6de610c6
2024-05-01 21:24:27.341 [main] INFO  --- com.zaxxer.hikari.HikariDataSource     :   HikariPool-1 - Start completed.
2024-05-01 21:24:27.540 [main] INFO  --- o.f.c.i.license.VersionPrinter     :   Flyway Community Edition 9.22.3 by Redgate
2024-05-01 21:24:27.541 [main] INFO  --- o.f.c.i.license.VersionPrinter     :   See release notes here: https://rd.gt/416ObMi
2024-05-01 21:24:27.541 [main] INFO  --- o.f.c.i.license.VersionPrinter     :   
2024-05-01 21:24:27.589 [main] INFO  --- org.flywaydb.core.FlywayExecutor     :   Database: jdbc:mysql://localhost:3306/jpa_departmentalstore_flyway (MySQL 8.0)
2024-05-01 21:24:27.688 [main] INFO  --- o.f.core.internal.command.DbValidate     :   Successfully validated 6 migrations (execution time 00:00.059s)
2024-05-01 21:24:27.713 [main] INFO  --- o.f.core.internal.command.DbMigrate     :   Current version of schema `jpa_departmentalstore_flyway`: 6
2024-05-01 21:24:27.718 [main] INFO  --- o.f.core.internal.command.DbMigrate     :   Schema `jpa_departmentalstore_flyway` is up to date. No migration necessary.
2024-05-01 21:24:27.899 [main] INFO  --- o.h.jpa.internal.util.LogHelper     :   HHH000204: Processing PersistenceUnitInfo [name: default]
2024-05-01 21:24:28.024 [main] INFO  --- org.hibernate.Version     :   HHH000412: Hibernate ORM core version 6.4.4.Final
2024-05-01 21:24:28.104 [main] INFO  --- o.h.c.i.RegionFactoryInitiator     :   HHH000026: Second-level cache disabled
2024-05-01 21:24:28.489 [main] INFO  --- o.s.o.j.p.SpringPersistenceUnitInfo     :   No LoadTimeWeaver setup: ignoring JPA class transformer
2024-05-01 21:24:30.432 [main] INFO  --- o.h.e.t.j.p.i.JtaPlatformInitiator     :   HHH000489: No JTA platform available (set 'hibernate.transaction.jta.platform' to enable JTA platform integration)
2024-05-01 21:24:30.506 [main] INFO  --- o.s.o.j.LocalContainerEntityManagerFactoryBean     :   Initialized JPA EntityManagerFactory for persistence unit 'default'
2024-05-01 21:24:32.193 [main] WARN  --- o.s.b.a.o.j.JpaBaseConfiguration$JpaWebConfiguration     :   spring.jpa.open-in-view is enabled by default. Therefore, database queries may be performed during view rendering. Explicitly configure spring.jpa.open-in-view to disable this warning
2024-05-01 21:24:33.785 [main] INFO  --- o.s.b.a.e.web.EndpointLinksResolver     :   Exposing 14 endpoint(s) beneath base path '/actuator'
2024-05-01 21:24:33.924 [main] INFO  --- o.a.coyote.http11.Http11NioProtocol     :   Starting ProtocolHandler ["http-nio-8080"]
2024-05-01 21:24:33.973 [main] INFO  --- o.s.b.w.e.tomcat.TomcatWebServer     :   Tomcat started on port 8080 (http) with context path ''
2024-05-01 21:24:34.011 [main] INFO  --- c.h.d.DepartmentalStoreApplication     :   Started DepartmentalStoreApplication in 12.272 seconds (process running for 13.394)
2024-05-01 21:25:06.670 [main] INFO  --- c.h.d.controller.BackorderController     :   Received request to fetch backorder by ID: 1
2024-05-01 21:25:06.684 [main] INFO  --- c.h.d.controller.BackorderController     :   Fetched backorder with Id: 1
2024-05-01 21:25:06.771 [main] INFO  --- c.h.d.controller.BackorderController     :   Received request to update backorder with ID 1: BackOrderRequestBody(productId=1, customerId=1, quantity=10)
2024-05-01 21:25:06.779 [main] INFO  --- c.h.d.controller.BackorderController     :   Converting RequestBody to backorder
2024-05-01 21:25:06.780 [main] INFO  --- c.h.d.controller.BackorderController     :   RequestBody converted to backorder
2024-05-01 21:25:06.781 [main] INFO  --- c.h.d.controller.BackorderController     :   Backorder updated with ID : 1
2024-05-01 21:25:06.799 [main] INFO  --- c.h.d.controller.BackorderController     :   Received request to create new backorder with request body: BackOrderRequestBody(productId=1, customerId=1, quantity=5)
2024-05-01 21:25:06.800 [main] INFO  --- c.h.d.controller.BackorderController     :   Converting RequestBody to backorder
2024-05-01 21:25:06.801 [main] INFO  --- c.h.d.controller.BackorderController     :   RequestBody converted to backorder
2024-05-01 21:25:06.802 [main] INFO  --- c.h.d.controller.BackorderController     :   Backorder created with ID : 1
2024-05-01 21:25:06.814 [main] INFO  --- c.h.d.controller.BackorderController     :   Received request to fetch all backorders
2024-05-01 21:25:06.815 [main] INFO  --- c.h.d.controller.BackorderController     :   Fetched backorders
2024-05-01 21:25:06.826 [main] INFO  --- c.h.d.controller.BackorderController     :   Received request to delete backorder with ID: 1
2024-05-01 21:25:06.827 [main] INFO  --- c.h.d.controller.BackorderController     :   Backorder deleted with ID: 1
2024-05-01 21:25:06.859 [main] INFO  --- c.h.d.controller.CustomerController     :   Request received to fetch customer with ID 1
2024-05-01 21:25:06.860 [main] INFO  --- c.h.d.controller.CustomerController     :   Returning customer with ID 1: com.himanshu.departmentalStore.model.Customer@13275d8
2024-05-01 21:25:06.875 [main] INFO  --- c.h.d.controller.CustomerController     :   Request received to delete customer with ID 1
2024-05-01 21:25:06.876 [main] INFO  --- c.h.d.controller.CustomerController     :   Customer with ID 1 deleted successfully
2024-05-01 21:25:06.887 [main] INFO  --- c.h.d.controller.CustomerController     :   Received request to retrieve all customers.
2024-05-01 21:25:06.888 [main] INFO  --- c.h.d.controller.CustomerController     :   Retrieved 2 customers.
2024-05-01 21:25:06.897 [main] INFO  --- c.h.d.controller.CustomerController     :   Request received to save a new customer: com.himanshu.departmentalStore.model.Customer@a7ad6e5
2024-05-01 21:25:06.898 [main] INFO  --- c.h.d.controller.CustomerController     :   Saved customer: com.himanshu.departmentalStore.model.Customer@a7ad6e5
2024-05-01 21:25:06.908 [main] INFO  --- c.h.d.controller.CustomerController     :   Request received to update customer with ID 1: com.himanshu.departmentalStore.model.Customer@690bc15e
2024-05-01 21:25:06.909 [main] INFO  --- c.h.d.controller.CustomerController     :   Updated customer with ID 1: com.himanshu.departmentalStore.model.Customer@690bc15e
2024-05-01 21:25:07.017 [main] INFO  --- c.h.d.controller.DiscountController     :   Received request to Fetch discount by Id : 1
2024-05-01 21:25:07.018 [main] INFO  --- c.h.d.controller.DiscountController     :   Fetched discounts with Id : 1, discount : com.himanshu.departmentalStore.model.Discount@28cb3a25
2024-05-01 21:25:07.028 [main] INFO  --- c.h.d.controller.DiscountController     :   Received request to delete discount with ID 1
2024-05-01 21:25:07.039 [main] INFO  --- c.h.d.controller.DiscountController     :   Received request to Fetch all active discounts
2024-05-01 21:25:07.040 [main] INFO  --- c.h.d.controller.DiscountController     :   Fetched all active discounts : [com.himanshu.departmentalStore.model.Discount@78c1372d, com.himanshu.departmentalStore.model.Discount@9aa2002]
2024-05-01 21:25:07.050 [main] INFO  --- c.h.d.controller.DiscountController     :   Received request to create new discount: com.himanshu.departmentalStore.model.Discount@73d4066e
2024-05-01 21:25:07.061 [main] INFO  --- c.h.d.controller.DiscountController     :   Received request to update discount with ID 1: com.himanshu.departmentalStore.model.Discount@5a2fa51f
2024-05-01 21:25:07.154 [main] INFO  --- c.h.d.controller.OrderController     :   Received request to delete order with ID: 1
2024-05-01 21:25:07.155 [main] INFO  --- c.h.d.controller.OrderController     :   Order deleted with ID: 1
2024-05-01 21:25:07.166 [main] INFO  --- c.h.d.controller.OrderController     :   Received request to update the order with Id : 1.
2024-05-01 21:25:07.167 [main] INFO  --- c.h.d.controller.OrderController     :   Converting OrderRequestBody to Order.
2024-05-01 21:25:07.168 [main] INFO  --- c.h.d.controller.OrderController     :   OrderRequestBody converted to Order
2024-05-01 21:25:07.169 [main] INFO  --- c.h.d.controller.OrderController     :   Order placed
2024-05-01 21:25:07.178 [main] INFO  --- c.h.d.controller.OrderController     :   Received request to fetch all orders.
2024-05-01 21:25:07.190 [main] INFO  --- c.h.d.controller.OrderController     :   Received request to fetch all orders by Id : 1
2024-05-01 21:25:07.191 [main] INFO  --- c.h.d.controller.OrderController     :   Fetched order with id : 1, order : com.himanshu.departmentalStore.model.Order@14ef2482
2024-05-01 21:25:07.206 [main] INFO  --- c.h.d.controller.OrderController     :   Received request to create order.
2024-05-01 21:25:07.207 [main] INFO  --- c.h.d.controller.OrderController     :   Converting OrderRequestBody to Order.
2024-05-01 21:25:07.208 [main] INFO  --- c.h.d.controller.OrderController     :   OrderRequestBody converted to Order
2024-05-01 21:25:07.209 [main] INFO  --- c.h.d.controller.OrderController     :   Order Placed.
2024-05-01 21:25:07.239 [main] INFO  --- c.h.d.controller.ProductController     :   Request received to fetch product with ID 1
2024-05-01 21:25:07.240 [main] INFO  --- c.h.d.controller.ProductController     :   Returning product with ID 1: com.himanshu.departmentalStore.model.Product@67c5ac52
2024-05-01 21:25:07.247 [main] INFO  --- c.h.d.controller.ProductController     :   Request received to update product with ID 1: com.himanshu.departmentalStore.model.Product@2b8bb184
2024-05-01 21:25:07.248 [main] INFO  --- c.h.d.controller.ProductController     :   Updated product with ID 1: com.himanshu.departmentalStore.model.Product@2b8bb184
2024-05-01 21:25:07.256 [main] INFO  --- c.h.d.controller.ProductController     :   Request received to fetch all products
2024-05-01 21:25:07.257 [main] INFO  --- c.h.d.controller.ProductController     :   Returning 2 products
2024-05-01 21:25:07.264 [main] INFO  --- c.h.d.controller.ProductController     :   Request received to delete product with ID 1
2024-05-01 21:25:07.265 [main] INFO  --- c.h.d.controller.ProductController     :   Product with ID 1 deleted successfully
2024-05-01 21:25:07.272 [main] INFO  --- c.h.d.controller.ProductController     :   Request received to save a new product: com.himanshu.departmentalStore.model.Product@46185a1b
2024-05-01 21:25:07.274 [main] INFO  --- c.h.d.controller.ProductController     :   Saved product: com.himanshu.departmentalStore.model.Product@46185a1b
2024-05-01 21:25:07.541 [main] INFO  --- o.s.t.c.s.AnnotationConfigContextLoaderUtils     :   Could not detect default configuration classes for test class [com.himanshu.departmentalStore.integration_test.BackorderIntegrationTest]: BackorderIntegrationTest does not declare any static, non-private, non-final, nested classes annotated with @Configuration.
2024-05-01 21:25:07.824 [main] INFO  --- o.s.b.t.c.SpringBootTestContextBootstrapper     :   Found @SpringBootConfiguration com.himanshu.departmentalStore.DepartmentalStoreApplication for test class com.himanshu.departmentalStore.integration_test.BackorderIntegrationTest
