2024-04-22 19:15:49.517 [main] INFO  --- c.h.d.service.OrderService     :   Placing order.
2024-04-22 19:15:49.536 [main] INFO  --- c.h.d.service.OrderService     :   Checking isProductAvailable
2024-04-22 19:17:26.207 [main] INFO  --- c.h.d.service.OrderService     :   Placing order.
2024-04-22 19:17:26.217 [main] INFO  --- c.h.d.service.OrderService     :   Checking isProductAvailable
2024-04-22 19:17:26.218 [main] INFO  --- c.h.d.service.OrderService     :   Product available.
2024-04-22 19:17:26.218 [main] INFO  --- c.h.d.service.OrderService     :   Calculating total amount
2024-04-22 19:17:26.225 [main] INFO  --- c.h.d.service.OrderService     :   Amount updated in order
2024-04-22 19:17:26.226 [main] INFO  --- c.h.d.service.OrderService     :   Updating product quantity
2024-04-22 19:17:26.226 [main] INFO  --- c.h.d.service.OrderService     :   Saving order
2024-04-22 19:17:41.780 [main] INFO  --- c.h.d.service.OrderService     :   Deleting order with Id : 1
2024-04-22 19:17:41.796 [main] INFO  --- c.h.d.service.OrderService     :   Updating product
2024-04-22 19:17:41.797 [main] INFO  --- c.h.d.service.OrderService     :   Product quantity increased in product
2024-04-22 19:17:41.797 [main] INFO  --- c.h.d.service.OrderService     :   Checking backorder which can be fulfilled
2024-04-22 19:17:41.797 [main] INFO  --- c.h.d.service.OrderService     :   Fetching all backorder associated with Ordered product
2024-04-22 19:17:41.798 [main] INFO  --- c.h.d.service.OrderService     :   performing operation on backorder.
2024-04-22 19:17:41.799 [main] INFO  --- c.h.d.service.OrderService     :   Order deleted with Id : 1
2024-04-22 19:17:41.851 [main] INFO  --- c.h.d.service.OrderService     :   Updating order with Id : 1
2024-04-22 19:17:41.852 [main] INFO  --- c.h.d.service.OrderService     :   Check if the customer, product, and discount are the same or different
2024-04-22 19:17:41.853 [main] INFO  --- c.h.d.service.OrderService     :   Product quantity increased : Checking is Product available
2024-04-22 19:17:41.853 [main] INFO  --- c.h.d.service.OrderService     :   Product available.
2024-04-22 19:17:41.854 [main] INFO  --- c.h.d.service.OrderService     :   Updated Order, product, orderAmount
2024-04-22 19:17:41.873 [main] INFO  --- c.h.d.service.OrderService     :   Fetching all orders
2024-04-22 19:17:41.874 [main] INFO  --- c.h.d.service.OrderService     :   Order Fetched
2024-04-22 19:17:41.886 [main] INFO  --- c.h.d.service.OrderService     :   Fetching all orders with Id : 1
2024-04-22 19:17:41.887 [main] INFO  --- c.h.d.service.OrderService     :   Order fetched with Id : 1, order : com.himanshu.departmentalStore.model.Order@d8d9199
2024-04-22 19:17:41.904 [main] INFO  --- c.h.d.service.OrderService     :   Placing order.
2024-04-22 19:17:41.905 [main] INFO  --- c.h.d.service.OrderService     :   Checking isProductAvailable
2024-04-22 19:17:41.906 [main] INFO  --- c.h.d.service.OrderService     :   Product available.
2024-04-22 19:17:41.906 [main] INFO  --- c.h.d.service.OrderService     :   Calculating total amount
2024-04-22 19:17:41.907 [main] INFO  --- c.h.d.service.OrderService     :   Amount updated in order
2024-04-22 19:17:41.908 [main] INFO  --- c.h.d.service.OrderService     :   Updating product quantity
2024-04-22 19:17:41.908 [main] INFO  --- c.h.d.service.OrderService     :   Saving order
2024-04-22 19:17:41.972 [main] INFO  --- c.h.d.controller.CustomerController     :   Request received to fetch customer with ID 1
2024-04-22 19:17:41.973 [main] INFO  --- c.h.d.controller.CustomerController     :   Returning customer with ID 1: com.himanshu.departmentalStore.model.Customer@42714a7
2024-04-22 19:17:42.003 [main] INFO  --- c.h.d.controller.CustomerController     :   Request received to delete customer with ID 1
2024-04-22 19:17:42.004 [main] INFO  --- c.h.d.controller.CustomerController     :   Customer with ID 1 deleted successfully
2024-04-22 19:17:42.012 [main] INFO  --- c.h.d.controller.CustomerController     :   Received request to retrieve all customers.
2024-04-22 19:17:42.013 [main] INFO  --- c.h.d.controller.CustomerController     :   Retrieved 2 customers.
2024-04-22 19:17:42.021 [main] INFO  --- c.h.d.controller.CustomerController     :   Request received to save a new customer: com.himanshu.departmentalStore.model.Customer@36061cf3
2024-04-22 19:17:42.021 [main] INFO  --- c.h.d.controller.CustomerController     :   Saved customer: com.himanshu.departmentalStore.model.Customer@36061cf3
2024-04-22 19:17:42.030 [main] INFO  --- c.h.d.controller.CustomerController     :   Request received to update customer with ID 1: com.himanshu.departmentalStore.model.Customer@6c15e8c7
2024-04-22 19:17:42.031 [main] INFO  --- c.h.d.controller.CustomerController     :   Updated customer with ID 1: com.himanshu.departmentalStore.model.Customer@6c15e8c7
2024-04-22 19:17:43.534 [background-preinit] INFO  --- o.h.validator.internal.util.Version     :   HV000001: Hibernate Validator 8.0.1.Final
2024-04-22 19:17:43.594 [main] INFO  --- c.h.d.repository.OrderRepositoryTest     :   Starting OrderRepositoryTest using Java 21.0.2 with PID 9588 (started by Himanshu.Kumar in C:\Users\himanshu.kumar\IdeaProjects\departmentalStore)
2024-04-22 19:17:43.595 [main] DEBUG --- c.h.d.repository.OrderRepositoryTest     :   Running with Spring Boot v3.2.4, Spring v6.1.5
2024-04-22 19:17:43.596 [main] INFO  --- c.h.d.repository.OrderRepositoryTest     :   No active profile set, falling back to 1 default profile: "default"
2024-04-22 19:17:45.343 [main] INFO  --- o.s.d.r.c.RepositoryConfigurationDelegate     :   Bootstrapping Spring Data JPA repositories in DEFAULT mode.
2024-04-22 19:17:45.486 [main] INFO  --- o.s.d.r.c.RepositoryConfigurationDelegate     :   Finished Spring Data repository scanning in 121 ms. Found 5 JPA repository interfaces.
2024-04-22 19:17:46.455 [main] INFO  --- o.h.jpa.internal.util.LogHelper     :   HHH000204: Processing PersistenceUnitInfo [name: default]
2024-04-22 19:17:46.580 [main] INFO  --- org.hibernate.Version     :   HHH000412: Hibernate ORM core version 6.4.4.Final
2024-04-22 19:17:46.649 [main] INFO  --- o.h.c.i.RegionFactoryInitiator     :   HHH000026: Second-level cache disabled
2024-04-22 19:17:46.881 [main] INFO  --- o.s.o.j.p.SpringPersistenceUnitInfo     :   No LoadTimeWeaver setup: ignoring JPA class transformer
2024-04-22 19:17:46.941 [main] INFO  --- com.zaxxer.hikari.HikariDataSource     :   HikariPool-1 - Starting...
2024-04-22 19:17:47.731 [main] INFO  --- com.zaxxer.hikari.pool.HikariPool     :   HikariPool-1 - Added connection com.mysql.cj.jdbc.ConnectionImpl@27d6467
2024-04-22 19:17:47.735 [main] INFO  --- com.zaxxer.hikari.HikariDataSource     :   HikariPool-1 - Start completed.
2024-04-22 19:17:50.004 [main] INFO  --- o.h.e.t.j.p.i.JtaPlatformInitiator     :   HHH000489: No JTA platform available (set 'hibernate.transaction.jta.platform' to enable JTA platform integration)
2024-04-22 19:17:50.196 [main] INFO  --- o.s.o.j.LocalContainerEntityManagerFactoryBean     :   Initialized JPA EntityManagerFactory for persistence unit 'default'
2024-04-22 19:17:52.493 [main] WARN  --- o.s.b.a.o.j.JpaBaseConfiguration$JpaWebConfiguration     :   spring.jpa.open-in-view is enabled by default. Therefore, database queries may be performed during view rendering. Explicitly configure spring.jpa.open-in-view to disable this warning
2024-04-22 19:17:53.449 [main] INFO  --- c.h.d.repository.OrderRepositoryTest     :   Started OrderRepositoryTest in 10.419 seconds (process running for 16.68)
2024-04-22 19:17:55.504 [main] INFO  --- c.h.d.service.ProductService     :   Fetching product with ID 1
2024-04-22 19:17:55.505 [main] INFO  --- c.h.d.service.ProductService     :   Fetched product: com.himanshu.departmentalStore.model.Product@4896f287
2024-04-22 19:17:55.511 [main] INFO  --- c.h.d.service.ProductService     :   Updating product with ID 1: com.himanshu.departmentalStore.model.Product@4febb6e6
2024-04-22 19:17:55.516 [main] INFO  --- c.h.d.service.ProductService     :   Fetching all products from the database
2024-04-22 19:17:55.517 [main] INFO  --- c.h.d.service.ProductService     :   Fetched 2 products
2024-04-22 19:17:55.522 [main] INFO  --- c.h.d.service.ProductService     :   Deleting product with ID 1
2024-04-22 19:17:55.527 [main] INFO  --- c.h.d.service.ProductService     :   Saving new product: com.himanshu.departmentalStore.model.Product@3f698ab8
2024-04-22 19:17:55.918 [main] INFO  --- c.h.d.controller.OrderController     :   Received request to delete order with ID: 1
2024-04-22 19:17:55.919 [main] INFO  --- c.h.d.controller.OrderController     :   Order deleted with ID: 1
2024-04-22 19:17:55.930 [main] INFO  --- c.h.d.controller.OrderController     :   Received request to update the order with Id : 1.
2024-04-22 19:17:55.931 [main] INFO  --- c.h.d.controller.OrderController     :   Converting OrderRequestBody to Order.
2024-04-22 19:17:55.931 [main] INFO  --- c.h.d.controller.OrderController     :   OrderRequestBody converted to Order
2024-04-22 19:17:55.932 [main] INFO  --- c.h.d.controller.OrderController     :   Order placed
2024-04-22 19:17:55.938 [main] INFO  --- c.h.d.controller.OrderController     :   Received request to fetch all orders.
2024-04-22 19:17:55.947 [main] INFO  --- c.h.d.controller.OrderController     :   Received request to fetch all orders by Id : 1
2024-04-22 19:17:55.948 [main] INFO  --- c.h.d.controller.OrderController     :   Fetched order with id : 1, order : com.himanshu.departmentalStore.model.Order@3d6fe206
2024-04-22 19:17:55.957 [main] INFO  --- c.h.d.controller.OrderController     :   Received request to create order.
2024-04-22 19:17:55.958 [main] INFO  --- c.h.d.controller.OrderController     :   Converting OrderRequestBody to Order.
2024-04-22 19:17:55.958 [main] INFO  --- c.h.d.controller.OrderController     :   OrderRequestBody converted to Order
2024-04-22 19:17:55.958 [main] INFO  --- c.h.d.controller.OrderController     :   Order Placed.
2024-04-22 19:17:56.305 [main] INFO  --- c.h.d.service.CustomerService     :   Fetching customer with ID 1
2024-04-22 19:17:56.307 [main] INFO  --- c.h.d.service.CustomerService     :   Fetched customer: com.himanshu.departmentalStore.model.Customer@51aae61a
2024-04-22 19:17:56.314 [main] INFO  --- c.h.d.service.CustomerService     :   Deleting customer with ID 1
2024-04-22 19:17:56.319 [main] INFO  --- c.h.d.service.CustomerService     :   Fetching all customers from the database
2024-04-22 19:17:56.320 [main] INFO  --- c.h.d.service.CustomerService     :   Fetched 2 customers
2024-04-22 19:17:56.325 [main] INFO  --- c.h.d.service.CustomerService     :   Saving new customer: com.himanshu.departmentalStore.model.Customer@2a1066ed
2024-04-22 19:17:56.331 [main] INFO  --- c.h.d.service.CustomerService     :   Updating customer with ID 1: com.himanshu.departmentalStore.model.Customer@26499067
2024-04-22 19:17:56.360 [main] INFO  --- c.h.d.controller.BackorderController     :   Received request to fetch backorder by ID: 1
2024-04-22 19:17:56.364 [main] INFO  --- c.h.d.controller.BackorderController     :   Fetched backorder with Id: 1
2024-04-22 19:17:56.372 [main] INFO  --- c.h.d.controller.BackorderController     :   Received request to update backorder with ID 1: BackOrderRequestBody(productId=1, customerId=1, quantity=10)
2024-04-22 19:17:56.379 [main] INFO  --- c.h.d.controller.BackorderController     :   Converting RequestBody to backorder
2024-04-22 19:17:56.380 [main] INFO  --- c.h.d.controller.BackorderController     :   RequestBody converted to backorder
2024-04-22 19:17:56.380 [main] INFO  --- c.h.d.controller.BackorderController     :   Backorder updated with ID : 1
2024-04-22 19:17:56.389 [main] INFO  --- c.h.d.controller.BackorderController     :   Received request to create new backorder with request body: BackOrderRequestBody(productId=1, customerId=1, quantity=5)
2024-04-22 19:17:56.389 [main] INFO  --- c.h.d.controller.BackorderController     :   Converting RequestBody to backorder
2024-04-22 19:17:56.390 [main] INFO  --- c.h.d.controller.BackorderController     :   RequestBody converted to backorder
2024-04-22 19:17:56.391 [main] INFO  --- c.h.d.controller.BackorderController     :   Backorder created with ID : 1
2024-04-22 19:17:56.397 [main] INFO  --- c.h.d.controller.BackorderController     :   Received request to fetch all backorders
2024-04-22 19:17:56.398 [main] INFO  --- c.h.d.controller.BackorderController     :   Fetched backorders
2024-04-22 19:17:56.404 [main] INFO  --- c.h.d.controller.BackorderController     :   Received request to delete backorder with ID: 1
2024-04-22 19:17:56.405 [main] INFO  --- c.h.d.controller.BackorderController     :   Backorder deleted with ID: 1
2024-04-22 19:17:56.547 [main] INFO  --- c.h.d.service.BackorderService     :   Fetching backorder by Id : 1
2024-04-22 19:17:56.553 [main] INFO  --- c.h.d.service.BackorderService     :   Updating backorder
2024-04-22 19:17:56.558 [main] INFO  --- c.h.d.service.BackorderService     :   Saving backorder
2024-04-22 19:17:56.564 [main] INFO  --- c.h.d.service.BackorderService     :   Fetching all backorders
2024-04-22 19:17:56.569 [main] INFO  --- c.h.d.service.BackorderService     :   Deleting backorder
2024-04-22 19:17:56.578 [main] INFO  --- c.h.d.controller.DiscountController     :   Received request to Fetch discount by Id : 1
2024-04-22 19:17:56.578 [main] INFO  --- c.h.d.controller.DiscountController     :   Fetched discounts with Id : 1, discount : com.himanshu.departmentalStore.model.Discount@1776a497
2024-04-22 19:17:56.583 [main] INFO  --- c.h.d.controller.DiscountController     :   Received request to delete discount with ID 1
2024-04-22 19:17:56.588 [main] INFO  --- c.h.d.controller.DiscountController     :   Received request to Fetch all active discounts
2024-04-22 19:17:56.588 [main] INFO  --- c.h.d.controller.DiscountController     :   Fetched all active discounts : [com.himanshu.departmentalStore.model.Discount@117e7b16, com.himanshu.departmentalStore.model.Discount@330e37b2]
2024-04-22 19:17:56.593 [main] INFO  --- c.h.d.controller.DiscountController     :   Received request to create new discount: com.himanshu.departmentalStore.model.Discount@6e9698cf
2024-04-22 19:17:56.596 [main] INFO  --- c.h.d.controller.DiscountController     :   Received request to update discount with ID 1: com.himanshu.departmentalStore.model.Discount@4e23fd4f
2024-04-22 19:17:56.603 [main] INFO  --- c.h.d.controller.ProductController     :   Request received to fetch product with ID 1
2024-04-22 19:17:56.604 [main] INFO  --- c.h.d.controller.ProductController     :   Returning product with ID 1: com.himanshu.departmentalStore.model.Product@69339b3b
2024-04-22 19:17:56.607 [main] INFO  --- c.h.d.controller.ProductController     :   Request received to update product with ID 1: com.himanshu.departmentalStore.model.Product@232438a8
2024-04-22 19:17:56.608 [main] INFO  --- c.h.d.controller.ProductController     :   Updated product with ID 1: com.himanshu.departmentalStore.model.Product@232438a8
2024-04-22 19:17:56.611 [main] INFO  --- c.h.d.controller.ProductController     :   Request received to fetch all products
2024-04-22 19:17:56.611 [main] INFO  --- c.h.d.controller.ProductController     :   Returning 2 products
2024-04-22 19:17:56.615 [main] INFO  --- c.h.d.controller.ProductController     :   Request received to delete product with ID 1
2024-04-22 19:17:56.616 [main] INFO  --- c.h.d.controller.ProductController     :   Product with ID 1 deleted successfully
2024-04-22 19:17:56.619 [main] INFO  --- c.h.d.controller.ProductController     :   Request received to save a new product: com.himanshu.departmentalStore.model.Product@3f0cdd5b
2024-04-22 19:17:56.619 [main] INFO  --- c.h.d.controller.ProductController     :   Saved product: com.himanshu.departmentalStore.model.Product@3f0cdd5b
2024-04-22 19:17:56.736 [main] INFO  --- c.h.d.service.DiscountService     :   Fetching discount by ID: 1
2024-04-22 19:17:56.741 [main] INFO  --- c.h.d.service.DiscountService     :   Deleting discount with ID: 1
2024-04-22 19:17:56.745 [main] INFO  --- c.h.d.service.DiscountService     :   Fetching all active discounts
2024-04-22 19:17:56.750 [main] INFO  --- c.h.d.service.DiscountService     :   Saving discount: com.himanshu.departmentalStore.model.Discount@593ed55b
2024-04-22 19:17:56.754 [main] INFO  --- c.h.d.service.DiscountService     :   Updating discount with ID 1: com.himanshu.departmentalStore.model.Discount@56d70e0d
2024-04-22 19:17:56.983 [SpringApplicationShutdownHook] INFO  --- o.s.o.j.LocalContainerEntityManagerFactoryBean     :   Closing JPA EntityManagerFactory for persistence unit 'default'
2024-04-22 19:17:56.989 [SpringApplicationShutdownHook] INFO  --- com.zaxxer.hikari.HikariDataSource     :   HikariPool-1 - Shutdown initiated...
2024-04-22 19:17:57.001 [SpringApplicationShutdownHook] INFO  --- com.zaxxer.hikari.HikariDataSource     :   HikariPool-1 - Shutdown completed.
