2024-04-25 13:47:41.045 [background-preinit] INFO  --- o.h.validator.internal.util.Version     :   HV000001: Hibernate Validator 8.0.1.Final
2024-04-25 13:47:41.113 [main] INFO  --- c.h.d.DepartmentalStoreApplication     :   Starting DepartmentalStoreApplication using Java 21.0.2 with PID 22792 (C:\Users\himanshu.kumar\IdeaProjects\departmentalStore\target\classes started by Himanshu.Kumar in C:\Users\himanshu.kumar\IdeaProjects\departmentalStore)
2024-04-25 13:47:41.113 [main] DEBUG --- c.h.d.DepartmentalStoreApplication     :   Running with Spring Boot v3.2.4, Spring v6.1.5
2024-04-25 13:47:41.116 [main] INFO  --- c.h.d.DepartmentalStoreApplication     :   No active profile set, falling back to 1 default profile: "default"
2024-04-25 13:47:42.101 [main] INFO  --- o.s.d.r.c.RepositoryConfigurationDelegate     :   Bootstrapping Spring Data JPA repositories in DEFAULT mode.
2024-04-25 13:47:42.165 [main] INFO  --- o.s.d.r.c.RepositoryConfigurationDelegate     :   Finished Spring Data repository scanning in 56 ms. Found 5 JPA repository interfaces.
2024-04-25 13:47:42.799 [main] INFO  --- o.s.b.w.e.tomcat.TomcatWebServer     :   Tomcat initialized with port 8080 (http)
2024-04-25 13:47:42.811 [main] INFO  --- o.a.coyote.http11.Http11NioProtocol     :   Initializing ProtocolHandler ["http-nio-8080"]
2024-04-25 13:47:42.813 [main] INFO  --- o.a.catalina.core.StandardService     :   Starting service [Tomcat]
2024-04-25 13:47:42.814 [main] INFO  --- o.a.catalina.core.StandardEngine     :   Starting Servlet engine: [Apache Tomcat/10.1.19]
2024-04-25 13:47:42.891 [main] INFO  --- o.a.c.c.C.[Tomcat].[localhost].[/]     :   Initializing Spring embedded WebApplicationContext
2024-04-25 13:47:42.891 [main] INFO  --- o.s.b.w.s.c.ServletWebServerApplicationContext     :   Root WebApplicationContext: initialization completed in 1724 ms
2024-04-25 13:47:43.082 [main] INFO  --- o.h.jpa.internal.util.LogHelper     :   HHH000204: Processing PersistenceUnitInfo [name: default]
2024-04-25 13:47:43.157 [main] INFO  --- org.hibernate.Version     :   HHH000412: Hibernate ORM core version 6.4.4.Final
2024-04-25 13:47:43.192 [main] INFO  --- o.h.c.i.RegionFactoryInitiator     :   HHH000026: Second-level cache disabled
2024-04-25 13:47:43.443 [main] INFO  --- o.s.o.j.p.SpringPersistenceUnitInfo     :   No LoadTimeWeaver setup: ignoring JPA class transformer
2024-04-25 13:47:43.472 [main] INFO  --- com.zaxxer.hikari.HikariDataSource     :   HikariPool-1 - Starting...
2024-04-25 13:47:43.838 [main] INFO  --- com.zaxxer.hikari.pool.HikariPool     :   HikariPool-1 - Added connection com.mysql.cj.jdbc.ConnectionImpl@22e813fc
2024-04-25 13:47:43.840 [main] INFO  --- com.zaxxer.hikari.HikariDataSource     :   HikariPool-1 - Start completed.
2024-04-25 13:47:44.878 [main] INFO  --- o.h.e.t.j.p.i.JtaPlatformInitiator     :   HHH000489: No JTA platform available (set 'hibernate.transaction.jta.platform' to enable JTA platform integration)
2024-04-25 13:47:44.963 [main] INFO  --- o.s.o.j.LocalContainerEntityManagerFactoryBean     :   Initialized JPA EntityManagerFactory for persistence unit 'default'
2024-04-25 13:47:45.924 [main] WARN  --- o.s.b.a.o.j.JpaBaseConfiguration$JpaWebConfiguration     :   spring.jpa.open-in-view is enabled by default. Therefore, database queries may be performed during view rendering. Explicitly configure spring.jpa.open-in-view to disable this warning
2024-04-25 13:47:46.446 [main] INFO  --- o.a.coyote.http11.Http11NioProtocol     :   Starting ProtocolHandler ["http-nio-8080"]
2024-04-25 13:47:46.473 [main] INFO  --- o.s.b.w.e.tomcat.TomcatWebServer     :   Tomcat started on port 8080 (http) with context path ''
2024-04-25 13:47:46.482 [main] INFO  --- c.h.d.DepartmentalStoreApplication     :   Started DepartmentalStoreApplication in 5.802 seconds (process running for 6.502)
2024-04-25 13:47:49.941 [http-nio-8080-exec-2] INFO  --- o.a.c.c.C.[Tomcat].[localhost].[/]     :   Initializing Spring DispatcherServlet 'dispatcherServlet'
2024-04-25 13:47:49.941 [http-nio-8080-exec-2] INFO  --- o.s.web.servlet.DispatcherServlet     :   Initializing Servlet 'dispatcherServlet'
2024-04-25 13:47:49.942 [http-nio-8080-exec-2] INFO  --- o.s.web.servlet.DispatcherServlet     :   Completed initialization in 1 ms
2024-04-25 13:47:49.985 [http-nio-8080-exec-2] INFO  --- c.h.d.controller.CustomerController     :   Request received to delete customer with ID 376879
2024-04-25 13:47:49.985 [http-nio-8080-exec-2] INFO  --- c.h.d.service.CustomerService     :   Deleting customer with ID 376879
2024-04-25 13:47:50.034 [http-nio-8080-exec-2] ERROR --- c.h.d.e.GlobalExceptionHandler     :   ResourceNotFoundException: Customer not found with Id : 376879
2024-04-25 13:48:26.497 [main] INFO  --- c.h.d.service.CustomerService     :   Deleting customer with ID null
2024-04-25 13:49:09.668 [main] INFO  --- c.h.d.service.CustomerService     :   Deleting customer with ID null
2024-04-25 13:49:25.415 [main] INFO  --- c.h.d.service.CustomerService     :   Deleting customer with ID -1
2024-04-25 13:49:55.470 [main] INFO  --- c.h.d.service.CustomerService     :   Updating customer with ID 1: null
2024-04-25 13:49:55.483 [main] ERROR --- c.h.d.service.CustomerService     :   Customer with ID 1 not found
2024-04-25 13:51:11.701 [main] INFO  --- c.h.d.service.CustomerService     :   Saving new customer: null
2024-04-25 13:52:59.230 [main] INFO  --- c.h.d.service.CustomerService     :   Saving new customer: null
2024-04-25 13:53:49.688 [http-nio-8080-exec-5] INFO  --- c.h.d.controller.CustomerController     :   Request received to save a new customer: com.himanshu.departmentalStore.model.Customer@147f41a4
2024-04-25 13:53:49.688 [http-nio-8080-exec-5] INFO  --- c.h.d.service.CustomerService     :   Saving new customer: com.himanshu.departmentalStore.model.Customer@147f41a4
2024-04-25 13:53:49.766 [http-nio-8080-exec-5] INFO  --- c.h.d.controller.CustomerController     :   Saved customer: com.himanshu.departmentalStore.model.Customer@147f41a4
2024-04-25 13:53:58.193 [SpringApplicationShutdownHook] INFO  --- o.s.o.j.LocalContainerEntityManagerFactoryBean     :   Closing JPA EntityManagerFactory for persistence unit 'default'
2024-04-25 13:53:58.195 [SpringApplicationShutdownHook] INFO  --- com.zaxxer.hikari.HikariDataSource     :   HikariPool-1 - Shutdown initiated...
2024-04-25 13:53:58.204 [SpringApplicationShutdownHook] INFO  --- com.zaxxer.hikari.HikariDataSource     :   HikariPool-1 - Shutdown completed.
2024-04-25 13:54:00.268 [background-preinit] INFO  --- o.h.validator.internal.util.Version     :   HV000001: Hibernate Validator 8.0.1.Final
2024-04-25 13:54:00.331 [main] INFO  --- c.h.d.DepartmentalStoreApplication     :   Starting DepartmentalStoreApplication using Java 21.0.2 with PID 7180 (C:\Users\himanshu.kumar\IdeaProjects\departmentalStore\target\classes started by Himanshu.Kumar in C:\Users\himanshu.kumar\IdeaProjects\departmentalStore)
2024-04-25 13:54:00.331 [main] DEBUG --- c.h.d.DepartmentalStoreApplication     :   Running with Spring Boot v3.2.4, Spring v6.1.5
2024-04-25 13:54:00.332 [main] INFO  --- c.h.d.DepartmentalStoreApplication     :   No active profile set, falling back to 1 default profile: "default"
2024-04-25 13:54:01.337 [main] INFO  --- o.s.d.r.c.RepositoryConfigurationDelegate     :   Bootstrapping Spring Data JPA repositories in DEFAULT mode.
2024-04-25 13:54:01.410 [main] INFO  --- o.s.d.r.c.RepositoryConfigurationDelegate     :   Finished Spring Data repository scanning in 64 ms. Found 5 JPA repository interfaces.
2024-04-25 13:54:02.025 [main] INFO  --- o.s.b.w.e.tomcat.TomcatWebServer     :   Tomcat initialized with port 8080 (http)
2024-04-25 13:54:02.037 [main] INFO  --- o.a.coyote.http11.Http11NioProtocol     :   Initializing ProtocolHandler ["http-nio-8080"]
2024-04-25 13:54:02.040 [main] INFO  --- o.a.catalina.core.StandardService     :   Starting service [Tomcat]
2024-04-25 13:54:02.040 [main] INFO  --- o.a.catalina.core.StandardEngine     :   Starting Servlet engine: [Apache Tomcat/10.1.19]
2024-04-25 13:54:02.121 [main] INFO  --- o.a.c.c.C.[Tomcat].[localhost].[/]     :   Initializing Spring embedded WebApplicationContext
2024-04-25 13:54:02.122 [main] INFO  --- o.s.b.w.s.c.ServletWebServerApplicationContext     :   Root WebApplicationContext: initialization completed in 1741 ms
2024-04-25 13:54:02.324 [main] INFO  --- o.h.jpa.internal.util.LogHelper     :   HHH000204: Processing PersistenceUnitInfo [name: default]
2024-04-25 13:54:02.406 [main] INFO  --- org.hibernate.Version     :   HHH000412: Hibernate ORM core version 6.4.4.Final
2024-04-25 13:54:02.449 [main] INFO  --- o.h.c.i.RegionFactoryInitiator     :   HHH000026: Second-level cache disabled
2024-04-25 13:54:02.710 [main] INFO  --- o.s.o.j.p.SpringPersistenceUnitInfo     :   No LoadTimeWeaver setup: ignoring JPA class transformer
2024-04-25 13:54:02.741 [main] INFO  --- com.zaxxer.hikari.HikariDataSource     :   HikariPool-1 - Starting...
2024-04-25 13:54:03.130 [main] INFO  --- com.zaxxer.hikari.pool.HikariPool     :   HikariPool-1 - Added connection com.mysql.cj.jdbc.ConnectionImpl@182e4365
2024-04-25 13:54:03.133 [main] INFO  --- com.zaxxer.hikari.HikariDataSource     :   HikariPool-1 - Start completed.
2024-04-25 13:54:04.175 [main] INFO  --- o.h.e.t.j.p.i.JtaPlatformInitiator     :   HHH000489: No JTA platform available (set 'hibernate.transaction.jta.platform' to enable JTA platform integration)
2024-04-25 13:54:04.263 [main] INFO  --- o.s.o.j.LocalContainerEntityManagerFactoryBean     :   Initialized JPA EntityManagerFactory for persistence unit 'default'
2024-04-25 13:54:05.219 [main] WARN  --- o.s.b.a.o.j.JpaBaseConfiguration$JpaWebConfiguration     :   spring.jpa.open-in-view is enabled by default. Therefore, database queries may be performed during view rendering. Explicitly configure spring.jpa.open-in-view to disable this warning
2024-04-25 13:54:05.656 [main] INFO  --- o.a.coyote.http11.Http11NioProtocol     :   Starting ProtocolHandler ["http-nio-8080"]
2024-04-25 13:54:05.679 [main] INFO  --- o.s.b.w.e.tomcat.TomcatWebServer     :   Tomcat started on port 8080 (http) with context path ''
2024-04-25 13:54:05.694 [main] INFO  --- c.h.d.DepartmentalStoreApplication     :   Started DepartmentalStoreApplication in 5.784 seconds (process running for 6.606)
2024-04-25 13:54:09.519 [http-nio-8080-exec-2] INFO  --- o.a.c.c.C.[Tomcat].[localhost].[/]     :   Initializing Spring DispatcherServlet 'dispatcherServlet'
2024-04-25 13:54:09.520 [http-nio-8080-exec-2] INFO  --- o.s.web.servlet.DispatcherServlet     :   Initializing Servlet 'dispatcherServlet'
2024-04-25 13:54:09.522 [http-nio-8080-exec-2] INFO  --- o.s.web.servlet.DispatcherServlet     :   Completed initialization in 2 ms
2024-04-25 13:54:09.631 [http-nio-8080-exec-2] INFO  --- c.h.d.controller.CustomerController     :   Request received to save a new customer: com.himanshu.departmentalStore.model.Customer@5a713722
2024-04-25 13:54:09.631 [http-nio-8080-exec-2] INFO  --- c.h.d.service.CustomerService     :   Saving new customer: com.himanshu.departmentalStore.model.Customer@5a713722
2024-04-25 13:54:09.698 [http-nio-8080-exec-2] INFO  --- c.h.d.controller.CustomerController     :   Saved customer: com.himanshu.departmentalStore.model.Customer@5a713722
2024-04-25 13:54:14.562 [http-nio-8080-exec-3] INFO  --- c.h.d.controller.CustomerController     :   Received request to retrieve all customers.
2024-04-25 13:54:14.563 [http-nio-8080-exec-3] INFO  --- c.h.d.service.CustomerService     :   Fetching all customers from the database
2024-04-25 13:54:14.721 [http-nio-8080-exec-3] INFO  --- c.h.d.service.CustomerService     :   Fetched 5 customers
2024-04-25 13:54:14.721 [http-nio-8080-exec-3] INFO  --- c.h.d.controller.CustomerController     :   Retrieved 5 customers.
2024-04-25 13:54:32.817 [http-nio-8080-exec-4] ERROR --- c.h.d.e.GlobalExceptionHandler     :   Global Exception: No static resource v2/api-docs.
2024-04-25 13:54:49.367 [main] INFO  --- c.h.d.service.CustomerService     :   Deleting customer with ID -1
2024-04-25 13:57:45.736 [main] INFO  --- c.h.d.service.CustomerService     :   Deleting customer with ID -1
2024-04-25 13:57:53.235 [main] INFO  --- c.h.d.service.CustomerService     :   Deleting customer with ID -1
2024-04-25 13:57:53.292 [main] INFO  --- c.h.d.service.CustomerService     :   Updating customer with ID 1: null
2024-04-25 13:57:53.294 [main] ERROR --- c.h.d.service.CustomerService     :   Customer with ID 1 not found
2024-04-25 13:57:53.306 [main] INFO  --- c.h.d.service.CustomerService     :   Updating customer with ID -1: com.himanshu.departmentalStore.model.Customer@64b7225f
2024-04-25 13:57:53.312 [main] ERROR --- c.h.d.service.CustomerService     :   Customer with ID -1 not found
2024-04-25 13:57:53.319 [main] INFO  --- c.h.d.service.CustomerService     :   Fetching customer with ID -1
2024-04-25 13:57:53.326 [main] INFO  --- c.h.d.service.CustomerService     :   Deleting customer with ID null
2024-04-25 13:57:53.335 [main] INFO  --- c.h.d.service.CustomerService     :   Deleting customer with ID -1
2024-04-25 14:00:21.372 [main] INFO  --- c.h.d.service.OrderService     :   Deleting order with Id : 1
2024-04-25 14:00:21.396 [main] INFO  --- c.h.d.service.OrderService     :   Updating product
2024-04-25 14:00:21.396 [main] INFO  --- c.h.d.service.OrderService     :   Product quantity increased in product
2024-04-25 14:00:21.397 [main] INFO  --- c.h.d.service.OrderService     :   Checking backorder which can be fulfilled
2024-04-25 14:00:21.397 [main] INFO  --- c.h.d.service.OrderService     :   Order deleted with Id : 1
2024-04-25 14:00:21.427 [main] INFO  --- c.h.d.service.OrderService     :   Updating order with Id : 1
2024-04-25 14:00:21.428 [main] INFO  --- c.h.d.service.OrderService     :   Check if the customer, product, and discount are the same or different
2024-04-25 14:00:21.428 [main] INFO  --- c.h.d.service.OrderService     :   Product quantity increased : Checking is Product available
2024-04-25 14:00:21.428 [main] INFO  --- c.h.d.service.OrderService     :   Product available.
2024-04-25 14:00:21.429 [main] INFO  --- c.h.d.service.OrderService     :   Updated Order, product, orderAmount
2024-04-25 14:00:21.436 [main] INFO  --- c.h.d.service.OrderService     :   Fetching all orders
2024-04-25 14:00:21.437 [main] INFO  --- c.h.d.service.OrderService     :   Order Fetched
2024-04-25 14:00:21.444 [main] INFO  --- c.h.d.service.OrderService     :   Fetching all orders with Id : 1
2024-04-25 14:00:21.445 [main] INFO  --- c.h.d.service.OrderService     :   Order fetched with Id : 1, order : com.himanshu.departmentalStore.model.Order@18acfe88
2024-04-25 14:00:21.453 [main] INFO  --- c.h.d.service.OrderService     :   Placing order.
2024-04-25 14:00:21.454 [main] INFO  --- c.h.d.service.OrderService     :   Checking isProductAvailable
2024-04-25 14:00:21.454 [main] INFO  --- c.h.d.service.OrderService     :   Product available.
2024-04-25 14:00:21.454 [main] INFO  --- c.h.d.service.OrderService     :   Calculating total amount
2024-04-25 14:00:21.454 [main] INFO  --- c.h.d.service.OrderService     :   Amount updated in order
2024-04-25 14:00:21.455 [main] INFO  --- c.h.d.service.OrderService     :   Updating product quantity
2024-04-25 14:00:21.455 [main] INFO  --- c.h.d.service.OrderService     :   Saving order
2024-04-25 14:00:21.490 [main] INFO  --- c.h.d.controller.CustomerController     :   Request received to fetch customer with ID 1
2024-04-25 14:00:21.490 [main] INFO  --- c.h.d.controller.CustomerController     :   Returning customer with ID 1: com.himanshu.departmentalStore.model.Customer@329a1f8d
2024-04-25 14:00:21.504 [main] INFO  --- c.h.d.controller.CustomerController     :   Request received to delete customer with ID 1
2024-04-25 14:00:21.505 [main] INFO  --- c.h.d.controller.CustomerController     :   Customer with ID 1 deleted successfully
2024-04-25 14:00:21.509 [main] INFO  --- c.h.d.controller.CustomerController     :   Received request to retrieve all customers.
2024-04-25 14:00:21.510 [main] INFO  --- c.h.d.controller.CustomerController     :   Retrieved 2 customers.
2024-04-25 14:00:21.514 [main] INFO  --- c.h.d.controller.CustomerController     :   Request received to save a new customer: com.himanshu.departmentalStore.model.Customer@1866da85
2024-04-25 14:00:21.515 [main] INFO  --- c.h.d.controller.CustomerController     :   Saved customer: com.himanshu.departmentalStore.model.Customer@1866da85
2024-04-25 14:00:21.520 [main] INFO  --- c.h.d.controller.CustomerController     :   Request received to update customer with ID 1: com.himanshu.departmentalStore.model.Customer@987455b
2024-04-25 14:00:21.522 [main] INFO  --- c.h.d.controller.CustomerController     :   Updated customer with ID 1: com.himanshu.departmentalStore.model.Customer@987455b
2024-04-25 14:00:22.147 [background-preinit] INFO  --- o.h.validator.internal.util.Version     :   HV000001: Hibernate Validator 8.0.1.Final
2024-04-25 14:00:22.179 [main] INFO  --- c.h.d.repository.OrderRepositoryTest     :   Starting OrderRepositoryTest using Java 21.0.2 with PID 13524 (started by Himanshu.Kumar in C:\Users\himanshu.kumar\IdeaProjects\departmentalStore)
2024-04-25 14:00:22.179 [main] DEBUG --- c.h.d.repository.OrderRepositoryTest     :   Running with Spring Boot v3.2.4, Spring v6.1.5
2024-04-25 14:00:22.180 [main] INFO  --- c.h.d.repository.OrderRepositoryTest     :   No active profile set, falling back to 1 default profile: "default"
2024-04-25 14:00:23.090 [main] INFO  --- o.s.d.r.c.RepositoryConfigurationDelegate     :   Bootstrapping Spring Data JPA repositories in DEFAULT mode.
2024-04-25 14:00:23.162 [main] INFO  --- o.s.d.r.c.RepositoryConfigurationDelegate     :   Finished Spring Data repository scanning in 55 ms. Found 5 JPA repository interfaces.
2024-04-25 14:00:23.686 [main] INFO  --- o.h.jpa.internal.util.LogHelper     :   HHH000204: Processing PersistenceUnitInfo [name: default]
2024-04-25 14:00:23.770 [main] INFO  --- org.hibernate.Version     :   HHH000412: Hibernate ORM core version 6.4.4.Final
2024-04-25 14:00:23.813 [main] INFO  --- o.h.c.i.RegionFactoryInitiator     :   HHH000026: Second-level cache disabled
2024-04-25 14:00:23.939 [main] INFO  --- o.s.o.j.p.SpringPersistenceUnitInfo     :   No LoadTimeWeaver setup: ignoring JPA class transformer
2024-04-25 14:00:23.968 [main] INFO  --- com.zaxxer.hikari.HikariDataSource     :   HikariPool-1 - Starting...
2024-04-25 14:00:24.388 [main] INFO  --- com.zaxxer.hikari.pool.HikariPool     :   HikariPool-1 - Added connection com.mysql.cj.jdbc.ConnectionImpl@4745bcc6
2024-04-25 14:00:24.391 [main] INFO  --- com.zaxxer.hikari.HikariDataSource     :   HikariPool-1 - Start completed.
2024-04-25 14:00:25.384 [main] INFO  --- o.h.e.t.j.p.i.JtaPlatformInitiator     :   HHH000489: No JTA platform available (set 'hibernate.transaction.jta.platform' to enable JTA platform integration)
2024-04-25 14:00:25.477 [main] INFO  --- o.s.o.j.LocalContainerEntityManagerFactoryBean     :   Initialized JPA EntityManagerFactory for persistence unit 'default'
2024-04-25 14:00:26.666 [main] WARN  --- o.s.b.a.o.j.JpaBaseConfiguration$JpaWebConfiguration     :   spring.jpa.open-in-view is enabled by default. Therefore, database queries may be performed during view rendering. Explicitly configure spring.jpa.open-in-view to disable this warning
2024-04-25 14:00:27.213 [main] INFO  --- c.h.d.repository.OrderRepositoryTest     :   Started OrderRepositoryTest in 5.283 seconds (process running for 8.543)
2024-04-25 14:00:28.662 [main] INFO  --- c.h.d.service.ProductService     :   Fetching product with ID 1
2024-04-25 14:00:28.663 [main] INFO  --- c.h.d.service.ProductService     :   Fetched product: com.himanshu.departmentalStore.model.Product@23f41ce3
2024-04-25 14:00:28.666 [main] INFO  --- c.h.d.service.ProductService     :   Updating product with ID 1: com.himanshu.departmentalStore.model.Product@580882fb
2024-04-25 14:00:28.668 [main] INFO  --- c.h.d.service.ProductService     :   Fetching all products from the database
2024-04-25 14:00:28.668 [main] INFO  --- c.h.d.service.ProductService     :   Fetched 2 products
2024-04-25 14:00:28.670 [main] INFO  --- c.h.d.service.ProductService     :   Deleting product with ID 1
2024-04-25 14:00:28.673 [main] INFO  --- c.h.d.service.ProductService     :   Saving new product: com.himanshu.departmentalStore.model.Product@2cf62699
2024-04-25 14:00:28.929 [main] INFO  --- c.h.d.controller.OrderController     :   Received request to delete order with ID: 1
2024-04-25 14:00:28.929 [main] INFO  --- c.h.d.controller.OrderController     :   Order deleted with ID: 1
2024-04-25 14:00:28.934 [main] INFO  --- c.h.d.controller.OrderController     :   Received request to update the order with Id : 1.
2024-04-25 14:00:28.935 [main] INFO  --- c.h.d.controller.OrderController     :   Converting OrderRequestBody to Order.
2024-04-25 14:00:28.935 [main] INFO  --- c.h.d.controller.OrderController     :   OrderRequestBody converted to Order
2024-04-25 14:00:28.935 [main] INFO  --- c.h.d.controller.OrderController     :   Order placed
2024-04-25 14:00:28.939 [main] INFO  --- c.h.d.controller.OrderController     :   Received request to fetch all orders.
2024-04-25 14:00:28.942 [main] INFO  --- c.h.d.controller.OrderController     :   Received request to fetch all orders by Id : 1
2024-04-25 14:00:28.943 [main] INFO  --- c.h.d.controller.OrderController     :   Fetched order with id : 1, order : com.himanshu.departmentalStore.model.Order@3e5a40e7
2024-04-25 14:00:28.946 [main] INFO  --- c.h.d.controller.OrderController     :   Received request to create order.
2024-04-25 14:00:28.947 [main] INFO  --- c.h.d.controller.OrderController     :   Converting OrderRequestBody to Order.
2024-04-25 14:00:28.947 [main] INFO  --- c.h.d.controller.OrderController     :   OrderRequestBody converted to Order
2024-04-25 14:00:28.947 [main] INFO  --- c.h.d.controller.OrderController     :   Order Placed.
2024-04-25 14:00:29.153 [main] INFO  --- c.h.d.service.CustomerService     :   Fetching customer with ID 1
2024-04-25 14:00:29.153 [main] INFO  --- c.h.d.service.CustomerService     :   Fetched customer: com.himanshu.departmentalStore.model.Customer@449be249
2024-04-25 14:00:29.156 [main] INFO  --- c.h.d.service.CustomerService     :   Deleting customer with ID 1
2024-04-25 14:00:29.159 [main] INFO  --- c.h.d.service.CustomerService     :   Fetching all customers from the database
2024-04-25 14:00:29.159 [main] INFO  --- c.h.d.service.CustomerService     :   Fetched 2 customers
2024-04-25 14:00:29.161 [main] INFO  --- c.h.d.service.CustomerService     :   Saving new customer: com.himanshu.departmentalStore.model.Customer@10055e52
2024-04-25 14:00:29.165 [main] INFO  --- c.h.d.service.CustomerService     :   Updating customer with ID 1: com.himanshu.departmentalStore.model.Customer@6a3a3b93
2024-04-25 14:00:29.169 [main] INFO  --- c.h.d.controller.BackorderController     :   Received request to fetch backorder by ID: 1
2024-04-25 14:00:29.170 [main] INFO  --- c.h.d.controller.BackorderController     :   Fetched backorder with Id: 1
2024-04-25 14:00:29.175 [main] INFO  --- c.h.d.controller.BackorderController     :   Received request to update backorder with ID 1: BackOrderRequestBody(productId=1, customerId=1, quantity=10)
2024-04-25 14:00:29.178 [main] INFO  --- c.h.d.controller.BackorderController     :   Converting RequestBody to backorder
2024-04-25 14:00:29.179 [main] INFO  --- c.h.d.controller.BackorderController     :   RequestBody converted to backorder
2024-04-25 14:00:29.179 [main] INFO  --- c.h.d.controller.BackorderController     :   Backorder updated with ID : 1
2024-04-25 14:00:29.182 [main] INFO  --- c.h.d.controller.BackorderController     :   Received request to create new backorder with request body: BackOrderRequestBody(productId=1, customerId=1, quantity=5)
2024-04-25 14:00:29.182 [main] INFO  --- c.h.d.controller.BackorderController     :   Converting RequestBody to backorder
2024-04-25 14:00:29.182 [main] INFO  --- c.h.d.controller.BackorderController     :   RequestBody converted to backorder
2024-04-25 14:00:29.183 [main] INFO  --- c.h.d.controller.BackorderController     :   Backorder created with ID : 1
2024-04-25 14:00:29.186 [main] INFO  --- c.h.d.controller.BackorderController     :   Received request to fetch all backorders
2024-04-25 14:00:29.186 [main] INFO  --- c.h.d.controller.BackorderController     :   Fetched backorders
2024-04-25 14:00:29.188 [main] INFO  --- c.h.d.controller.BackorderController     :   Received request to delete backorder with ID: 1
2024-04-25 14:00:29.188 [main] INFO  --- c.h.d.controller.BackorderController     :   Backorder deleted with ID: 1
2024-04-25 14:00:29.258 [main] INFO  --- c.h.d.service.BackorderService     :   Fetching backorder by Id : 1
2024-04-25 14:00:29.260 [main] INFO  --- c.h.d.service.BackorderService     :   Updating backorder
2024-04-25 14:00:29.263 [main] INFO  --- c.h.d.service.BackorderService     :   Saving backorder
2024-04-25 14:00:29.265 [main] INFO  --- c.h.d.service.BackorderService     :   Fetching all backorders
2024-04-25 14:00:29.268 [main] INFO  --- c.h.d.service.BackorderService     :   Deleting backorder
2024-04-25 14:00:29.272 [main] INFO  --- c.h.d.controller.DiscountController     :   Received request to Fetch discount by Id : 1
2024-04-25 14:00:29.272 [main] INFO  --- c.h.d.controller.DiscountController     :   Fetched discounts with Id : 1, discount : com.himanshu.departmentalStore.model.Discount@11d823a4
2024-04-25 14:00:29.274 [main] INFO  --- c.h.d.controller.DiscountController     :   Received request to delete discount with ID 1
2024-04-25 14:00:29.277 [main] INFO  --- c.h.d.controller.DiscountController     :   Received request to Fetch all active discounts
2024-04-25 14:00:29.277 [main] INFO  --- c.h.d.controller.DiscountController     :   Fetched all active discounts : [com.himanshu.departmentalStore.model.Discount@74575124, com.himanshu.departmentalStore.model.Discount@24c28909]
2024-04-25 14:00:29.279 [main] INFO  --- c.h.d.controller.DiscountController     :   Received request to create new discount: com.himanshu.departmentalStore.model.Discount@12e7664b
2024-04-25 14:00:29.282 [main] INFO  --- c.h.d.controller.DiscountController     :   Received request to update discount with ID 1: com.himanshu.departmentalStore.model.Discount@6c4d8b04
2024-04-25 14:00:29.285 [main] INFO  --- c.h.d.service.CustomerService     :   Deleting customer with ID -1
2024-04-25 14:00:29.304 [main] INFO  --- c.h.d.service.CustomerService     :   Updating customer with ID 1: null
2024-04-25 14:00:29.304 [main] ERROR --- c.h.d.service.CustomerService     :   Customer with ID 1 not found
2024-04-25 14:00:29.308 [main] INFO  --- c.h.d.service.CustomerService     :   Updating customer with ID -1: com.himanshu.departmentalStore.model.Customer@3b477ce8
2024-04-25 14:00:29.308 [main] ERROR --- c.h.d.service.CustomerService     :   Customer with ID -1 not found
2024-04-25 14:00:29.310 [main] INFO  --- c.h.d.service.CustomerService     :   Fetching customer with ID -1
2024-04-25 14:00:29.313 [main] INFO  --- c.h.d.service.CustomerService     :   Deleting customer with ID null
2024-04-25 14:00:29.315 [main] INFO  --- c.h.d.service.CustomerService     :   Deleting customer with ID -1
2024-04-25 14:00:29.318 [main] INFO  --- c.h.d.controller.ProductController     :   Request received to fetch product with ID 1
2024-04-25 14:00:29.319 [main] INFO  --- c.h.d.controller.ProductController     :   Returning product with ID 1: com.himanshu.departmentalStore.model.Product@5c72e534
2024-04-25 14:00:29.321 [main] INFO  --- c.h.d.controller.ProductController     :   Request received to update product with ID 1: com.himanshu.departmentalStore.model.Product@302f535b
2024-04-25 14:00:29.321 [main] INFO  --- c.h.d.controller.ProductController     :   Updated product with ID 1: com.himanshu.departmentalStore.model.Product@302f535b
2024-04-25 14:00:29.324 [main] INFO  --- c.h.d.controller.ProductController     :   Request received to fetch all products
2024-04-25 14:00:29.324 [main] INFO  --- c.h.d.controller.ProductController     :   Returning 2 products
2024-04-25 14:00:29.326 [main] INFO  --- c.h.d.controller.ProductController     :   Request received to delete product with ID 1
2024-04-25 14:00:29.326 [main] INFO  --- c.h.d.controller.ProductController     :   Product with ID 1 deleted successfully
2024-04-25 14:00:29.329 [main] INFO  --- c.h.d.controller.ProductController     :   Request received to save a new product: com.himanshu.departmentalStore.model.Product@406fec86
2024-04-25 14:00:29.330 [main] INFO  --- c.h.d.controller.ProductController     :   Saved product: com.himanshu.departmentalStore.model.Product@406fec86
2024-04-25 14:00:29.398 [main] INFO  --- c.h.d.service.DiscountService     :   Fetching discount by ID: 1
2024-04-25 14:00:29.401 [main] INFO  --- c.h.d.service.DiscountService     :   Deleting discount with ID: 1
2024-04-25 14:00:29.404 [main] INFO  --- c.h.d.service.DiscountService     :   Fetching all active discounts
2024-04-25 14:00:29.406 [main] INFO  --- c.h.d.service.DiscountService     :   Saving discount: com.himanshu.departmentalStore.model.Discount@42a4b97
2024-04-25 14:00:29.409 [main] INFO  --- c.h.d.service.DiscountService     :   Updating discount with ID 1: com.himanshu.departmentalStore.model.Discount@449ca6b6
2024-04-25 14:00:29.555 [SpringApplicationShutdownHook] INFO  --- o.s.o.j.LocalContainerEntityManagerFactoryBean     :   Closing JPA EntityManagerFactory for persistence unit 'default'
2024-04-25 14:00:29.558 [SpringApplicationShutdownHook] INFO  --- com.zaxxer.hikari.HikariDataSource     :   HikariPool-1 - Shutdown initiated...
2024-04-25 14:00:29.565 [SpringApplicationShutdownHook] INFO  --- com.zaxxer.hikari.HikariDataSource     :   HikariPool-1 - Shutdown completed.
2024-04-25 14:03:26.200 [main] INFO  --- c.h.d.service.DiscountService     :   Fetching discount by ID: -1
2024-04-25 14:03:26.244 [main] INFO  --- c.h.d.service.DiscountService     :   Deleting discount with ID: -1
2024-04-25 14:03:26.263 [main] INFO  --- c.h.d.service.DiscountService     :   Updating discount with ID -1: com.himanshu.departmentalStore.model.Discount@30669dac
2024-04-25 14:03:26.268 [main] INFO  --- c.h.d.service.DiscountService     :   Deleting discount with ID: null
2024-04-25 14:03:26.274 [main] INFO  --- c.h.d.service.DiscountService     :   Updating discount with ID 1: null
2024-04-25 14:03:26.282 [main] INFO  --- c.h.d.service.DiscountService     :   Saving discount: null
2024-04-25 14:03:26.290 [main] INFO  --- c.h.d.service.DiscountService     :   Saving discount: com.himanshu.departmentalStore.model.Discount@bdd2027
2024-04-25 14:03:26.296 [main] INFO  --- c.h.d.service.DiscountService     :   Deleting discount with ID: -1
2024-04-25 14:04:18.340 [main] INFO  --- c.h.d.service.DiscountService     :   Deleting discount with ID: -1
2024-04-25 14:04:35.968 [main] INFO  --- c.h.d.service.DiscountService     :   Deleting discount with ID: null
2024-04-25 14:05:08.143 [main] INFO  --- c.h.d.service.DiscountService     :   Updating discount with ID 1: null
2024-04-25 14:05:34.009 [main] INFO  --- c.h.d.service.DiscountService     :   Saving discount: null
2024-04-25 14:07:23.865 [main] INFO  --- c.h.d.service.DiscountService     :   Fetching discount by ID: -1
2024-04-25 14:07:23.911 [main] INFO  --- c.h.d.service.DiscountService     :   Updating discount with ID -1: com.himanshu.departmentalStore.model.Discount@455824ad
2024-04-25 14:07:23.924 [main] INFO  --- c.h.d.service.DiscountService     :   Deleting discount with ID: -1
2024-04-25 14:07:23.930 [main] INFO  --- c.h.d.service.DiscountService     :   Updating discount with ID 1: null
2024-04-25 14:07:23.936 [main] INFO  --- c.h.d.service.DiscountService     :   Deleting discount with ID: null
2024-04-25 14:08:19.149 [main] INFO  --- c.h.d.service.OrderService     :   Deleting order with Id : 1
2024-04-25 14:08:19.173 [main] INFO  --- c.h.d.service.OrderService     :   Updating product
2024-04-25 14:08:19.174 [main] INFO  --- c.h.d.service.OrderService     :   Product quantity increased in product
2024-04-25 14:08:19.174 [main] INFO  --- c.h.d.service.OrderService     :   Checking backorder which can be fulfilled
2024-04-25 14:08:19.175 [main] INFO  --- c.h.d.service.OrderService     :   Order deleted with Id : 1
2024-04-25 14:08:19.208 [main] INFO  --- c.h.d.service.OrderService     :   Updating order with Id : 1
2024-04-25 14:08:19.209 [main] INFO  --- c.h.d.service.OrderService     :   Check if the customer, product, and discount are the same or different
2024-04-25 14:08:19.209 [main] INFO  --- c.h.d.service.OrderService     :   Product quantity increased : Checking is Product available
2024-04-25 14:08:19.209 [main] INFO  --- c.h.d.service.OrderService     :   Product available.
2024-04-25 14:08:19.210 [main] INFO  --- c.h.d.service.OrderService     :   Updated Order, product, orderAmount
2024-04-25 14:08:19.220 [main] INFO  --- c.h.d.service.OrderService     :   Fetching all orders
2024-04-25 14:08:19.221 [main] INFO  --- c.h.d.service.OrderService     :   Order Fetched
2024-04-25 14:08:19.227 [main] INFO  --- c.h.d.service.OrderService     :   Fetching all orders with Id : 1
2024-04-25 14:08:19.228 [main] INFO  --- c.h.d.service.OrderService     :   Order fetched with Id : 1, order : com.himanshu.departmentalStore.model.Order@383864d5
2024-04-25 14:08:19.235 [main] INFO  --- c.h.d.service.OrderService     :   Placing order.
2024-04-25 14:08:19.236 [main] INFO  --- c.h.d.service.OrderService     :   Checking isProductAvailable
2024-04-25 14:08:19.236 [main] INFO  --- c.h.d.service.OrderService     :   Product available.
2024-04-25 14:08:19.236 [main] INFO  --- c.h.d.service.OrderService     :   Calculating total amount
2024-04-25 14:08:19.236 [main] INFO  --- c.h.d.service.OrderService     :   Amount updated in order
2024-04-25 14:08:19.236 [main] INFO  --- c.h.d.service.OrderService     :   Updating product quantity
2024-04-25 14:08:19.236 [main] INFO  --- c.h.d.service.OrderService     :   Saving order
2024-04-25 14:08:19.269 [main] INFO  --- c.h.d.controller.CustomerController     :   Request received to fetch customer with ID 1
2024-04-25 14:08:19.270 [main] INFO  --- c.h.d.controller.CustomerController     :   Returning customer with ID 1: com.himanshu.departmentalStore.model.Customer@3a175162
2024-04-25 14:08:19.283 [main] INFO  --- c.h.d.controller.CustomerController     :   Request received to delete customer with ID 1
2024-04-25 14:08:19.284 [main] INFO  --- c.h.d.controller.CustomerController     :   Customer with ID 1 deleted successfully
2024-04-25 14:08:19.288 [main] INFO  --- c.h.d.controller.CustomerController     :   Received request to retrieve all customers.
2024-04-25 14:08:19.289 [main] INFO  --- c.h.d.controller.CustomerController     :   Retrieved 2 customers.
2024-04-25 14:08:19.292 [main] INFO  --- c.h.d.controller.CustomerController     :   Request received to save a new customer: com.himanshu.departmentalStore.model.Customer@20576557
2024-04-25 14:08:19.293 [main] INFO  --- c.h.d.controller.CustomerController     :   Saved customer: com.himanshu.departmentalStore.model.Customer@20576557
2024-04-25 14:08:19.298 [main] INFO  --- c.h.d.controller.CustomerController     :   Request received to update customer with ID 1: com.himanshu.departmentalStore.model.Customer@3b1ed14b
2024-04-25 14:08:19.298 [main] INFO  --- c.h.d.controller.CustomerController     :   Updated customer with ID 1: com.himanshu.departmentalStore.model.Customer@3b1ed14b
2024-04-25 14:08:19.882 [background-preinit] INFO  --- o.h.validator.internal.util.Version     :   HV000001: Hibernate Validator 8.0.1.Final
2024-04-25 14:08:19.927 [main] INFO  --- c.h.d.repository.OrderRepositoryTest     :   Starting OrderRepositoryTest using Java 21.0.2 with PID 3532 (started by Himanshu.Kumar in C:\Users\himanshu.kumar\IdeaProjects\departmentalStore)
2024-04-25 14:08:19.929 [main] DEBUG --- c.h.d.repository.OrderRepositoryTest     :   Running with Spring Boot v3.2.4, Spring v6.1.5
2024-04-25 14:08:19.929 [main] INFO  --- c.h.d.repository.OrderRepositoryTest     :   No active profile set, falling back to 1 default profile: "default"
2024-04-25 14:08:20.861 [main] INFO  --- o.s.d.r.c.RepositoryConfigurationDelegate     :   Bootstrapping Spring Data JPA repositories in DEFAULT mode.
2024-04-25 14:08:20.927 [main] INFO  --- o.s.d.r.c.RepositoryConfigurationDelegate     :   Finished Spring Data repository scanning in 57 ms. Found 5 JPA repository interfaces.
2024-04-25 14:08:21.446 [main] INFO  --- o.h.jpa.internal.util.LogHelper     :   HHH000204: Processing PersistenceUnitInfo [name: default]
2024-04-25 14:08:21.527 [main] INFO  --- org.hibernate.Version     :   HHH000412: Hibernate ORM core version 6.4.4.Final
2024-04-25 14:08:21.574 [main] INFO  --- o.h.c.i.RegionFactoryInitiator     :   HHH000026: Second-level cache disabled
2024-04-25 14:08:21.706 [main] INFO  --- o.s.o.j.p.SpringPersistenceUnitInfo     :   No LoadTimeWeaver setup: ignoring JPA class transformer
2024-04-25 14:08:21.741 [main] INFO  --- com.zaxxer.hikari.HikariDataSource     :   HikariPool-1 - Starting...
2024-04-25 14:08:22.159 [main] INFO  --- com.zaxxer.hikari.pool.HikariPool     :   HikariPool-1 - Added connection com.mysql.cj.jdbc.ConnectionImpl@1764e45e
2024-04-25 14:08:22.162 [main] INFO  --- com.zaxxer.hikari.HikariDataSource     :   HikariPool-1 - Start completed.
2024-04-25 14:08:23.178 [main] INFO  --- o.h.e.t.j.p.i.JtaPlatformInitiator     :   HHH000489: No JTA platform available (set 'hibernate.transaction.jta.platform' to enable JTA platform integration)
2024-04-25 14:08:23.262 [main] INFO  --- o.s.o.j.LocalContainerEntityManagerFactoryBean     :   Initialized JPA EntityManagerFactory for persistence unit 'default'
2024-04-25 14:08:24.337 [main] WARN  --- o.s.b.a.o.j.JpaBaseConfiguration$JpaWebConfiguration     :   spring.jpa.open-in-view is enabled by default. Therefore, database queries may be performed during view rendering. Explicitly configure spring.jpa.open-in-view to disable this warning
2024-04-25 14:08:24.897 [main] INFO  --- c.h.d.repository.OrderRepositoryTest     :   Started OrderRepositoryTest in 5.241 seconds (process running for 8.447)
2024-04-25 14:08:26.249 [main] INFO  --- c.h.d.service.ProductService     :   Fetching product with ID 1
2024-04-25 14:08:26.250 [main] INFO  --- c.h.d.service.ProductService     :   Fetched product: com.himanshu.departmentalStore.model.Product@2300d2b4
2024-04-25 14:08:26.253 [main] INFO  --- c.h.d.service.ProductService     :   Updating product with ID 1: com.himanshu.departmentalStore.model.Product@2cf62699
2024-04-25 14:08:26.256 [main] INFO  --- c.h.d.service.ProductService     :   Fetching all products from the database
2024-04-25 14:08:26.258 [main] INFO  --- c.h.d.service.ProductService     :   Fetched 2 products
2024-04-25 14:08:26.260 [main] INFO  --- c.h.d.service.ProductService     :   Deleting product with ID 1
2024-04-25 14:08:26.263 [main] INFO  --- c.h.d.service.ProductService     :   Saving new product: com.himanshu.departmentalStore.model.Product@37a26221
2024-04-25 14:08:26.514 [main] INFO  --- c.h.d.controller.OrderController     :   Received request to delete order with ID: 1
2024-04-25 14:08:26.514 [main] INFO  --- c.h.d.controller.OrderController     :   Order deleted with ID: 1
2024-04-25 14:08:26.521 [main] INFO  --- c.h.d.controller.OrderController     :   Received request to update the order with Id : 1.
2024-04-25 14:08:26.521 [main] INFO  --- c.h.d.controller.OrderController     :   Converting OrderRequestBody to Order.
2024-04-25 14:08:26.522 [main] INFO  --- c.h.d.controller.OrderController     :   OrderRequestBody converted to Order
2024-04-25 14:08:26.522 [main] INFO  --- c.h.d.controller.OrderController     :   Order placed
2024-04-25 14:08:26.526 [main] INFO  --- c.h.d.controller.OrderController     :   Received request to fetch all orders.
2024-04-25 14:08:26.529 [main] INFO  --- c.h.d.controller.OrderController     :   Received request to fetch all orders by Id : 1
2024-04-25 14:08:26.530 [main] INFO  --- c.h.d.controller.OrderController     :   Fetched order with id : 1, order : com.himanshu.departmentalStore.model.Order@61ce4af8
2024-04-25 14:08:26.535 [main] INFO  --- c.h.d.controller.OrderController     :   Received request to create order.
2024-04-25 14:08:26.535 [main] INFO  --- c.h.d.controller.OrderController     :   Converting OrderRequestBody to Order.
2024-04-25 14:08:26.535 [main] INFO  --- c.h.d.controller.OrderController     :   OrderRequestBody converted to Order
2024-04-25 14:08:26.536 [main] INFO  --- c.h.d.controller.OrderController     :   Order Placed.
2024-04-25 14:08:26.722 [main] INFO  --- c.h.d.service.CustomerService     :   Fetching customer with ID 1
2024-04-25 14:08:26.723 [main] INFO  --- c.h.d.service.CustomerService     :   Fetched customer: com.himanshu.departmentalStore.model.Customer@60aee4ca
2024-04-25 14:08:26.725 [main] INFO  --- c.h.d.service.CustomerService     :   Deleting customer with ID 1
2024-04-25 14:08:26.729 [main] INFO  --- c.h.d.service.CustomerService     :   Fetching all customers from the database
2024-04-25 14:08:26.729 [main] INFO  --- c.h.d.service.CustomerService     :   Fetched 2 customers
2024-04-25 14:08:26.732 [main] INFO  --- c.h.d.service.CustomerService     :   Saving new customer: com.himanshu.departmentalStore.model.Customer@3e063a21
2024-04-25 14:08:26.734 [main] INFO  --- c.h.d.service.CustomerService     :   Updating customer with ID 1: com.himanshu.departmentalStore.model.Customer@1cc20796
2024-04-25 14:08:26.739 [main] INFO  --- c.h.d.controller.BackorderController     :   Received request to fetch backorder by ID: 1
2024-04-25 14:08:26.739 [main] INFO  --- c.h.d.controller.BackorderController     :   Fetched backorder with Id: 1
2024-04-25 14:08:26.742 [main] INFO  --- c.h.d.controller.BackorderController     :   Received request to update backorder with ID 1: BackOrderRequestBody(productId=1, customerId=1, quantity=10)
2024-04-25 14:08:26.745 [main] INFO  --- c.h.d.controller.BackorderController     :   Converting RequestBody to backorder
2024-04-25 14:08:26.745 [main] INFO  --- c.h.d.controller.BackorderController     :   RequestBody converted to backorder
2024-04-25 14:08:26.745 [main] INFO  --- c.h.d.controller.BackorderController     :   Backorder updated with ID : 1
2024-04-25 14:08:26.749 [main] INFO  --- c.h.d.controller.BackorderController     :   Received request to create new backorder with request body: BackOrderRequestBody(productId=1, customerId=1, quantity=5)
2024-04-25 14:08:26.749 [main] INFO  --- c.h.d.controller.BackorderController     :   Converting RequestBody to backorder
2024-04-25 14:08:26.750 [main] INFO  --- c.h.d.controller.BackorderController     :   RequestBody converted to backorder
2024-04-25 14:08:26.750 [main] INFO  --- c.h.d.controller.BackorderController     :   Backorder created with ID : 1
2024-04-25 14:08:26.770 [main] INFO  --- c.h.d.controller.BackorderController     :   Received request to fetch all backorders
2024-04-25 14:08:26.771 [main] INFO  --- c.h.d.controller.BackorderController     :   Fetched backorders
2024-04-25 14:08:26.773 [main] INFO  --- c.h.d.controller.BackorderController     :   Received request to delete backorder with ID: 1
2024-04-25 14:08:26.774 [main] INFO  --- c.h.d.controller.BackorderController     :   Backorder deleted with ID: 1
2024-04-25 14:08:26.840 [main] INFO  --- c.h.d.service.DiscountService     :   Fetching discount by ID: -1
2024-04-25 14:08:26.843 [main] INFO  --- c.h.d.service.DiscountService     :   Updating discount with ID -1: com.himanshu.departmentalStore.model.Discount@4c368165
2024-04-25 14:08:26.847 [main] INFO  --- c.h.d.service.DiscountService     :   Deleting discount with ID: -1
2024-04-25 14:08:26.850 [main] INFO  --- c.h.d.service.DiscountService     :   Updating discount with ID 1: null
2024-04-25 14:08:26.853 [main] INFO  --- c.h.d.service.DiscountService     :   Deleting discount with ID: null
2024-04-25 14:08:26.916 [main] INFO  --- c.h.d.service.BackorderService     :   Fetching backorder by Id : 1
2024-04-25 14:08:26.919 [main] INFO  --- c.h.d.service.BackorderService     :   Updating backorder
2024-04-25 14:08:26.921 [main] INFO  --- c.h.d.service.BackorderService     :   Saving backorder
2024-04-25 14:08:26.924 [main] INFO  --- c.h.d.service.BackorderService     :   Fetching all backorders
2024-04-25 14:08:26.926 [main] INFO  --- c.h.d.service.BackorderService     :   Deleting backorder
2024-04-25 14:08:26.929 [main] INFO  --- c.h.d.controller.DiscountController     :   Received request to Fetch discount by Id : 1
2024-04-25 14:08:26.930 [main] INFO  --- c.h.d.controller.DiscountController     :   Fetched discounts with Id : 1, discount : com.himanshu.departmentalStore.model.Discount@385dae6a
2024-04-25 14:08:26.932 [main] INFO  --- c.h.d.controller.DiscountController     :   Received request to delete discount with ID 1
2024-04-25 14:08:26.935 [main] INFO  --- c.h.d.controller.DiscountController     :   Received request to Fetch all active discounts
2024-04-25 14:08:26.935 [main] INFO  --- c.h.d.controller.DiscountController     :   Fetched all active discounts : [com.himanshu.departmentalStore.model.Discount@1eb08757, com.himanshu.departmentalStore.model.Discount@4bcb5415]
2024-04-25 14:08:26.937 [main] INFO  --- c.h.d.controller.DiscountController     :   Received request to create new discount: com.himanshu.departmentalStore.model.Discount@61f94cac
2024-04-25 14:08:26.939 [main] INFO  --- c.h.d.controller.DiscountController     :   Received request to update discount with ID 1: com.himanshu.departmentalStore.model.Discount@6a937d6f
2024-04-25 14:08:26.943 [main] INFO  --- c.h.d.service.CustomerService     :   Deleting customer with ID -1
2024-04-25 14:08:26.949 [main] INFO  --- c.h.d.service.CustomerService     :   Updating customer with ID 1: null
2024-04-25 14:08:26.949 [main] ERROR --- c.h.d.service.CustomerService     :   Customer with ID 1 not found
2024-04-25 14:08:26.951 [main] INFO  --- c.h.d.service.CustomerService     :   Updating customer with ID -1: com.himanshu.departmentalStore.model.Customer@402cdf60
2024-04-25 14:08:26.951 [main] ERROR --- c.h.d.service.CustomerService     :   Customer with ID -1 not found
2024-04-25 14:08:26.954 [main] INFO  --- c.h.d.service.CustomerService     :   Fetching customer with ID -1
2024-04-25 14:08:26.956 [main] INFO  --- c.h.d.service.CustomerService     :   Deleting customer with ID null
2024-04-25 14:08:26.960 [main] INFO  --- c.h.d.service.CustomerService     :   Deleting customer with ID -1
2024-04-25 14:08:26.963 [main] INFO  --- c.h.d.controller.ProductController     :   Request received to fetch product with ID 1
2024-04-25 14:08:26.963 [main] INFO  --- c.h.d.controller.ProductController     :   Returning product with ID 1: com.himanshu.departmentalStore.model.Product@30dc14e4
2024-04-25 14:08:26.965 [main] INFO  --- c.h.d.controller.ProductController     :   Request received to update product with ID 1: com.himanshu.departmentalStore.model.Product@6d70965d
2024-04-25 14:08:26.966 [main] INFO  --- c.h.d.controller.ProductController     :   Updated product with ID 1: com.himanshu.departmentalStore.model.Product@6d70965d
2024-04-25 14:08:26.967 [main] INFO  --- c.h.d.controller.ProductController     :   Request received to fetch all products
2024-04-25 14:08:26.968 [main] INFO  --- c.h.d.controller.ProductController     :   Returning 2 products
2024-04-25 14:08:26.970 [main] INFO  --- c.h.d.controller.ProductController     :   Request received to delete product with ID 1
2024-04-25 14:08:26.970 [main] INFO  --- c.h.d.controller.ProductController     :   Product with ID 1 deleted successfully
2024-04-25 14:08:26.973 [main] INFO  --- c.h.d.controller.ProductController     :   Request received to save a new product: com.himanshu.departmentalStore.model.Product@4c829699
2024-04-25 14:08:26.973 [main] INFO  --- c.h.d.controller.ProductController     :   Saved product: com.himanshu.departmentalStore.model.Product@4c829699
2024-04-25 14:08:26.977 [main] INFO  --- c.h.d.service.DiscountService     :   Fetching discount by ID: 1
2024-04-25 14:08:26.979 [main] INFO  --- c.h.d.service.DiscountService     :   Deleting discount with ID: 1
2024-04-25 14:08:26.981 [main] INFO  --- c.h.d.service.DiscountService     :   Fetching all active discounts
2024-04-25 14:08:26.984 [main] INFO  --- c.h.d.service.DiscountService     :   Saving discount: com.himanshu.departmentalStore.model.Discount@54039b8a
2024-04-25 14:08:26.987 [main] INFO  --- c.h.d.service.DiscountService     :   Updating discount with ID 1: com.himanshu.departmentalStore.model.Discount@1e1b4e8b
2024-04-25 14:08:27.156 [SpringApplicationShutdownHook] INFO  --- o.s.o.j.LocalContainerEntityManagerFactoryBean     :   Closing JPA EntityManagerFactory for persistence unit 'default'
2024-04-25 14:08:27.158 [SpringApplicationShutdownHook] INFO  --- com.zaxxer.hikari.HikariDataSource     :   HikariPool-1 - Shutdown initiated...
2024-04-25 14:08:27.166 [SpringApplicationShutdownHook] INFO  --- com.zaxxer.hikari.HikariDataSource     :   HikariPool-1 - Shutdown completed.
2024-04-25 14:11:09.743 [main] INFO  --- c.h.d.service.ProductService     :   Deleting product with ID null
2024-04-25 14:11:09.811 [main] INFO  --- c.h.d.service.ProductService     :   Deleting product with ID -1
2024-04-25 14:11:09.821 [main] INFO  --- c.h.d.service.ProductService     :   Saving new product: null
2024-04-25 14:11:09.829 [main] INFO  --- c.h.d.service.ProductService     :   Updating product with ID -1: com.himanshu.departmentalStore.model.Product@6ff415ad
2024-04-25 14:11:09.829 [main] ERROR --- c.h.d.service.ProductService     :   Product with ID -1 not found
2024-04-25 14:11:09.835 [main] INFO  --- c.h.d.service.ProductService     :   Updating product with ID 1: null
2024-04-25 14:11:09.835 [main] ERROR --- c.h.d.service.ProductService     :   Product with ID 1 not found
2024-04-25 14:11:09.842 [main] INFO  --- c.h.d.service.ProductService     :   Saving new product: com.himanshu.departmentalStore.model.Product@3b90a30a
2024-04-25 14:11:09.848 [main] INFO  --- c.h.d.service.ProductService     :   Deleting product with ID -1
2024-04-25 14:11:09.855 [main] INFO  --- c.h.d.service.ProductService     :   Fetching product with ID -1
2024-04-25 14:13:45.969 [main] INFO  --- c.h.d.service.ProductService     :   Deleting product with ID null
2024-04-25 14:14:19.929 [main] INFO  --- c.h.d.service.ProductService     :   Deleting product with ID -1
2024-04-25 14:14:33.011 [main] INFO  --- c.h.d.service.ProductService     :   Deleting product with ID -1
2024-04-25 14:14:45.559 [main] INFO  --- c.h.d.service.ProductService     :   Updating product with ID 1: null
2024-04-25 14:14:45.595 [main] ERROR --- c.h.d.service.ProductService     :   Product with ID 1 not found
2024-04-25 14:14:57.541 [main] INFO  --- c.h.d.service.ProductService     :   Updating product with ID 1: null
2024-04-25 14:14:57.573 [main] ERROR --- c.h.d.service.ProductService     :   Product with ID 1 not found
2024-04-25 14:15:15.829 [main] INFO  --- c.h.d.service.ProductService     :   Saving new product: null
2024-04-25 14:16:35.324 [main] INFO  --- c.h.d.service.ProductService     :   Deleting product with ID null
2024-04-25 14:16:35.386 [main] INFO  --- c.h.d.service.ProductService     :   Deleting product with ID -1
2024-04-25 14:16:35.397 [main] INFO  --- c.h.d.service.ProductService     :   Updating product with ID -1: com.himanshu.departmentalStore.model.Product@64355120
2024-04-25 14:16:35.401 [main] ERROR --- c.h.d.service.ProductService     :   Product with ID -1 not found
2024-04-25 14:16:35.407 [main] INFO  --- c.h.d.service.ProductService     :   Updating product with ID 1: null
2024-04-25 14:16:35.408 [main] ERROR --- c.h.d.service.ProductService     :   Product with ID 1 not found
2024-04-25 14:16:35.412 [main] INFO  --- c.h.d.service.ProductService     :   Fetching product with ID -1
2024-04-25 14:19:24.086 [main] INFO  --- c.h.d.service.BackorderService     :   Deleting backorder
2024-04-25 14:19:24.151 [main] INFO  --- c.h.d.service.BackorderService     :   Deleting backorder
2024-04-25 14:19:24.164 [main] INFO  --- c.h.d.service.BackorderService     :   Updating backorder
2024-04-25 14:19:24.177 [main] INFO  --- c.h.d.service.BackorderService     :   Fetching backorder by Id : -1
2024-04-25 14:19:24.183 [main] INFO  --- c.h.d.service.BackorderService     :   Updating backorder
2024-04-25 14:19:24.189 [main] INFO  --- c.h.d.service.BackorderService     :   Deleting backorder
2024-04-25 14:19:24.198 [main] INFO  --- c.h.d.service.BackorderService     :   Saving backorder
2024-04-25 14:19:24.205 [main] INFO  --- c.h.d.service.BackorderService     :   Saving backorder
2024-04-25 14:20:19.644 [main] INFO  --- c.h.d.service.BackorderService     :   Deleting backorder
2024-04-25 14:20:35.609 [main] INFO  --- c.h.d.service.BackorderService     :   Deleting backorder
2024-04-25 14:20:49.527 [main] INFO  --- c.h.d.service.BackorderService     :   Updating backorder
2024-04-25 14:21:24.046 [main] INFO  --- c.h.d.service.BackorderService     :   Saving backorder
2024-04-25 14:22:04.494 [main] INFO  --- c.h.d.service.BackorderService     :   Deleting backorder
2024-04-25 14:22:04.538 [main] INFO  --- c.h.d.service.BackorderService     :   Deleting backorder
2024-04-25 14:22:04.551 [main] INFO  --- c.h.d.service.BackorderService     :   Updating backorder
2024-04-25 14:22:04.562 [main] INFO  --- c.h.d.service.BackorderService     :   Fetching backorder by Id : -1
2024-04-25 14:22:04.570 [main] INFO  --- c.h.d.service.BackorderService     :   Updating backorder
2024-04-25 14:23:47.976 [main] INFO  --- c.h.d.service.OrderService     :   Placing order.
2024-04-25 14:23:47.996 [main] INFO  --- c.h.d.service.OrderService     :   Checking isProductAvailable
2024-04-25 14:23:47.997 [main] INFO  --- c.h.d.service.OrderService     :   Product available.
2024-04-25 14:23:47.997 [main] INFO  --- c.h.d.service.OrderService     :   Calculating total amount
2024-04-25 14:23:48.034 [main] INFO  --- c.h.d.service.OrderService     :   Deleting order with Id : 1
2024-04-25 14:23:48.036 [main] INFO  --- c.h.d.service.OrderService     :   Updating product
2024-04-25 14:23:48.037 [main] INFO  --- c.h.d.service.OrderService     :   Product quantity increased in product
2024-04-25 14:23:48.037 [main] INFO  --- c.h.d.service.OrderService     :   Checking backorder which can be fulfilled
2024-04-25 14:23:48.039 [main] INFO  --- c.h.d.service.OrderService     :   Order deleted with Id : 1
2024-04-25 14:23:48.053 [main] INFO  --- c.h.d.service.OrderService     :   Updating order with Id : 1
2024-04-25 14:23:48.054 [main] INFO  --- c.h.d.service.OrderService     :   Check if the customer, product, and discount are the same or different
2024-04-25 14:25:29.622 [main] INFO  --- c.h.d.service.OrderService     :   Deleting order with Id : 1
2024-04-25 14:25:29.691 [main] INFO  --- c.h.d.service.OrderService     :   Placing order.
2024-04-25 14:25:29.692 [main] INFO  --- c.h.d.service.OrderService     :   Checking isProductAvailable
2024-04-25 14:25:29.692 [main] ERROR --- c.h.d.service.OrderService     :   Product not available
2024-04-25 14:25:29.692 [main] INFO  --- c.h.d.service.OrderService     :   Creating Backorder
2024-04-25 14:25:29.693 [main] INFO  --- c.h.d.service.OrderService     :   Saving Backorder
2024-04-25 14:25:29.710 [main] INFO  --- c.h.d.service.OrderService     :   Updating order with Id : 1
2024-04-25 14:25:29.711 [main] INFO  --- c.h.d.service.OrderService     :   Check if the customer, product, and discount are the same or different
2024-04-25 14:25:29.721 [main] INFO  --- c.h.d.service.OrderService     :   Updating order with Id : 1
2024-04-25 14:26:43.744 [main] INFO  --- c.h.d.service.OrderService     :   Deleting order with Id : 1
2024-04-25 14:27:11.820 [main] INFO  --- c.h.d.service.OrderService     :   Deleting order with Id : 1
2024-04-25 14:27:33.621 [main] INFO  --- c.h.d.service.OrderService     :   Deleting order with Id : 1
2024-04-25 14:28:05.366 [main] INFO  --- c.h.d.service.OrderService     :   Updating order with Id : 1
2024-04-25 14:28:05.387 [main] INFO  --- c.h.d.service.OrderService     :   Check if the customer, product, and discount are the same or different
2024-04-25 14:32:22.537 [main] INFO  --- c.h.d.service.OrderService     :   Updating order with Id : 1
2024-04-25 14:32:22.559 [main] INFO  --- c.h.d.service.OrderService     :   Check if the customer, product, and discount are the same or different
2024-04-25 14:32:22.560 [main] ERROR --- c.h.d.service.OrderService     :   No change in previous and current quantity : not updated
2024-04-25 14:33:15.880 [main] INFO  --- c.h.d.service.OrderService     :   Placing order.
2024-04-25 14:33:15.906 [main] INFO  --- c.h.d.service.OrderService     :   Checking isProductAvailable
2024-04-25 14:33:15.906 [main] ERROR --- c.h.d.service.OrderService     :   Product not available
2024-04-25 14:33:15.906 [main] INFO  --- c.h.d.service.OrderService     :   Creating Backorder
2024-04-25 14:33:15.906 [main] INFO  --- c.h.d.service.OrderService     :   Saving Backorder
2024-04-25 14:35:33.629 [main] INFO  --- c.h.d.service.OrderService     :   Placing order.
2024-04-25 14:35:33.650 [main] INFO  --- c.h.d.service.OrderService     :   Checking isProductAvailable
2024-04-25 14:35:33.650 [main] ERROR --- c.h.d.service.OrderService     :   Product not available
2024-04-25 14:35:33.650 [main] INFO  --- c.h.d.service.OrderService     :   Creating Backorder
2024-04-25 14:35:33.650 [main] INFO  --- c.h.d.service.OrderService     :   Saving Backorder
2024-04-25 14:36:06.225 [main] INFO  --- c.h.d.service.OrderService     :   Placing order.
2024-04-25 14:36:06.244 [main] INFO  --- c.h.d.service.OrderService     :   Checking isProductAvailable
2024-04-25 14:36:06.245 [main] ERROR --- c.h.d.service.OrderService     :   Product not available
2024-04-25 14:36:06.245 [main] INFO  --- c.h.d.service.OrderService     :   Creating Backorder
2024-04-25 14:36:06.245 [main] INFO  --- c.h.d.service.OrderService     :   Saving Backorder
2024-04-25 14:40:31.290 [main] INFO  --- c.h.d.service.OrderService     :   Placing order.
2024-04-25 14:40:31.312 [main] INFO  --- c.h.d.service.OrderService     :   Checking isProductAvailable
2024-04-25 14:40:31.312 [main] ERROR --- c.h.d.service.OrderService     :   Product not available
2024-04-25 14:40:31.312 [main] INFO  --- c.h.d.service.OrderService     :   Creating Backorder
2024-04-25 14:40:31.318 [main] INFO  --- c.h.d.service.OrderService     :   5 com.himanshu.departmentalStore.model.Customer@7c891ba7 com.himanshu.departmentalStore.model.Product@6240651f 2024-04-25T14:40:31.256716200
2024-04-25 14:40:31.318 [main] INFO  --- c.h.d.service.OrderService     :   Saving Backorder
2024-04-25 14:42:41.894 [main] INFO  --- c.h.d.service.OrderService     :   Placing order.
2024-04-25 14:42:41.915 [main] INFO  --- c.h.d.service.OrderService     :   Checking isProductAvailable
2024-04-25 14:42:41.915 [main] ERROR --- c.h.d.service.OrderService     :   Product not available
2024-04-25 14:42:41.915 [main] INFO  --- c.h.d.service.OrderService     :   Creating Backorder
2024-04-25 14:42:41.921 [main] INFO  --- c.h.d.service.OrderService     :   5 com.himanshu.departmentalStore.model.Customer@7c891ba7 com.himanshu.departmentalStore.model.Product@6240651f 2024-04-25T14:42:41.860091300
2024-04-25 14:42:41.922 [main] INFO  --- c.h.d.service.OrderService     :   Saving Backorder
2024-04-25 14:44:41.655 [main] INFO  --- c.h.d.service.OrderService     :   Placing order.
2024-04-25 14:44:41.681 [main] INFO  --- c.h.d.service.OrderService     :   Checking isProductAvailable
2024-04-25 14:44:41.681 [main] ERROR --- c.h.d.service.OrderService     :   Product not available
2024-04-25 14:44:41.681 [main] INFO  --- c.h.d.service.OrderService     :   Creating Backorder
2024-04-25 14:44:41.681 [main] INFO  --- c.h.d.service.OrderService     :   Saving Backorder
2024-04-25 14:45:14.407 [main] INFO  --- c.h.d.service.OrderService     :   Placing order.
2024-04-25 14:45:14.427 [main] INFO  --- c.h.d.service.OrderService     :   Checking isProductAvailable
2024-04-25 14:45:14.428 [main] ERROR --- c.h.d.service.OrderService     :   Product not available
2024-04-25 14:45:14.428 [main] INFO  --- c.h.d.service.OrderService     :   Creating Backorder
2024-04-25 14:45:14.428 [main] INFO  --- c.h.d.service.OrderService     :   Saving Backorder
2024-04-25 14:48:26.578 [main] INFO  --- c.h.d.service.OrderService     :   Deleting order with Id : 1
2024-04-25 14:48:26.634 [main] INFO  --- c.h.d.service.OrderService     :   Placing order.
2024-04-25 14:48:26.634 [main] INFO  --- c.h.d.service.OrderService     :   Checking isProductAvailable
2024-04-25 14:48:26.634 [main] ERROR --- c.h.d.service.OrderService     :   Product not available
2024-04-25 14:48:26.634 [main] INFO  --- c.h.d.service.OrderService     :   Creating Backorder
2024-04-25 14:48:26.634 [main] INFO  --- c.h.d.service.OrderService     :   Saving Backorder
2024-04-25 14:48:26.655 [main] INFO  --- c.h.d.service.OrderService     :   Updating order with Id : 1
2024-04-25 14:48:26.655 [main] INFO  --- c.h.d.service.OrderService     :   Check if the customer, product, and discount are the same or different
2024-04-25 14:48:26.655 [main] ERROR --- c.h.d.service.OrderService     :   No change in previous and current quantity : not updated
2024-04-25 14:48:26.664 [main] INFO  --- c.h.d.service.OrderService     :   Updating order with Id : 1
2024-04-25 14:48:52.122 [main] INFO  --- c.h.d.service.OrderService     :   Placing order.
2024-04-25 14:48:52.171 [main] INFO  --- c.h.d.service.OrderService     :   Checking isProductAvailable
2024-04-25 14:48:52.172 [main] ERROR --- c.h.d.service.OrderService     :   Product not available
2024-04-25 14:48:52.172 [main] INFO  --- c.h.d.service.OrderService     :   Creating Backorder
2024-04-25 14:49:41.215 [main] INFO  --- c.h.d.service.OrderService     :   Saving Backorder
2024-04-25 14:53:01.907 [main] INFO  --- c.h.d.service.OrderService     :   Placing order.
2024-04-25 14:53:01.927 [main] INFO  --- c.h.d.service.OrderService     :   Checking isProductAvailable
2024-04-25 14:53:01.927 [main] ERROR --- c.h.d.service.OrderService     :   Product not available
2024-04-25 14:53:01.927 [main] INFO  --- c.h.d.service.OrderService     :   Creating Backorder
2024-04-25 14:53:01.928 [main] INFO  --- c.h.d.service.OrderService     :   Saving Backorder
2024-04-25 14:53:32.231 [main] INFO  --- c.h.d.service.OrderService     :   Placing order.
2024-04-25 14:53:32.253 [main] INFO  --- c.h.d.service.OrderService     :   Checking isProductAvailable
2024-04-25 14:53:32.253 [main] ERROR --- c.h.d.service.OrderService     :   Product not available
2024-04-25 14:53:32.253 [main] INFO  --- c.h.d.service.OrderService     :   Creating Backorder
2024-04-25 14:53:32.253 [main] INFO  --- c.h.d.service.OrderService     :   Saving Backorder
2024-04-25 14:54:03.697 [main] INFO  --- c.h.d.service.OrderService     :   Placing order.
2024-04-25 14:54:03.718 [main] INFO  --- c.h.d.service.OrderService     :   Checking isProductAvailable
2024-04-25 14:54:03.719 [main] ERROR --- c.h.d.service.OrderService     :   Product not available
2024-04-25 14:54:03.719 [main] INFO  --- c.h.d.service.OrderService     :   Creating Backorder
2024-04-25 14:54:03.719 [main] INFO  --- c.h.d.service.OrderService     :   Saving Backorder
2024-04-25 14:54:37.545 [main] INFO  --- c.h.d.service.OrderService     :   Placing order.
2024-04-25 14:54:37.565 [main] INFO  --- c.h.d.service.OrderService     :   Checking isProductAvailable
2024-04-25 14:54:37.565 [main] ERROR --- c.h.d.service.OrderService     :   Product not available
2024-04-25 14:54:37.566 [main] INFO  --- c.h.d.service.OrderService     :   Creating Backorder
2024-04-25 14:54:37.566 [main] INFO  --- c.h.d.service.OrderService     :   Saving Backorder
2024-04-25 14:54:37.566 [main] INFO  --- c.h.d.service.OrderService     :   jhgbj
2024-04-25 14:55:34.246 [main] INFO  --- c.h.d.service.OrderService     :   Placing order.
2024-04-25 14:55:34.266 [main] INFO  --- c.h.d.service.OrderService     :   Checking isProductAvailable
2024-04-25 14:55:34.266 [main] ERROR --- c.h.d.service.OrderService     :   Product not available
2024-04-25 14:55:34.266 [main] INFO  --- c.h.d.service.OrderService     :   Creating Backorder
2024-04-25 14:55:34.267 [main] INFO  --- c.h.d.service.OrderService     :   Saving Backorder
2024-04-25 14:55:54.055 [main] INFO  --- c.h.d.service.OrderService     :   Placing order.
2024-04-25 14:55:54.105 [main] INFO  --- c.h.d.service.OrderService     :   Checking isProductAvailable
2024-04-25 14:55:54.106 [main] ERROR --- c.h.d.service.OrderService     :   Product not available
2024-04-25 14:55:54.108 [main] INFO  --- c.h.d.service.OrderService     :   Creating Backorder
2024-04-25 14:55:57.954 [main] INFO  --- c.h.d.service.OrderService     :   Saving Backorder
2024-04-25 14:57:16.600 [main] INFO  --- c.h.d.service.OrderService     :   Placing order.
2024-04-25 14:57:16.648 [main] INFO  --- c.h.d.service.OrderService     :   Checking isProductAvailable
2024-04-25 14:57:16.649 [main] ERROR --- c.h.d.service.OrderService     :   Product not available
2024-04-25 14:57:16.649 [main] INFO  --- c.h.d.service.OrderService     :   Creating Backorder
2024-04-25 14:57:36.738 [main] INFO  --- c.h.d.service.OrderService     :   Saving Backorder
2024-04-25 14:58:48.809 [main] INFO  --- c.h.d.service.OrderService     :   Placing order.
2024-04-25 14:58:48.829 [main] INFO  --- c.h.d.service.OrderService     :   Checking isProductAvailable
2024-04-25 14:58:48.830 [main] ERROR --- c.h.d.service.OrderService     :   Product not available
2024-04-25 14:58:48.830 [main] INFO  --- c.h.d.service.OrderService     :   Creating Backorder
2024-04-25 14:58:48.830 [main] INFO  --- c.h.d.service.OrderService     :   Saving Backorder
2024-04-25 14:59:21.296 [main] INFO  --- c.h.d.service.OrderService     :   Deleting order with Id : 1
2024-04-25 14:59:21.320 [main] INFO  --- c.h.d.service.OrderService     :   Updating product
2024-04-25 14:59:21.321 [main] INFO  --- c.h.d.service.OrderService     :   Product quantity increased in product
2024-04-25 14:59:21.321 [main] INFO  --- c.h.d.service.OrderService     :   Checking backorder which can be fulfilled
2024-04-25 14:59:21.322 [main] INFO  --- c.h.d.service.OrderService     :   Order deleted with Id : 1
2024-04-25 14:59:21.355 [main] INFO  --- c.h.d.service.OrderService     :   Updating order with Id : 1
2024-04-25 14:59:21.356 [main] INFO  --- c.h.d.service.OrderService     :   Check if the customer, product, and discount are the same or different
2024-04-25 14:59:21.357 [main] INFO  --- c.h.d.service.OrderService     :   Product quantity increased : Checking is Product available
2024-04-25 14:59:21.357 [main] INFO  --- c.h.d.service.OrderService     :   Product available.
2024-04-25 14:59:21.358 [main] INFO  --- c.h.d.service.OrderService     :   Updated Order, product, orderAmount
2024-04-25 14:59:21.366 [main] INFO  --- c.h.d.service.OrderService     :   Fetching all orders
2024-04-25 14:59:21.367 [main] INFO  --- c.h.d.service.OrderService     :   Order Fetched
2024-04-25 14:59:21.373 [main] INFO  --- c.h.d.service.OrderService     :   Fetching all orders with Id : 1
2024-04-25 14:59:21.374 [main] INFO  --- c.h.d.service.OrderService     :   Order fetched with Id : 1, order : com.himanshu.departmentalStore.model.Order@6f139fc9
2024-04-25 14:59:21.382 [main] INFO  --- c.h.d.service.OrderService     :   Placing order.
2024-04-25 14:59:21.383 [main] INFO  --- c.h.d.service.OrderService     :   Checking isProductAvailable
2024-04-25 14:59:21.383 [main] INFO  --- c.h.d.service.OrderService     :   Product available.
2024-04-25 14:59:21.383 [main] INFO  --- c.h.d.service.OrderService     :   Calculating total amount
2024-04-25 14:59:21.383 [main] INFO  --- c.h.d.service.OrderService     :   Amount updated in order
2024-04-25 14:59:21.384 [main] INFO  --- c.h.d.service.OrderService     :   Updating product quantity
2024-04-25 14:59:21.384 [main] INFO  --- c.h.d.service.OrderService     :   Saving order
2024-04-25 14:59:21.417 [main] INFO  --- c.h.d.controller.CustomerController     :   Request received to fetch customer with ID 1
2024-04-25 14:59:21.417 [main] INFO  --- c.h.d.controller.CustomerController     :   Returning customer with ID 1: com.himanshu.departmentalStore.model.Customer@295bf2a
2024-04-25 14:59:21.431 [main] INFO  --- c.h.d.controller.CustomerController     :   Request received to delete customer with ID 1
2024-04-25 14:59:21.431 [main] INFO  --- c.h.d.controller.CustomerController     :   Customer with ID 1 deleted successfully
2024-04-25 14:59:21.434 [main] INFO  --- c.h.d.controller.CustomerController     :   Received request to retrieve all customers.
2024-04-25 14:59:21.435 [main] INFO  --- c.h.d.controller.CustomerController     :   Retrieved 2 customers.
2024-04-25 14:59:21.440 [main] INFO  --- c.h.d.controller.CustomerController     :   Request received to save a new customer: com.himanshu.departmentalStore.model.Customer@6ec7bce0
2024-04-25 14:59:21.440 [main] INFO  --- c.h.d.controller.CustomerController     :   Saved customer: com.himanshu.departmentalStore.model.Customer@6ec7bce0
2024-04-25 14:59:21.445 [main] INFO  --- c.h.d.controller.CustomerController     :   Request received to update customer with ID 1: com.himanshu.departmentalStore.model.Customer@1b5c3e5f
2024-04-25 14:59:21.446 [main] INFO  --- c.h.d.controller.CustomerController     :   Updated customer with ID 1: com.himanshu.departmentalStore.model.Customer@1b5c3e5f
2024-04-25 14:59:22.018 [background-preinit] INFO  --- o.h.validator.internal.util.Version     :   HV000001: Hibernate Validator 8.0.1.Final
2024-04-25 14:59:22.059 [main] INFO  --- c.h.d.repository.OrderRepositoryTest     :   Starting OrderRepositoryTest using Java 21.0.2 with PID 13556 (started by Himanshu.Kumar in C:\Users\himanshu.kumar\IdeaProjects\departmentalStore)
2024-04-25 14:59:22.060 [main] DEBUG --- c.h.d.repository.OrderRepositoryTest     :   Running with Spring Boot v3.2.4, Spring v6.1.5
2024-04-25 14:59:22.060 [main] INFO  --- c.h.d.repository.OrderRepositoryTest     :   No active profile set, falling back to 1 default profile: "default"
2024-04-25 14:59:22.982 [main] INFO  --- o.s.d.r.c.RepositoryConfigurationDelegate     :   Bootstrapping Spring Data JPA repositories in DEFAULT mode.
2024-04-25 14:59:23.054 [main] INFO  --- o.s.d.r.c.RepositoryConfigurationDelegate     :   Finished Spring Data repository scanning in 62 ms. Found 5 JPA repository interfaces.
2024-04-25 14:59:23.595 [main] INFO  --- o.h.jpa.internal.util.LogHelper     :   HHH000204: Processing PersistenceUnitInfo [name: default]
2024-04-25 14:59:23.674 [main] INFO  --- org.hibernate.Version     :   HHH000412: Hibernate ORM core version 6.4.4.Final
2024-04-25 14:59:23.718 [main] INFO  --- o.h.c.i.RegionFactoryInitiator     :   HHH000026: Second-level cache disabled
2024-04-25 14:59:23.863 [main] INFO  --- o.s.o.j.p.SpringPersistenceUnitInfo     :   No LoadTimeWeaver setup: ignoring JPA class transformer
2024-04-25 14:59:23.912 [main] INFO  --- com.zaxxer.hikari.HikariDataSource     :   HikariPool-1 - Starting...
2024-04-25 14:59:24.300 [main] INFO  --- com.zaxxer.hikari.pool.HikariPool     :   HikariPool-1 - Added connection com.mysql.cj.jdbc.ConnectionImpl@76b019c4
2024-04-25 14:59:24.303 [main] INFO  --- com.zaxxer.hikari.HikariDataSource     :   HikariPool-1 - Start completed.
2024-04-25 14:59:25.293 [main] INFO  --- o.h.e.t.j.p.i.JtaPlatformInitiator     :   HHH000489: No JTA platform available (set 'hibernate.transaction.jta.platform' to enable JTA platform integration)
2024-04-25 14:59:25.388 [main] INFO  --- o.s.o.j.LocalContainerEntityManagerFactoryBean     :   Initialized JPA EntityManagerFactory for persistence unit 'default'
2024-04-25 14:59:26.507 [main] WARN  --- o.s.b.a.o.j.JpaBaseConfiguration$JpaWebConfiguration     :   spring.jpa.open-in-view is enabled by default. Therefore, database queries may be performed during view rendering. Explicitly configure spring.jpa.open-in-view to disable this warning
2024-04-25 14:59:27.027 [main] INFO  --- c.h.d.repository.OrderRepositoryTest     :   Started OrderRepositoryTest in 5.224 seconds (process running for 8.406)
2024-04-25 14:59:28.344 [main] INFO  --- c.h.d.service.ProductService     :   Fetching product with ID 1
2024-04-25 14:59:28.344 [main] INFO  --- c.h.d.service.ProductService     :   Fetched product: com.himanshu.departmentalStore.model.Product@8936d23
2024-04-25 14:59:28.347 [main] INFO  --- c.h.d.service.ProductService     :   Updating product with ID 1: com.himanshu.departmentalStore.model.Product@43f13160
2024-04-25 14:59:28.351 [main] INFO  --- c.h.d.service.ProductService     :   Fetching all products from the database
2024-04-25 14:59:28.352 [main] INFO  --- c.h.d.service.ProductService     :   Fetched 2 products
2024-04-25 14:59:28.355 [main] INFO  --- c.h.d.service.ProductService     :   Deleting product with ID 1
2024-04-25 14:59:28.358 [main] INFO  --- c.h.d.service.ProductService     :   Saving new product: com.himanshu.departmentalStore.model.Product@642bfa5e
2024-04-25 14:59:28.505 [main] INFO  --- c.h.d.service.ProductService     :   Deleting product with ID null
2024-04-25 14:59:28.510 [main] INFO  --- c.h.d.service.ProductService     :   Deleting product with ID -1
2024-04-25 14:59:28.513 [main] INFO  --- c.h.d.service.ProductService     :   Updating product with ID -1: com.himanshu.departmentalStore.model.Product@361a1ec3
2024-04-25 14:59:28.514 [main] ERROR --- c.h.d.service.ProductService     :   Product with ID -1 not found
2024-04-25 14:59:28.516 [main] INFO  --- c.h.d.service.ProductService     :   Updating product with ID 1: null
2024-04-25 14:59:28.517 [main] ERROR --- c.h.d.service.ProductService     :   Product with ID 1 not found
2024-04-25 14:59:28.519 [main] INFO  --- c.h.d.service.ProductService     :   Fetching product with ID -1
2024-04-25 14:59:28.667 [main] INFO  --- c.h.d.controller.OrderController     :   Received request to delete order with ID: 1
2024-04-25 14:59:28.667 [main] INFO  --- c.h.d.controller.OrderController     :   Order deleted with ID: 1
2024-04-25 14:59:28.672 [main] INFO  --- c.h.d.controller.OrderController     :   Received request to update the order with Id : 1.
2024-04-25 14:59:28.672 [main] INFO  --- c.h.d.controller.OrderController     :   Converting OrderRequestBody to Order.
2024-04-25 14:59:28.673 [main] INFO  --- c.h.d.controller.OrderController     :   OrderRequestBody converted to Order
2024-04-25 14:59:28.673 [main] INFO  --- c.h.d.controller.OrderController     :   Order placed
2024-04-25 14:59:28.675 [main] INFO  --- c.h.d.controller.OrderController     :   Received request to fetch all orders.
2024-04-25 14:59:28.679 [main] INFO  --- c.h.d.controller.OrderController     :   Received request to fetch all orders by Id : 1
2024-04-25 14:59:28.679 [main] INFO  --- c.h.d.controller.OrderController     :   Fetched order with id : 1, order : com.himanshu.departmentalStore.model.Order@73a91b68
2024-04-25 14:59:28.683 [main] INFO  --- c.h.d.controller.OrderController     :   Received request to create order.
2024-04-25 14:59:28.683 [main] INFO  --- c.h.d.controller.OrderController     :   Converting OrderRequestBody to Order.
2024-04-25 14:59:28.683 [main] INFO  --- c.h.d.controller.OrderController     :   OrderRequestBody converted to Order
2024-04-25 14:59:28.683 [main] INFO  --- c.h.d.controller.OrderController     :   Order Placed.
2024-04-25 14:59:28.879 [main] INFO  --- c.h.d.service.CustomerService     :   Fetching customer with ID 1
2024-04-25 14:59:28.880 [main] INFO  --- c.h.d.service.CustomerService     :   Fetched customer: com.himanshu.departmentalStore.model.Customer@28736857
2024-04-25 14:59:28.882 [main] INFO  --- c.h.d.service.CustomerService     :   Deleting customer with ID 1
2024-04-25 14:59:28.884 [main] INFO  --- c.h.d.service.CustomerService     :   Fetching all customers from the database
2024-04-25 14:59:28.884 [main] INFO  --- c.h.d.service.CustomerService     :   Fetched 2 customers
2024-04-25 14:59:28.887 [main] INFO  --- c.h.d.service.CustomerService     :   Saving new customer: com.himanshu.departmentalStore.model.Customer@7f66d549
2024-04-25 14:59:28.889 [main] INFO  --- c.h.d.service.CustomerService     :   Updating customer with ID 1: com.himanshu.departmentalStore.model.Customer@32e14e55
2024-04-25 14:59:28.894 [main] INFO  --- c.h.d.controller.BackorderController     :   Received request to fetch backorder by ID: 1
2024-04-25 14:59:28.894 [main] INFO  --- c.h.d.controller.BackorderController     :   Fetched backorder with Id: 1
2024-04-25 14:59:28.897 [main] INFO  --- c.h.d.controller.BackorderController     :   Received request to update backorder with ID 1: BackOrderRequestBody(productId=1, customerId=1, quantity=10)
2024-04-25 14:59:28.900 [main] INFO  --- c.h.d.controller.BackorderController     :   Converting RequestBody to backorder
2024-04-25 14:59:28.900 [main] INFO  --- c.h.d.controller.BackorderController     :   RequestBody converted to backorder
2024-04-25 14:59:28.900 [main] INFO  --- c.h.d.controller.BackorderController     :   Backorder updated with ID : 1
2024-04-25 14:59:28.903 [main] INFO  --- c.h.d.controller.BackorderController     :   Received request to create new backorder with request body: BackOrderRequestBody(productId=1, customerId=1, quantity=5)
2024-04-25 14:59:28.903 [main] INFO  --- c.h.d.controller.BackorderController     :   Converting RequestBody to backorder
2024-04-25 14:59:28.904 [main] INFO  --- c.h.d.controller.BackorderController     :   RequestBody converted to backorder
2024-04-25 14:59:28.904 [main] INFO  --- c.h.d.controller.BackorderController     :   Backorder created with ID : 1
2024-04-25 14:59:28.906 [main] INFO  --- c.h.d.controller.BackorderController     :   Received request to fetch all backorders
2024-04-25 14:59:28.907 [main] INFO  --- c.h.d.controller.BackorderController     :   Fetched backorders
2024-04-25 14:59:28.910 [main] INFO  --- c.h.d.controller.BackorderController     :   Received request to delete backorder with ID: 1
2024-04-25 14:59:28.910 [main] INFO  --- c.h.d.controller.BackorderController     :   Backorder deleted with ID: 1
2024-04-25 14:59:28.999 [main] INFO  --- c.h.d.service.BackorderService     :   Deleting backorder
2024-04-25 14:59:29.005 [main] INFO  --- c.h.d.service.BackorderService     :   Deleting backorder
2024-04-25 14:59:29.009 [main] INFO  --- c.h.d.service.BackorderService     :   Updating backorder
2024-04-25 14:59:29.013 [main] INFO  --- c.h.d.service.BackorderService     :   Fetching backorder by Id : -1
2024-04-25 14:59:29.016 [main] INFO  --- c.h.d.service.BackorderService     :   Updating backorder
2024-04-25 14:59:29.081 [main] INFO  --- c.h.d.service.DiscountService     :   Fetching discount by ID: -1
2024-04-25 14:59:29.086 [main] INFO  --- c.h.d.service.DiscountService     :   Updating discount with ID -1: com.himanshu.departmentalStore.model.Discount@231a08d
2024-04-25 14:59:29.091 [main] INFO  --- c.h.d.service.DiscountService     :   Deleting discount with ID: -1
2024-04-25 14:59:29.095 [main] INFO  --- c.h.d.service.DiscountService     :   Updating discount with ID 1: null
2024-04-25 14:59:29.097 [main] INFO  --- c.h.d.service.DiscountService     :   Deleting discount with ID: null
2024-04-25 14:59:29.101 [main] INFO  --- c.h.d.service.BackorderService     :   Fetching backorder by Id : 1
2024-04-25 14:59:29.103 [main] INFO  --- c.h.d.service.BackorderService     :   Updating backorder
2024-04-25 14:59:29.106 [main] INFO  --- c.h.d.service.BackorderService     :   Saving backorder
2024-04-25 14:59:29.109 [main] INFO  --- c.h.d.service.BackorderService     :   Fetching all backorders
2024-04-25 14:59:29.112 [main] INFO  --- c.h.d.service.BackorderService     :   Deleting backorder
2024-04-25 14:59:29.115 [main] INFO  --- c.h.d.controller.DiscountController     :   Received request to Fetch discount by Id : 1
2024-04-25 14:59:29.115 [main] INFO  --- c.h.d.controller.DiscountController     :   Fetched discounts with Id : 1, discount : com.himanshu.departmentalStore.model.Discount@fd42b93
2024-04-25 14:59:29.117 [main] INFO  --- c.h.d.controller.DiscountController     :   Received request to delete discount with ID 1
2024-04-25 14:59:29.120 [main] INFO  --- c.h.d.controller.DiscountController     :   Received request to Fetch all active discounts
2024-04-25 14:59:29.120 [main] INFO  --- c.h.d.controller.DiscountController     :   Fetched all active discounts : [com.himanshu.departmentalStore.model.Discount@9573850, com.himanshu.departmentalStore.model.Discount@2771025a]
2024-04-25 14:59:29.122 [main] INFO  --- c.h.d.controller.DiscountController     :   Received request to create new discount: com.himanshu.departmentalStore.model.Discount@76ed5e7e
2024-04-25 14:59:29.124 [main] INFO  --- c.h.d.controller.DiscountController     :   Received request to update discount with ID 1: com.himanshu.departmentalStore.model.Discount@6984d41a
2024-04-25 14:59:29.129 [main] INFO  --- c.h.d.service.OrderService     :   Deleting order with Id : 1
2024-04-25 14:59:29.133 [main] INFO  --- c.h.d.service.OrderService     :   Placing order.
2024-04-25 14:59:29.133 [main] INFO  --- c.h.d.service.OrderService     :   Checking isProductAvailable
2024-04-25 14:59:29.133 [main] ERROR --- c.h.d.service.OrderService     :   Product not available
2024-04-25 14:59:29.133 [main] INFO  --- c.h.d.service.OrderService     :   Creating Backorder
2024-04-25 14:59:29.133 [main] INFO  --- c.h.d.service.OrderService     :   Saving Backorder
2024-04-25 14:59:29.145 [main] INFO  --- c.h.d.service.OrderService     :   Updating order with Id : 1
2024-04-25 14:59:29.146 [main] INFO  --- c.h.d.service.OrderService     :   Check if the customer, product, and discount are the same or different
2024-04-25 14:59:29.146 [main] ERROR --- c.h.d.service.OrderService     :   No change in previous and current quantity : not updated
2024-04-25 14:59:29.148 [main] INFO  --- c.h.d.service.OrderService     :   Updating order with Id : 1
2024-04-25 14:59:29.152 [main] INFO  --- c.h.d.service.CustomerService     :   Deleting customer with ID -1
2024-04-25 14:59:29.156 [main] INFO  --- c.h.d.service.CustomerService     :   Updating customer with ID 1: null
2024-04-25 14:59:29.157 [main] ERROR --- c.h.d.service.CustomerService     :   Customer with ID 1 not found
2024-04-25 14:59:29.159 [main] INFO  --- c.h.d.service.CustomerService     :   Updating customer with ID -1: com.himanshu.departmentalStore.model.Customer@56fe2233
2024-04-25 14:59:29.160 [main] ERROR --- c.h.d.service.CustomerService     :   Customer with ID -1 not found
2024-04-25 14:59:29.162 [main] INFO  --- c.h.d.service.CustomerService     :   Fetching customer with ID -1
2024-04-25 14:59:29.164 [main] INFO  --- c.h.d.service.CustomerService     :   Deleting customer with ID null
2024-04-25 14:59:29.167 [main] INFO  --- c.h.d.service.CustomerService     :   Deleting customer with ID -1
2024-04-25 14:59:29.171 [main] INFO  --- c.h.d.controller.ProductController     :   Request received to fetch product with ID 1
2024-04-25 14:59:29.171 [main] INFO  --- c.h.d.controller.ProductController     :   Returning product with ID 1: com.himanshu.departmentalStore.model.Product@33588b68
2024-04-25 14:59:29.173 [main] INFO  --- c.h.d.controller.ProductController     :   Request received to update product with ID 1: com.himanshu.departmentalStore.model.Product@2cf5cc43
2024-04-25 14:59:29.173 [main] INFO  --- c.h.d.controller.ProductController     :   Updated product with ID 1: com.himanshu.departmentalStore.model.Product@2cf5cc43
2024-04-25 14:59:29.175 [main] INFO  --- c.h.d.controller.ProductController     :   Request received to fetch all products
2024-04-25 14:59:29.175 [main] INFO  --- c.h.d.controller.ProductController     :   Returning 2 products
2024-04-25 14:59:29.177 [main] INFO  --- c.h.d.controller.ProductController     :   Request received to delete product with ID 1
2024-04-25 14:59:29.177 [main] INFO  --- c.h.d.controller.ProductController     :   Product with ID 1 deleted successfully
2024-04-25 14:59:29.179 [main] INFO  --- c.h.d.controller.ProductController     :   Request received to save a new product: com.himanshu.departmentalStore.model.Product@15f28ef5
2024-04-25 14:59:29.179 [main] INFO  --- c.h.d.controller.ProductController     :   Saved product: com.himanshu.departmentalStore.model.Product@15f28ef5
2024-04-25 14:59:29.182 [main] INFO  --- c.h.d.service.DiscountService     :   Fetching discount by ID: 1
2024-04-25 14:59:29.184 [main] INFO  --- c.h.d.service.DiscountService     :   Deleting discount with ID: 1
2024-04-25 14:59:29.185 [main] INFO  --- c.h.d.service.DiscountService     :   Fetching all active discounts
2024-04-25 14:59:29.187 [main] INFO  --- c.h.d.service.DiscountService     :   Saving discount: com.himanshu.departmentalStore.model.Discount@3335713
2024-04-25 14:59:29.189 [main] INFO  --- c.h.d.service.DiscountService     :   Updating discount with ID 1: com.himanshu.departmentalStore.model.Discount@7dbcbc7b
2024-04-25 14:59:29.322 [SpringApplicationShutdownHook] INFO  --- o.s.o.j.LocalContainerEntityManagerFactoryBean     :   Closing JPA EntityManagerFactory for persistence unit 'default'
2024-04-25 14:59:29.326 [SpringApplicationShutdownHook] INFO  --- com.zaxxer.hikari.HikariDataSource     :   HikariPool-1 - Shutdown initiated...
2024-04-25 14:59:29.335 [SpringApplicationShutdownHook] INFO  --- com.zaxxer.hikari.HikariDataSource     :   HikariPool-1 - Shutdown completed.
2024-04-25 14:59:50.631 [background-preinit] INFO  --- o.h.validator.internal.util.Version     :   HV000001: Hibernate Validator 8.0.1.Final
2024-04-25 14:59:50.702 [main] INFO  --- c.h.d.DepartmentalStoreApplication     :   Starting DepartmentalStoreApplication using Java 21.0.2 with PID 2520 (C:\Users\himanshu.kumar\IdeaProjects\departmentalStore\target\classes started by Himanshu.Kumar in C:\Users\himanshu.kumar\IdeaProjects\departmentalStore)
2024-04-25 14:59:50.703 [main] DEBUG --- c.h.d.DepartmentalStoreApplication     :   Running with Spring Boot v3.2.4, Spring v6.1.5
2024-04-25 14:59:50.704 [main] INFO  --- c.h.d.DepartmentalStoreApplication     :   No active profile set, falling back to 1 default profile: "default"
2024-04-25 14:59:51.722 [main] INFO  --- o.s.d.r.c.RepositoryConfigurationDelegate     :   Bootstrapping Spring Data JPA repositories in DEFAULT mode.
2024-04-25 14:59:51.802 [main] INFO  --- o.s.d.r.c.RepositoryConfigurationDelegate     :   Finished Spring Data repository scanning in 69 ms. Found 5 JPA repository interfaces.
2024-04-25 14:59:52.464 [main] INFO  --- o.s.b.w.e.tomcat.TomcatWebServer     :   Tomcat initialized with port 8080 (http)
2024-04-25 14:59:52.474 [main] INFO  --- o.a.coyote.http11.Http11NioProtocol     :   Initializing ProtocolHandler ["http-nio-8080"]
2024-04-25 14:59:52.476 [main] INFO  --- o.a.catalina.core.StandardService     :   Starting service [Tomcat]
2024-04-25 14:59:52.477 [main] INFO  --- o.a.catalina.core.StandardEngine     :   Starting Servlet engine: [Apache Tomcat/10.1.19]
2024-04-25 14:59:52.551 [main] INFO  --- o.a.c.c.C.[Tomcat].[localhost].[/]     :   Initializing Spring embedded WebApplicationContext
2024-04-25 14:59:52.552 [main] INFO  --- o.s.b.w.s.c.ServletWebServerApplicationContext     :   Root WebApplicationContext: initialization completed in 1796 ms
2024-04-25 14:59:52.758 [main] INFO  --- o.h.jpa.internal.util.LogHelper     :   HHH000204: Processing PersistenceUnitInfo [name: default]
2024-04-25 14:59:52.828 [main] INFO  --- org.hibernate.Version     :   HHH000412: Hibernate ORM core version 6.4.4.Final
2024-04-25 14:59:52.864 [main] INFO  --- o.h.c.i.RegionFactoryInitiator     :   HHH000026: Second-level cache disabled
2024-04-25 14:59:53.139 [main] INFO  --- o.s.o.j.p.SpringPersistenceUnitInfo     :   No LoadTimeWeaver setup: ignoring JPA class transformer
2024-04-25 14:59:53.172 [main] INFO  --- com.zaxxer.hikari.HikariDataSource     :   HikariPool-1 - Starting...
2024-04-25 14:59:53.535 [main] INFO  --- com.zaxxer.hikari.pool.HikariPool     :   HikariPool-1 - Added connection com.mysql.cj.jdbc.ConnectionImpl@152e7703
2024-04-25 14:59:53.537 [main] INFO  --- com.zaxxer.hikari.HikariDataSource     :   HikariPool-1 - Start completed.
2024-04-25 14:59:54.555 [main] INFO  --- o.h.e.t.j.p.i.JtaPlatformInitiator     :   HHH000489: No JTA platform available (set 'hibernate.transaction.jta.platform' to enable JTA platform integration)
2024-04-25 14:59:54.635 [main] INFO  --- o.s.o.j.LocalContainerEntityManagerFactoryBean     :   Initialized JPA EntityManagerFactory for persistence unit 'default'
2024-04-25 14:59:55.576 [main] WARN  --- o.s.b.a.o.j.JpaBaseConfiguration$JpaWebConfiguration     :   spring.jpa.open-in-view is enabled by default. Therefore, database queries may be performed during view rendering. Explicitly configure spring.jpa.open-in-view to disable this warning
2024-04-25 14:59:56.025 [main] INFO  --- o.a.coyote.http11.Http11NioProtocol     :   Starting ProtocolHandler ["http-nio-8080"]
2024-04-25 14:59:56.031 [main] WARN  --- o.s.b.w.s.c.AnnotationConfigServletWebServerApplicationContext     :   Exception encountered during context initialization - cancelling refresh attempt: org.springframework.context.ApplicationContextException: Failed to start bean 'webServerStartStop'
2024-04-25 14:59:56.033 [main] INFO  --- o.s.o.j.LocalContainerEntityManagerFactoryBean     :   Closing JPA EntityManagerFactory for persistence unit 'default'
2024-04-25 14:59:56.035 [main] INFO  --- com.zaxxer.hikari.HikariDataSource     :   HikariPool-1 - Shutdown initiated...
2024-04-25 14:59:56.045 [main] INFO  --- com.zaxxer.hikari.HikariDataSource     :   HikariPool-1 - Shutdown completed.
2024-04-25 14:59:56.060 [main] INFO  --- o.s.b.a.l.ConditionEvaluationReportLogger     :   

Error starting ApplicationContext. To display the condition evaluation report re-run your application with 'debug' enabled.
2024-04-25 14:59:56.086 [main] ERROR --- o.s.b.d.LoggingFailureAnalysisReporter     :   

***************************
APPLICATION FAILED TO START
***************************

Description:

Web server failed to start. Port 8080 was already in use.

Action:

Identify and stop the process that's listening on port 8080 or configure this application to listen on another port.

