2024-05-03 14:54:27.849 [background-preinit] INFO  --- o.h.validator.internal.util.Version     :   HV000001: Hibernate Validator 8.0.1.Final
2024-05-03 14:54:27.909 [main] INFO  --- c.h.d.DepartmentalStoreApplication     :   Starting DepartmentalStoreApplication using Java 21.0.2 with PID 16712 (C:\Users\himanshu.kumar\IdeaProjects\departmentalStore\target\classes started by Himanshu.Kumar in C:\Users\himanshu.kumar\IdeaProjects\departmentalStore)
2024-05-03 14:54:27.909 [main] DEBUG --- c.h.d.DepartmentalStoreApplication     :   Running with Spring Boot v3.2.4, Spring v6.1.5
2024-05-03 14:54:27.915 [main] INFO  --- c.h.d.DepartmentalStoreApplication     :   No active profile set, falling back to 1 default profile: "default"
2024-05-03 14:54:29.045 [main] INFO  --- o.s.d.r.c.RepositoryConfigurationDelegate     :   Bootstrapping Spring Data JPA repositories in DEFAULT mode.
2024-05-03 14:54:29.109 [main] INFO  --- o.s.d.r.c.RepositoryConfigurationDelegate     :   Finished Spring Data repository scanning in 57 ms. Found 5 JPA repository interfaces.
2024-05-03 14:54:29.834 [main] INFO  --- o.s.b.w.e.tomcat.TomcatWebServer     :   Tomcat initialized with port 8080 (http)
2024-05-03 14:54:29.844 [main] INFO  --- o.a.coyote.http11.Http11NioProtocol     :   Initializing ProtocolHandler ["http-nio-8080"]
2024-05-03 14:54:29.846 [main] INFO  --- o.a.catalina.core.StandardService     :   Starting service [Tomcat]
2024-05-03 14:54:29.846 [main] INFO  --- o.a.catalina.core.StandardEngine     :   Starting Servlet engine: [Apache Tomcat/10.1.19]
2024-05-03 14:54:29.917 [main] INFO  --- o.a.c.c.C.[Tomcat].[localhost].[/]     :   Initializing Spring embedded WebApplicationContext
2024-05-03 14:54:29.917 [main] INFO  --- o.s.b.w.s.c.ServletWebServerApplicationContext     :   Root WebApplicationContext: initialization completed in 1940 ms
2024-05-03 14:54:30.192 [main] INFO  --- com.zaxxer.hikari.HikariDataSource     :   HikariPool-1 - Starting...
2024-05-03 14:54:30.533 [main] INFO  --- com.zaxxer.hikari.pool.HikariPool     :   HikariPool-1 - Added connection com.mysql.cj.jdbc.ConnectionImpl@7f53fc38
2024-05-03 14:54:30.535 [main] INFO  --- com.zaxxer.hikari.HikariDataSource     :   HikariPool-1 - Start completed.
2024-05-03 14:54:30.626 [main] INFO  --- o.f.c.i.license.VersionPrinter     :   Flyway Community Edition 9.22.3 by Redgate
2024-05-03 14:54:30.626 [main] INFO  --- o.f.c.i.license.VersionPrinter     :   See release notes here: https://rd.gt/416ObMi
2024-05-03 14:54:30.626 [main] INFO  --- o.f.c.i.license.VersionPrinter     :   
2024-05-03 14:54:30.644 [main] INFO  --- org.flywaydb.core.FlywayExecutor     :   Database: jdbc:mysql://localhost:3306/jpa_departmentalstore_flyway (MySQL 8.0)
2024-05-03 14:54:30.696 [main] INFO  --- o.f.core.internal.command.DbValidate     :   Successfully validated 5 migrations (execution time 00:00.031s)
2024-05-03 14:54:30.712 [main] INFO  --- o.f.core.internal.command.DbMigrate     :   Current version of schema `jpa_departmentalstore_flyway`: 5
2024-05-03 14:54:30.715 [main] INFO  --- o.f.core.internal.command.DbMigrate     :   Schema `jpa_departmentalstore_flyway` is up to date. No migration necessary.
2024-05-03 14:54:30.818 [main] INFO  --- o.h.jpa.internal.util.LogHelper     :   HHH000204: Processing PersistenceUnitInfo [name: default]
2024-05-03 14:54:30.892 [main] INFO  --- org.hibernate.Version     :   HHH000412: Hibernate ORM core version 6.4.4.Final
2024-05-03 14:54:30.930 [main] INFO  --- o.h.c.i.RegionFactoryInitiator     :   HHH000026: Second-level cache disabled
2024-05-03 14:54:31.151 [main] INFO  --- o.s.o.j.p.SpringPersistenceUnitInfo     :   No LoadTimeWeaver setup: ignoring JPA class transformer
2024-05-03 14:54:32.184 [main] INFO  --- o.h.e.t.j.p.i.JtaPlatformInitiator     :   HHH000489: No JTA platform available (set 'hibernate.transaction.jta.platform' to enable JTA platform integration)
2024-05-03 14:54:32.216 [main] INFO  --- o.s.o.j.LocalContainerEntityManagerFactoryBean     :   Initialized JPA EntityManagerFactory for persistence unit 'default'
2024-05-03 14:54:33.181 [main] WARN  --- o.s.b.a.o.j.JpaBaseConfiguration$JpaWebConfiguration     :   spring.jpa.open-in-view is enabled by default. Therefore, database queries may be performed during view rendering. Explicitly configure spring.jpa.open-in-view to disable this warning
2024-05-03 14:54:34.001 [main] INFO  --- o.s.b.a.e.web.EndpointLinksResolver     :   Exposing 14 endpoint(s) beneath base path '/actuator'
2024-05-03 14:54:34.081 [main] INFO  --- o.a.coyote.http11.Http11NioProtocol     :   Starting ProtocolHandler ["http-nio-8080"]
2024-05-03 14:54:34.103 [main] INFO  --- o.s.b.w.e.tomcat.TomcatWebServer     :   Tomcat started on port 8080 (http) with context path ''
2024-05-03 14:54:34.116 [main] INFO  --- c.h.d.DepartmentalStoreApplication     :   Started DepartmentalStoreApplication in 6.572 seconds (process running for 7.189)
2024-05-03 14:56:03.383 [background-preinit] INFO  --- o.h.validator.internal.util.Version     :   HV000001: Hibernate Validator 8.0.1.Final
2024-05-03 14:56:03.455 [main] INFO  --- c.h.d.DepartmentalStoreApplication     :   Starting DepartmentalStoreApplication using Java 21.0.2 with PID 12248 (C:\Users\himanshu.kumar\IdeaProjects\departmentalStore\target\classes started by Himanshu.Kumar in C:\Users\himanshu.kumar\IdeaProjects\departmentalStore)
2024-05-03 14:56:03.456 [main] DEBUG --- c.h.d.DepartmentalStoreApplication     :   Running with Spring Boot v3.2.4, Spring v6.1.5
2024-05-03 14:56:03.457 [main] INFO  --- c.h.d.DepartmentalStoreApplication     :   No active profile set, falling back to 1 default profile: "default"
2024-05-03 14:56:04.993 [main] INFO  --- o.s.d.r.c.RepositoryConfigurationDelegate     :   Bootstrapping Spring Data JPA repositories in DEFAULT mode.
2024-05-03 14:56:05.079 [main] INFO  --- o.s.d.r.c.RepositoryConfigurationDelegate     :   Finished Spring Data repository scanning in 76 ms. Found 5 JPA repository interfaces.
2024-05-03 14:56:06.022 [main] INFO  --- o.s.b.w.e.tomcat.TomcatWebServer     :   Tomcat initialized with port 8080 (http)
2024-05-03 14:56:06.034 [main] INFO  --- o.a.coyote.http11.Http11NioProtocol     :   Initializing ProtocolHandler ["http-nio-8080"]
2024-05-03 14:56:06.038 [main] INFO  --- o.a.catalina.core.StandardService     :   Starting service [Tomcat]
2024-05-03 14:56:06.038 [main] INFO  --- o.a.catalina.core.StandardEngine     :   Starting Servlet engine: [Apache Tomcat/10.1.19]
2024-05-03 14:56:06.123 [main] INFO  --- o.a.c.c.C.[Tomcat].[localhost].[/]     :   Initializing Spring embedded WebApplicationContext
2024-05-03 14:56:06.124 [main] INFO  --- o.s.b.w.s.c.ServletWebServerApplicationContext     :   Root WebApplicationContext: initialization completed in 2593 ms
2024-05-03 14:56:06.460 [main] INFO  --- com.zaxxer.hikari.HikariDataSource     :   HikariPool-1 - Starting...
2024-05-03 14:56:06.889 [main] INFO  --- com.zaxxer.hikari.pool.HikariPool     :   HikariPool-1 - Added connection com.mysql.cj.jdbc.ConnectionImpl@53e28097
2024-05-03 14:56:06.891 [main] INFO  --- com.zaxxer.hikari.HikariDataSource     :   HikariPool-1 - Start completed.
2024-05-03 14:56:07.037 [main] INFO  --- o.f.c.i.license.VersionPrinter     :   Flyway Community Edition 9.22.3 by Redgate
2024-05-03 14:56:07.038 [main] INFO  --- o.f.c.i.license.VersionPrinter     :   See release notes here: https://rd.gt/416ObMi
2024-05-03 14:56:07.038 [main] INFO  --- o.f.c.i.license.VersionPrinter     :   
2024-05-03 14:56:07.082 [main] INFO  --- org.flywaydb.core.FlywayExecutor     :   Database: jdbc:mysql://localhost:3306/jpa_departmentalstore_flyway (MySQL 8.0)
2024-05-03 14:56:07.159 [main] INFO  --- o.f.core.internal.command.DbValidate     :   Successfully validated 5 migrations (execution time 00:00.050s)
2024-05-03 14:56:07.185 [main] INFO  --- o.f.core.internal.command.DbMigrate     :   Current version of schema `jpa_departmentalstore_flyway`: 5
2024-05-03 14:56:07.189 [main] INFO  --- o.f.core.internal.command.DbMigrate     :   Schema `jpa_departmentalstore_flyway` is up to date. No migration necessary.
2024-05-03 14:56:07.331 [main] INFO  --- o.h.jpa.internal.util.LogHelper     :   HHH000204: Processing PersistenceUnitInfo [name: default]
2024-05-03 14:56:07.389 [main] INFO  --- org.hibernate.Version     :   HHH000412: Hibernate ORM core version 6.4.4.Final
2024-05-03 14:56:07.429 [main] INFO  --- o.h.c.i.RegionFactoryInitiator     :   HHH000026: Second-level cache disabled
2024-05-03 14:56:07.689 [main] INFO  --- o.s.o.j.p.SpringPersistenceUnitInfo     :   No LoadTimeWeaver setup: ignoring JPA class transformer
2024-05-03 14:56:08.752 [main] INFO  --- o.h.e.t.j.p.i.JtaPlatformInitiator     :   HHH000489: No JTA platform available (set 'hibernate.transaction.jta.platform' to enable JTA platform integration)
2024-05-03 14:56:08.788 [main] INFO  --- o.s.o.j.LocalContainerEntityManagerFactoryBean     :   Initialized JPA EntityManagerFactory for persistence unit 'default'
2024-05-03 14:56:09.950 [main] WARN  --- o.s.b.a.o.j.JpaBaseConfiguration$JpaWebConfiguration     :   spring.jpa.open-in-view is enabled by default. Therefore, database queries may be performed during view rendering. Explicitly configure spring.jpa.open-in-view to disable this warning
2024-05-03 14:56:11.011 [main] INFO  --- o.s.b.a.e.web.EndpointLinksResolver     :   Exposing 14 endpoint(s) beneath base path '/actuator'
2024-05-03 14:56:11.106 [main] INFO  --- o.a.coyote.http11.Http11NioProtocol     :   Starting ProtocolHandler ["http-nio-8080"]
2024-05-03 14:56:11.141 [main] INFO  --- o.s.b.w.e.tomcat.TomcatWebServer     :   Tomcat started on port 8080 (http) with context path ''
2024-05-03 14:56:11.164 [main] INFO  --- c.h.d.DepartmentalStoreApplication     :   Started DepartmentalStoreApplication in 8.231 seconds (process running for 8.996)
2024-05-03 14:56:40.571 [SpringApplicationShutdownHook] INFO  --- o.s.o.j.LocalContainerEntityManagerFactoryBean     :   Closing JPA EntityManagerFactory for persistence unit 'default'
2024-05-03 14:56:40.574 [SpringApplicationShutdownHook] INFO  --- com.zaxxer.hikari.HikariDataSource     :   HikariPool-1 - Shutdown initiated...
2024-05-03 14:56:40.586 [SpringApplicationShutdownHook] INFO  --- com.zaxxer.hikari.HikariDataSource     :   HikariPool-1 - Shutdown completed.
