2024-04-22 18:12:42.965 [main] INFO  --- c.h.d.service.OrderService     :   Deleting order with Id : 1
2024-04-22 18:12:43.002 [main] INFO  --- c.h.d.service.OrderService     :   Updating product
2024-04-22 18:12:43.003 [main] INFO  --- c.h.d.service.OrderService     :   Product quantity increased in product
2024-04-22 18:12:43.004 [main] INFO  --- c.h.d.service.OrderService     :   Checking backorder which can be fulfilled
2024-04-22 18:12:43.004 [main] INFO  --- c.h.d.service.OrderService     :   Fetching all backorder associated with Ordered product
2024-04-22 18:12:43.004 [main] INFO  --- c.h.d.service.OrderService     :   performing operation on backorder.
2024-04-22 18:12:43.007 [main] INFO  --- c.h.d.service.OrderService     :   Order deleted with Id : 1
2024-04-22 18:12:43.065 [main] INFO  --- c.h.d.service.OrderService     :   Updating order with Id : 1
2024-04-22 18:12:43.066 [main] INFO  --- c.h.d.service.OrderService     :   Check if the customer, product, and discount are the same or different
2024-04-22 18:12:43.066 [main] INFO  --- c.h.d.service.OrderService     :   Product quantity increased : Checking is Product available
2024-04-22 18:12:43.067 [main] INFO  --- c.h.d.service.OrderService     :   Product available.
2024-04-22 18:12:43.068 [main] INFO  --- c.h.d.service.OrderService     :   Updated Order, product, orderAmount
2024-04-22 18:12:43.084 [main] INFO  --- c.h.d.service.OrderService     :   Fetching all orders
2024-04-22 18:12:43.084 [main] INFO  --- c.h.d.service.OrderService     :   Order Fetched
2024-04-22 18:12:43.095 [main] INFO  --- c.h.d.service.OrderService     :   Fetching all orders with Id : 1
2024-04-22 18:12:43.097 [main] INFO  --- c.h.d.service.OrderService     :   Order fetched with Id : 1, order : com.himanshu.departmentalStore.model.Order@6a9b9909
2024-04-22 18:12:43.111 [main] INFO  --- c.h.d.service.OrderService     :   Placing order.
2024-04-22 18:12:43.112 [main] INFO  --- c.h.d.service.OrderService     :   Checking isProductAvailable
2024-04-22 18:12:43.187 [main] INFO  --- c.h.d.controller.CustomerController     :   Request received to fetch customer with ID 1
2024-04-22 18:12:43.188 [main] INFO  --- c.h.d.controller.CustomerController     :   Returning customer with ID 1: com.himanshu.departmentalStore.model.Customer@66213a0d
2024-04-22 18:12:43.216 [main] INFO  --- c.h.d.controller.CustomerController     :   Request received to delete customer with ID 1
2024-04-22 18:12:43.217 [main] INFO  --- c.h.d.controller.CustomerController     :   Customer with ID 1 deleted successfully
2024-04-22 18:12:43.224 [main] INFO  --- c.h.d.controller.CustomerController     :   Received request to retrieve all customers.
2024-04-22 18:12:43.225 [main] INFO  --- c.h.d.controller.CustomerController     :   Retrieved 2 customers.
2024-04-22 18:12:43.232 [main] INFO  --- c.h.d.controller.CustomerController     :   Request received to save a new customer: com.himanshu.departmentalStore.model.Customer@295bf2a
2024-04-22 18:12:43.233 [main] INFO  --- c.h.d.controller.CustomerController     :   Saved customer: com.himanshu.departmentalStore.model.Customer@295bf2a
2024-04-22 18:12:43.242 [main] INFO  --- c.h.d.controller.CustomerController     :   Request received to update customer with ID 1: com.himanshu.departmentalStore.model.Customer@73d3e555
2024-04-22 18:12:43.243 [main] INFO  --- c.h.d.controller.CustomerController     :   Updated customer with ID 1: com.himanshu.departmentalStore.model.Customer@73d3e555
2024-04-22 18:12:44.341 [background-preinit] INFO  --- o.h.validator.internal.util.Version     :   HV000001: Hibernate Validator 8.0.1.Final
2024-04-22 18:12:44.397 [main] INFO  --- c.h.d.repository.OrderRepositoryTest     :   Starting OrderRepositoryTest using Java 21.0.2 with PID 12852 (started by Himanshu.Kumar in C:\Users\himanshu.kumar\IdeaProjects\departmentalStore)
2024-04-22 18:12:44.397 [main] DEBUG --- c.h.d.repository.OrderRepositoryTest     :   Running with Spring Boot v3.2.4, Spring v6.1.5
2024-04-22 18:12:44.398 [main] INFO  --- c.h.d.repository.OrderRepositoryTest     :   No active profile set, falling back to 1 default profile: "default"
2024-04-22 18:12:46.067 [main] INFO  --- o.s.d.r.c.RepositoryConfigurationDelegate     :   Bootstrapping Spring Data JPA repositories in DEFAULT mode.
2024-04-22 18:12:46.197 [main] INFO  --- o.s.d.r.c.RepositoryConfigurationDelegate     :   Finished Spring Data repository scanning in 114 ms. Found 5 JPA repository interfaces.
2024-04-22 18:12:47.165 [main] INFO  --- o.h.jpa.internal.util.LogHelper     :   HHH000204: Processing PersistenceUnitInfo [name: default]
2024-04-22 18:12:47.301 [main] INFO  --- org.hibernate.Version     :   HHH000412: Hibernate ORM core version 6.4.4.Final
2024-04-22 18:12:47.392 [main] INFO  --- o.h.c.i.RegionFactoryInitiator     :   HHH000026: Second-level cache disabled
2024-04-22 18:12:47.660 [main] INFO  --- o.s.o.j.p.SpringPersistenceUnitInfo     :   No LoadTimeWeaver setup: ignoring JPA class transformer
2024-04-22 18:12:47.717 [main] INFO  --- com.zaxxer.hikari.HikariDataSource     :   HikariPool-1 - Starting...
2024-04-22 18:12:48.489 [main] INFO  --- com.zaxxer.hikari.pool.HikariPool     :   HikariPool-1 - Added connection com.mysql.cj.jdbc.ConnectionImpl@2c1a95a2
2024-04-22 18:12:48.493 [main] INFO  --- com.zaxxer.hikari.HikariDataSource     :   HikariPool-1 - Start completed.
2024-04-22 18:12:50.563 [main] INFO  --- o.h.e.t.j.p.i.JtaPlatformInitiator     :   HHH000489: No JTA platform available (set 'hibernate.transaction.jta.platform' to enable JTA platform integration)
2024-04-22 18:12:50.724 [main] INFO  --- o.s.o.j.LocalContainerEntityManagerFactoryBean     :   Initialized JPA EntityManagerFactory for persistence unit 'default'
2024-04-22 18:12:52.842 [main] WARN  --- o.s.b.a.o.j.JpaBaseConfiguration$JpaWebConfiguration     :   spring.jpa.open-in-view is enabled by default. Therefore, database queries may be performed during view rendering. Explicitly configure spring.jpa.open-in-view to disable this warning
2024-04-22 18:12:53.860 [main] INFO  --- c.h.d.repository.OrderRepositoryTest     :   Started OrderRepositoryTest in 9.937 seconds (process running for 16.173)
2024-04-22 18:12:55.884 [main] INFO  --- c.h.d.service.ProductService     :   Fetching product with ID 1
2024-04-22 18:12:55.885 [main] INFO  --- c.h.d.service.ProductService     :   Fetched product: com.himanshu.departmentalStore.model.Product@2e48f0a1
2024-04-22 18:12:55.890 [main] INFO  --- c.h.d.service.ProductService     :   Updating product with ID 1: com.himanshu.departmentalStore.model.Product@360c25f
2024-04-22 18:12:55.896 [main] INFO  --- c.h.d.service.ProductService     :   Fetching all products from the database
2024-04-22 18:12:55.897 [main] INFO  --- c.h.d.service.ProductService     :   Fetched 2 products
2024-04-22 18:12:55.902 [main] INFO  --- c.h.d.service.ProductService     :   Deleting product with ID 1
2024-04-22 18:12:55.907 [main] INFO  --- c.h.d.service.ProductService     :   Saving new product: com.himanshu.departmentalStore.model.Product@67d8e3b0
2024-04-22 18:12:56.353 [main] INFO  --- c.h.d.controller.OrderController     :   Received request to delete order with ID: 1
2024-04-22 18:12:56.354 [main] INFO  --- c.h.d.controller.OrderController     :   Order deleted with ID: 1
2024-04-22 18:12:56.370 [main] INFO  --- c.h.d.controller.OrderController     :   Received request to update the order with Id : 1.
2024-04-22 18:12:56.371 [main] INFO  --- c.h.d.controller.OrderController     :   Converting OrderRequestBody to Order.
2024-04-22 18:12:56.373 [main] INFO  --- c.h.d.controller.OrderController     :   OrderRequestBody converted to Order
2024-04-22 18:12:56.373 [main] INFO  --- c.h.d.controller.OrderController     :   Order placed
2024-04-22 18:12:56.382 [main] INFO  --- c.h.d.controller.OrderController     :   Received request to fetch all orders.
2024-04-22 18:12:56.392 [main] INFO  --- c.h.d.controller.OrderController     :   Received request to fetch all orders by Id : 1
2024-04-22 18:12:56.393 [main] INFO  --- c.h.d.controller.OrderController     :   Fetched order with id : 1, order : com.himanshu.departmentalStore.model.Order@23f41ce3
2024-04-22 18:12:56.406 [main] INFO  --- c.h.d.controller.OrderController     :   Received request to create order.
2024-04-22 18:12:56.407 [main] INFO  --- c.h.d.controller.OrderController     :   Converting OrderRequestBody to Order.
2024-04-22 18:12:56.408 [main] INFO  --- c.h.d.controller.OrderController     :   OrderRequestBody converted to Order
2024-04-22 18:12:56.408 [main] INFO  --- c.h.d.controller.OrderController     :   Order Placed.
2024-04-22 18:12:56.819 [main] INFO  --- c.h.d.service.CustomerService     :   Fetching customer with ID 1
2024-04-22 18:12:56.820 [main] INFO  --- c.h.d.service.CustomerService     :   Fetched customer: com.himanshu.departmentalStore.model.Customer@6e194937
2024-04-22 18:12:56.825 [main] INFO  --- c.h.d.service.CustomerService     :   Deleting customer with ID 1
2024-04-22 18:12:56.830 [main] INFO  --- c.h.d.service.CustomerService     :   Fetching all customers from the database
2024-04-22 18:12:56.830 [main] INFO  --- c.h.d.service.CustomerService     :   Fetched 2 customers
2024-04-22 18:12:56.834 [main] INFO  --- c.h.d.service.CustomerService     :   Saving new customer: com.himanshu.departmentalStore.model.Customer@6e25ae24
2024-04-22 18:12:56.839 [main] INFO  --- c.h.d.service.CustomerService     :   Updating customer with ID 1: com.himanshu.departmentalStore.model.Customer@5f638200
2024-04-22 18:12:56.846 [main] INFO  --- c.h.d.controller.BackorderController     :   Received request to fetch backorder by ID: 1
2024-04-22 18:12:56.846 [main] INFO  --- c.h.d.controller.BackorderController     :   Fetched backorder with Id: 1
2024-04-22 18:12:56.851 [main] INFO  --- c.h.d.controller.BackorderController     :   Received request to update backorder with ID 1: BackOrderRequestBody(productId=1, customerId=1, quantity=10)
2024-04-22 18:12:56.855 [main] INFO  --- c.h.d.controller.BackorderController     :   Converting RequestBody to backorder
2024-04-22 18:12:56.855 [main] INFO  --- c.h.d.controller.BackorderController     :   RequestBody converted to backorder
2024-04-22 18:12:56.855 [main] INFO  --- c.h.d.controller.BackorderController     :   Backorder updated with ID : 1
2024-04-22 18:12:56.861 [main] INFO  --- c.h.d.controller.BackorderController     :   Received request to create new backorder with request body: BackOrderRequestBody(productId=1, customerId=1, quantity=5)
2024-04-22 18:12:56.861 [main] INFO  --- c.h.d.controller.BackorderController     :   Converting RequestBody to backorder
2024-04-22 18:12:56.862 [main] INFO  --- c.h.d.controller.BackorderController     :   RequestBody converted to backorder
2024-04-22 18:12:56.862 [main] INFO  --- c.h.d.controller.BackorderController     :   Backorder created with ID : 1
2024-04-22 18:12:56.867 [main] INFO  --- c.h.d.controller.BackorderController     :   Received request to fetch all backorders
2024-04-22 18:12:56.868 [main] INFO  --- c.h.d.controller.BackorderController     :   Fetched backorders
2024-04-22 18:12:56.873 [main] INFO  --- c.h.d.controller.BackorderController     :   Received request to delete backorder with ID: 1
2024-04-22 18:12:56.874 [main] INFO  --- c.h.d.controller.BackorderController     :   Backorder deleted with ID: 1
2024-04-22 18:12:57.000 [main] INFO  --- c.h.d.service.BackorderService     :   Fetching backorder by Id : 1
2024-04-22 18:12:57.006 [main] INFO  --- c.h.d.service.BackorderService     :   Updating backorder
2024-04-22 18:12:57.011 [main] INFO  --- c.h.d.service.BackorderService     :   Saving backorder
2024-04-22 18:12:57.016 [main] INFO  --- c.h.d.service.BackorderService     :   Fetching all backorders
2024-04-22 18:12:57.021 [main] INFO  --- c.h.d.service.BackorderService     :   Deleting backorder
2024-04-22 18:12:57.029 [main] INFO  --- c.h.d.controller.DiscountController     :   Received request to Fetch discount by Id : 1
2024-04-22 18:12:57.029 [main] INFO  --- c.h.d.controller.DiscountController     :   Fetched discounts with Id : 1, discount : com.himanshu.departmentalStore.model.Discount@779af906
2024-04-22 18:12:57.032 [main] INFO  --- c.h.d.controller.DiscountController     :   Received request to delete discount with ID 1
2024-04-22 18:12:57.038 [main] INFO  --- c.h.d.controller.DiscountController     :   Received request to Fetch all active discounts
2024-04-22 18:12:57.038 [main] INFO  --- c.h.d.controller.DiscountController     :   Fetched all active discounts : [com.himanshu.departmentalStore.model.Discount@445ec339, com.himanshu.departmentalStore.model.Discount@642c407d]
2024-04-22 18:12:57.043 [main] INFO  --- c.h.d.controller.DiscountController     :   Received request to create new discount: com.himanshu.departmentalStore.model.Discount@915ac5c
2024-04-22 18:12:57.047 [main] INFO  --- c.h.d.controller.DiscountController     :   Received request to update discount with ID 1: com.himanshu.departmentalStore.model.Discount@3dc961f5
2024-04-22 18:12:57.053 [main] INFO  --- c.h.d.controller.ProductController     :   Request received to fetch product with ID 1
2024-04-22 18:12:57.054 [main] INFO  --- c.h.d.controller.ProductController     :   Returning product with ID 1: com.himanshu.departmentalStore.model.Product@6cdadc3
2024-04-22 18:12:57.058 [main] INFO  --- c.h.d.controller.ProductController     :   Request received to update product with ID 1: com.himanshu.departmentalStore.model.Product@4c2bcea8
2024-04-22 18:12:57.059 [main] INFO  --- c.h.d.controller.ProductController     :   Updated product with ID 1: com.himanshu.departmentalStore.model.Product@4c2bcea8
2024-04-22 18:12:57.064 [main] INFO  --- c.h.d.controller.ProductController     :   Request received to fetch all products
2024-04-22 18:12:57.064 [main] INFO  --- c.h.d.controller.ProductController     :   Returning 2 products
2024-04-22 18:12:57.068 [main] INFO  --- c.h.d.controller.ProductController     :   Request received to delete product with ID 1
2024-04-22 18:12:57.069 [main] INFO  --- c.h.d.controller.ProductController     :   Product with ID 1 deleted successfully
2024-04-22 18:12:57.074 [main] INFO  --- c.h.d.controller.ProductController     :   Request received to save a new product: com.himanshu.departmentalStore.model.Product@7ba4591
2024-04-22 18:12:57.075 [main] INFO  --- c.h.d.controller.ProductController     :   Saved product: com.himanshu.departmentalStore.model.Product@7ba4591
2024-04-22 18:12:57.208 [main] INFO  --- c.h.d.service.DiscountService     :   Fetching discount by ID: 1
2024-04-22 18:12:57.214 [main] INFO  --- c.h.d.service.DiscountService     :   Deleting discount with ID: 1
2024-04-22 18:12:57.219 [main] INFO  --- c.h.d.service.DiscountService     :   Fetching all active discounts
2024-04-22 18:12:57.225 [main] INFO  --- c.h.d.service.DiscountService     :   Saving discount: com.himanshu.departmentalStore.model.Discount@5f0369af
2024-04-22 18:12:57.230 [main] INFO  --- c.h.d.service.DiscountService     :   Updating discount with ID 1: com.himanshu.departmentalStore.model.Discount@22717282
2024-04-22 18:12:57.522 [SpringApplicationShutdownHook] INFO  --- o.s.o.j.LocalContainerEntityManagerFactoryBean     :   Closing JPA EntityManagerFactory for persistence unit 'default'
2024-04-22 18:12:57.526 [SpringApplicationShutdownHook] INFO  --- com.zaxxer.hikari.HikariDataSource     :   HikariPool-1 - Shutdown initiated...
2024-04-22 18:12:57.540 [SpringApplicationShutdownHook] INFO  --- com.zaxxer.hikari.HikariDataSource     :   HikariPool-1 - Shutdown completed.
