2024-05-06 16:11:54.760 [main] INFO  --- c.h.d.service.DiscountService     :   Fetching all active discounts
2024-05-06 16:12:49.510 [main] INFO  --- c.h.d.service.DiscountService     :   Fetching all active discounts
2024-05-06 16:13:24.274 [main] INFO  --- c.h.d.service.DiscountService     :   Fetching all active discounts
2024-05-06 16:14:40.327 [main] INFO  --- c.h.d.service.DiscountService     :   Fetching all active discounts
2024-05-06 16:19:20.752 [main] INFO  --- c.h.d.service.DiscountService     :   Fetching all active discounts
2024-05-06 16:19:48.187 [main] INFO  --- c.h.d.controller.BackorderController     :   Received request to fetch backorder by ID: 1
2024-05-06 16:19:48.206 [main] INFO  --- c.h.d.controller.BackorderController     :   Fetched backorder with Id: 1
2024-05-06 16:19:48.287 [main] INFO  --- c.h.d.controller.BackorderController     :   Received request to update backorder with ID 1: com.himanshu.departmentalStore.dto.BackOrderRequestBody@5fd8dd66
2024-05-06 16:19:48.288 [main] INFO  --- c.h.d.controller.BackorderController     :   Converting RequestBody to backorder
2024-05-06 16:19:48.289 [main] INFO  --- c.h.d.controller.BackorderController     :   RequestBody converted to backorder
2024-05-06 16:19:48.289 [main] INFO  --- c.h.d.controller.BackorderController     :   Backorder updated with ID : 1
2024-05-06 16:19:48.299 [main] INFO  --- c.h.d.controller.BackorderController     :   Received request to create new backorder with request body: com.himanshu.departmentalStore.dto.BackOrderRequestBody@36ad5f2a
2024-05-06 16:19:48.300 [main] INFO  --- c.h.d.controller.BackorderController     :   Converting RequestBody to backorder
2024-05-06 16:19:48.300 [main] INFO  --- c.h.d.controller.BackorderController     :   RequestBody converted to backorder
2024-05-06 16:19:48.301 [main] INFO  --- c.h.d.controller.BackorderController     :   Backorder created with ID : 1
2024-05-06 16:19:48.309 [main] INFO  --- c.h.d.controller.BackorderController     :   Received request to fetch all backorders
2024-05-06 16:19:48.310 [main] INFO  --- c.h.d.controller.BackorderController     :   Fetched backorders
2024-05-06 16:19:48.319 [main] INFO  --- c.h.d.controller.BackorderController     :   Received request to delete backorder with ID: 1
2024-05-06 16:19:48.319 [main] INFO  --- c.h.d.controller.BackorderController     :   Backorder deleted with ID: 1
2024-05-06 16:19:48.343 [main] INFO  --- c.h.d.controller.CustomerController     :   Request received to fetch customer with ID 1
2024-05-06 16:19:48.344 [main] INFO  --- c.h.d.controller.CustomerController     :   Returning customer with ID 1: com.himanshu.departmentalStore.model.Customer@2e45a357
2024-05-06 16:19:48.352 [main] INFO  --- c.h.d.controller.CustomerController     :   Request received to delete customer with ID 1
2024-05-06 16:19:48.353 [main] INFO  --- c.h.d.controller.CustomerController     :   Customer with ID 1 deleted successfully
2024-05-06 16:19:48.360 [main] INFO  --- c.h.d.controller.CustomerController     :   Received request to retrieve all customers.
2024-05-06 16:19:48.361 [main] INFO  --- c.h.d.controller.CustomerController     :   Retrieved 2 customers.
2024-05-06 16:19:48.367 [main] INFO  --- c.h.d.controller.CustomerController     :   Request received to save a new customer: com.himanshu.departmentalStore.model.Customer@203b953c
2024-05-06 16:19:48.368 [main] INFO  --- c.h.d.controller.CustomerController     :   Saved customer: com.himanshu.departmentalStore.model.Customer@203b953c
2024-05-06 16:19:48.375 [main] INFO  --- c.h.d.controller.CustomerController     :   Request received to update customer with ID 1: com.himanshu.departmentalStore.model.Customer@41a16eb3
2024-05-06 16:19:48.376 [main] INFO  --- c.h.d.controller.CustomerController     :   Updated customer with ID 1: com.himanshu.departmentalStore.model.Customer@41a16eb3
2024-05-06 16:19:48.475 [main] INFO  --- c.h.d.controller.DiscountController     :   Received request to Fetch discount by Id : 1
2024-05-06 16:19:48.476 [main] INFO  --- c.h.d.controller.DiscountController     :   Fetched discounts with Id : 1, discount : com.himanshu.departmentalStore.model.Discount@563317c1
2024-05-06 16:19:48.481 [main] INFO  --- c.h.d.controller.DiscountController     :   Received request to delete discount with ID 1
2024-05-06 16:19:48.489 [main] INFO  --- c.h.d.controller.DiscountController     :   Received request to Fetch all active discounts
2024-05-06 16:19:48.489 [main] INFO  --- c.h.d.controller.DiscountController     :   Fetched all active discounts : [com.himanshu.departmentalStore.model.Discount@7e18ced7, com.himanshu.departmentalStore.model.Discount@305b43ca]
2024-05-06 16:19:48.495 [main] INFO  --- c.h.d.controller.DiscountController     :   Received request to create new discount: com.himanshu.departmentalStore.model.Discount@25e8e59
2024-05-06 16:19:48.501 [main] INFO  --- c.h.d.controller.DiscountController     :   Received request to update discount with ID 1: com.himanshu.departmentalStore.model.Discount@50a7c72b
2024-05-06 16:19:48.596 [main] INFO  --- c.h.d.controller.OrderController     :   Received request to delete order with ID: 1
2024-05-06 16:19:48.597 [main] INFO  --- c.h.d.controller.OrderController     :   Order deleted with ID: 1
2024-05-06 16:19:48.605 [main] INFO  --- c.h.d.controller.OrderController     :   Received request to update the order with Id : 1.
2024-05-06 16:19:48.605 [main] INFO  --- c.h.d.controller.OrderController     :   Converting OrderRequestBody to Order.
2024-05-06 16:19:48.606 [main] INFO  --- c.h.d.controller.OrderController     :   OrderRequestBody converted to Order
2024-05-06 16:19:48.606 [main] INFO  --- c.h.d.controller.OrderController     :   Order placed
2024-05-06 16:19:48.613 [main] INFO  --- c.h.d.controller.OrderController     :   Received request to fetch all orders.
2024-05-06 16:19:48.621 [main] INFO  --- c.h.d.controller.OrderController     :   Received request to fetch all orders by Id : 1
2024-05-06 16:19:48.622 [main] INFO  --- c.h.d.controller.OrderController     :   Fetched order with id : 1, order : com.himanshu.departmentalStore.model.Order@59a09be
2024-05-06 16:19:48.634 [main] INFO  --- c.h.d.controller.OrderController     :   Received request to create order.
2024-05-06 16:19:48.634 [main] INFO  --- c.h.d.controller.OrderController     :   Converting OrderRequestBody to Order.
2024-05-06 16:19:48.634 [main] INFO  --- c.h.d.controller.OrderController     :   OrderRequestBody converted to Order
2024-05-06 16:19:48.634 [main] INFO  --- c.h.d.controller.OrderController     :   Order Placed.
2024-05-06 16:19:48.652 [main] INFO  --- c.h.d.controller.ProductController     :   Request received to fetch product with ID 1
2024-05-06 16:19:48.653 [main] INFO  --- c.h.d.controller.ProductController     :   Returning product with ID 1: com.himanshu.departmentalStore.model.Product@7c2b6acb
2024-05-06 16:19:48.657 [main] INFO  --- c.h.d.controller.ProductController     :   Request received to update product with ID 1: com.himanshu.departmentalStore.model.Product@1a0f349
2024-05-06 16:19:48.658 [main] INFO  --- c.h.d.controller.ProductController     :   Updated product with ID 1: com.himanshu.departmentalStore.model.Product@1a0f349
2024-05-06 16:19:48.664 [main] INFO  --- c.h.d.controller.ProductController     :   Request received to fetch all products
2024-05-06 16:19:48.665 [main] INFO  --- c.h.d.controller.ProductController     :   Returning 2 products
2024-05-06 16:19:48.671 [main] INFO  --- c.h.d.controller.ProductController     :   Request received to delete product with ID 1
2024-05-06 16:19:48.671 [main] INFO  --- c.h.d.controller.ProductController     :   Product with ID 1 deleted successfully
2024-05-06 16:19:48.678 [main] INFO  --- c.h.d.controller.ProductController     :   Request received to save a new product: com.himanshu.departmentalStore.model.Product@6c6928c
2024-05-06 16:19:48.679 [main] INFO  --- c.h.d.controller.ProductController     :   Saved product: com.himanshu.departmentalStore.model.Product@6c6928c
2024-05-06 16:19:48.991 [main] INFO  --- o.s.t.c.s.AnnotationConfigContextLoaderUtils     :   Could not detect default configuration classes for test class [com.himanshu.departmentalStore.integration_test.BackorderIntegrationTest]: BackorderIntegrationTest does not declare any static, non-private, non-final, nested classes annotated with @Configuration.
2024-05-06 16:19:49.313 [main] INFO  --- o.s.b.t.c.SpringBootTestContextBootstrapper     :   Found @SpringBootConfiguration com.himanshu.departmentalStore.DepartmentalStoreApplication for test class com.himanshu.departmentalStore.integration_test.BackorderIntegrationTest
2024-05-06 16:19:49.652 [main] INFO  --- o.testcontainers.images.PullPolicy     :   Image pull policy will be performed by: DefaultPullPolicy()
2024-05-06 16:19:49.657 [main] INFO  --- o.t.utility.ImageNameSubstitutor     :   Image name substitution will be performed by: DefaultImageNameSubstitutor (composite of 'ConfigurationFileImageNameSubstitutor' and 'PrefixingImageNameSubstitutor')
2024-05-06 16:19:50.294 [main] INFO  --- o.t.d.DockerClientProviderStrategy     :   Loaded org.testcontainers.dockerclient.NpipeSocketClientProviderStrategy from ~/.testcontainers.properties, will try it first
2024-05-06 16:19:50.987 [main] INFO  --- o.t.d.DockerClientProviderStrategy     :   Found Docker environment with local Npipe socket (npipe:////./pipe/docker_engine)
2024-05-06 16:19:50.991 [main] INFO  --- o.testcontainers.DockerClientFactory     :   Docker host IP address is localhost
2024-05-06 16:19:51.011 [main] INFO  --- o.testcontainers.DockerClientFactory     :   Connected to docker: 
  Server Version: 26.0.0
  API Version: 1.45
  Operating System: Docker Desktop
  Total Memory: 7882 MB
2024-05-06 16:19:51.058 [main] INFO  --- tc.testcontainers/ryuk:0.6.0     :   Creating container for image: testcontainers/ryuk:0.6.0
2024-05-06 16:19:52.006 [main] INFO  --- tc.testcontainers/ryuk:0.6.0     :   Container testcontainers/ryuk:0.6.0 is starting: 62ad9c0ffc204284c9b0a1d03dec4796d0baf09dbfbd5f75a276c7935d32558e
2024-05-06 16:19:52.611 [main] INFO  --- tc.testcontainers/ryuk:0.6.0     :   Container testcontainers/ryuk:0.6.0 started in PT1.5530847S
2024-05-06 16:19:52.625 [main] INFO  --- o.t.utility.RyukResourceReaper     :   Ryuk started - will monitor and terminate Testcontainers containers on JVM exit
2024-05-06 16:19:52.626 [main] INFO  --- o.testcontainers.DockerClientFactory     :   Checking the system...
2024-05-06 16:19:52.628 [main] INFO  --- o.testcontainers.DockerClientFactory     :   ✔︎ Docker server version should be at least 1.6.0
2024-05-06 16:19:52.634 [main] INFO  --- tc.mysql:latest     :   Creating container for image: mysql:latest
2024-05-06 16:19:52.775 [main] INFO  --- tc.mysql:latest     :   Container mysql:latest is starting: cfebbbff44f008c910d9bf09f5b6beaed137246b391491e9b8d43ecf99ca2ab3
2024-05-06 16:19:53.140 [main] INFO  --- tc.mysql:latest     :   Waiting for database connection to become available at jdbc:mysql://localhost:57862/test using query 'SELECT 1'
2024-05-06 16:20:08.091 [main] INFO  --- tc.mysql:latest     :   Container mysql:latest started in PT15.4568111S
2024-05-06 16:20:08.092 [main] INFO  --- tc.mysql:latest     :   Container is started (JDBC URL: jdbc:mysql://localhost:57862/test)
