2024-04-25 15:36:03.270 [background-preinit] INFO  --- o.h.validator.internal.util.Version     :   HV000001: Hibernate Validator 8.0.1.Final
2024-04-25 15:36:03.333 [main] INFO  --- c.h.d.DepartmentalStoreApplication     :   Starting DepartmentalStoreApplication using Java 21.0.2 with PID 1852 (C:\Users\himanshu.kumar\IdeaProjects\departmentalStore\target\classes started by Himanshu.Kumar in C:\Users\himanshu.kumar\IdeaProjects\departmentalStore)
2024-04-25 15:36:03.334 [main] DEBUG --- c.h.d.DepartmentalStoreApplication     :   Running with Spring Boot v3.2.4, Spring v6.1.5
2024-04-25 15:36:03.340 [main] INFO  --- c.h.d.DepartmentalStoreApplication     :   No active profile set, falling back to 1 default profile: "default"
2024-04-25 15:36:04.345 [main] INFO  --- o.s.d.r.c.RepositoryConfigurationDelegate     :   Bootstrapping Spring Data JPA repositories in DEFAULT mode.
2024-04-25 15:36:04.413 [main] INFO  --- o.s.d.r.c.RepositoryConfigurationDelegate     :   Finished Spring Data repository scanning in 59 ms. Found 5 JPA repository interfaces.
2024-04-25 15:36:05.025 [main] INFO  --- o.s.b.w.e.tomcat.TomcatWebServer     :   Tomcat initialized with port 8080 (http)
2024-04-25 15:36:05.038 [main] INFO  --- o.a.coyote.http11.Http11NioProtocol     :   Initializing ProtocolHandler ["http-nio-8080"]
2024-04-25 15:36:05.039 [main] INFO  --- o.a.catalina.core.StandardService     :   Starting service [Tomcat]
2024-04-25 15:36:05.040 [main] INFO  --- o.a.catalina.core.StandardEngine     :   Starting Servlet engine: [Apache Tomcat/10.1.19]
2024-04-25 15:36:05.111 [main] INFO  --- o.a.c.c.C.[Tomcat].[localhost].[/]     :   Initializing Spring embedded WebApplicationContext
2024-04-25 15:36:05.111 [main] INFO  --- o.s.b.w.s.c.ServletWebServerApplicationContext     :   Root WebApplicationContext: initialization completed in 1725 ms
2024-04-25 15:36:05.304 [main] INFO  --- o.h.jpa.internal.util.LogHelper     :   HHH000204: Processing PersistenceUnitInfo [name: default]
2024-04-25 15:36:05.377 [main] INFO  --- org.hibernate.Version     :   HHH000412: Hibernate ORM core version 6.4.4.Final
2024-04-25 15:36:05.414 [main] INFO  --- o.h.c.i.RegionFactoryInitiator     :   HHH000026: Second-level cache disabled
2024-04-25 15:36:05.651 [main] INFO  --- o.s.o.j.p.SpringPersistenceUnitInfo     :   No LoadTimeWeaver setup: ignoring JPA class transformer
2024-04-25 15:36:05.681 [main] INFO  --- com.zaxxer.hikari.HikariDataSource     :   HikariPool-1 - Starting...
2024-04-25 15:36:06.037 [main] INFO  --- com.zaxxer.hikari.pool.HikariPool     :   HikariPool-1 - Added connection com.mysql.cj.jdbc.ConnectionImpl@7db47323
2024-04-25 15:36:06.040 [main] INFO  --- com.zaxxer.hikari.HikariDataSource     :   HikariPool-1 - Start completed.
2024-04-25 15:36:07.164 [main] INFO  --- o.h.e.t.j.p.i.JtaPlatformInitiator     :   HHH000489: No JTA platform available (set 'hibernate.transaction.jta.platform' to enable JTA platform integration)
2024-04-25 15:36:07.243 [main] INFO  --- o.s.o.j.LocalContainerEntityManagerFactoryBean     :   Initialized JPA EntityManagerFactory for persistence unit 'default'
2024-04-25 15:36:08.385 [main] WARN  --- o.s.b.a.o.j.JpaBaseConfiguration$JpaWebConfiguration     :   spring.jpa.open-in-view is enabled by default. Therefore, database queries may be performed during view rendering. Explicitly configure spring.jpa.open-in-view to disable this warning
2024-04-25 15:36:09.035 [main] INFO  --- o.a.coyote.http11.Http11NioProtocol     :   Starting ProtocolHandler ["http-nio-8080"]
2024-04-25 15:36:09.069 [main] INFO  --- o.s.b.w.e.tomcat.TomcatWebServer     :   Tomcat started on port 8080 (http) with context path ''
2024-04-25 15:36:09.084 [main] INFO  --- c.h.d.DepartmentalStoreApplication     :   Started DepartmentalStoreApplication in 6.175 seconds (process running for 6.87)
2024-04-25 15:36:17.353 [http-nio-8080-exec-2] INFO  --- o.a.c.c.C.[Tomcat].[localhost].[/]     :   Initializing Spring DispatcherServlet 'dispatcherServlet'
2024-04-25 15:36:17.354 [http-nio-8080-exec-2] INFO  --- o.s.web.servlet.DispatcherServlet     :   Initializing Servlet 'dispatcherServlet'
2024-04-25 15:36:17.355 [http-nio-8080-exec-2] INFO  --- o.s.web.servlet.DispatcherServlet     :   Completed initialization in 1 ms
2024-04-25 15:36:17.463 [http-nio-8080-exec-2] INFO  --- c.h.d.controller.CustomerController     :   Request received to save a new customer: com.himanshu.departmentalStore.model.Customer@76f34596
2024-04-25 15:36:17.463 [http-nio-8080-exec-2] INFO  --- c.h.d.service.CustomerService     :   Saving new customer: com.himanshu.departmentalStore.model.Customer@76f34596
2024-04-25 15:36:17.548 [http-nio-8080-exec-2] INFO  --- c.h.d.controller.CustomerController     :   Saved customer: com.himanshu.departmentalStore.model.Customer@76f34596
2024-04-25 15:36:24.558 [http-nio-8080-exec-3] ERROR --- c.h.d.e.GlobalExceptionHandler     :   Global Exception: JSON parse error: No content to map due to end-of-input
2024-04-25 15:36:30.449 [http-nio-8080-exec-5] ERROR --- c.h.d.e.GlobalExceptionHandler     :   Global Exception: Required request body is missing: public org.springframework.http.ResponseEntity<com.himanshu.departmentalStore.model.Customer> com.himanshu.departmentalStore.controller.CustomerController.saveCustomer(com.himanshu.departmentalStore.model.Customer)
2024-04-25 15:36:46.275 [http-nio-8080-exec-7] ERROR --- c.h.d.e.GlobalExceptionHandler     :   Global Exception: JSON parse error: Unexpected character ('n' (code 110)): was expecting double-quote to start field name
2024-04-25 15:37:34.256 [http-nio-8080-exec-9] ERROR --- c.h.d.e.GlobalExceptionHandler     :   Global Exception: JSON parse error: No content to map due to end-of-input
2024-04-25 15:37:48.738 [http-nio-8080-exec-1] INFO  --- c.h.d.controller.CustomerController     :   Request received to save a new customer: com.himanshu.departmentalStore.model.Customer@7f3fa669
2024-04-25 15:37:48.739 [http-nio-8080-exec-1] INFO  --- c.h.d.service.CustomerService     :   Saving new customer: com.himanshu.departmentalStore.model.Customer@7f3fa669
2024-04-25 15:37:48.751 [http-nio-8080-exec-1] INFO  --- c.h.d.controller.CustomerController     :   Saved customer: com.himanshu.departmentalStore.model.Customer@7f3fa669
2024-04-25 15:40:37.305 [SpringApplicationShutdownHook] INFO  --- o.s.o.j.LocalContainerEntityManagerFactoryBean     :   Closing JPA EntityManagerFactory for persistence unit 'default'
2024-04-25 15:40:37.307 [SpringApplicationShutdownHook] INFO  --- com.zaxxer.hikari.HikariDataSource     :   HikariPool-1 - Shutdown initiated...
2024-04-25 15:40:37.317 [SpringApplicationShutdownHook] INFO  --- com.zaxxer.hikari.HikariDataSource     :   HikariPool-1 - Shutdown completed.
