2024-05-07 12:11:14.091 [main] INFO  --- c.h.d.controller.BackorderController     :   Received request to fetch backorder by ID: 1
2024-05-07 12:11:14.127 [main] INFO  --- c.h.d.controller.BackorderController     :   Fetched backorder with Id: 1
2024-05-07 12:11:14.224 [main] INFO  --- c.h.d.controller.BackorderController     :   Received request to update backorder with ID 1: com.himanshu.departmentalStore.dto.BackOrderRequestBody@7a55fb81
2024-05-07 12:11:14.225 [main] INFO  --- c.h.d.controller.BackorderController     :   Converting RequestBody to backorder
2024-05-07 12:11:14.226 [main] INFO  --- c.h.d.controller.BackorderController     :   RequestBody converted to backorder
2024-05-07 12:11:14.233 [main] INFO  --- c.h.d.controller.BackorderController     :   Backorder updated with ID : 1
2024-05-07 12:11:14.248 [main] INFO  --- c.h.d.controller.BackorderController     :   Received request to create new backorder with request body: com.himanshu.departmentalStore.dto.BackOrderRequestBody@5c53c235
2024-05-07 12:11:14.249 [main] INFO  --- c.h.d.controller.BackorderController     :   Converting RequestBody to backorder
2024-05-07 12:11:14.250 [main] INFO  --- c.h.d.controller.BackorderController     :   RequestBody converted to backorder
2024-05-07 12:11:14.251 [main] INFO  --- c.h.d.controller.BackorderController     :   Backorder created with ID : 1
2024-05-07 12:11:14.263 [main] INFO  --- c.h.d.controller.BackorderController     :   Received request to fetch all backorders
2024-05-07 12:11:14.264 [main] INFO  --- c.h.d.controller.BackorderController     :   Fetched backorders
2024-05-07 12:11:14.274 [main] INFO  --- c.h.d.controller.BackorderController     :   Received request to delete backorder with ID: 1
2024-05-07 12:11:14.275 [main] INFO  --- c.h.d.controller.BackorderController     :   Backorder deleted with ID: 1
2024-05-07 12:11:14.310 [main] INFO  --- c.h.d.controller.CustomerController     :   Request received to fetch customer with ID 1
2024-05-07 12:11:14.311 [main] INFO  --- c.h.d.controller.CustomerController     :   Returning customer with ID 1: com.himanshu.departmentalStore.model.Customer@21516c88
2024-05-07 12:11:14.320 [main] INFO  --- c.h.d.controller.CustomerController     :   Request received to delete customer with ID 1
2024-05-07 12:11:14.321 [main] INFO  --- c.h.d.controller.CustomerController     :   Customer with ID 1 deleted successfully
2024-05-07 12:11:14.335 [main] INFO  --- c.h.d.controller.CustomerController     :   Received request to retrieve all customers.
2024-05-07 12:11:14.338 [main] INFO  --- c.h.d.controller.CustomerController     :   Retrieved 2 customers.
2024-05-07 12:11:14.353 [main] INFO  --- c.h.d.controller.CustomerController     :   Request received to save a new customer: com.himanshu.departmentalStore.model.Customer@e01a26b
2024-05-07 12:11:14.354 [main] INFO  --- c.h.d.controller.CustomerController     :   Saved customer: com.himanshu.departmentalStore.model.Customer@e01a26b
2024-05-07 12:11:14.364 [main] INFO  --- c.h.d.controller.CustomerController     :   Request received to update customer with ID 1: com.himanshu.departmentalStore.model.Customer@5cce40d7
2024-05-07 12:11:14.366 [main] INFO  --- c.h.d.controller.CustomerController     :   Updated customer with ID 1: com.himanshu.departmentalStore.model.Customer@5cce40d7
2024-05-07 12:11:14.558 [main] INFO  --- c.h.d.controller.DiscountController     :   Received request to Fetch discount by Id : 1
2024-05-07 12:11:14.559 [main] INFO  --- c.h.d.controller.DiscountController     :   Fetched discounts with Id : 1, discount : com.himanshu.departmentalStore.model.Discount@f03ee8f
2024-05-07 12:11:14.568 [main] INFO  --- c.h.d.controller.DiscountController     :   Received request to delete discount with ID 1
2024-05-07 12:11:14.578 [main] INFO  --- c.h.d.controller.DiscountController     :   Received request to Fetch all active discounts
2024-05-07 12:11:14.579 [main] INFO  --- c.h.d.controller.DiscountController     :   Fetched all active discounts : [com.himanshu.departmentalStore.model.Discount@4ebd6fd6, com.himanshu.departmentalStore.model.Discount@5e5a8718]
2024-05-07 12:11:14.585 [main] INFO  --- c.h.d.controller.DiscountController     :   Received request to create new discount: com.himanshu.departmentalStore.model.Discount@615e83ac
2024-05-07 12:11:14.594 [main] INFO  --- c.h.d.controller.DiscountController     :   Received request to update discount with ID 1: com.himanshu.departmentalStore.model.Discount@4e50ae56
2024-05-07 12:11:14.725 [main] INFO  --- c.h.d.controller.OrderController     :   Received request to delete order with ID: 1
2024-05-07 12:11:14.726 [main] INFO  --- c.h.d.controller.OrderController     :   Order deleted with ID: 1
2024-05-07 12:11:14.740 [main] INFO  --- c.h.d.controller.OrderController     :   Received request to update the order with Id : 1.
2024-05-07 12:11:14.741 [main] INFO  --- c.h.d.controller.OrderController     :   Converting OrderRequestBody to Order.
2024-05-07 12:11:14.741 [main] INFO  --- c.h.d.controller.OrderController     :   OrderRequestBody converted to Order
2024-05-07 12:11:14.742 [main] INFO  --- c.h.d.controller.OrderController     :   Order placed
2024-05-07 12:11:14.753 [main] INFO  --- c.h.d.controller.OrderController     :   Received request to fetch all orders.
2024-05-07 12:11:14.765 [main] INFO  --- c.h.d.controller.OrderController     :   Received request to fetch all orders by Id : 1
2024-05-07 12:11:14.766 [main] INFO  --- c.h.d.controller.OrderController     :   Fetched order with id : 1, order : com.himanshu.departmentalStore.model.Order@7606bd03
2024-05-07 12:11:14.778 [main] INFO  --- c.h.d.controller.OrderController     :   Received request to create order.
2024-05-07 12:11:14.778 [main] INFO  --- c.h.d.controller.OrderController     :   Converting OrderRequestBody to Order.
2024-05-07 12:11:14.779 [main] INFO  --- c.h.d.controller.OrderController     :   OrderRequestBody converted to Order
2024-05-07 12:11:14.781 [main] INFO  --- c.h.d.controller.OrderController     :   Order Placed.
2024-05-07 12:11:14.806 [main] INFO  --- c.h.d.controller.ProductController     :   Request received to fetch product with ID 1
2024-05-07 12:11:14.807 [main] INFO  --- c.h.d.controller.ProductController     :   Returning product with ID 1: com.himanshu.departmentalStore.model.Product@3957d88b
2024-05-07 12:11:14.814 [main] INFO  --- c.h.d.controller.ProductController     :   Request received to update product with ID 1: com.himanshu.departmentalStore.model.Product@2fba0dac
2024-05-07 12:11:14.815 [main] INFO  --- c.h.d.controller.ProductController     :   Updated product with ID 1: com.himanshu.departmentalStore.model.Product@2fba0dac
2024-05-07 12:11:14.823 [main] INFO  --- c.h.d.controller.ProductController     :   Request received to fetch all products
2024-05-07 12:11:14.824 [main] INFO  --- c.h.d.controller.ProductController     :   Returning 2 products
2024-05-07 12:11:14.833 [main] INFO  --- c.h.d.controller.ProductController     :   Request received to delete product with ID 1
2024-05-07 12:11:14.834 [main] INFO  --- c.h.d.controller.ProductController     :   Product with ID 1 deleted successfully
2024-05-07 12:11:14.843 [main] INFO  --- c.h.d.controller.ProductController     :   Request received to save a new product: com.himanshu.departmentalStore.model.Product@7be38eba
2024-05-07 12:11:14.844 [main] INFO  --- c.h.d.controller.ProductController     :   Saved product: com.himanshu.departmentalStore.model.Product@7be38eba
2024-05-07 12:11:15.366 [main] INFO  --- o.s.t.c.s.AnnotationConfigContextLoaderUtils     :   Could not detect default configuration classes for test class [com.himanshu.departmentalStore.integration_test.BackorderIntegrationTest]: BackorderIntegrationTest does not declare any static, non-private, non-final, nested classes annotated with @Configuration.
2024-05-07 12:11:15.820 [main] INFO  --- o.s.b.t.c.SpringBootTestContextBootstrapper     :   Found @SpringBootConfiguration com.himanshu.departmentalStore.DepartmentalStoreApplication for test class com.himanshu.departmentalStore.integration_test.BackorderIntegrationTest
2024-05-07 12:11:16.212 [main] INFO  --- o.testcontainers.images.PullPolicy     :   Image pull policy will be performed by: DefaultPullPolicy()
2024-05-07 12:11:16.217 [main] INFO  --- o.t.utility.ImageNameSubstitutor     :   Image name substitution will be performed by: DefaultImageNameSubstitutor (composite of 'ConfigurationFileImageNameSubstitutor' and 'PrefixingImageNameSubstitutor')
2024-05-07 12:11:16.932 [main] INFO  --- o.t.d.DockerClientProviderStrategy     :   Loaded org.testcontainers.dockerclient.NpipeSocketClientProviderStrategy from ~/.testcontainers.properties, will try it first
2024-05-07 12:11:17.738 [main] INFO  --- o.t.d.DockerClientProviderStrategy     :   Found Docker environment with local Npipe socket (npipe:////./pipe/docker_engine)
2024-05-07 12:11:17.742 [main] INFO  --- o.testcontainers.DockerClientFactory     :   Docker host IP address is localhost
2024-05-07 12:11:17.783 [main] INFO  --- o.testcontainers.DockerClientFactory     :   Connected to docker: 
  Server Version: 26.0.0
  API Version: 1.45
  Operating System: Docker Desktop
  Total Memory: 7882 MB
2024-05-07 12:11:17.843 [main] INFO  --- tc.testcontainers/ryuk:0.6.0     :   Creating container for image: testcontainers/ryuk:0.6.0
2024-05-07 12:11:18.740 [main] INFO  --- tc.testcontainers/ryuk:0.6.0     :   Container testcontainers/ryuk:0.6.0 is starting: 42a9c6edf0372931ff291832aa2f2c40643c8239cdc93a39559a8a3901373463
2024-05-07 12:11:19.326 [main] INFO  --- tc.testcontainers/ryuk:0.6.0     :   Container testcontainers/ryuk:0.6.0 started in PT1.4829949S
2024-05-07 12:11:19.340 [main] INFO  --- o.t.utility.RyukResourceReaper     :   Ryuk started - will monitor and terminate Testcontainers containers on JVM exit
2024-05-07 12:11:19.340 [main] INFO  --- o.testcontainers.DockerClientFactory     :   Checking the system...
2024-05-07 12:11:19.342 [main] INFO  --- o.testcontainers.DockerClientFactory     :   ✔︎ Docker server version should be at least 1.6.0
2024-05-07 12:11:19.351 [main] INFO  --- tc.mysql:latest     :   Creating container for image: mysql:latest
2024-05-07 12:11:19.513 [main] INFO  --- tc.mysql:latest     :   Container mysql:latest is starting: 464bf5bcbd7e7a2ba7eee34e328f1c999e7f56693cbb7140caa9e4ad3713b3c9
2024-05-07 12:11:19.940 [main] INFO  --- tc.mysql:latest     :   Waiting for database connection to become available at jdbc:mysql://localhost:64680/test using query 'SELECT 1'
2024-05-07 12:11:34.981 [main] INFO  --- tc.mysql:latest     :   Container mysql:latest started in PT15.630765S
2024-05-07 12:11:34.982 [main] INFO  --- tc.mysql:latest     :   Container is started (JDBC URL: jdbc:mysql://localhost:64680/test)
