2024-04-25 13:00:27.929 [SpringApplicationShutdownHook] INFO  --- o.s.o.j.LocalContainerEntityManagerFactoryBean     :   Closing JPA EntityManagerFactory for persistence unit 'default'
2024-04-25 13:00:27.940 [SpringApplicationShutdownHook] INFO  --- com.zaxxer.hikari.HikariDataSource     :   HikariPool-1 - Shutdown initiated...
2024-04-25 13:00:27.951 [SpringApplicationShutdownHook] INFO  --- com.zaxxer.hikari.HikariDataSource     :   HikariPool-1 - Shutdown completed.
2024-04-25 13:32:57.957 [background-preinit] INFO  --- o.h.validator.internal.util.Version     :   HV000001: Hibernate Validator 8.0.1.Final
2024-04-25 13:32:58.013 [main] INFO  --- c.h.d.DepartmentalStoreApplication     :   Starting DepartmentalStoreApplication using Java 21.0.2 with PID 17832 (C:\Users\himanshu.kumar\IdeaProjects\departmentalStore\target\classes started by Himanshu.Kumar in C:\Users\himanshu.kumar\IdeaProjects\departmentalStore)
2024-04-25 13:32:58.014 [main] DEBUG --- c.h.d.DepartmentalStoreApplication     :   Running with Spring Boot v3.2.4, Spring v6.1.5
2024-04-25 13:32:58.015 [main] INFO  --- c.h.d.DepartmentalStoreApplication     :   No active profile set, falling back to 1 default profile: "default"
2024-04-25 13:32:58.991 [main] INFO  --- o.s.d.r.c.RepositoryConfigurationDelegate     :   Bootstrapping Spring Data JPA repositories in DEFAULT mode.
2024-04-25 13:32:59.066 [main] INFO  --- o.s.d.r.c.RepositoryConfigurationDelegate     :   Finished Spring Data repository scanning in 64 ms. Found 5 JPA repository interfaces.
2024-04-25 13:32:59.664 [main] INFO  --- o.s.b.w.e.tomcat.TomcatWebServer     :   Tomcat initialized with port 8080 (http)
2024-04-25 13:32:59.677 [main] INFO  --- o.a.coyote.http11.Http11NioProtocol     :   Initializing ProtocolHandler ["http-nio-8080"]
2024-04-25 13:32:59.680 [main] INFO  --- o.a.catalina.core.StandardService     :   Starting service [Tomcat]
2024-04-25 13:32:59.680 [main] INFO  --- o.a.catalina.core.StandardEngine     :   Starting Servlet engine: [Apache Tomcat/10.1.19]
2024-04-25 13:32:59.762 [main] INFO  --- o.a.c.c.C.[Tomcat].[localhost].[/]     :   Initializing Spring embedded WebApplicationContext
2024-04-25 13:32:59.763 [main] INFO  --- o.s.b.w.s.c.ServletWebServerApplicationContext     :   Root WebApplicationContext: initialization completed in 1702 ms
2024-04-25 13:32:59.949 [main] INFO  --- o.h.jpa.internal.util.LogHelper     :   HHH000204: Processing PersistenceUnitInfo [name: default]
2024-04-25 13:33:00.022 [main] INFO  --- org.hibernate.Version     :   HHH000412: Hibernate ORM core version 6.4.4.Final
2024-04-25 13:33:00.057 [main] INFO  --- o.h.c.i.RegionFactoryInitiator     :   HHH000026: Second-level cache disabled
2024-04-25 13:33:00.308 [main] INFO  --- o.s.o.j.p.SpringPersistenceUnitInfo     :   No LoadTimeWeaver setup: ignoring JPA class transformer
2024-04-25 13:33:00.342 [main] INFO  --- com.zaxxer.hikari.HikariDataSource     :   HikariPool-1 - Starting...
2024-04-25 13:33:00.705 [main] INFO  --- com.zaxxer.hikari.pool.HikariPool     :   HikariPool-1 - Added connection com.mysql.cj.jdbc.ConnectionImpl@1bbb42b4
2024-04-25 13:33:00.708 [main] INFO  --- com.zaxxer.hikari.HikariDataSource     :   HikariPool-1 - Start completed.
2024-04-25 13:33:01.773 [main] INFO  --- o.h.e.t.j.p.i.JtaPlatformInitiator     :   HHH000489: No JTA platform available (set 'hibernate.transaction.jta.platform' to enable JTA platform integration)
2024-04-25 13:33:01.857 [main] INFO  --- o.s.o.j.LocalContainerEntityManagerFactoryBean     :   Initialized JPA EntityManagerFactory for persistence unit 'default'
2024-04-25 13:33:02.795 [main] WARN  --- o.s.b.a.o.j.JpaBaseConfiguration$JpaWebConfiguration     :   spring.jpa.open-in-view is enabled by default. Therefore, database queries may be performed during view rendering. Explicitly configure spring.jpa.open-in-view to disable this warning
2024-04-25 13:33:03.258 [main] INFO  --- o.a.coyote.http11.Http11NioProtocol     :   Starting ProtocolHandler ["http-nio-8080"]
2024-04-25 13:33:03.282 [main] INFO  --- o.s.b.w.e.tomcat.TomcatWebServer     :   Tomcat started on port 8080 (http) with context path ''
2024-04-25 13:33:03.294 [main] INFO  --- c.h.d.DepartmentalStoreApplication     :   Started DepartmentalStoreApplication in 5.694 seconds (process running for 6.4)
2024-04-25 13:33:18.050 [http-nio-8080-exec-1] INFO  --- o.a.c.c.C.[Tomcat].[localhost].[/]     :   Initializing Spring DispatcherServlet 'dispatcherServlet'
2024-04-25 13:33:18.051 [http-nio-8080-exec-1] INFO  --- o.s.web.servlet.DispatcherServlet     :   Initializing Servlet 'dispatcherServlet'
2024-04-25 13:33:18.054 [http-nio-8080-exec-1] INFO  --- o.s.web.servlet.DispatcherServlet     :   Completed initialization in 3 ms
2024-04-25 13:33:18.226 [http-nio-8080-exec-1] ERROR --- c.h.d.e.GlobalExceptionHandler     :   Global Exception: JSON parse error: No content to map due to end-of-input
2024-04-25 13:34:28.423 [http-nio-8080-exec-4] INFO  --- c.h.d.controller.OrderController     :   Received request to create order.
2024-04-25 13:34:28.423 [http-nio-8080-exec-4] INFO  --- c.h.d.controller.OrderController     :   Converting OrderRequestBody to Order.
2024-04-25 13:34:28.427 [http-nio-8080-exec-4] INFO  --- c.h.d.controller.OrderController     :   OrderRequestBody converted to Order
2024-04-25 13:34:28.427 [http-nio-8080-exec-4] INFO  --- c.h.d.service.OrderService     :   Placing order.
2024-04-25 13:34:28.427 [http-nio-8080-exec-4] INFO  --- c.h.d.service.ProductService     :   Fetching product with ID 4
2024-04-25 13:34:28.489 [http-nio-8080-exec-4] INFO  --- c.h.d.service.ProductService     :   Fetched product: com.himanshu.departmentalStore.model.Product@11bbea7f
2024-04-25 13:34:28.490 [http-nio-8080-exec-4] INFO  --- c.h.d.service.OrderService     :   Checking isProductAvailable
2024-04-25 13:34:28.490 [http-nio-8080-exec-4] ERROR --- c.h.d.service.OrderService     :   Product not available
2024-04-25 13:34:28.490 [http-nio-8080-exec-4] INFO  --- c.h.d.service.OrderService     :   Creating Backorder
2024-04-25 13:34:28.490 [http-nio-8080-exec-4] INFO  --- c.h.d.service.OrderService     :   Saving Backorder
2024-04-25 13:34:28.490 [http-nio-8080-exec-4] INFO  --- c.h.d.service.BackorderService     :   Saving backorder
2024-04-25 13:34:28.534 [http-nio-8080-exec-4] INFO  --- c.h.d.service.OrderService     :   Backorder saved with Id : 10
2024-04-25 13:34:28.535 [http-nio-8080-exec-4] ERROR --- c.h.d.e.GlobalExceptionHandler     :   Custom Exception: Ordered quantity is more then quantity left in stock : Backorder created
2024-04-25 13:38:40.057 [main] INFO  --- c.h.d.service.CustomerService     :   Saving new customer: com.himanshu.departmentalStore.model.Customer@28348c6
2024-04-25 13:38:40.109 [main] INFO  --- c.h.d.service.CustomerService     :   Deleting customer with ID null
2024-04-25 13:38:40.117 [main] INFO  --- c.h.d.service.CustomerService     :   Saving new customer: null
2024-04-25 13:38:40.122 [main] INFO  --- c.h.d.service.CustomerService     :   Deleting customer with ID -1
2024-04-25 13:38:40.134 [main] INFO  --- c.h.d.service.CustomerService     :   Updating customer with ID -1: com.himanshu.departmentalStore.model.Customer@15e0fe05
2024-04-25 13:38:40.140 [main] ERROR --- c.h.d.service.CustomerService     :   Customer with ID -1 not found
2024-04-25 13:38:40.150 [main] INFO  --- c.h.d.service.CustomerService     :   Updating customer with ID 1: null
2024-04-25 13:38:40.151 [main] ERROR --- c.h.d.service.CustomerService     :   Customer with ID 1 not found
2024-04-25 13:38:40.157 [main] INFO  --- c.h.d.service.CustomerService     :   Fetching customer with ID -1
2024-04-25 13:38:40.163 [main] INFO  --- c.h.d.service.CustomerService     :   Deleting customer with ID -1
2024-04-25 13:39:50.505 [main] INFO  --- c.h.d.service.CustomerService     :   Saving new customer: com.himanshu.departmentalStore.model.Customer@20e6c4dc
2024-04-25 13:39:50.543 [main] INFO  --- c.h.d.service.CustomerService     :   Deleting customer with ID null
2024-04-25 13:39:50.551 [main] INFO  --- c.h.d.service.CustomerService     :   Saving new customer: null
2024-04-25 13:39:50.557 [main] INFO  --- c.h.d.service.CustomerService     :   Deleting customer with ID -1
2024-04-25 13:39:50.569 [main] INFO  --- c.h.d.service.CustomerService     :   Updating customer with ID -1: com.himanshu.departmentalStore.model.Customer@681e144
2024-04-25 13:39:50.571 [main] ERROR --- c.h.d.service.CustomerService     :   Customer with ID -1 not found
2024-04-25 13:39:50.576 [main] INFO  --- c.h.d.service.CustomerService     :   Updating customer with ID 1: null
2024-04-25 13:39:50.576 [main] ERROR --- c.h.d.service.CustomerService     :   Customer with ID 1 not found
2024-04-25 13:39:50.583 [main] INFO  --- c.h.d.service.CustomerService     :   Fetching customer with ID -1
2024-04-25 13:39:50.588 [main] INFO  --- c.h.d.service.CustomerService     :   Deleting customer with ID -1
2024-04-25 13:44:14.997 [http-nio-8080-exec-7] INFO  --- c.h.d.controller.OrderController     :   Received request to delete order with ID: 187
2024-04-25 13:44:14.997 [http-nio-8080-exec-7] INFO  --- c.h.d.service.OrderService     :   Deleting order with Id : 187
2024-04-25 13:44:15.006 [http-nio-8080-exec-7] ERROR --- c.h.d.e.GlobalExceptionHandler     :   ResourceNotFoundException: Order not found with Id : 187
2024-04-25 13:44:36.074 [SpringApplicationShutdownHook] INFO  --- o.s.o.j.LocalContainerEntityManagerFactoryBean     :   Closing JPA EntityManagerFactory for persistence unit 'default'
2024-04-25 13:44:36.076 [SpringApplicationShutdownHook] INFO  --- com.zaxxer.hikari.HikariDataSource     :   HikariPool-1 - Shutdown initiated...
2024-04-25 13:44:36.084 [SpringApplicationShutdownHook] INFO  --- com.zaxxer.hikari.HikariDataSource     :   HikariPool-1 - Shutdown completed.
2024-04-25 13:44:42.835 [background-preinit] INFO  --- o.h.validator.internal.util.Version     :   HV000001: Hibernate Validator 8.0.1.Final
2024-04-25 13:44:42.895 [main] INFO  --- c.h.d.DepartmentalStoreApplication     :   Starting DepartmentalStoreApplication using Java 21.0.2 with PID 22624 (C:\Users\himanshu.kumar\IdeaProjects\departmentalStore\target\classes started by Himanshu.Kumar in C:\Users\himanshu.kumar\IdeaProjects\departmentalStore)
2024-04-25 13:44:42.896 [main] DEBUG --- c.h.d.DepartmentalStoreApplication     :   Running with Spring Boot v3.2.4, Spring v6.1.5
2024-04-25 13:44:42.896 [main] INFO  --- c.h.d.DepartmentalStoreApplication     :   No active profile set, falling back to 1 default profile: "default"
2024-04-25 13:44:43.843 [main] INFO  --- o.s.d.r.c.RepositoryConfigurationDelegate     :   Bootstrapping Spring Data JPA repositories in DEFAULT mode.
2024-04-25 13:44:43.916 [main] INFO  --- o.s.d.r.c.RepositoryConfigurationDelegate     :   Finished Spring Data repository scanning in 63 ms. Found 5 JPA repository interfaces.
2024-04-25 13:44:44.519 [main] INFO  --- o.s.b.w.e.tomcat.TomcatWebServer     :   Tomcat initialized with port 8080 (http)
2024-04-25 13:44:44.529 [main] INFO  --- o.a.coyote.http11.Http11NioProtocol     :   Initializing ProtocolHandler ["http-nio-8080"]
2024-04-25 13:44:44.532 [main] INFO  --- o.a.catalina.core.StandardService     :   Starting service [Tomcat]
2024-04-25 13:44:44.532 [main] INFO  --- o.a.catalina.core.StandardEngine     :   Starting Servlet engine: [Apache Tomcat/10.1.19]
2024-04-25 13:44:44.608 [main] INFO  --- o.a.c.c.C.[Tomcat].[localhost].[/]     :   Initializing Spring embedded WebApplicationContext
2024-04-25 13:44:44.608 [main] INFO  --- o.s.b.w.s.c.ServletWebServerApplicationContext     :   Root WebApplicationContext: initialization completed in 1658 ms
2024-04-25 13:44:44.796 [main] INFO  --- o.h.jpa.internal.util.LogHelper     :   HHH000204: Processing PersistenceUnitInfo [name: default]
2024-04-25 13:44:44.870 [main] INFO  --- org.hibernate.Version     :   HHH000412: Hibernate ORM core version 6.4.4.Final
2024-04-25 13:44:44.909 [main] INFO  --- o.h.c.i.RegionFactoryInitiator     :   HHH000026: Second-level cache disabled
2024-04-25 13:44:45.162 [main] INFO  --- o.s.o.j.p.SpringPersistenceUnitInfo     :   No LoadTimeWeaver setup: ignoring JPA class transformer
2024-04-25 13:44:45.192 [main] INFO  --- com.zaxxer.hikari.HikariDataSource     :   HikariPool-1 - Starting...
2024-04-25 13:44:45.665 [main] INFO  --- com.zaxxer.hikari.pool.HikariPool     :   HikariPool-1 - Added connection com.mysql.cj.jdbc.ConnectionImpl@213012a0
2024-04-25 13:44:45.668 [main] INFO  --- com.zaxxer.hikari.HikariDataSource     :   HikariPool-1 - Start completed.
2024-04-25 13:44:46.811 [main] INFO  --- o.h.e.t.j.p.i.JtaPlatformInitiator     :   HHH000489: No JTA platform available (set 'hibernate.transaction.jta.platform' to enable JTA platform integration)
2024-04-25 13:44:46.895 [main] INFO  --- o.s.o.j.LocalContainerEntityManagerFactoryBean     :   Initialized JPA EntityManagerFactory for persistence unit 'default'
2024-04-25 13:44:47.877 [main] WARN  --- o.s.b.a.o.j.JpaBaseConfiguration$JpaWebConfiguration     :   spring.jpa.open-in-view is enabled by default. Therefore, database queries may be performed during view rendering. Explicitly configure spring.jpa.open-in-view to disable this warning
2024-04-25 13:44:48.341 [main] INFO  --- o.a.coyote.http11.Http11NioProtocol     :   Starting ProtocolHandler ["http-nio-8080"]
2024-04-25 13:44:48.371 [main] INFO  --- o.s.b.w.e.tomcat.TomcatWebServer     :   Tomcat started on port 8080 (http) with context path ''
2024-04-25 13:44:48.385 [main] INFO  --- c.h.d.DepartmentalStoreApplication     :   Started DepartmentalStoreApplication in 5.908 seconds (process running for 6.6)
2024-04-25 13:44:53.263 [http-nio-8080-exec-2] INFO  --- o.a.c.c.C.[Tomcat].[localhost].[/]     :   Initializing Spring DispatcherServlet 'dispatcherServlet'
2024-04-25 13:44:53.264 [http-nio-8080-exec-2] INFO  --- o.s.web.servlet.DispatcherServlet     :   Initializing Servlet 'dispatcherServlet'
2024-04-25 13:44:53.264 [http-nio-8080-exec-2] INFO  --- o.s.web.servlet.DispatcherServlet     :   Completed initialization in 0 ms
2024-04-25 13:44:53.311 [http-nio-8080-exec-2] INFO  --- c.h.d.controller.OrderController     :   Received request to delete order with ID: 187
2024-04-25 13:44:53.311 [http-nio-8080-exec-2] INFO  --- c.h.d.service.OrderService     :   Deleting order with Id : 187
2024-04-25 13:44:53.365 [http-nio-8080-exec-2] ERROR --- c.h.d.e.GlobalExceptionHandler     :   ResourceNotFoundException: Order not found with Id : 187
