2024-04-25 12:52:23.992 [background-preinit] INFO  --- o.h.validator.internal.util.Version     :   HV000001: Hibernate Validator 8.0.1.Final
2024-04-25 12:52:24.067 [main] INFO  --- c.h.d.DepartmentalStoreApplication     :   Starting DepartmentalStoreApplication using Java 21.0.2 with PID 18092 (C:\Users\himanshu.kumar\IdeaProjects\departmentalStore\target\classes started by Himanshu.Kumar in C:\Users\himanshu.kumar\IdeaProjects\departmentalStore)
2024-04-25 12:52:24.067 [main] DEBUG --- c.h.d.DepartmentalStoreApplication     :   Running with Spring Boot v3.2.4, Spring v6.1.5
2024-04-25 12:52:24.069 [main] INFO  --- c.h.d.DepartmentalStoreApplication     :   No active profile set, falling back to 1 default profile: "default"
2024-04-25 12:52:25.242 [main] INFO  --- o.s.d.r.c.RepositoryConfigurationDelegate     :   Bootstrapping Spring Data JPA repositories in DEFAULT mode.
2024-04-25 12:52:25.324 [main] INFO  --- o.s.d.r.c.RepositoryConfigurationDelegate     :   Finished Spring Data repository scanning in 72 ms. Found 5 JPA repository interfaces.
2024-04-25 12:52:26.127 [main] INFO  --- o.s.b.w.e.tomcat.TomcatWebServer     :   Tomcat initialized with port 8080 (http)
2024-04-25 12:52:26.140 [main] INFO  --- o.a.coyote.http11.Http11NioProtocol     :   Initializing ProtocolHandler ["http-nio-8080"]
2024-04-25 12:52:26.142 [main] INFO  --- o.a.catalina.core.StandardService     :   Starting service [Tomcat]
2024-04-25 12:52:26.143 [main] INFO  --- o.a.catalina.core.StandardEngine     :   Starting Servlet engine: [Apache Tomcat/10.1.19]
2024-04-25 12:52:26.228 [main] INFO  --- o.a.c.c.C.[Tomcat].[localhost].[/]     :   Initializing Spring embedded WebApplicationContext
2024-04-25 12:52:26.228 [main] INFO  --- o.s.b.w.s.c.ServletWebServerApplicationContext     :   Root WebApplicationContext: initialization completed in 2105 ms
2024-04-25 12:52:26.447 [main] INFO  --- o.h.jpa.internal.util.LogHelper     :   HHH000204: Processing PersistenceUnitInfo [name: default]
2024-04-25 12:52:26.554 [main] INFO  --- org.hibernate.Version     :   HHH000412: Hibernate ORM core version 6.4.4.Final
2024-04-25 12:52:26.607 [main] INFO  --- o.h.c.i.RegionFactoryInitiator     :   HHH000026: Second-level cache disabled
2024-04-25 12:52:26.949 [main] INFO  --- o.s.o.j.p.SpringPersistenceUnitInfo     :   No LoadTimeWeaver setup: ignoring JPA class transformer
2024-04-25 12:52:27.018 [main] INFO  --- com.zaxxer.hikari.HikariDataSource     :   HikariPool-1 - Starting...
2024-04-25 12:52:27.453 [main] INFO  --- com.zaxxer.hikari.pool.HikariPool     :   HikariPool-1 - Added connection com.mysql.cj.jdbc.ConnectionImpl@10f20d38
2024-04-25 12:52:27.455 [main] INFO  --- com.zaxxer.hikari.HikariDataSource     :   HikariPool-1 - Start completed.
2024-04-25 12:52:28.742 [main] INFO  --- o.h.e.t.j.p.i.JtaPlatformInitiator     :   HHH000489: No JTA platform available (set 'hibernate.transaction.jta.platform' to enable JTA platform integration)
2024-04-25 12:52:28.859 [main] INFO  --- o.s.o.j.LocalContainerEntityManagerFactoryBean     :   Initialized JPA EntityManagerFactory for persistence unit 'default'
2024-04-25 12:52:30.049 [main] WARN  --- o.s.b.a.o.j.JpaBaseConfiguration$JpaWebConfiguration     :   spring.jpa.open-in-view is enabled by default. Therefore, database queries may be performed during view rendering. Explicitly configure spring.jpa.open-in-view to disable this warning
2024-04-25 12:52:30.669 [main] INFO  --- o.a.coyote.http11.Http11NioProtocol     :   Starting ProtocolHandler ["http-nio-8080"]
2024-04-25 12:52:30.709 [main] INFO  --- o.s.b.w.e.tomcat.TomcatWebServer     :   Tomcat started on port 8080 (http) with context path ''
2024-04-25 12:52:30.719 [main] INFO  --- c.h.d.DepartmentalStoreApplication     :   Started DepartmentalStoreApplication in 7.139 seconds (process running for 7.899)
2024-04-25 12:52:37.616 [http-nio-8080-exec-2] INFO  --- o.a.c.c.C.[Tomcat].[localhost].[/]     :   Initializing Spring DispatcherServlet 'dispatcherServlet'
2024-04-25 12:52:37.616 [http-nio-8080-exec-2] INFO  --- o.s.web.servlet.DispatcherServlet     :   Initializing Servlet 'dispatcherServlet'
2024-04-25 12:52:37.617 [http-nio-8080-exec-2] INFO  --- o.s.web.servlet.DispatcherServlet     :   Completed initialization in 1 ms
2024-04-25 12:52:37.776 [http-nio-8080-exec-2] INFO  --- c.h.d.controller.OrderController     :   Received request to create order.
2024-04-25 12:52:37.777 [http-nio-8080-exec-2] INFO  --- c.h.d.controller.OrderController     :   Converting OrderRequestBody to Order.
2024-04-25 12:52:37.783 [http-nio-8080-exec-2] INFO  --- c.h.d.controller.OrderController     :   OrderRequestBody converted to Order
2024-04-25 12:52:37.783 [http-nio-8080-exec-2] INFO  --- c.h.d.service.OrderService     :   Placing order.
2024-04-25 12:52:37.783 [http-nio-8080-exec-2] INFO  --- c.h.d.service.ProductService     :   Fetching product with ID 4
2024-04-25 12:52:37.900 [http-nio-8080-exec-2] INFO  --- c.h.d.service.ProductService     :   Fetched product: com.himanshu.departmentalStore.model.Product@5b0dd3bc
2024-04-25 12:52:37.900 [http-nio-8080-exec-2] INFO  --- c.h.d.service.OrderService     :   Checking isProductAvailable
2024-04-25 12:52:37.900 [http-nio-8080-exec-2] ERROR --- c.h.d.service.OrderService     :   Product not available
2024-04-25 12:52:37.900 [http-nio-8080-exec-2] INFO  --- c.h.d.service.OrderService     :   Creating Backorder
2024-04-25 12:52:37.901 [http-nio-8080-exec-2] INFO  --- c.h.d.service.OrderService     :   Saving Backorder
2024-04-25 12:52:37.901 [http-nio-8080-exec-2] INFO  --- c.h.d.service.BackorderService     :   Saving backorder
2024-04-25 12:52:37.993 [http-nio-8080-exec-2] INFO  --- c.h.d.service.OrderService     :   Backorder saved with Id : 9
2024-04-25 12:52:37.995 [http-nio-8080-exec-2] ERROR --- c.h.d.e.GlobalExceptionHandler     :   Custom Exception: Ordered quantity is more then quantity left in stock : Backorder created
2024-04-25 12:58:32.214 [SpringApplicationShutdownHook] INFO  --- o.s.o.j.LocalContainerEntityManagerFactoryBean     :   Closing JPA EntityManagerFactory for persistence unit 'default'
2024-04-25 12:58:32.216 [SpringApplicationShutdownHook] INFO  --- com.zaxxer.hikari.HikariDataSource     :   HikariPool-1 - Shutdown initiated...
2024-04-25 12:58:32.228 [SpringApplicationShutdownHook] INFO  --- com.zaxxer.hikari.HikariDataSource     :   HikariPool-1 - Shutdown completed.
2024-04-25 12:58:39.267 [background-preinit] INFO  --- o.h.validator.internal.util.Version     :   HV000001: Hibernate Validator 8.0.1.Final
2024-04-25 12:58:39.322 [main] INFO  --- c.h.d.DepartmentalStoreApplication     :   Starting DepartmentalStoreApplication using Java 21.0.2 with PID 18120 (C:\Users\himanshu.kumar\IdeaProjects\departmentalStore\target\classes started by Himanshu.Kumar in C:\Users\himanshu.kumar\IdeaProjects\departmentalStore)
2024-04-25 12:58:39.322 [main] DEBUG --- c.h.d.DepartmentalStoreApplication     :   Running with Spring Boot v3.2.4, Spring v6.1.5
2024-04-25 12:58:39.323 [main] INFO  --- c.h.d.DepartmentalStoreApplication     :   No active profile set, falling back to 1 default profile: "default"
2024-04-25 12:58:40.274 [main] INFO  --- o.s.d.r.c.RepositoryConfigurationDelegate     :   Bootstrapping Spring Data JPA repositories in DEFAULT mode.
2024-04-25 12:58:40.345 [main] INFO  --- o.s.d.r.c.RepositoryConfigurationDelegate     :   Finished Spring Data repository scanning in 62 ms. Found 5 JPA repository interfaces.
2024-04-25 12:58:40.989 [main] INFO  --- o.s.b.w.e.tomcat.TomcatWebServer     :   Tomcat initialized with port 8080 (http)
2024-04-25 12:58:40.999 [main] INFO  --- o.a.coyote.http11.Http11NioProtocol     :   Initializing ProtocolHandler ["http-nio-8080"]
2024-04-25 12:58:41.001 [main] INFO  --- o.a.catalina.core.StandardService     :   Starting service [Tomcat]
2024-04-25 12:58:41.002 [main] INFO  --- o.a.catalina.core.StandardEngine     :   Starting Servlet engine: [Apache Tomcat/10.1.19]
2024-04-25 12:58:41.079 [main] INFO  --- o.a.c.c.C.[Tomcat].[localhost].[/]     :   Initializing Spring embedded WebApplicationContext
2024-04-25 12:58:41.079 [main] INFO  --- o.s.b.w.s.c.ServletWebServerApplicationContext     :   Root WebApplicationContext: initialization completed in 1709 ms
2024-04-25 12:58:41.274 [main] INFO  --- o.h.jpa.internal.util.LogHelper     :   HHH000204: Processing PersistenceUnitInfo [name: default]
2024-04-25 12:58:41.348 [main] INFO  --- org.hibernate.Version     :   HHH000412: Hibernate ORM core version 6.4.4.Final
2024-04-25 12:58:41.386 [main] INFO  --- o.h.c.i.RegionFactoryInitiator     :   HHH000026: Second-level cache disabled
2024-04-25 12:58:41.658 [main] INFO  --- o.s.o.j.p.SpringPersistenceUnitInfo     :   No LoadTimeWeaver setup: ignoring JPA class transformer
2024-04-25 12:58:41.687 [main] INFO  --- com.zaxxer.hikari.HikariDataSource     :   HikariPool-1 - Starting...
2024-04-25 12:58:42.060 [main] INFO  --- com.zaxxer.hikari.pool.HikariPool     :   HikariPool-1 - Added connection com.mysql.cj.jdbc.ConnectionImpl@38929da
2024-04-25 12:58:42.063 [main] INFO  --- com.zaxxer.hikari.HikariDataSource     :   HikariPool-1 - Start completed.
2024-04-25 12:58:43.118 [main] INFO  --- o.h.e.t.j.p.i.JtaPlatformInitiator     :   HHH000489: No JTA platform available (set 'hibernate.transaction.jta.platform' to enable JTA platform integration)
2024-04-25 12:58:43.197 [main] INFO  --- o.s.o.j.LocalContainerEntityManagerFactoryBean     :   Initialized JPA EntityManagerFactory for persistence unit 'default'
2024-04-25 12:58:44.134 [main] WARN  --- o.s.b.a.o.j.JpaBaseConfiguration$JpaWebConfiguration     :   spring.jpa.open-in-view is enabled by default. Therefore, database queries may be performed during view rendering. Explicitly configure spring.jpa.open-in-view to disable this warning
2024-04-25 12:58:44.617 [main] INFO  --- o.a.coyote.http11.Http11NioProtocol     :   Starting ProtocolHandler ["http-nio-8080"]
2024-04-25 12:58:44.642 [main] INFO  --- o.s.b.w.e.tomcat.TomcatWebServer     :   Tomcat started on port 8080 (http) with context path ''
2024-04-25 12:58:44.657 [main] INFO  --- c.h.d.DepartmentalStoreApplication     :   Started DepartmentalStoreApplication in 5.752 seconds (process running for 6.465)
2024-04-25 12:59:02.940 [http-nio-8080-exec-2] INFO  --- o.a.c.c.C.[Tomcat].[localhost].[/]     :   Initializing Spring DispatcherServlet 'dispatcherServlet'
2024-04-25 12:59:02.940 [http-nio-8080-exec-2] INFO  --- o.s.web.servlet.DispatcherServlet     :   Initializing Servlet 'dispatcherServlet'
2024-04-25 12:59:02.942 [http-nio-8080-exec-2] INFO  --- o.s.web.servlet.DispatcherServlet     :   Completed initialization in 1 ms
2024-04-25 12:59:03.000 [http-nio-8080-exec-2] INFO  --- c.h.d.controller.OrderController     :   Received request to fetch all orders by Id : 78
2024-04-25 12:59:03.000 [http-nio-8080-exec-2] INFO  --- c.h.d.service.OrderService     :   Fetching all orders with Id : 78
2024-04-25 12:59:03.084 [http-nio-8080-exec-2] ERROR --- c.h.d.e.GlobalExceptionHandler     :   ResourceNotFoundException: Order not found with Id : 78
