2024-04-23 15:17:07.616 [SpringApplicationShutdownHook] INFO  --- o.s.o.j.LocalContainerEntityManagerFactoryBean     :   Closing JPA EntityManagerFactory for persistence unit 'default'
2024-04-23 15:17:07.622 [SpringApplicationShutdownHook] INFO  --- com.zaxxer.hikari.HikariDataSource     :   HikariPool-1 - Shutdown initiated...
2024-04-23 15:17:07.631 [SpringApplicationShutdownHook] INFO  --- com.zaxxer.hikari.HikariDataSource     :   HikariPool-1 - Shutdown completed.
2024-04-23 15:17:15.127 [background-preinit] INFO  --- o.h.validator.internal.util.Version     :   HV000001: Hibernate Validator 8.0.1.Final
2024-04-23 15:17:15.187 [main] INFO  --- c.h.d.DepartmentalStoreApplication     :   Starting DepartmentalStoreApplication using Java 21.0.2 with PID 13876 (C:\Users\himanshu.kumar\IdeaProjects\departmentalStore\target\classes started by Himanshu.Kumar in C:\Users\himanshu.kumar\IdeaProjects\departmentalStore)
2024-04-23 15:17:15.188 [main] DEBUG --- c.h.d.DepartmentalStoreApplication     :   Running with Spring Boot v3.2.4, Spring v6.1.5
2024-04-23 15:17:15.189 [main] INFO  --- c.h.d.DepartmentalStoreApplication     :   No active profile set, falling back to 1 default profile: "default"
2024-04-23 15:17:16.186 [main] INFO  --- o.s.d.r.c.RepositoryConfigurationDelegate     :   Bootstrapping Spring Data JPA repositories in DEFAULT mode.
2024-04-23 15:17:16.256 [main] INFO  --- o.s.d.r.c.RepositoryConfigurationDelegate     :   Finished Spring Data repository scanning in 61 ms. Found 5 JPA repository interfaces.
2024-04-23 15:17:16.887 [main] INFO  --- o.s.b.w.e.tomcat.TomcatWebServer     :   Tomcat initialized with port 8080 (http)
2024-04-23 15:17:16.900 [main] INFO  --- o.a.coyote.http11.Http11NioProtocol     :   Initializing ProtocolHandler ["http-nio-8080"]
2024-04-23 15:17:16.902 [main] INFO  --- o.a.catalina.core.StandardService     :   Starting service [Tomcat]
2024-04-23 15:17:16.902 [main] INFO  --- o.a.catalina.core.StandardEngine     :   Starting Servlet engine: [Apache Tomcat/10.1.19]
2024-04-23 15:17:16.976 [main] INFO  --- o.a.c.c.C.[Tomcat].[localhost].[/]     :   Initializing Spring embedded WebApplicationContext
2024-04-23 15:17:16.977 [main] INFO  --- o.s.b.w.s.c.ServletWebServerApplicationContext     :   Root WebApplicationContext: initialization completed in 1740 ms
2024-04-23 15:17:17.177 [main] INFO  --- o.h.jpa.internal.util.LogHelper     :   HHH000204: Processing PersistenceUnitInfo [name: default]
2024-04-23 15:17:17.253 [main] INFO  --- org.hibernate.Version     :   HHH000412: Hibernate ORM core version 6.4.4.Final
2024-04-23 15:17:17.292 [main] INFO  --- o.h.c.i.RegionFactoryInitiator     :   HHH000026: Second-level cache disabled
2024-04-23 15:17:17.557 [main] INFO  --- o.s.o.j.p.SpringPersistenceUnitInfo     :   No LoadTimeWeaver setup: ignoring JPA class transformer
2024-04-23 15:17:17.587 [main] INFO  --- com.zaxxer.hikari.HikariDataSource     :   HikariPool-1 - Starting...
2024-04-23 15:17:17.980 [main] INFO  --- com.zaxxer.hikari.pool.HikariPool     :   HikariPool-1 - Added connection com.mysql.cj.jdbc.ConnectionImpl@182e4365
2024-04-23 15:17:17.983 [main] INFO  --- com.zaxxer.hikari.HikariDataSource     :   HikariPool-1 - Start completed.
2024-04-23 15:17:19.014 [main] INFO  --- o.h.e.t.j.p.i.JtaPlatformInitiator     :   HHH000489: No JTA platform available (set 'hibernate.transaction.jta.platform' to enable JTA platform integration)
2024-04-23 15:17:19.091 [main] INFO  --- o.s.o.j.LocalContainerEntityManagerFactoryBean     :   Initialized JPA EntityManagerFactory for persistence unit 'default'
2024-04-23 15:17:20.058 [main] WARN  --- o.s.b.a.o.j.JpaBaseConfiguration$JpaWebConfiguration     :   spring.jpa.open-in-view is enabled by default. Therefore, database queries may be performed during view rendering. Explicitly configure spring.jpa.open-in-view to disable this warning
2024-04-23 15:17:20.492 [main] INFO  --- o.a.coyote.http11.Http11NioProtocol     :   Starting ProtocolHandler ["http-nio-8080"]
2024-04-23 15:17:20.517 [main] INFO  --- o.s.b.w.e.tomcat.TomcatWebServer     :   Tomcat started on port 8080 (http) with context path ''
2024-04-23 15:17:20.527 [main] INFO  --- c.h.d.DepartmentalStoreApplication     :   Started DepartmentalStoreApplication in 5.775 seconds (process running for 6.489)
2024-04-23 15:17:26.383 [http-nio-8080-exec-1] INFO  --- o.a.c.c.C.[Tomcat].[localhost].[/]     :   Initializing Spring DispatcherServlet 'dispatcherServlet'
2024-04-23 15:17:26.383 [http-nio-8080-exec-1] INFO  --- o.s.web.servlet.DispatcherServlet     :   Initializing Servlet 'dispatcherServlet'
2024-04-23 15:17:26.385 [http-nio-8080-exec-1] INFO  --- o.s.web.servlet.DispatcherServlet     :   Completed initialization in 1 ms
2024-04-23 15:17:26.495 [http-nio-8080-exec-1] INFO  --- c.h.d.controller.OrderController     :   Received request to create order.
2024-04-23 15:17:26.495 [http-nio-8080-exec-1] INFO  --- c.h.d.controller.OrderController     :   Converting OrderRequestBody to Order.
2024-04-23 15:17:26.499 [http-nio-8080-exec-1] INFO  --- c.h.d.controller.OrderController     :   OrderRequestBody converted to Order
2024-04-23 15:17:26.499 [http-nio-8080-exec-1] INFO  --- c.h.d.service.OrderService     :   Placing order.
2024-04-23 15:17:26.499 [http-nio-8080-exec-1] INFO  --- c.h.d.service.ProductService     :   Fetching product with ID 4
2024-04-23 15:17:26.560 [http-nio-8080-exec-1] INFO  --- c.h.d.service.ProductService     :   Fetched product: com.himanshu.departmentalStore.model.Product@5a742944
2024-04-23 15:17:26.560 [http-nio-8080-exec-1] INFO  --- c.h.d.service.OrderService     :   Checking isProductAvailable
2024-04-23 15:17:26.560 [http-nio-8080-exec-1] ERROR --- c.h.d.service.OrderService     :   Product not available
2024-04-23 15:17:26.560 [http-nio-8080-exec-1] INFO  --- c.h.d.service.OrderService     :   Creating Backorder
2024-04-23 15:17:26.560 [http-nio-8080-exec-1] INFO  --- c.h.d.service.OrderService     :   Saving Backorder
2024-04-23 15:17:26.560 [http-nio-8080-exec-1] INFO  --- c.h.d.service.BackorderService     :   Saving backorder
2024-04-23 15:17:26.612 [http-nio-8080-exec-1] INFO  --- c.h.d.service.OrderService     :   Backorder saved with Id : 7
2024-04-23 15:17:26.614 [http-nio-8080-exec-1] ERROR --- c.h.d.e.GlobalExceptionHandler     :   Custom Exception: Ordered quantity is more then quantity left in stock : Backorder created
2024-04-23 15:17:33.172 [http-nio-8080-exec-3] INFO  --- c.h.d.controller.OrderController     :   Received request to fetch all orders.
2024-04-23 15:17:33.172 [http-nio-8080-exec-3] INFO  --- c.h.d.service.OrderService     :   Fetching all orders
2024-04-23 15:17:33.287 [http-nio-8080-exec-3] INFO  --- c.h.d.service.OrderService     :   Order Fetched
2024-04-23 15:17:55.496 [http-nio-8080-exec-4] INFO  --- c.h.d.controller.OrderController     :   Received request to create order.
2024-04-23 15:17:55.496 [http-nio-8080-exec-4] INFO  --- c.h.d.controller.OrderController     :   Converting OrderRequestBody to Order.
2024-04-23 15:17:55.496 [http-nio-8080-exec-4] INFO  --- c.h.d.controller.OrderController     :   OrderRequestBody converted to Order
2024-04-23 15:17:55.496 [http-nio-8080-exec-4] INFO  --- c.h.d.service.OrderService     :   Placing order.
2024-04-23 15:17:55.497 [http-nio-8080-exec-4] INFO  --- c.h.d.service.ProductService     :   Fetching product with ID 4
2024-04-23 15:17:55.501 [http-nio-8080-exec-4] INFO  --- c.h.d.service.ProductService     :   Fetched product: com.himanshu.departmentalStore.model.Product@7b14aa50
2024-04-23 15:17:55.501 [http-nio-8080-exec-4] INFO  --- c.h.d.service.OrderService     :   Checking isProductAvailable
2024-04-23 15:17:55.501 [http-nio-8080-exec-4] INFO  --- c.h.d.service.OrderService     :   Product available.
2024-04-23 15:17:55.501 [http-nio-8080-exec-4] INFO  --- c.h.d.service.OrderService     :   Calculating total amount
2024-04-23 15:17:55.501 [http-nio-8080-exec-4] INFO  --- c.h.d.service.DiscountService     :   Fetching discount by ID: 2
2024-04-23 15:17:55.508 [http-nio-8080-exec-4] ERROR --- c.h.d.e.GlobalExceptionHandler     :   ResourceNotFoundException: Discount not found with Id : 2
2024-04-23 15:18:04.682 [http-nio-8080-exec-5] INFO  --- c.h.d.controller.OrderController     :   Received request to create order.
2024-04-23 15:18:04.682 [http-nio-8080-exec-5] INFO  --- c.h.d.controller.OrderController     :   Converting OrderRequestBody to Order.
2024-04-23 15:18:04.682 [http-nio-8080-exec-5] INFO  --- c.h.d.controller.OrderController     :   OrderRequestBody converted to Order
2024-04-23 15:18:04.682 [http-nio-8080-exec-5] INFO  --- c.h.d.service.OrderService     :   Placing order.
2024-04-23 15:18:04.682 [http-nio-8080-exec-5] INFO  --- c.h.d.service.ProductService     :   Fetching product with ID 4
2024-04-23 15:18:04.687 [http-nio-8080-exec-5] INFO  --- c.h.d.service.ProductService     :   Fetched product: com.himanshu.departmentalStore.model.Product@afb376e
2024-04-23 15:18:04.687 [http-nio-8080-exec-5] INFO  --- c.h.d.service.OrderService     :   Checking isProductAvailable
2024-04-23 15:18:04.687 [http-nio-8080-exec-5] INFO  --- c.h.d.service.OrderService     :   Product available.
2024-04-23 15:18:04.687 [http-nio-8080-exec-5] INFO  --- c.h.d.service.OrderService     :   Calculating total amount
2024-04-23 15:18:04.687 [http-nio-8080-exec-5] INFO  --- c.h.d.service.DiscountService     :   Fetching discount by ID: 1
2024-04-23 15:18:04.691 [http-nio-8080-exec-5] INFO  --- c.h.d.service.OrderService     :   Amount updated in order
2024-04-23 15:18:04.691 [http-nio-8080-exec-5] INFO  --- c.h.d.service.ProductService     :   Updating product with ID 4: com.himanshu.departmentalStore.model.Product@afb376e
2024-04-23 15:18:05.090 [http-nio-8080-exec-5] INFO  --- c.h.d.service.OrderService     :   Updating product quantity
2024-04-23 15:18:05.090 [http-nio-8080-exec-5] INFO  --- c.h.d.service.OrderService     :   Saving order
2024-04-23 15:18:05.106 [http-nio-8080-exec-5] INFO  --- c.h.d.controller.OrderController     :   Order Placed.
2024-04-23 15:18:09.986 [http-nio-8080-exec-6] INFO  --- c.h.d.controller.OrderController     :   Received request to fetch all orders.
2024-04-23 15:18:09.986 [http-nio-8080-exec-6] INFO  --- c.h.d.service.OrderService     :   Fetching all orders
2024-04-23 15:18:09.998 [http-nio-8080-exec-6] INFO  --- c.h.d.service.OrderService     :   Order Fetched
