2024-04-23 15:18:38.788 [http-nio-8080-exec-7] INFO  --- c.h.d.controller.OrderController     :   Received request to update the order with Id : 2.
2024-04-23 15:18:38.797 [http-nio-8080-exec-7] INFO  --- c.h.d.controller.OrderController     :   Converting OrderRequestBody to Order.
2024-04-23 15:18:38.797 [http-nio-8080-exec-7] INFO  --- c.h.d.controller.OrderController     :   OrderRequestBody converted to Order
2024-04-23 15:18:38.798 [http-nio-8080-exec-7] INFO  --- c.h.d.service.OrderService     :   Updating order with Id : 2
2024-04-23 15:18:38.806 [http-nio-8080-exec-7] INFO  --- c.h.d.service.OrderService     :   Check if the customer, product, and discount are the same or different
2024-04-23 15:18:38.811 [http-nio-8080-exec-7] ERROR --- c.h.d.service.OrderService     :   Can't update : Customer or Product or Discount is not same : Only Quantity can be updated
2024-04-23 15:18:38.812 [http-nio-8080-exec-7] ERROR --- c.h.d.e.GlobalExceptionHandler     :   Custom Exception: Can't update  : Customer or Product or Discount is not same : Only Quantity can be updated
2024-04-23 15:29:35.197 [SpringApplicationShutdownHook] INFO  --- o.s.o.j.LocalContainerEntityManagerFactoryBean     :   Closing JPA EntityManagerFactory for persistence unit 'default'
2024-04-23 15:29:35.200 [SpringApplicationShutdownHook] INFO  --- com.zaxxer.hikari.HikariDataSource     :   HikariPool-1 - Shutdown initiated...
2024-04-23 15:29:35.209 [SpringApplicationShutdownHook] INFO  --- com.zaxxer.hikari.HikariDataSource     :   HikariPool-1 - Shutdown completed.
2024-04-23 15:29:42.373 [background-preinit] INFO  --- o.h.validator.internal.util.Version     :   HV000001: Hibernate Validator 8.0.1.Final
2024-04-23 15:29:42.434 [main] INFO  --- c.h.d.DepartmentalStoreApplication     :   Starting DepartmentalStoreApplication using Java 21.0.2 with PID 340 (C:\Users\himanshu.kumar\IdeaProjects\departmentalStore\target\classes started by Himanshu.Kumar in C:\Users\himanshu.kumar\IdeaProjects\departmentalStore)
2024-04-23 15:29:42.435 [main] DEBUG --- c.h.d.DepartmentalStoreApplication     :   Running with Spring Boot v3.2.4, Spring v6.1.5
2024-04-23 15:29:42.436 [main] INFO  --- c.h.d.DepartmentalStoreApplication     :   No active profile set, falling back to 1 default profile: "default"
2024-04-23 15:29:43.436 [main] INFO  --- o.s.d.r.c.RepositoryConfigurationDelegate     :   Bootstrapping Spring Data JPA repositories in DEFAULT mode.
2024-04-23 15:29:43.508 [main] INFO  --- o.s.d.r.c.RepositoryConfigurationDelegate     :   Finished Spring Data repository scanning in 64 ms. Found 5 JPA repository interfaces.
2024-04-23 15:29:44.103 [main] INFO  --- o.s.b.w.e.tomcat.TomcatWebServer     :   Tomcat initialized with port 8080 (http)
2024-04-23 15:29:44.112 [main] INFO  --- o.a.coyote.http11.Http11NioProtocol     :   Initializing ProtocolHandler ["http-nio-8080"]
2024-04-23 15:29:44.115 [main] INFO  --- o.a.catalina.core.StandardService     :   Starting service [Tomcat]
2024-04-23 15:29:44.115 [main] INFO  --- o.a.catalina.core.StandardEngine     :   Starting Servlet engine: [Apache Tomcat/10.1.19]
2024-04-23 15:29:44.190 [main] INFO  --- o.a.c.c.C.[Tomcat].[localhost].[/]     :   Initializing Spring embedded WebApplicationContext
2024-04-23 15:29:44.191 [main] INFO  --- o.s.b.w.s.c.ServletWebServerApplicationContext     :   Root WebApplicationContext: initialization completed in 1705 ms
2024-04-23 15:29:44.397 [main] INFO  --- o.h.jpa.internal.util.LogHelper     :   HHH000204: Processing PersistenceUnitInfo [name: default]
2024-04-23 15:29:44.470 [main] INFO  --- org.hibernate.Version     :   HHH000412: Hibernate ORM core version 6.4.4.Final
2024-04-23 15:29:44.509 [main] INFO  --- o.h.c.i.RegionFactoryInitiator     :   HHH000026: Second-level cache disabled
2024-04-23 15:29:44.773 [main] INFO  --- o.s.o.j.p.SpringPersistenceUnitInfo     :   No LoadTimeWeaver setup: ignoring JPA class transformer
2024-04-23 15:29:44.802 [main] INFO  --- com.zaxxer.hikari.HikariDataSource     :   HikariPool-1 - Starting...
2024-04-23 15:29:45.195 [main] INFO  --- com.zaxxer.hikari.pool.HikariPool     :   HikariPool-1 - Added connection com.mysql.cj.jdbc.ConnectionImpl@87aec6a
2024-04-23 15:29:45.196 [main] INFO  --- com.zaxxer.hikari.HikariDataSource     :   HikariPool-1 - Start completed.
2024-04-23 15:29:46.222 [main] INFO  --- o.h.e.t.j.p.i.JtaPlatformInitiator     :   HHH000489: No JTA platform available (set 'hibernate.transaction.jta.platform' to enable JTA platform integration)
2024-04-23 15:29:46.308 [main] INFO  --- o.s.o.j.LocalContainerEntityManagerFactoryBean     :   Initialized JPA EntityManagerFactory for persistence unit 'default'
2024-04-23 15:29:47.319 [main] WARN  --- o.s.b.a.o.j.JpaBaseConfiguration$JpaWebConfiguration     :   spring.jpa.open-in-view is enabled by default. Therefore, database queries may be performed during view rendering. Explicitly configure spring.jpa.open-in-view to disable this warning
2024-04-23 15:29:47.767 [main] INFO  --- o.a.coyote.http11.Http11NioProtocol     :   Starting ProtocolHandler ["http-nio-8080"]
2024-04-23 15:29:47.795 [main] INFO  --- o.s.b.w.e.tomcat.TomcatWebServer     :   Tomcat started on port 8080 (http) with context path ''
2024-04-23 15:29:47.806 [main] INFO  --- c.h.d.DepartmentalStoreApplication     :   Started DepartmentalStoreApplication in 5.784 seconds (process running for 6.462)
2024-04-23 15:30:32.847 [http-nio-8080-exec-2] INFO  --- o.a.c.c.C.[Tomcat].[localhost].[/]     :   Initializing Spring DispatcherServlet 'dispatcherServlet'
2024-04-23 15:30:32.847 [http-nio-8080-exec-2] INFO  --- o.s.web.servlet.DispatcherServlet     :   Initializing Servlet 'dispatcherServlet'
2024-04-23 15:30:32.849 [http-nio-8080-exec-2] INFO  --- o.s.web.servlet.DispatcherServlet     :   Completed initialization in 2 ms
2024-04-23 15:30:32.982 [http-nio-8080-exec-2] INFO  --- c.h.d.controller.OrderController     :   Received request to create order.
2024-04-23 15:30:32.982 [http-nio-8080-exec-2] INFO  --- c.h.d.controller.OrderController     :   Converting OrderRequestBody to Order.
2024-04-23 15:30:32.988 [http-nio-8080-exec-2] INFO  --- c.h.d.controller.OrderController     :   OrderRequestBody converted to Order
2024-04-23 15:30:32.988 [http-nio-8080-exec-2] INFO  --- c.h.d.service.OrderService     :   Placing order.
2024-04-23 15:30:32.989 [http-nio-8080-exec-2] INFO  --- c.h.d.service.ProductService     :   Fetching product with ID 4
2024-04-23 15:30:33.086 [http-nio-8080-exec-2] INFO  --- c.h.d.service.ProductService     :   Fetched product: com.himanshu.departmentalStore.model.Product@14be8e59
2024-04-23 15:30:33.086 [http-nio-8080-exec-2] INFO  --- c.h.d.service.OrderService     :   Checking isProductAvailable
2024-04-23 15:30:33.086 [http-nio-8080-exec-2] ERROR --- c.h.d.service.OrderService     :   Product not available
2024-04-23 15:30:33.086 [http-nio-8080-exec-2] INFO  --- c.h.d.service.OrderService     :   Creating Backorder
2024-04-23 15:30:33.087 [http-nio-8080-exec-2] INFO  --- c.h.d.service.OrderService     :   Saving Backorder
2024-04-23 15:30:33.087 [http-nio-8080-exec-2] INFO  --- c.h.d.service.BackorderService     :   Saving backorder
2024-04-23 15:30:33.156 [http-nio-8080-exec-2] INFO  --- c.h.d.service.OrderService     :   Backorder saved with Id : 8
2024-04-23 15:30:33.163 [http-nio-8080-exec-2] ERROR --- c.h.d.e.GlobalExceptionHandler     :   Custom Exception: Ordered quantity is more then quantity left in stock : Backorder created
2024-04-23 15:31:24.838 [http-nio-8080-exec-3] INFO  --- c.h.d.controller.OrderController     :   Received request to update the order with Id : 2.
2024-04-23 15:31:24.838 [http-nio-8080-exec-3] INFO  --- c.h.d.controller.OrderController     :   Converting OrderRequestBody to Order.
2024-04-23 15:31:24.838 [http-nio-8080-exec-3] INFO  --- c.h.d.controller.OrderController     :   OrderRequestBody converted to Order
2024-04-23 15:31:24.838 [http-nio-8080-exec-3] INFO  --- c.h.d.service.OrderService     :   Updating order with Id : 2
2024-04-23 15:31:24.848 [http-nio-8080-exec-3] INFO  --- c.h.d.service.OrderService     :   Check if the customer, product, and discount are the same or different
2024-04-23 15:31:24.849 [http-nio-8080-exec-3] ERROR --- c.h.d.service.OrderService     :   Can't update : Customer or Product or Discount is not same : Only Quantity can be updated
2024-04-23 15:31:24.849 [http-nio-8080-exec-3] ERROR --- c.h.d.e.GlobalExceptionHandler     :   Custom Exception: Can't update  : Customer or Product or Discount is not same : Only Quantity can be updated
2024-04-23 15:32:02.762 [http-nio-8080-exec-5] INFO  --- c.h.d.controller.OrderController     :   Received request to update the order with Id : 2.
2024-04-23 15:32:02.763 [http-nio-8080-exec-5] INFO  --- c.h.d.controller.OrderController     :   Converting OrderRequestBody to Order.
2024-04-23 15:32:02.763 [http-nio-8080-exec-5] INFO  --- c.h.d.controller.OrderController     :   OrderRequestBody converted to Order
2024-04-23 15:32:02.763 [http-nio-8080-exec-5] INFO  --- c.h.d.service.OrderService     :   Updating order with Id : 2
2024-04-23 15:32:02.770 [http-nio-8080-exec-5] INFO  --- c.h.d.service.OrderService     :   Check if the customer, product, and discount are the same or different
2024-04-23 15:32:02.770 [http-nio-8080-exec-5] ERROR --- c.h.d.service.OrderService     :   No change in previous and current quantity : not updated
2024-04-23 15:32:02.770 [http-nio-8080-exec-5] ERROR --- c.h.d.e.GlobalExceptionHandler     :   Custom Exception: No change in previous and current quantity
2024-04-23 15:32:19.434 [http-nio-8080-exec-7] INFO  --- c.h.d.controller.OrderController     :   Received request to update the order with Id : 2.
2024-04-23 15:32:19.434 [http-nio-8080-exec-7] INFO  --- c.h.d.controller.OrderController     :   Converting OrderRequestBody to Order.
2024-04-23 15:32:19.434 [http-nio-8080-exec-7] INFO  --- c.h.d.controller.OrderController     :   OrderRequestBody converted to Order
2024-04-23 15:32:19.434 [http-nio-8080-exec-7] INFO  --- c.h.d.service.OrderService     :   Updating order with Id : 2
2024-04-23 15:32:19.440 [http-nio-8080-exec-7] INFO  --- c.h.d.service.OrderService     :   Check if the customer, product, and discount are the same or different
2024-04-23 15:32:19.440 [http-nio-8080-exec-7] INFO  --- c.h.d.service.OrderService     :   Product quantity increased : Checking is Product available
2024-04-23 15:32:19.440 [http-nio-8080-exec-7] ERROR --- c.h.d.service.OrderService     :   Product not available
2024-04-23 15:32:19.440 [http-nio-8080-exec-7] ERROR --- c.h.d.service.OrderService     :   Ordered quantity is more then quantity left in stock : not updated
2024-04-23 15:32:19.440 [http-nio-8080-exec-7] ERROR --- c.h.d.e.GlobalExceptionHandler     :   Custom Exception: Can't update the order : Ordered quantity is more then quantity left in stock
