2024-04-23 02:33:01.203 [SpringApplicationShutdownHook] INFO  --- o.s.o.j.LocalContainerEntityManagerFactoryBean     :   Closing JPA EntityManagerFactory for persistence unit 'default'
2024-04-23 02:33:01.209 [SpringApplicationShutdownHook] INFO  --- com.zaxxer.hikari.HikariDataSource     :   HikariPool-1 - Shutdown initiated...
2024-04-23 02:33:01.215 [SpringApplicationShutdownHook] INFO  --- com.zaxxer.hikari.HikariDataSource     :   HikariPool-1 - Shutdown completed.
2024-04-23 02:33:07.859 [main] INFO  --- c.h.d.service.OrderService     :   Deleting order with Id : 1
2024-04-23 02:33:07.867 [main] INFO  --- c.h.d.service.OrderService     :   Updating product
2024-04-23 02:33:07.869 [main] INFO  --- c.h.d.service.OrderService     :   Product quantity increased in product
2024-04-23 02:33:07.869 [main] INFO  --- c.h.d.service.OrderService     :   Checking backorder which can be fulfilled
2024-04-23 02:33:07.869 [main] INFO  --- c.h.d.service.OrderService     :   Order deleted with Id : 1
2024-04-23 02:33:07.908 [main] INFO  --- c.h.d.service.OrderService     :   Updating order with Id : 1
2024-04-23 02:33:07.909 [main] INFO  --- c.h.d.service.OrderService     :   Check if the customer, product, and discount are the same or different
2024-04-23 02:33:07.909 [main] INFO  --- c.h.d.service.OrderService     :   Product quantity increased : Checking is Product available
2024-04-23 02:33:07.909 [main] INFO  --- c.h.d.service.OrderService     :   Product available.
2024-04-23 02:33:07.910 [main] INFO  --- c.h.d.service.OrderService     :   Updated Order, product, orderAmount
2024-04-23 02:33:07.922 [main] INFO  --- c.h.d.service.OrderService     :   Fetching all orders
2024-04-23 02:33:07.922 [main] INFO  --- c.h.d.service.OrderService     :   Order Fetched
2024-04-23 02:33:07.931 [main] INFO  --- c.h.d.service.OrderService     :   Fetching all orders with Id : 1
2024-04-23 02:33:07.932 [main] INFO  --- c.h.d.service.OrderService     :   Order fetched with Id : 1, order : com.himanshu.departmentalStore.model.Order@2dfe5525
2024-04-23 02:33:07.941 [main] INFO  --- c.h.d.service.OrderService     :   Placing order.
2024-04-23 02:33:07.942 [main] INFO  --- c.h.d.service.OrderService     :   Checking isProductAvailable
2024-04-23 02:33:07.942 [main] INFO  --- c.h.d.service.OrderService     :   Product available.
2024-04-23 02:33:07.942 [main] INFO  --- c.h.d.service.OrderService     :   Calculating total amount
2024-04-23 02:33:07.942 [main] INFO  --- c.h.d.service.OrderService     :   Amount updated in order
2024-04-23 02:33:07.942 [main] INFO  --- c.h.d.service.OrderService     :   Updating product quantity
2024-04-23 02:33:07.942 [main] INFO  --- c.h.d.service.OrderService     :   Saving order
2024-04-23 02:33:07.985 [main] INFO  --- c.h.d.controller.CustomerController     :   Request received to fetch customer with ID 1
2024-04-23 02:33:07.985 [main] INFO  --- c.h.d.controller.CustomerController     :   Returning customer with ID 1: com.himanshu.departmentalStore.model.Customer@6cd56321
2024-04-23 02:33:08.001 [main] INFO  --- c.h.d.controller.CustomerController     :   Request received to delete customer with ID 1
2024-04-23 02:33:08.002 [main] INFO  --- c.h.d.controller.CustomerController     :   Customer with ID 1 deleted successfully
2024-04-23 02:33:08.007 [main] INFO  --- c.h.d.controller.CustomerController     :   Received request to retrieve all customers.
2024-04-23 02:33:08.008 [main] INFO  --- c.h.d.controller.CustomerController     :   Retrieved 2 customers.
2024-04-23 02:33:08.013 [main] INFO  --- c.h.d.controller.CustomerController     :   Request received to save a new customer: com.himanshu.departmentalStore.model.Customer@5412bfea
2024-04-23 02:33:08.013 [main] INFO  --- c.h.d.controller.CustomerController     :   Saved customer: com.himanshu.departmentalStore.model.Customer@5412bfea
2024-04-23 02:33:08.019 [main] INFO  --- c.h.d.controller.CustomerController     :   Request received to update customer with ID 1: com.himanshu.departmentalStore.model.Customer@49fe3142
2024-04-23 02:33:08.019 [main] INFO  --- c.h.d.controller.CustomerController     :   Updated customer with ID 1: com.himanshu.departmentalStore.model.Customer@49fe3142
2024-04-23 02:33:08.731 [background-preinit] INFO  --- o.h.validator.internal.util.Version     :   HV000001: Hibernate Validator 8.0.1.Final
2024-04-23 02:33:08.765 [main] INFO  --- c.h.d.repository.OrderRepositoryTest     :   Starting OrderRepositoryTest using Java 21.0.2 with PID 17384 (started by Himanshu.Kumar in C:\Users\himanshu.kumar\IdeaProjects\departmentalStore)
2024-04-23 02:33:08.766 [main] DEBUG --- c.h.d.repository.OrderRepositoryTest     :   Running with Spring Boot v3.2.4, Spring v6.1.5
2024-04-23 02:33:08.767 [main] INFO  --- c.h.d.repository.OrderRepositoryTest     :   No active profile set, falling back to 1 default profile: "default"
2024-04-23 02:33:10.359 [main] INFO  --- o.s.d.r.c.RepositoryConfigurationDelegate     :   Bootstrapping Spring Data JPA repositories in DEFAULT mode.
2024-04-23 02:33:10.478 [main] INFO  --- o.s.d.r.c.RepositoryConfigurationDelegate     :   Finished Spring Data repository scanning in 104 ms. Found 5 JPA repository interfaces.
2024-04-23 02:33:11.389 [main] INFO  --- o.h.jpa.internal.util.LogHelper     :   HHH000204: Processing PersistenceUnitInfo [name: default]
2024-04-23 02:33:11.515 [main] INFO  --- org.hibernate.Version     :   HHH000412: Hibernate ORM core version 6.4.4.Final
2024-04-23 02:33:11.597 [main] INFO  --- o.h.c.i.RegionFactoryInitiator     :   HHH000026: Second-level cache disabled
2024-04-23 02:33:11.762 [main] INFO  --- o.s.o.j.p.SpringPersistenceUnitInfo     :   No LoadTimeWeaver setup: ignoring JPA class transformer
2024-04-23 02:33:11.799 [main] INFO  --- com.zaxxer.hikari.HikariDataSource     :   HikariPool-1 - Starting...
2024-04-23 02:33:12.328 [main] INFO  --- com.zaxxer.hikari.pool.HikariPool     :   HikariPool-1 - Added connection com.mysql.cj.jdbc.ConnectionImpl@5b430541
2024-04-23 02:33:12.333 [main] INFO  --- com.zaxxer.hikari.HikariDataSource     :   HikariPool-1 - Start completed.
2024-04-23 02:33:13.886 [main] INFO  --- o.h.e.t.j.p.i.JtaPlatformInitiator     :   HHH000489: No JTA platform available (set 'hibernate.transaction.jta.platform' to enable JTA platform integration)
2024-04-23 02:33:14.027 [main] INFO  --- o.s.o.j.LocalContainerEntityManagerFactoryBean     :   Initialized JPA EntityManagerFactory for persistence unit 'default'
2024-04-23 02:33:16.090 [main] WARN  --- o.s.b.a.o.j.JpaBaseConfiguration$JpaWebConfiguration     :   spring.jpa.open-in-view is enabled by default. Therefore, database queries may be performed during view rendering. Explicitly configure spring.jpa.open-in-view to disable this warning
2024-04-23 02:33:17.036 [main] INFO  --- c.h.d.repository.OrderRepositoryTest     :   Started OrderRepositoryTest in 8.546 seconds (process running for 12.109)
2024-04-23 02:33:18.677 [main] INFO  --- c.h.d.service.ProductService     :   Fetching product with ID 1
2024-04-23 02:33:18.679 [main] INFO  --- c.h.d.service.ProductService     :   Fetched product: com.himanshu.departmentalStore.model.Product@293af2f1
2024-04-23 02:33:18.683 [main] INFO  --- c.h.d.service.ProductService     :   Updating product with ID 1: com.himanshu.departmentalStore.model.Product@3835f6f9
2024-04-23 02:33:18.688 [main] INFO  --- c.h.d.service.ProductService     :   Fetching all products from the database
2024-04-23 02:33:18.688 [main] INFO  --- c.h.d.service.ProductService     :   Fetched 2 products
2024-04-23 02:33:18.692 [main] INFO  --- c.h.d.service.ProductService     :   Deleting product with ID 1
2024-04-23 02:33:18.698 [main] INFO  --- c.h.d.service.ProductService     :   Saving new product: com.himanshu.departmentalStore.model.Product@6cd79426
2024-04-23 02:33:19.021 [main] INFO  --- c.h.d.controller.OrderController     :   Received request to delete order with ID: 1
2024-04-23 02:33:19.022 [main] INFO  --- c.h.d.controller.OrderController     :   Order deleted with ID: 1
2024-04-23 02:33:19.029 [main] INFO  --- c.h.d.controller.OrderController     :   Received request to update the order with Id : 1.
2024-04-23 02:33:19.029 [main] INFO  --- c.h.d.controller.OrderController     :   Converting OrderRequestBody to Order.
2024-04-23 02:33:19.030 [main] INFO  --- c.h.d.controller.OrderController     :   OrderRequestBody converted to Order
2024-04-23 02:33:19.030 [main] INFO  --- c.h.d.controller.OrderController     :   Order placed
2024-04-23 02:33:19.035 [main] INFO  --- c.h.d.controller.OrderController     :   Received request to fetch all orders.
2024-04-23 02:33:19.040 [main] INFO  --- c.h.d.controller.OrderController     :   Received request to fetch all orders by Id : 1
2024-04-23 02:33:19.040 [main] INFO  --- c.h.d.controller.OrderController     :   Fetched order with id : 1, order : com.himanshu.departmentalStore.model.Order@946d4c1
2024-04-23 02:33:19.046 [main] INFO  --- c.h.d.controller.OrderController     :   Received request to create order.
2024-04-23 02:33:19.047 [main] INFO  --- c.h.d.controller.OrderController     :   Converting OrderRequestBody to Order.
2024-04-23 02:33:19.047 [main] INFO  --- c.h.d.controller.OrderController     :   OrderRequestBody converted to Order
2024-04-23 02:33:19.047 [main] INFO  --- c.h.d.controller.OrderController     :   Order Placed.
2024-04-23 02:33:19.389 [main] INFO  --- c.h.d.service.CustomerService     :   Fetching customer with ID 1
2024-04-23 02:33:19.391 [main] INFO  --- c.h.d.service.CustomerService     :   Fetched customer: com.himanshu.departmentalStore.model.Customer@3664d285
2024-04-23 02:33:19.394 [main] INFO  --- c.h.d.service.CustomerService     :   Deleting customer with ID 1
2024-04-23 02:33:19.400 [main] INFO  --- c.h.d.service.CustomerService     :   Fetching all customers from the database
2024-04-23 02:33:19.400 [main] INFO  --- c.h.d.service.CustomerService     :   Fetched 2 customers
2024-04-23 02:33:19.404 [main] INFO  --- c.h.d.service.CustomerService     :   Saving new customer: com.himanshu.departmentalStore.model.Customer@3c41f6be
2024-04-23 02:33:19.408 [main] INFO  --- c.h.d.service.CustomerService     :   Updating customer with ID 1: com.himanshu.departmentalStore.model.Customer@54d9ebe1
2024-04-23 02:33:19.434 [main] INFO  --- c.h.d.controller.BackorderController     :   Received request to fetch backorder by ID: 1
2024-04-23 02:33:19.434 [main] INFO  --- c.h.d.controller.BackorderController     :   Fetched backorder with Id: 1
2024-04-23 02:33:19.447 [main] INFO  --- c.h.d.controller.BackorderController     :   Received request to update backorder with ID 1: BackOrderRequestBody(productId=1, customerId=1, quantity=10)
2024-04-23 02:33:19.451 [main] INFO  --- c.h.d.controller.BackorderController     :   Converting RequestBody to backorder
2024-04-23 02:33:19.451 [main] INFO  --- c.h.d.controller.BackorderController     :   RequestBody converted to backorder
2024-04-23 02:33:19.452 [main] INFO  --- c.h.d.controller.BackorderController     :   Backorder updated with ID : 1
2024-04-23 02:33:19.457 [main] INFO  --- c.h.d.controller.BackorderController     :   Received request to create new backorder with request body: BackOrderRequestBody(productId=1, customerId=1, quantity=5)
2024-04-23 02:33:19.458 [main] INFO  --- c.h.d.controller.BackorderController     :   Converting RequestBody to backorder
2024-04-23 02:33:19.458 [main] INFO  --- c.h.d.controller.BackorderController     :   RequestBody converted to backorder
2024-04-23 02:33:19.458 [main] INFO  --- c.h.d.controller.BackorderController     :   Backorder created with ID : 1
2024-04-23 02:33:19.462 [main] INFO  --- c.h.d.controller.BackorderController     :   Received request to fetch all backorders
2024-04-23 02:33:19.463 [main] INFO  --- c.h.d.controller.BackorderController     :   Fetched backorders
2024-04-23 02:33:19.467 [main] INFO  --- c.h.d.controller.BackorderController     :   Received request to delete backorder with ID: 1
2024-04-23 02:33:19.467 [main] INFO  --- c.h.d.controller.BackorderController     :   Backorder deleted with ID: 1
2024-04-23 02:33:19.569 [main] INFO  --- c.h.d.service.BackorderService     :   Fetching backorder by Id : 1
2024-04-23 02:33:19.574 [main] INFO  --- c.h.d.service.BackorderService     :   Updating backorder
2024-04-23 02:33:19.577 [main] INFO  --- c.h.d.service.BackorderService     :   Saving backorder
2024-04-23 02:33:19.581 [main] INFO  --- c.h.d.service.BackorderService     :   Fetching all backorders
2024-04-23 02:33:19.586 [main] INFO  --- c.h.d.service.BackorderService     :   Deleting backorder
2024-04-23 02:33:19.594 [main] INFO  --- c.h.d.controller.DiscountController     :   Received request to Fetch discount by Id : 1
2024-04-23 02:33:19.595 [main] INFO  --- c.h.d.controller.DiscountController     :   Fetched discounts with Id : 1, discount : com.himanshu.departmentalStore.model.Discount@1af74f3f
2024-04-23 02:33:19.599 [main] INFO  --- c.h.d.controller.DiscountController     :   Received request to delete discount with ID 1
2024-04-23 02:33:19.603 [main] INFO  --- c.h.d.controller.DiscountController     :   Received request to Fetch all active discounts
2024-04-23 02:33:19.604 [main] INFO  --- c.h.d.controller.DiscountController     :   Fetched all active discounts : [com.himanshu.departmentalStore.model.Discount@7ba4591, com.himanshu.departmentalStore.model.Discount@27946cee]
2024-04-23 02:33:19.607 [main] INFO  --- c.h.d.controller.DiscountController     :   Received request to create new discount: com.himanshu.departmentalStore.model.Discount@d9fe131
2024-04-23 02:33:19.610 [main] INFO  --- c.h.d.controller.DiscountController     :   Received request to update discount with ID 1: com.himanshu.departmentalStore.model.Discount@5c2b5f27
2024-04-23 02:33:19.616 [main] INFO  --- c.h.d.controller.ProductController     :   Request received to fetch product with ID 1
2024-04-23 02:33:19.616 [main] INFO  --- c.h.d.controller.ProductController     :   Returning product with ID 1: com.himanshu.departmentalStore.model.Product@1bf5745
2024-04-23 02:33:19.619 [main] INFO  --- c.h.d.controller.ProductController     :   Request received to update product with ID 1: com.himanshu.departmentalStore.model.Product@3ad43c37
2024-04-23 02:33:19.620 [main] INFO  --- c.h.d.controller.ProductController     :   Updated product with ID 1: com.himanshu.departmentalStore.model.Product@3ad43c37
2024-04-23 02:33:19.623 [main] INFO  --- c.h.d.controller.ProductController     :   Request received to fetch all products
2024-04-23 02:33:19.623 [main] INFO  --- c.h.d.controller.ProductController     :   Returning 2 products
2024-04-23 02:33:19.626 [main] INFO  --- c.h.d.controller.ProductController     :   Request received to delete product with ID 1
2024-04-23 02:33:19.627 [main] INFO  --- c.h.d.controller.ProductController     :   Product with ID 1 deleted successfully
2024-04-23 02:33:19.631 [main] INFO  --- c.h.d.controller.ProductController     :   Request received to save a new product: com.himanshu.departmentalStore.model.Product@4c0ddace
2024-04-23 02:33:19.631 [main] INFO  --- c.h.d.controller.ProductController     :   Saved product: com.himanshu.departmentalStore.model.Product@4c0ddace
2024-04-23 02:33:19.729 [main] INFO  --- c.h.d.service.DiscountService     :   Fetching discount by ID: 1
2024-04-23 02:33:19.733 [main] INFO  --- c.h.d.service.DiscountService     :   Deleting discount with ID: 1
2024-04-23 02:33:19.737 [main] INFO  --- c.h.d.service.DiscountService     :   Fetching all active discounts
2024-04-23 02:33:19.740 [main] INFO  --- c.h.d.service.DiscountService     :   Saving discount: com.himanshu.departmentalStore.model.Discount@37500808
2024-04-23 02:33:19.744 [main] INFO  --- c.h.d.service.DiscountService     :   Updating discount with ID 1: com.himanshu.departmentalStore.model.Discount@596707f5
2024-04-23 02:33:19.920 [SpringApplicationShutdownHook] INFO  --- o.s.o.j.LocalContainerEntityManagerFactoryBean     :   Closing JPA EntityManagerFactory for persistence unit 'default'
2024-04-23 02:33:19.923 [SpringApplicationShutdownHook] INFO  --- com.zaxxer.hikari.HikariDataSource     :   HikariPool-1 - Shutdown initiated...
2024-04-23 02:33:19.932 [SpringApplicationShutdownHook] INFO  --- com.zaxxer.hikari.HikariDataSource     :   HikariPool-1 - Shutdown completed.
