2024-04-23 14:02:12.822 [main] INFO  --- c.h.d.service.CustomerService     :   Fetching customer with ID 1
2024-04-23 14:02:12.842 [main] INFO  --- c.h.d.service.CustomerService     :   Fetched customer: com.himanshu.departmentalStore.model.Customer@31da3d60
2024-04-23 14:02:12.868 [main] INFO  --- c.h.d.service.CustomerService     :   Deleting customer with ID 1
2024-04-23 14:02:12.876 [main] INFO  --- c.h.d.service.CustomerService     :   Fetching all customers from the database
2024-04-23 14:02:12.877 [main] INFO  --- c.h.d.service.CustomerService     :   Fetched 2 customers
2024-04-23 14:02:12.884 [main] INFO  --- c.h.d.service.CustomerService     :   Saving new customer: com.himanshu.departmentalStore.model.Customer@2b98b3bb
2024-04-23 14:02:12.890 [main] INFO  --- c.h.d.service.CustomerService     :   Updating customer with ID 1: com.himanshu.departmentalStore.model.Customer@50a691d3
2024-04-23 14:05:09.792 [main] INFO  --- c.h.d.service.DiscountService     :   Saving discount: com.himanshu.departmentalStore.model.Discount@58a63629
2024-04-23 14:06:10.875 [main] INFO  --- c.h.d.service.DiscountService     :   Saving discount: com.himanshu.departmentalStore.model.Discount@348d18a3
2024-04-23 14:06:38.967 [main] INFO  --- c.h.d.service.DiscountService     :   Saving discount: com.himanshu.departmentalStore.model.Discount@58a63629
2024-04-23 14:10:59.225 [main] INFO  --- c.h.d.service.DiscountService     :   Updating discount with ID 1: com.himanshu.departmentalStore.model.Discount@7de843ef
2024-04-23 14:12:12.693 [main] INFO  --- c.h.d.service.DiscountService     :   Updating discount with ID 1: com.himanshu.departmentalStore.model.Discount@2bef09c0
2024-04-23 14:13:17.070 [main] INFO  --- c.h.d.service.DiscountService     :   Updating discount with ID 1: com.himanshu.departmentalStore.model.Discount@7de843ef
2024-04-23 14:13:37.007 [main] INFO  --- c.h.d.service.DiscountService     :   Updating discount with ID 1: com.himanshu.departmentalStore.model.Discount@7de843ef
2024-04-23 14:16:52.375 [main] INFO  --- c.h.d.service.ProductService     :   Saving new product: com.himanshu.departmentalStore.model.Product@3fd2322d
2024-04-23 14:17:17.607 [main] INFO  --- c.h.d.service.ProductService     :   Saving new product: com.himanshu.departmentalStore.model.Product@3fd2322d
2024-04-23 14:17:34.625 [main] INFO  --- c.h.d.service.ProductService     :   Updating product with ID 1: com.himanshu.departmentalStore.model.Product@69e49a81
2024-04-23 14:25:54.390 [background-preinit] INFO  --- o.h.validator.internal.util.Version     :   HV000001: Hibernate Validator 8.0.1.Final
2024-04-23 14:25:54.412 [main] INFO  --- c.h.d.r.CustomerRepositoryTest     :   Starting CustomerRepositoryTest using Java 21.0.2 with PID 2864 (started by Himanshu.Kumar in C:\Users\himanshu.kumar\IdeaProjects\departmentalStore)
2024-04-23 14:25:54.412 [main] DEBUG --- c.h.d.r.CustomerRepositoryTest     :   Running with Spring Boot v3.2.4, Spring v6.1.5
2024-04-23 14:25:54.413 [main] INFO  --- c.h.d.r.CustomerRepositoryTest     :   No active profile set, falling back to 1 default profile: "default"
2024-04-23 14:25:55.364 [main] INFO  --- o.s.d.r.c.RepositoryConfigurationDelegate     :   Bootstrapping Spring Data JPA repositories in DEFAULT mode.
2024-04-23 14:25:55.429 [main] INFO  --- o.s.d.r.c.RepositoryConfigurationDelegate     :   Finished Spring Data repository scanning in 58 ms. Found 5 JPA repository interfaces.
2024-04-23 14:25:55.930 [main] INFO  --- o.h.jpa.internal.util.LogHelper     :   HHH000204: Processing PersistenceUnitInfo [name: default]
2024-04-23 14:25:56.005 [main] INFO  --- org.hibernate.Version     :   HHH000412: Hibernate ORM core version 6.4.4.Final
2024-04-23 14:25:56.065 [main] INFO  --- o.h.c.i.RegionFactoryInitiator     :   HHH000026: Second-level cache disabled
2024-04-23 14:25:56.401 [main] INFO  --- o.s.o.j.p.SpringPersistenceUnitInfo     :   No LoadTimeWeaver setup: ignoring JPA class transformer
2024-04-23 14:25:56.435 [main] INFO  --- com.zaxxer.hikari.HikariDataSource     :   HikariPool-1 - Starting...
2024-04-23 14:25:56.824 [main] INFO  --- com.zaxxer.hikari.pool.HikariPool     :   HikariPool-1 - Added connection com.mysql.cj.jdbc.ConnectionImpl@377e573a
2024-04-23 14:25:56.826 [main] INFO  --- com.zaxxer.hikari.HikariDataSource     :   HikariPool-1 - Start completed.
2024-04-23 14:25:57.973 [main] INFO  --- o.h.e.t.j.p.i.JtaPlatformInitiator     :   HHH000489: No JTA platform available (set 'hibernate.transaction.jta.platform' to enable JTA platform integration)
2024-04-23 14:25:58.062 [main] INFO  --- o.s.o.j.LocalContainerEntityManagerFactoryBean     :   Initialized JPA EntityManagerFactory for persistence unit 'default'
2024-04-23 14:25:59.240 [main] WARN  --- o.s.b.a.o.j.JpaBaseConfiguration$JpaWebConfiguration     :   spring.jpa.open-in-view is enabled by default. Therefore, database queries may be performed during view rendering. Explicitly configure spring.jpa.open-in-view to disable this warning
2024-04-23 14:25:59.803 [main] INFO  --- c.h.d.r.CustomerRepositoryTest     :   Started CustomerRepositoryTest in 5.628 seconds (process running for 6.972)
2024-04-23 14:26:01.225 [SpringApplicationShutdownHook] INFO  --- o.s.o.j.LocalContainerEntityManagerFactoryBean     :   Closing JPA EntityManagerFactory for persistence unit 'default'
2024-04-23 14:26:01.228 [SpringApplicationShutdownHook] INFO  --- com.zaxxer.hikari.HikariDataSource     :   HikariPool-1 - Shutdown initiated...
2024-04-23 14:26:01.239 [SpringApplicationShutdownHook] INFO  --- com.zaxxer.hikari.HikariDataSource     :   HikariPool-1 - Shutdown completed.
2024-04-23 14:26:13.551 [main] INFO  --- c.h.d.service.OrderService     :   Deleting order with Id : 1
2024-04-23 14:26:13.559 [main] INFO  --- c.h.d.service.OrderService     :   Updating product
2024-04-23 14:26:13.560 [main] INFO  --- c.h.d.service.OrderService     :   Product quantity increased in product
2024-04-23 14:26:13.561 [main] INFO  --- c.h.d.service.OrderService     :   Checking backorder which can be fulfilled
2024-04-23 14:26:13.561 [main] INFO  --- c.h.d.service.OrderService     :   Order deleted with Id : 1
2024-04-23 14:26:13.590 [main] INFO  --- c.h.d.service.OrderService     :   Updating order with Id : 1
2024-04-23 14:26:13.591 [main] INFO  --- c.h.d.service.OrderService     :   Check if the customer, product, and discount are the same or different
2024-04-23 14:26:13.591 [main] INFO  --- c.h.d.service.OrderService     :   Product quantity increased : Checking is Product available
2024-04-23 14:26:13.591 [main] INFO  --- c.h.d.service.OrderService     :   Product available.
2024-04-23 14:26:13.592 [main] INFO  --- c.h.d.service.OrderService     :   Updated Order, product, orderAmount
2024-04-23 14:26:13.602 [main] INFO  --- c.h.d.service.OrderService     :   Fetching all orders
2024-04-23 14:26:13.603 [main] INFO  --- c.h.d.service.OrderService     :   Order Fetched
2024-04-23 14:26:13.609 [main] INFO  --- c.h.d.service.OrderService     :   Fetching all orders with Id : 1
2024-04-23 14:26:13.610 [main] INFO  --- c.h.d.service.OrderService     :   Order fetched with Id : 1, order : com.himanshu.departmentalStore.model.Order@790a251b
2024-04-23 14:26:13.618 [main] INFO  --- c.h.d.service.OrderService     :   Placing order.
2024-04-23 14:26:13.618 [main] INFO  --- c.h.d.service.OrderService     :   Checking isProductAvailable
2024-04-23 14:26:13.619 [main] INFO  --- c.h.d.service.OrderService     :   Product available.
2024-04-23 14:26:13.619 [main] INFO  --- c.h.d.service.OrderService     :   Calculating total amount
2024-04-23 14:26:13.619 [main] INFO  --- c.h.d.service.OrderService     :   Amount updated in order
2024-04-23 14:26:13.619 [main] INFO  --- c.h.d.service.OrderService     :   Updating product quantity
2024-04-23 14:26:13.619 [main] INFO  --- c.h.d.service.OrderService     :   Saving order
2024-04-23 14:26:13.658 [main] INFO  --- c.h.d.controller.CustomerController     :   Request received to fetch customer with ID 1
2024-04-23 14:26:13.659 [main] INFO  --- c.h.d.controller.CustomerController     :   Returning customer with ID 1: com.himanshu.departmentalStore.model.Customer@10bea4
2024-04-23 14:26:13.674 [main] INFO  --- c.h.d.controller.CustomerController     :   Request received to delete customer with ID 1
2024-04-23 14:26:13.675 [main] INFO  --- c.h.d.controller.CustomerController     :   Customer with ID 1 deleted successfully
2024-04-23 14:26:13.679 [main] INFO  --- c.h.d.controller.CustomerController     :   Received request to retrieve all customers.
2024-04-23 14:26:13.680 [main] INFO  --- c.h.d.controller.CustomerController     :   Retrieved 2 customers.
2024-04-23 14:26:13.685 [main] INFO  --- c.h.d.controller.CustomerController     :   Request received to save a new customer: com.himanshu.departmentalStore.model.Customer@3e7c4815
2024-04-23 14:26:13.685 [main] INFO  --- c.h.d.controller.CustomerController     :   Saved customer: com.himanshu.departmentalStore.model.Customer@3e7c4815
2024-04-23 14:26:13.691 [main] INFO  --- c.h.d.controller.CustomerController     :   Request received to update customer with ID 1: com.himanshu.departmentalStore.model.Customer@474c9131
2024-04-23 14:26:13.692 [main] INFO  --- c.h.d.controller.CustomerController     :   Updated customer with ID 1: com.himanshu.departmentalStore.model.Customer@474c9131
2024-04-23 14:26:14.319 [background-preinit] INFO  --- o.h.validator.internal.util.Version     :   HV000001: Hibernate Validator 8.0.1.Final
2024-04-23 14:26:14.353 [main] INFO  --- c.h.d.repository.OrderRepositoryTest     :   Starting OrderRepositoryTest using Java 21.0.2 with PID 21864 (started by Himanshu.Kumar in C:\Users\himanshu.kumar\IdeaProjects\departmentalStore)
2024-04-23 14:26:14.354 [main] DEBUG --- c.h.d.repository.OrderRepositoryTest     :   Running with Spring Boot v3.2.4, Spring v6.1.5
2024-04-23 14:26:14.354 [main] INFO  --- c.h.d.repository.OrderRepositoryTest     :   No active profile set, falling back to 1 default profile: "default"
2024-04-23 14:26:15.298 [main] INFO  --- o.s.d.r.c.RepositoryConfigurationDelegate     :   Bootstrapping Spring Data JPA repositories in DEFAULT mode.
2024-04-23 14:26:15.382 [main] INFO  --- o.s.d.r.c.RepositoryConfigurationDelegate     :   Finished Spring Data repository scanning in 73 ms. Found 5 JPA repository interfaces.
2024-04-23 14:26:15.936 [main] INFO  --- o.h.jpa.internal.util.LogHelper     :   HHH000204: Processing PersistenceUnitInfo [name: default]
2024-04-23 14:26:16.018 [main] INFO  --- org.hibernate.Version     :   HHH000412: Hibernate ORM core version 6.4.4.Final
2024-04-23 14:26:16.064 [main] INFO  --- o.h.c.i.RegionFactoryInitiator     :   HHH000026: Second-level cache disabled
2024-04-23 14:26:16.194 [main] INFO  --- o.s.o.j.p.SpringPersistenceUnitInfo     :   No LoadTimeWeaver setup: ignoring JPA class transformer
2024-04-23 14:26:16.226 [main] INFO  --- com.zaxxer.hikari.HikariDataSource     :   HikariPool-1 - Starting...
2024-04-23 14:26:16.663 [main] INFO  --- com.zaxxer.hikari.pool.HikariPool     :   HikariPool-1 - Added connection com.mysql.cj.jdbc.ConnectionImpl@71cc0e35
2024-04-23 14:26:16.666 [main] INFO  --- com.zaxxer.hikari.HikariDataSource     :   HikariPool-1 - Start completed.
2024-04-23 14:26:17.681 [main] INFO  --- o.h.e.t.j.p.i.JtaPlatformInitiator     :   HHH000489: No JTA platform available (set 'hibernate.transaction.jta.platform' to enable JTA platform integration)
2024-04-23 14:26:17.777 [main] INFO  --- o.s.o.j.LocalContainerEntityManagerFactoryBean     :   Initialized JPA EntityManagerFactory for persistence unit 'default'
2024-04-23 14:26:19.003 [main] WARN  --- o.s.b.a.o.j.JpaBaseConfiguration$JpaWebConfiguration     :   spring.jpa.open-in-view is enabled by default. Therefore, database queries may be performed during view rendering. Explicitly configure spring.jpa.open-in-view to disable this warning
2024-04-23 14:26:19.589 [main] INFO  --- c.h.d.repository.OrderRepositoryTest     :   Started OrderRepositoryTest in 5.491 seconds (process running for 8.745)
2024-04-23 14:26:20.884 [main] INFO  --- c.h.d.service.ProductService     :   Fetching product with ID 1
2024-04-23 14:26:20.885 [main] INFO  --- c.h.d.service.ProductService     :   Fetched product: com.himanshu.departmentalStore.model.Product@7f792c5a
2024-04-23 14:26:20.889 [main] INFO  --- c.h.d.service.ProductService     :   Updating product with ID 1: com.himanshu.departmentalStore.model.Product@597cb2f5
2024-04-23 14:26:20.891 [main] INFO  --- c.h.d.service.ProductService     :   Fetching all products from the database
2024-04-23 14:26:20.892 [main] INFO  --- c.h.d.service.ProductService     :   Fetched 2 products
2024-04-23 14:26:20.894 [main] INFO  --- c.h.d.service.ProductService     :   Deleting product with ID 1
2024-04-23 14:26:20.897 [main] INFO  --- c.h.d.service.ProductService     :   Saving new product: com.himanshu.departmentalStore.model.Product@127abbbe
2024-04-23 14:26:21.171 [main] INFO  --- c.h.d.controller.OrderController     :   Received request to delete order with ID: 1
2024-04-23 14:26:21.171 [main] INFO  --- c.h.d.controller.OrderController     :   Order deleted with ID: 1
2024-04-23 14:26:21.188 [main] INFO  --- c.h.d.controller.OrderController     :   Received request to update the order with Id : 1.
2024-04-23 14:26:21.188 [main] INFO  --- c.h.d.controller.OrderController     :   Converting OrderRequestBody to Order.
2024-04-23 14:26:21.188 [main] INFO  --- c.h.d.controller.OrderController     :   OrderRequestBody converted to Order
2024-04-23 14:26:21.189 [main] INFO  --- c.h.d.controller.OrderController     :   Order placed
2024-04-23 14:26:21.194 [main] INFO  --- c.h.d.controller.OrderController     :   Received request to fetch all orders.
2024-04-23 14:26:21.197 [main] INFO  --- c.h.d.controller.OrderController     :   Received request to fetch all orders by Id : 1
2024-04-23 14:26:21.198 [main] INFO  --- c.h.d.controller.OrderController     :   Fetched order with id : 1, order : com.himanshu.departmentalStore.model.Order@27cfc534
2024-04-23 14:26:21.202 [main] INFO  --- c.h.d.controller.OrderController     :   Received request to create order.
2024-04-23 14:26:21.202 [main] INFO  --- c.h.d.controller.OrderController     :   Converting OrderRequestBody to Order.
2024-04-23 14:26:21.202 [main] INFO  --- c.h.d.controller.OrderController     :   OrderRequestBody converted to Order
2024-04-23 14:26:21.202 [main] INFO  --- c.h.d.controller.OrderController     :   Order Placed.
2024-04-23 14:26:21.397 [main] INFO  --- c.h.d.service.CustomerService     :   Fetching customer with ID 1
2024-04-23 14:26:21.397 [main] INFO  --- c.h.d.service.CustomerService     :   Fetched customer: com.himanshu.departmentalStore.model.Customer@2f498e2
2024-04-23 14:26:21.401 [main] INFO  --- c.h.d.service.CustomerService     :   Deleting customer with ID 1
2024-04-23 14:26:21.403 [main] INFO  --- c.h.d.service.CustomerService     :   Fetching all customers from the database
2024-04-23 14:26:21.404 [main] INFO  --- c.h.d.service.CustomerService     :   Fetched 2 customers
2024-04-23 14:26:21.406 [main] INFO  --- c.h.d.service.CustomerService     :   Saving new customer: com.himanshu.departmentalStore.model.Customer@1b6d0ee9
2024-04-23 14:26:21.408 [main] INFO  --- c.h.d.service.CustomerService     :   Updating customer with ID 1: com.himanshu.departmentalStore.model.Customer@6fc53b18
2024-04-23 14:26:21.414 [main] INFO  --- c.h.d.controller.BackorderController     :   Received request to fetch backorder by ID: 1
2024-04-23 14:26:21.414 [main] INFO  --- c.h.d.controller.BackorderController     :   Fetched backorder with Id: 1
2024-04-23 14:26:21.418 [main] INFO  --- c.h.d.controller.BackorderController     :   Received request to update backorder with ID 1: BackOrderRequestBody(productId=1, customerId=1, quantity=10)
2024-04-23 14:26:21.422 [main] INFO  --- c.h.d.controller.BackorderController     :   Converting RequestBody to backorder
2024-04-23 14:26:21.423 [main] INFO  --- c.h.d.controller.BackorderController     :   RequestBody converted to backorder
2024-04-23 14:26:21.423 [main] INFO  --- c.h.d.controller.BackorderController     :   Backorder updated with ID : 1
2024-04-23 14:26:21.426 [main] INFO  --- c.h.d.controller.BackorderController     :   Received request to create new backorder with request body: BackOrderRequestBody(productId=1, customerId=1, quantity=5)
2024-04-23 14:26:21.427 [main] INFO  --- c.h.d.controller.BackorderController     :   Converting RequestBody to backorder
2024-04-23 14:26:21.427 [main] INFO  --- c.h.d.controller.BackorderController     :   RequestBody converted to backorder
2024-04-23 14:26:21.427 [main] INFO  --- c.h.d.controller.BackorderController     :   Backorder created with ID : 1
2024-04-23 14:26:21.430 [main] INFO  --- c.h.d.controller.BackorderController     :   Received request to fetch all backorders
2024-04-23 14:26:21.431 [main] INFO  --- c.h.d.controller.BackorderController     :   Fetched backorders
2024-04-23 14:26:21.433 [main] INFO  --- c.h.d.controller.BackorderController     :   Received request to delete backorder with ID: 1
2024-04-23 14:26:21.434 [main] INFO  --- c.h.d.controller.BackorderController     :   Backorder deleted with ID: 1
2024-04-23 14:26:21.505 [main] INFO  --- c.h.d.service.BackorderService     :   Fetching backorder by Id : 1
2024-04-23 14:26:21.509 [main] INFO  --- c.h.d.service.BackorderService     :   Updating backorder
2024-04-23 14:26:21.512 [main] INFO  --- c.h.d.service.BackorderService     :   Saving backorder
2024-04-23 14:26:21.515 [main] INFO  --- c.h.d.service.BackorderService     :   Fetching all backorders
2024-04-23 14:26:21.518 [main] INFO  --- c.h.d.service.BackorderService     :   Deleting backorder
2024-04-23 14:26:21.523 [main] INFO  --- c.h.d.controller.DiscountController     :   Received request to Fetch discount by Id : 1
2024-04-23 14:26:21.523 [main] INFO  --- c.h.d.controller.DiscountController     :   Fetched discounts with Id : 1, discount : com.himanshu.departmentalStore.model.Discount@3495b709
2024-04-23 14:26:21.527 [main] INFO  --- c.h.d.controller.DiscountController     :   Received request to delete discount with ID 1
2024-04-23 14:26:21.531 [main] INFO  --- c.h.d.controller.DiscountController     :   Received request to Fetch all active discounts
2024-04-23 14:26:21.531 [main] INFO  --- c.h.d.controller.DiscountController     :   Fetched all active discounts : [com.himanshu.departmentalStore.model.Discount@9bec662, com.himanshu.departmentalStore.model.Discount@100a15a3]
2024-04-23 14:26:21.534 [main] INFO  --- c.h.d.controller.DiscountController     :   Received request to create new discount: com.himanshu.departmentalStore.model.Discount@7b4b2dcd
2024-04-23 14:26:21.537 [main] INFO  --- c.h.d.controller.DiscountController     :   Received request to update discount with ID 1: com.himanshu.departmentalStore.model.Discount@445ec339
2024-04-23 14:26:21.541 [main] INFO  --- c.h.d.controller.ProductController     :   Request received to fetch product with ID 1
2024-04-23 14:26:21.542 [main] INFO  --- c.h.d.controller.ProductController     :   Returning product with ID 1: com.himanshu.departmentalStore.model.Product@46ab3c70
2024-04-23 14:26:21.545 [main] INFO  --- c.h.d.controller.ProductController     :   Request received to update product with ID 1: com.himanshu.departmentalStore.model.Product@3b60f14c
2024-04-23 14:26:21.546 [main] INFO  --- c.h.d.controller.ProductController     :   Updated product with ID 1: com.himanshu.departmentalStore.model.Product@3b60f14c
2024-04-23 14:26:21.549 [main] INFO  --- c.h.d.controller.ProductController     :   Request received to fetch all products
2024-04-23 14:26:21.550 [main] INFO  --- c.h.d.controller.ProductController     :   Returning 2 products
2024-04-23 14:26:21.553 [main] INFO  --- c.h.d.controller.ProductController     :   Request received to delete product with ID 1
2024-04-23 14:26:21.553 [main] INFO  --- c.h.d.controller.ProductController     :   Product with ID 1 deleted successfully
2024-04-23 14:26:21.556 [main] INFO  --- c.h.d.controller.ProductController     :   Request received to save a new product: com.himanshu.departmentalStore.model.Product@3a9bd6c7
2024-04-23 14:26:21.557 [main] INFO  --- c.h.d.controller.ProductController     :   Saved product: com.himanshu.departmentalStore.model.Product@3a9bd6c7
2024-04-23 14:26:21.642 [main] INFO  --- c.h.d.service.DiscountService     :   Fetching discount by ID: 1
2024-04-23 14:26:21.645 [main] INFO  --- c.h.d.service.DiscountService     :   Deleting discount with ID: 1
2024-04-23 14:26:21.648 [main] INFO  --- c.h.d.service.DiscountService     :   Fetching all active discounts
2024-04-23 14:26:21.651 [main] INFO  --- c.h.d.service.DiscountService     :   Saving discount: com.himanshu.departmentalStore.model.Discount@3324270d
2024-04-23 14:26:21.654 [main] INFO  --- c.h.d.service.DiscountService     :   Updating discount with ID 1: com.himanshu.departmentalStore.model.Discount@7ef9ce2b
2024-04-23 14:26:21.808 [SpringApplicationShutdownHook] INFO  --- o.s.o.j.LocalContainerEntityManagerFactoryBean     :   Closing JPA EntityManagerFactory for persistence unit 'default'
2024-04-23 14:26:21.811 [SpringApplicationShutdownHook] INFO  --- com.zaxxer.hikari.HikariDataSource     :   HikariPool-1 - Shutdown initiated...
2024-04-23 14:26:21.819 [SpringApplicationShutdownHook] INFO  --- com.zaxxer.hikari.HikariDataSource     :   HikariPool-1 - Shutdown completed.
