2024-04-26 13:35:48.232 [background-preinit] INFO  --- o.h.validator.internal.util.Version     :   HV000001: Hibernate Validator 8.0.1.Final
2024-04-26 13:35:48.373 [main] INFO  --- c.h.d.DepartmentalStoreApplication     :   Starting DepartmentalStoreApplication using Java 21.0.2 with PID 23644 (C:\Users\himanshu.kumar\IdeaProjects\departmentalStore\target\classes started by Himanshu.Kumar in C:\Users\himanshu.kumar\IdeaProjects\departmentalStore)
2024-04-26 13:35:48.375 [main] DEBUG --- c.h.d.DepartmentalStoreApplication     :   Running with Spring Boot v3.2.4, Spring v6.1.5
2024-04-26 13:35:48.378 [main] INFO  --- c.h.d.DepartmentalStoreApplication     :   No active profile set, falling back to 1 default profile: "default"
2024-04-26 13:35:50.920 [main] INFO  --- o.s.d.r.c.RepositoryConfigurationDelegate     :   Bootstrapping Spring Data JPA repositories in DEFAULT mode.
2024-04-26 13:35:51.078 [main] INFO  --- o.s.d.r.c.RepositoryConfigurationDelegate     :   Finished Spring Data repository scanning in 140 ms. Found 5 JPA repository interfaces.
2024-04-26 13:35:52.867 [main] INFO  --- o.s.b.w.e.tomcat.TomcatWebServer     :   Tomcat initialized with port 8080 (http)
2024-04-26 13:35:52.891 [main] INFO  --- o.a.coyote.http11.Http11NioProtocol     :   Initializing ProtocolHandler ["http-nio-8080"]
2024-04-26 13:35:52.895 [main] INFO  --- o.a.catalina.core.StandardService     :   Starting service [Tomcat]
2024-04-26 13:35:52.895 [main] INFO  --- o.a.catalina.core.StandardEngine     :   Starting Servlet engine: [Apache Tomcat/10.1.19]
2024-04-26 13:35:53.051 [main] INFO  --- o.a.c.c.C.[Tomcat].[localhost].[/]     :   Initializing Spring embedded WebApplicationContext
2024-04-26 13:35:53.051 [main] INFO  --- o.s.b.w.s.c.ServletWebServerApplicationContext     :   Root WebApplicationContext: initialization completed in 4552 ms
2024-04-26 13:35:53.749 [main] INFO  --- o.h.jpa.internal.util.LogHelper     :   HHH000204: Processing PersistenceUnitInfo [name: default]
2024-04-26 13:35:53.909 [main] INFO  --- org.hibernate.Version     :   HHH000412: Hibernate ORM core version 6.4.4.Final
2024-04-26 13:35:53.998 [main] INFO  --- o.h.c.i.RegionFactoryInitiator     :   HHH000026: Second-level cache disabled
2024-04-26 13:35:54.573 [main] INFO  --- o.s.o.j.p.SpringPersistenceUnitInfo     :   No LoadTimeWeaver setup: ignoring JPA class transformer
2024-04-26 13:35:54.645 [main] INFO  --- com.zaxxer.hikari.HikariDataSource     :   HikariPool-1 - Starting...
2024-04-26 13:35:55.405 [main] INFO  --- com.zaxxer.hikari.pool.HikariPool     :   HikariPool-1 - Added connection com.mysql.cj.jdbc.ConnectionImpl@11c25846
2024-04-26 13:35:55.408 [main] INFO  --- com.zaxxer.hikari.HikariDataSource     :   HikariPool-1 - Start completed.
2024-04-26 13:35:57.721 [main] INFO  --- o.h.e.t.j.p.i.JtaPlatformInitiator     :   HHH000489: No JTA platform available (set 'hibernate.transaction.jta.platform' to enable JTA platform integration)
2024-04-26 13:35:57.955 [main] INFO  --- o.s.o.j.LocalContainerEntityManagerFactoryBean     :   Initialized JPA EntityManagerFactory for persistence unit 'default'
2024-04-26 13:36:01.050 [main] WARN  --- o.s.b.a.o.j.JpaBaseConfiguration$JpaWebConfiguration     :   spring.jpa.open-in-view is enabled by default. Therefore, database queries may be performed during view rendering. Explicitly configure spring.jpa.open-in-view to disable this warning
2024-04-26 13:36:03.902 [main] INFO  --- o.s.b.a.e.web.EndpointLinksResolver     :   Exposing 1 endpoint(s) beneath base path '/actuator'
2024-04-26 13:36:04.167 [main] INFO  --- o.a.coyote.http11.Http11NioProtocol     :   Starting ProtocolHandler ["http-nio-8080"]
2024-04-26 13:36:04.242 [main] INFO  --- o.s.b.w.e.tomcat.TomcatWebServer     :   Tomcat started on port 8080 (http) with context path ''
2024-04-26 13:36:04.307 [main] INFO  --- c.h.d.DepartmentalStoreApplication     :   Started DepartmentalStoreApplication in 16.953 seconds (process running for 18.741)
2024-04-26 13:36:13.905 [http-nio-8080-exec-1] INFO  --- o.a.c.c.C.[Tomcat].[localhost].[/]     :   Initializing Spring DispatcherServlet 'dispatcherServlet'
2024-04-26 13:36:13.906 [http-nio-8080-exec-1] INFO  --- o.s.web.servlet.DispatcherServlet     :   Initializing Servlet 'dispatcherServlet'
2024-04-26 13:36:13.911 [http-nio-8080-exec-1] INFO  --- o.s.web.servlet.DispatcherServlet     :   Completed initialization in 4 ms
2024-04-26 13:36:27.106 [http-nio-8080-exec-2] ERROR --- c.h.d.e.GlobalExceptionHandler     :   Global Exception: No static resource actuator/beans.
2024-04-26 13:37:36.875 [SpringApplicationShutdownHook] INFO  --- o.s.o.j.LocalContainerEntityManagerFactoryBean     :   Closing JPA EntityManagerFactory for persistence unit 'default'
2024-04-26 13:37:36.885 [SpringApplicationShutdownHook] INFO  --- com.zaxxer.hikari.HikariDataSource     :   HikariPool-1 - Shutdown initiated...
2024-04-26 13:37:36.935 [SpringApplicationShutdownHook] INFO  --- com.zaxxer.hikari.HikariDataSource     :   HikariPool-1 - Shutdown completed.
2024-04-26 13:37:43.169 [background-preinit] INFO  --- o.h.validator.internal.util.Version     :   HV000001: Hibernate Validator 8.0.1.Final
2024-04-26 13:37:43.283 [main] INFO  --- c.h.d.DepartmentalStoreApplication     :   Starting DepartmentalStoreApplication using Java 21.0.2 with PID 5024 (C:\Users\himanshu.kumar\IdeaProjects\departmentalStore\target\classes started by Himanshu.Kumar in C:\Users\himanshu.kumar\IdeaProjects\departmentalStore)
2024-04-26 13:37:43.284 [main] DEBUG --- c.h.d.DepartmentalStoreApplication     :   Running with Spring Boot v3.2.4, Spring v6.1.5
2024-04-26 13:37:43.285 [main] INFO  --- c.h.d.DepartmentalStoreApplication     :   No active profile set, falling back to 1 default profile: "default"
2024-04-26 13:37:45.770 [main] INFO  --- o.s.d.r.c.RepositoryConfigurationDelegate     :   Bootstrapping Spring Data JPA repositories in DEFAULT mode.
2024-04-26 13:37:45.918 [main] INFO  --- o.s.d.r.c.RepositoryConfigurationDelegate     :   Finished Spring Data repository scanning in 134 ms. Found 5 JPA repository interfaces.
2024-04-26 13:37:47.654 [main] INFO  --- o.s.b.w.e.tomcat.TomcatWebServer     :   Tomcat initialized with port 8080 (http)
2024-04-26 13:37:47.678 [main] INFO  --- o.a.coyote.http11.Http11NioProtocol     :   Initializing ProtocolHandler ["http-nio-8080"]
2024-04-26 13:37:47.682 [main] INFO  --- o.a.catalina.core.StandardService     :   Starting service [Tomcat]
2024-04-26 13:37:47.682 [main] INFO  --- o.a.catalina.core.StandardEngine     :   Starting Servlet engine: [Apache Tomcat/10.1.19]
2024-04-26 13:37:47.830 [main] INFO  --- o.a.c.c.C.[Tomcat].[localhost].[/]     :   Initializing Spring embedded WebApplicationContext
2024-04-26 13:37:47.831 [main] INFO  --- o.s.b.w.s.c.ServletWebServerApplicationContext     :   Root WebApplicationContext: initialization completed in 4438 ms
2024-04-26 13:37:48.543 [main] INFO  --- o.h.jpa.internal.util.LogHelper     :   HHH000204: Processing PersistenceUnitInfo [name: default]
2024-04-26 13:37:48.694 [main] INFO  --- org.hibernate.Version     :   HHH000412: Hibernate ORM core version 6.4.4.Final
2024-04-26 13:37:48.790 [main] INFO  --- o.h.c.i.RegionFactoryInitiator     :   HHH000026: Second-level cache disabled
2024-04-26 13:37:49.346 [main] INFO  --- o.s.o.j.p.SpringPersistenceUnitInfo     :   No LoadTimeWeaver setup: ignoring JPA class transformer
2024-04-26 13:37:49.418 [main] INFO  --- com.zaxxer.hikari.HikariDataSource     :   HikariPool-1 - Starting...
2024-04-26 13:37:50.165 [main] INFO  --- com.zaxxer.hikari.pool.HikariPool     :   HikariPool-1 - Added connection com.mysql.cj.jdbc.ConnectionImpl@3d05435c
2024-04-26 13:37:50.169 [main] INFO  --- com.zaxxer.hikari.HikariDataSource     :   HikariPool-1 - Start completed.
2024-04-26 13:37:52.340 [main] INFO  --- o.h.e.t.j.p.i.JtaPlatformInitiator     :   HHH000489: No JTA platform available (set 'hibernate.transaction.jta.platform' to enable JTA platform integration)
2024-04-26 13:37:52.502 [main] INFO  --- o.s.o.j.LocalContainerEntityManagerFactoryBean     :   Initialized JPA EntityManagerFactory for persistence unit 'default'
2024-04-26 13:37:54.580 [main] WARN  --- o.s.b.a.o.j.JpaBaseConfiguration$JpaWebConfiguration     :   spring.jpa.open-in-view is enabled by default. Therefore, database queries may be performed during view rendering. Explicitly configure spring.jpa.open-in-view to disable this warning
2024-04-26 13:37:56.072 [main] INFO  --- o.s.b.a.e.web.EndpointLinksResolver     :   Exposing 1 endpoint(s) beneath base path '/actuator'
2024-04-26 13:37:56.186 [main] INFO  --- o.a.coyote.http11.Http11NioProtocol     :   Starting ProtocolHandler ["http-nio-8080"]
2024-04-26 13:37:56.231 [main] INFO  --- o.s.b.w.e.tomcat.TomcatWebServer     :   Tomcat started on port 8080 (http) with context path ''
2024-04-26 13:37:56.263 [main] INFO  --- c.h.d.DepartmentalStoreApplication     :   Started DepartmentalStoreApplication in 13.75 seconds (process running for 15.195)
2024-04-26 13:38:11.808 [http-nio-8080-exec-1] INFO  --- o.a.c.c.C.[Tomcat].[localhost].[/]     :   Initializing Spring DispatcherServlet 'dispatcherServlet'
2024-04-26 13:38:11.809 [http-nio-8080-exec-1] INFO  --- o.s.web.servlet.DispatcherServlet     :   Initializing Servlet 'dispatcherServlet'
2024-04-26 13:38:11.816 [http-nio-8080-exec-1] INFO  --- o.s.web.servlet.DispatcherServlet     :   Completed initialization in 5 ms
2024-04-26 13:38:11.977 [http-nio-8080-exec-1] ERROR --- c.h.d.e.GlobalExceptionHandler     :   Global Exception: No static resource actuator/beans.
2024-04-26 13:38:14.515 [http-nio-8080-exec-2] ERROR --- c.h.d.e.GlobalExceptionHandler     :   Global Exception: No static resource actuator/beans.
2024-04-26 13:38:25.062 [http-nio-8080-exec-3] ERROR --- c.h.d.e.GlobalExceptionHandler     :   Global Exception: No static resource actuator/metrics.
2024-04-26 13:38:45.989 [SpringApplicationShutdownHook] INFO  --- o.s.o.j.LocalContainerEntityManagerFactoryBean     :   Closing JPA EntityManagerFactory for persistence unit 'default'
2024-04-26 13:38:45.994 [SpringApplicationShutdownHook] INFO  --- com.zaxxer.hikari.HikariDataSource     :   HikariPool-1 - Shutdown initiated...
2024-04-26 13:38:46.014 [SpringApplicationShutdownHook] INFO  --- com.zaxxer.hikari.HikariDataSource     :   HikariPool-1 - Shutdown completed.
