2024-04-25 15:00:41.562 [SpringApplicationShutdownHook] INFO  --- o.s.o.j.LocalContainerEntityManagerFactoryBean     :   Closing JPA EntityManagerFactory for persistence unit 'default'
2024-04-25 15:00:41.615 [SpringApplicationShutdownHook] INFO  --- com.zaxxer.hikari.HikariDataSource     :   HikariPool-1 - Shutdown initiated...
2024-04-25 15:00:41.624 [SpringApplicationShutdownHook] INFO  --- com.zaxxer.hikari.HikariDataSource     :   HikariPool-1 - Shutdown completed.
2024-04-25 15:00:47.302 [background-preinit] INFO  --- o.h.validator.internal.util.Version     :   HV000001: Hibernate Validator 8.0.1.Final
2024-04-25 15:00:47.363 [main] INFO  --- c.h.d.DepartmentalStoreApplication     :   Starting DepartmentalStoreApplication using Java 21.0.2 with PID 13508 (C:\Users\himanshu.kumar\IdeaProjects\departmentalStore\target\classes started by Himanshu.Kumar in C:\Users\himanshu.kumar\IdeaProjects\departmentalStore)
2024-04-25 15:00:47.363 [main] DEBUG --- c.h.d.DepartmentalStoreApplication     :   Running with Spring Boot v3.2.4, Spring v6.1.5
2024-04-25 15:00:47.364 [main] INFO  --- c.h.d.DepartmentalStoreApplication     :   No active profile set, falling back to 1 default profile: "default"
2024-04-25 15:00:48.353 [main] INFO  --- o.s.d.r.c.RepositoryConfigurationDelegate     :   Bootstrapping Spring Data JPA repositories in DEFAULT mode.
2024-04-25 15:00:48.428 [main] INFO  --- o.s.d.r.c.RepositoryConfigurationDelegate     :   Finished Spring Data repository scanning in 66 ms. Found 5 JPA repository interfaces.
2024-04-25 15:00:49.043 [main] INFO  --- o.s.b.w.e.tomcat.TomcatWebServer     :   Tomcat initialized with port 8080 (http)
2024-04-25 15:00:49.053 [main] INFO  --- o.a.coyote.http11.Http11NioProtocol     :   Initializing ProtocolHandler ["http-nio-8080"]
2024-04-25 15:00:49.055 [main] INFO  --- o.a.catalina.core.StandardService     :   Starting service [Tomcat]
2024-04-25 15:00:49.056 [main] INFO  --- o.a.catalina.core.StandardEngine     :   Starting Servlet engine: [Apache Tomcat/10.1.19]
2024-04-25 15:00:49.133 [main] INFO  --- o.a.c.c.C.[Tomcat].[localhost].[/]     :   Initializing Spring embedded WebApplicationContext
2024-04-25 15:00:49.134 [main] INFO  --- o.s.b.w.s.c.ServletWebServerApplicationContext     :   Root WebApplicationContext: initialization completed in 1722 ms
2024-04-25 15:00:49.320 [main] INFO  --- o.h.jpa.internal.util.LogHelper     :   HHH000204: Processing PersistenceUnitInfo [name: default]
2024-04-25 15:00:49.393 [main] INFO  --- org.hibernate.Version     :   HHH000412: Hibernate ORM core version 6.4.4.Final
2024-04-25 15:00:49.429 [main] INFO  --- o.h.c.i.RegionFactoryInitiator     :   HHH000026: Second-level cache disabled
2024-04-25 15:00:49.691 [main] INFO  --- o.s.o.j.p.SpringPersistenceUnitInfo     :   No LoadTimeWeaver setup: ignoring JPA class transformer
2024-04-25 15:00:49.724 [main] INFO  --- com.zaxxer.hikari.HikariDataSource     :   HikariPool-1 - Starting...
2024-04-25 15:00:50.085 [main] INFO  --- com.zaxxer.hikari.pool.HikariPool     :   HikariPool-1 - Added connection com.mysql.cj.jdbc.ConnectionImpl@87aec6a
2024-04-25 15:00:50.087 [main] INFO  --- com.zaxxer.hikari.HikariDataSource     :   HikariPool-1 - Start completed.
2024-04-25 15:00:51.122 [main] INFO  --- o.h.e.t.j.p.i.JtaPlatformInitiator     :   HHH000489: No JTA platform available (set 'hibernate.transaction.jta.platform' to enable JTA platform integration)
2024-04-25 15:00:51.207 [main] INFO  --- o.s.o.j.LocalContainerEntityManagerFactoryBean     :   Initialized JPA EntityManagerFactory for persistence unit 'default'
2024-04-25 15:00:52.149 [main] WARN  --- o.s.b.a.o.j.JpaBaseConfiguration$JpaWebConfiguration     :   spring.jpa.open-in-view is enabled by default. Therefore, database queries may be performed during view rendering. Explicitly configure spring.jpa.open-in-view to disable this warning
2024-04-25 15:00:52.591 [main] INFO  --- o.a.coyote.http11.Http11NioProtocol     :   Starting ProtocolHandler ["http-nio-8080"]
2024-04-25 15:00:52.615 [main] INFO  --- o.s.b.w.e.tomcat.TomcatWebServer     :   Tomcat started on port 8080 (http) with context path ''
2024-04-25 15:00:52.626 [main] INFO  --- c.h.d.DepartmentalStoreApplication     :   Started DepartmentalStoreApplication in 5.683 seconds (process running for 6.39)
2024-04-25 15:01:06.301 [http-nio-8080-exec-2] INFO  --- o.a.c.c.C.[Tomcat].[localhost].[/]     :   Initializing Spring DispatcherServlet 'dispatcherServlet'
2024-04-25 15:01:06.302 [http-nio-8080-exec-2] INFO  --- o.s.web.servlet.DispatcherServlet     :   Initializing Servlet 'dispatcherServlet'
2024-04-25 15:01:06.307 [http-nio-8080-exec-2] INFO  --- o.s.web.servlet.DispatcherServlet     :   Completed initialization in 5 ms
2024-04-25 15:01:06.467 [http-nio-8080-exec-2] INFO  --- c.h.d.controller.CustomerController     :   Request received to save a new customer: com.himanshu.departmentalStore.model.Customer@6ea7c785
2024-04-25 15:01:06.468 [http-nio-8080-exec-2] INFO  --- c.h.d.service.CustomerService     :   Saving new customer: com.himanshu.departmentalStore.model.Customer@6ea7c785
2024-04-25 15:01:06.609 [http-nio-8080-exec-2] INFO  --- c.h.d.controller.CustomerController     :   Saved customer: com.himanshu.departmentalStore.model.Customer@6ea7c785
2024-04-25 15:01:28.570 [http-nio-8080-exec-3] INFO  --- c.h.d.controller.ProductController     :   Request received to save a new product: com.himanshu.departmentalStore.model.Product@5dd20fac
2024-04-25 15:01:28.570 [http-nio-8080-exec-3] INFO  --- c.h.d.service.ProductService     :   Saving new product: com.himanshu.departmentalStore.model.Product@5dd20fac
2024-04-25 15:01:28.590 [http-nio-8080-exec-3] INFO  --- c.h.d.controller.ProductController     :   Saved product: com.himanshu.departmentalStore.model.Product@5dd20fac
2024-04-25 15:01:35.955 [http-nio-8080-exec-4] INFO  --- c.h.d.controller.ProductController     :   Request received to fetch all products
2024-04-25 15:01:35.955 [http-nio-8080-exec-4] INFO  --- c.h.d.service.ProductService     :   Fetching all products from the database
2024-04-25 15:01:36.095 [http-nio-8080-exec-4] INFO  --- c.h.d.service.ProductService     :   Fetched 4 products
2024-04-25 15:01:36.096 [http-nio-8080-exec-4] INFO  --- c.h.d.controller.ProductController     :   Returning 4 products
2024-04-25 15:03:32.988 [main] INFO  --- c.h.d.service.OrderService     :   Placing order.
2024-04-25 15:03:32.993 [main] INFO  --- c.h.d.service.OrderService     :   Checking isProductAvailable
2024-04-25 15:03:32.993 [main] ERROR --- c.h.d.service.OrderService     :   Product not available
2024-04-25 15:03:32.993 [main] INFO  --- c.h.d.service.OrderService     :   Creating Backorder
2024-04-25 15:03:32.994 [main] INFO  --- c.h.d.service.OrderService     :   Saving Backorder
2024-04-25 15:04:04.845 [main] INFO  --- c.h.d.service.OrderService     :   Placing order.
2024-04-25 15:04:04.865 [main] INFO  --- c.h.d.service.OrderService     :   Checking isProductAvailable
2024-04-25 15:04:04.866 [main] ERROR --- c.h.d.service.OrderService     :   Product not available
2024-04-25 15:04:04.867 [main] INFO  --- c.h.d.service.OrderService     :   Creating Backorder
2024-04-25 15:04:09.682 [main] INFO  --- c.h.d.service.OrderService     :   Saving Backorder
2024-04-25 15:05:11.413 [main] INFO  --- c.h.d.service.OrderService     :   Placing order.
2024-04-25 15:05:11.420 [main] INFO  --- c.h.d.service.OrderService     :   Checking isProductAvailable
2024-04-25 15:05:11.420 [main] ERROR --- c.h.d.service.OrderService     :   Product not available
2024-04-25 15:05:11.420 [main] INFO  --- c.h.d.service.OrderService     :   Creating Backorder
2024-04-25 15:05:11.420 [main] INFO  --- c.h.d.service.OrderService     :   Saving Backorder
2024-04-25 15:05:31.369 [main] INFO  --- c.h.d.service.OrderService     :   Placing order.
2024-04-25 15:05:31.374 [main] INFO  --- c.h.d.service.OrderService     :   Checking isProductAvailable
2024-04-25 15:05:31.374 [main] ERROR --- c.h.d.service.OrderService     :   Product not available
2024-04-25 15:05:31.374 [main] INFO  --- c.h.d.service.OrderService     :   Creating Backorder
2024-04-25 15:05:31.374 [main] INFO  --- c.h.d.service.OrderService     :   Saving Backorder
2024-04-25 15:06:02.376 [SpringApplicationShutdownHook] INFO  --- o.s.o.j.LocalContainerEntityManagerFactoryBean     :   Closing JPA EntityManagerFactory for persistence unit 'default'
2024-04-25 15:06:02.378 [SpringApplicationShutdownHook] INFO  --- com.zaxxer.hikari.HikariDataSource     :   HikariPool-1 - Shutdown initiated...
2024-04-25 15:06:02.387 [SpringApplicationShutdownHook] INFO  --- com.zaxxer.hikari.HikariDataSource     :   HikariPool-1 - Shutdown completed.
2024-04-25 15:06:14.656 [background-preinit] INFO  --- o.h.validator.internal.util.Version     :   HV000001: Hibernate Validator 8.0.1.Final
2024-04-25 15:06:14.721 [main] INFO  --- c.h.d.DepartmentalStoreApplication     :   Starting DepartmentalStoreApplication using Java 21.0.2 with PID 9540 (C:\Users\himanshu.kumar\IdeaProjects\departmentalStore\target\classes started by Himanshu.Kumar in C:\Users\himanshu.kumar\IdeaProjects\departmentalStore)
2024-04-25 15:06:14.721 [main] DEBUG --- c.h.d.DepartmentalStoreApplication     :   Running with Spring Boot v3.2.4, Spring v6.1.5
2024-04-25 15:06:14.721 [main] INFO  --- c.h.d.DepartmentalStoreApplication     :   No active profile set, falling back to 1 default profile: "default"
2024-04-25 15:06:15.705 [main] INFO  --- o.s.d.r.c.RepositoryConfigurationDelegate     :   Bootstrapping Spring Data JPA repositories in DEFAULT mode.
2024-04-25 15:06:15.777 [main] INFO  --- o.s.d.r.c.RepositoryConfigurationDelegate     :   Finished Spring Data repository scanning in 64 ms. Found 5 JPA repository interfaces.
2024-04-25 15:06:16.376 [main] INFO  --- o.s.b.w.e.tomcat.TomcatWebServer     :   Tomcat initialized with port 8080 (http)
2024-04-25 15:06:16.387 [main] INFO  --- o.a.coyote.http11.Http11NioProtocol     :   Initializing ProtocolHandler ["http-nio-8080"]
2024-04-25 15:06:16.389 [main] INFO  --- o.a.catalina.core.StandardService     :   Starting service [Tomcat]
2024-04-25 15:06:16.389 [main] INFO  --- o.a.catalina.core.StandardEngine     :   Starting Servlet engine: [Apache Tomcat/10.1.19]
2024-04-25 15:06:16.462 [main] INFO  --- o.a.c.c.C.[Tomcat].[localhost].[/]     :   Initializing Spring embedded WebApplicationContext
2024-04-25 15:06:16.463 [main] INFO  --- o.s.b.w.s.c.ServletWebServerApplicationContext     :   Root WebApplicationContext: initialization completed in 1692 ms
2024-04-25 15:06:16.655 [main] INFO  --- o.h.jpa.internal.util.LogHelper     :   HHH000204: Processing PersistenceUnitInfo [name: default]
2024-04-25 15:06:16.740 [main] INFO  --- org.hibernate.Version     :   HHH000412: Hibernate ORM core version 6.4.4.Final
2024-04-25 15:06:16.781 [main] INFO  --- o.h.c.i.RegionFactoryInitiator     :   HHH000026: Second-level cache disabled
2024-04-25 15:06:17.048 [main] INFO  --- o.s.o.j.p.SpringPersistenceUnitInfo     :   No LoadTimeWeaver setup: ignoring JPA class transformer
2024-04-25 15:06:17.080 [main] INFO  --- com.zaxxer.hikari.HikariDataSource     :   HikariPool-1 - Starting...
2024-04-25 15:06:17.426 [main] INFO  --- com.zaxxer.hikari.pool.HikariPool     :   HikariPool-1 - Added connection com.mysql.cj.jdbc.ConnectionImpl@213012a0
2024-04-25 15:06:17.428 [main] INFO  --- com.zaxxer.hikari.HikariDataSource     :   HikariPool-1 - Start completed.
2024-04-25 15:06:18.473 [main] INFO  --- o.h.e.t.j.p.i.JtaPlatformInitiator     :   HHH000489: No JTA platform available (set 'hibernate.transaction.jta.platform' to enable JTA platform integration)
2024-04-25 15:06:18.553 [main] INFO  --- o.s.o.j.LocalContainerEntityManagerFactoryBean     :   Initialized JPA EntityManagerFactory for persistence unit 'default'
2024-04-25 15:06:19.529 [main] WARN  --- o.s.b.a.o.j.JpaBaseConfiguration$JpaWebConfiguration     :   spring.jpa.open-in-view is enabled by default. Therefore, database queries may be performed during view rendering. Explicitly configure spring.jpa.open-in-view to disable this warning
2024-04-25 15:06:19.968 [main] INFO  --- o.a.coyote.http11.Http11NioProtocol     :   Starting ProtocolHandler ["http-nio-8080"]
2024-04-25 15:06:19.992 [main] INFO  --- o.s.b.w.e.tomcat.TomcatWebServer     :   Tomcat started on port 8080 (http) with context path ''
2024-04-25 15:06:20.002 [main] INFO  --- c.h.d.DepartmentalStoreApplication     :   Started DepartmentalStoreApplication in 5.707 seconds (process running for 6.408)
2024-04-25 15:06:33.696 [http-nio-8080-exec-1] INFO  --- o.a.c.c.C.[Tomcat].[localhost].[/]     :   Initializing Spring DispatcherServlet 'dispatcherServlet'
2024-04-25 15:06:33.697 [http-nio-8080-exec-1] INFO  --- o.s.web.servlet.DispatcherServlet     :   Initializing Servlet 'dispatcherServlet'
2024-04-25 15:06:33.698 [http-nio-8080-exec-1] INFO  --- o.s.web.servlet.DispatcherServlet     :   Completed initialization in 1 ms
2024-04-25 15:06:33.817 [http-nio-8080-exec-1] INFO  --- c.h.d.controller.OrderController     :   Received request to create order.
2024-04-25 15:06:33.817 [http-nio-8080-exec-1] INFO  --- c.h.d.controller.OrderController     :   Converting OrderRequestBody to Order.
2024-04-25 15:06:33.822 [http-nio-8080-exec-1] INFO  --- c.h.d.controller.OrderController     :   OrderRequestBody converted to Order
2024-04-25 15:06:33.822 [http-nio-8080-exec-1] INFO  --- c.h.d.service.OrderService     :   Placing order.
2024-04-25 15:06:33.822 [http-nio-8080-exec-1] INFO  --- c.h.d.service.ProductService     :   Fetching product with ID 4
2024-04-25 15:06:33.900 [http-nio-8080-exec-1] INFO  --- c.h.d.service.ProductService     :   Fetched product: com.himanshu.departmentalStore.model.Product@35263904
2024-04-25 15:06:33.900 [http-nio-8080-exec-1] INFO  --- c.h.d.service.OrderService     :   Checking isProductAvailable
2024-04-25 15:06:33.900 [http-nio-8080-exec-1] ERROR --- c.h.d.service.OrderService     :   Product not available
2024-04-25 15:06:33.900 [http-nio-8080-exec-1] INFO  --- c.h.d.service.OrderService     :   Creating Backorder
2024-04-25 15:06:33.901 [http-nio-8080-exec-1] INFO  --- c.h.d.service.OrderService     :   Saving Backorder
2024-04-25 15:06:33.901 [http-nio-8080-exec-1] INFO  --- c.h.d.service.BackorderService     :   Saving backorder
2024-04-25 15:06:33.965 [http-nio-8080-exec-1] INFO  --- c.h.d.service.OrderService     :   Backorder saved with Id : 11
2024-04-25 15:06:33.968 [http-nio-8080-exec-1] ERROR --- c.h.d.e.GlobalExceptionHandler     :   Custom Exception: Ordered quantity is more then quantity left in stock : Backorder created
2024-04-25 15:07:53.439 [main] INFO  --- c.h.d.service.OrderService     :   Placing order.
2024-04-25 15:07:53.459 [main] INFO  --- c.h.d.service.OrderService     :   Checking isProductAvailable
2024-04-25 15:07:53.459 [main] ERROR --- c.h.d.service.OrderService     :   Product not available
2024-04-25 15:07:53.459 [main] INFO  --- c.h.d.service.OrderService     :   Creating Backorder
2024-04-25 15:07:53.460 [main] INFO  --- c.h.d.service.OrderService     :   Saving Backorder
2024-04-25 15:08:24.852 [main] INFO  --- c.h.d.service.OrderService     :   Placing order.
2024-04-25 15:08:24.903 [main] INFO  --- c.h.d.service.OrderService     :   Checking isProductAvailable
2024-04-25 15:08:24.903 [main] ERROR --- c.h.d.service.OrderService     :   Product not available
2024-04-25 15:08:24.903 [main] INFO  --- c.h.d.service.OrderService     :   Creating Backorder
2024-04-25 15:09:53.052 [main] INFO  --- c.h.d.service.OrderService     :   Saving Backorder
2024-04-25 15:10:01.770 [main] INFO  --- c.h.d.service.OrderService     :   Placing order.
2024-04-25 15:10:01.790 [main] INFO  --- c.h.d.service.OrderService     :   Checking isProductAvailable
2024-04-25 15:10:01.791 [main] ERROR --- c.h.d.service.OrderService     :   Product not available
2024-04-25 15:10:01.791 [main] INFO  --- c.h.d.service.OrderService     :   Creating Backorder
2024-04-25 15:10:01.791 [main] INFO  --- c.h.d.service.OrderService     :   Saving Backorder
2024-04-25 15:10:01.791 [main] INFO  --- c.h.d.service.OrderService     :   Backorder saved with Id : 1
2024-04-25 15:10:15.691 [main] INFO  --- c.h.d.service.OrderService     :   Placing order.
2024-04-25 15:10:15.741 [main] INFO  --- c.h.d.service.OrderService     :   Checking isProductAvailable
2024-04-25 15:10:15.741 [main] ERROR --- c.h.d.service.OrderService     :   Product not available
2024-04-25 15:10:15.742 [main] INFO  --- c.h.d.service.OrderService     :   Creating Backorder
2024-04-25 15:10:23.645 [main] INFO  --- c.h.d.service.OrderService     :   Saving Backorder
2024-04-25 15:11:12.021 [main] INFO  --- c.h.d.service.OrderService     :   Backorder saved with Id : 1
2024-04-25 15:11:25.962 [main] INFO  --- c.h.d.service.OrderService     :   Placing order.
2024-04-25 15:11:25.984 [main] INFO  --- c.h.d.service.OrderService     :   Checking isProductAvailable
2024-04-25 15:11:25.984 [main] ERROR --- c.h.d.service.OrderService     :   Product not available
2024-04-25 15:11:25.984 [main] INFO  --- c.h.d.service.OrderService     :   Creating Backorder
2024-04-25 15:11:25.984 [main] INFO  --- c.h.d.service.OrderService     :   Saving Backorder
2024-04-25 15:11:25.985 [main] INFO  --- c.h.d.service.OrderService     :   Backorder saved with Id : 1
2024-04-25 15:11:38.152 [main] INFO  --- c.h.d.service.OrderService     :   Deleting order with Id : 1
2024-04-25 15:11:38.177 [main] INFO  --- c.h.d.service.OrderService     :   Updating product
2024-04-25 15:11:38.178 [main] INFO  --- c.h.d.service.OrderService     :   Product quantity increased in product
2024-04-25 15:11:38.178 [main] INFO  --- c.h.d.service.OrderService     :   Checking backorder which can be fulfilled
2024-04-25 15:11:38.179 [main] INFO  --- c.h.d.service.OrderService     :   Order deleted with Id : 1
2024-04-25 15:11:38.214 [main] INFO  --- c.h.d.service.OrderService     :   Updating order with Id : 1
2024-04-25 15:11:38.215 [main] INFO  --- c.h.d.service.OrderService     :   Check if the customer, product, and discount are the same or different
2024-04-25 15:11:38.215 [main] INFO  --- c.h.d.service.OrderService     :   Product quantity increased : Checking is Product available
2024-04-25 15:11:38.215 [main] INFO  --- c.h.d.service.OrderService     :   Product available.
2024-04-25 15:11:38.216 [main] INFO  --- c.h.d.service.OrderService     :   Updated Order, product, orderAmount
2024-04-25 15:11:38.226 [main] INFO  --- c.h.d.service.OrderService     :   Fetching all orders
2024-04-25 15:11:38.227 [main] INFO  --- c.h.d.service.OrderService     :   Order Fetched
2024-04-25 15:11:38.233 [main] INFO  --- c.h.d.service.OrderService     :   Fetching all orders with Id : 1
2024-04-25 15:11:38.234 [main] INFO  --- c.h.d.service.OrderService     :   Order fetched with Id : 1, order : com.himanshu.departmentalStore.model.Order@6c15e8c7
2024-04-25 15:11:38.243 [main] INFO  --- c.h.d.service.OrderService     :   Placing order.
2024-04-25 15:11:38.244 [main] INFO  --- c.h.d.service.OrderService     :   Checking isProductAvailable
2024-04-25 15:11:38.244 [main] INFO  --- c.h.d.service.OrderService     :   Product available.
2024-04-25 15:11:38.244 [main] INFO  --- c.h.d.service.OrderService     :   Calculating total amount
2024-04-25 15:11:38.245 [main] INFO  --- c.h.d.service.OrderService     :   Amount updated in order
2024-04-25 15:11:38.246 [main] INFO  --- c.h.d.service.OrderService     :   Updating product quantity
2024-04-25 15:11:38.246 [main] INFO  --- c.h.d.service.OrderService     :   Saving order
2024-04-25 15:11:38.282 [main] INFO  --- c.h.d.controller.CustomerController     :   Request received to fetch customer with ID 1
2024-04-25 15:11:38.283 [main] INFO  --- c.h.d.controller.CustomerController     :   Returning customer with ID 1: com.himanshu.departmentalStore.model.Customer@53830483
2024-04-25 15:11:38.296 [main] INFO  --- c.h.d.controller.CustomerController     :   Request received to delete customer with ID 1
2024-04-25 15:11:38.297 [main] INFO  --- c.h.d.controller.CustomerController     :   Customer with ID 1 deleted successfully
2024-04-25 15:11:38.300 [main] INFO  --- c.h.d.controller.CustomerController     :   Received request to retrieve all customers.
2024-04-25 15:11:38.300 [main] INFO  --- c.h.d.controller.CustomerController     :   Retrieved 2 customers.
2024-04-25 15:11:38.305 [main] INFO  --- c.h.d.controller.CustomerController     :   Request received to save a new customer: com.himanshu.departmentalStore.model.Customer@6c6333cd
2024-04-25 15:11:38.305 [main] INFO  --- c.h.d.controller.CustomerController     :   Saved customer: com.himanshu.departmentalStore.model.Customer@6c6333cd
2024-04-25 15:11:38.309 [main] INFO  --- c.h.d.controller.CustomerController     :   Request received to update customer with ID 1: com.himanshu.departmentalStore.model.Customer@5d425813
2024-04-25 15:11:38.310 [main] INFO  --- c.h.d.controller.CustomerController     :   Updated customer with ID 1: com.himanshu.departmentalStore.model.Customer@5d425813
2024-04-25 15:11:38.911 [background-preinit] INFO  --- o.h.validator.internal.util.Version     :   HV000001: Hibernate Validator 8.0.1.Final
2024-04-25 15:11:38.938 [main] INFO  --- c.h.d.repository.OrderRepositoryTest     :   Starting OrderRepositoryTest using Java 21.0.2 with PID 6284 (started by Himanshu.Kumar in C:\Users\himanshu.kumar\IdeaProjects\departmentalStore)
2024-04-25 15:11:38.939 [main] DEBUG --- c.h.d.repository.OrderRepositoryTest     :   Running with Spring Boot v3.2.4, Spring v6.1.5
2024-04-25 15:11:38.939 [main] INFO  --- c.h.d.repository.OrderRepositoryTest     :   No active profile set, falling back to 1 default profile: "default"
2024-04-25 15:11:39.852 [main] INFO  --- o.s.d.r.c.RepositoryConfigurationDelegate     :   Bootstrapping Spring Data JPA repositories in DEFAULT mode.
2024-04-25 15:11:39.933 [main] INFO  --- o.s.d.r.c.RepositoryConfigurationDelegate     :   Finished Spring Data repository scanning in 71 ms. Found 5 JPA repository interfaces.
2024-04-25 15:11:40.457 [main] INFO  --- o.h.jpa.internal.util.LogHelper     :   HHH000204: Processing PersistenceUnitInfo [name: default]
2024-04-25 15:11:40.558 [main] INFO  --- org.hibernate.Version     :   HHH000412: Hibernate ORM core version 6.4.4.Final
2024-04-25 15:11:40.600 [main] INFO  --- o.h.c.i.RegionFactoryInitiator     :   HHH000026: Second-level cache disabled
2024-04-25 15:11:40.722 [main] INFO  --- o.s.o.j.p.SpringPersistenceUnitInfo     :   No LoadTimeWeaver setup: ignoring JPA class transformer
2024-04-25 15:11:40.754 [main] INFO  --- com.zaxxer.hikari.HikariDataSource     :   HikariPool-1 - Starting...
2024-04-25 15:11:41.148 [main] INFO  --- com.zaxxer.hikari.pool.HikariPool     :   HikariPool-1 - Added connection com.mysql.cj.jdbc.ConnectionImpl@1e288c76
2024-04-25 15:11:41.151 [main] INFO  --- com.zaxxer.hikari.HikariDataSource     :   HikariPool-1 - Start completed.
2024-04-25 15:11:42.136 [main] INFO  --- o.h.e.t.j.p.i.JtaPlatformInitiator     :   HHH000489: No JTA platform available (set 'hibernate.transaction.jta.platform' to enable JTA platform integration)
2024-04-25 15:11:42.227 [main] INFO  --- o.s.o.j.LocalContainerEntityManagerFactoryBean     :   Initialized JPA EntityManagerFactory for persistence unit 'default'
2024-04-25 15:11:43.403 [main] WARN  --- o.s.b.a.o.j.JpaBaseConfiguration$JpaWebConfiguration     :   spring.jpa.open-in-view is enabled by default. Therefore, database queries may be performed during view rendering. Explicitly configure spring.jpa.open-in-view to disable this warning
2024-04-25 15:11:43.942 [main] INFO  --- c.h.d.repository.OrderRepositoryTest     :   Started OrderRepositoryTest in 5.255 seconds (process running for 8.531)
2024-04-25 15:11:45.364 [main] INFO  --- c.h.d.service.ProductService     :   Fetching product with ID 1
2024-04-25 15:11:45.365 [main] INFO  --- c.h.d.service.ProductService     :   Fetched product: com.himanshu.departmentalStore.model.Product@32002a21
2024-04-25 15:11:45.367 [main] INFO  --- c.h.d.service.ProductService     :   Updating product with ID 1: com.himanshu.departmentalStore.model.Product@642bfa5e
2024-04-25 15:11:45.370 [main] INFO  --- c.h.d.service.ProductService     :   Fetching all products from the database
2024-04-25 15:11:45.370 [main] INFO  --- c.h.d.service.ProductService     :   Fetched 2 products
2024-04-25 15:11:45.373 [main] INFO  --- c.h.d.service.ProductService     :   Deleting product with ID 1
2024-04-25 15:11:45.376 [main] INFO  --- c.h.d.service.ProductService     :   Saving new product: com.himanshu.departmentalStore.model.Product@696faa2b
2024-04-25 15:11:45.517 [main] INFO  --- c.h.d.service.ProductService     :   Deleting product with ID null
2024-04-25 15:11:45.522 [main] INFO  --- c.h.d.service.ProductService     :   Deleting product with ID -1
2024-04-25 15:11:45.526 [main] INFO  --- c.h.d.service.ProductService     :   Updating product with ID -1: com.himanshu.departmentalStore.model.Product@6b0fece4
2024-04-25 15:11:45.526 [main] ERROR --- c.h.d.service.ProductService     :   Product with ID -1 not found
2024-04-25 15:11:45.529 [main] INFO  --- c.h.d.service.ProductService     :   Updating product with ID 1: null
2024-04-25 15:11:45.529 [main] ERROR --- c.h.d.service.ProductService     :   Product with ID 1 not found
2024-04-25 15:11:45.532 [main] INFO  --- c.h.d.service.ProductService     :   Fetching product with ID -1
2024-04-25 15:11:45.661 [main] INFO  --- c.h.d.controller.OrderController     :   Received request to delete order with ID: 1
2024-04-25 15:11:45.661 [main] INFO  --- c.h.d.controller.OrderController     :   Order deleted with ID: 1
2024-04-25 15:11:45.667 [main] INFO  --- c.h.d.controller.OrderController     :   Received request to update the order with Id : 1.
2024-04-25 15:11:45.667 [main] INFO  --- c.h.d.controller.OrderController     :   Converting OrderRequestBody to Order.
2024-04-25 15:11:45.667 [main] INFO  --- c.h.d.controller.OrderController     :   OrderRequestBody converted to Order
2024-04-25 15:11:45.667 [main] INFO  --- c.h.d.controller.OrderController     :   Order placed
2024-04-25 15:11:45.669 [main] INFO  --- c.h.d.controller.OrderController     :   Received request to fetch all orders.
2024-04-25 15:11:45.673 [main] INFO  --- c.h.d.controller.OrderController     :   Received request to fetch all orders by Id : 1
2024-04-25 15:11:45.673 [main] INFO  --- c.h.d.controller.OrderController     :   Fetched order with id : 1, order : com.himanshu.departmentalStore.model.Order@2e3fe830
2024-04-25 15:11:45.677 [main] INFO  --- c.h.d.controller.OrderController     :   Received request to create order.
2024-04-25 15:11:45.677 [main] INFO  --- c.h.d.controller.OrderController     :   Converting OrderRequestBody to Order.
2024-04-25 15:11:45.677 [main] INFO  --- c.h.d.controller.OrderController     :   OrderRequestBody converted to Order
2024-04-25 15:11:45.677 [main] INFO  --- c.h.d.controller.OrderController     :   Order Placed.
2024-04-25 15:11:45.894 [main] INFO  --- c.h.d.service.CustomerService     :   Fetching customer with ID 1
2024-04-25 15:11:45.895 [main] INFO  --- c.h.d.service.CustomerService     :   Fetched customer: com.himanshu.departmentalStore.model.Customer@623c62b9
2024-04-25 15:11:45.898 [main] INFO  --- c.h.d.service.CustomerService     :   Deleting customer with ID 1
2024-04-25 15:11:45.901 [main] INFO  --- c.h.d.service.CustomerService     :   Fetching all customers from the database
2024-04-25 15:11:45.901 [main] INFO  --- c.h.d.service.CustomerService     :   Fetched 2 customers
2024-04-25 15:11:45.904 [main] INFO  --- c.h.d.service.CustomerService     :   Saving new customer: com.himanshu.departmentalStore.model.Customer@4f8d7222
2024-04-25 15:11:45.907 [main] INFO  --- c.h.d.service.CustomerService     :   Updating customer with ID 1: com.himanshu.departmentalStore.model.Customer@698cc99d
2024-04-25 15:11:45.911 [main] INFO  --- c.h.d.controller.BackorderController     :   Received request to fetch backorder by ID: 1
2024-04-25 15:11:45.912 [main] INFO  --- c.h.d.controller.BackorderController     :   Fetched backorder with Id: 1
2024-04-25 15:11:45.916 [main] INFO  --- c.h.d.controller.BackorderController     :   Received request to update backorder with ID 1: BackOrderRequestBody(productId=1, customerId=1, quantity=10)
2024-04-25 15:11:45.919 [main] INFO  --- c.h.d.controller.BackorderController     :   Converting RequestBody to backorder
2024-04-25 15:11:45.920 [main] INFO  --- c.h.d.controller.BackorderController     :   RequestBody converted to backorder
2024-04-25 15:11:45.920 [main] INFO  --- c.h.d.controller.BackorderController     :   Backorder updated with ID : 1
2024-04-25 15:11:45.935 [main] INFO  --- c.h.d.controller.BackorderController     :   Received request to create new backorder with request body: BackOrderRequestBody(productId=1, customerId=1, quantity=5)
2024-04-25 15:11:45.937 [main] INFO  --- c.h.d.controller.BackorderController     :   Converting RequestBody to backorder
2024-04-25 15:11:45.937 [main] INFO  --- c.h.d.controller.BackorderController     :   RequestBody converted to backorder
2024-04-25 15:11:45.937 [main] INFO  --- c.h.d.controller.BackorderController     :   Backorder created with ID : 1
2024-04-25 15:11:45.939 [main] INFO  --- c.h.d.controller.BackorderController     :   Received request to fetch all backorders
2024-04-25 15:11:45.941 [main] INFO  --- c.h.d.controller.BackorderController     :   Fetched backorders
2024-04-25 15:11:45.943 [main] INFO  --- c.h.d.controller.BackorderController     :   Received request to delete backorder with ID: 1
2024-04-25 15:11:45.943 [main] INFO  --- c.h.d.controller.BackorderController     :   Backorder deleted with ID: 1
2024-04-25 15:11:46.028 [main] INFO  --- c.h.d.service.BackorderService     :   Deleting backorder
2024-04-25 15:11:46.033 [main] INFO  --- c.h.d.service.BackorderService     :   Deleting backorder
2024-04-25 15:11:46.037 [main] INFO  --- c.h.d.service.BackorderService     :   Updating backorder
2024-04-25 15:11:46.041 [main] INFO  --- c.h.d.service.BackorderService     :   Fetching backorder by Id : -1
2024-04-25 15:11:46.044 [main] INFO  --- c.h.d.service.BackorderService     :   Updating backorder
2024-04-25 15:11:46.112 [main] INFO  --- c.h.d.service.DiscountService     :   Fetching discount by ID: -1
2024-04-25 15:11:46.115 [main] INFO  --- c.h.d.service.DiscountService     :   Updating discount with ID -1: com.himanshu.departmentalStore.model.Discount@7ed47927
2024-04-25 15:11:46.120 [main] INFO  --- c.h.d.service.DiscountService     :   Deleting discount with ID: -1
2024-04-25 15:11:46.123 [main] INFO  --- c.h.d.service.DiscountService     :   Updating discount with ID 1: null
2024-04-25 15:11:46.125 [main] INFO  --- c.h.d.service.DiscountService     :   Deleting discount with ID: null
2024-04-25 15:11:46.129 [main] INFO  --- c.h.d.service.BackorderService     :   Fetching backorder by Id : 1
2024-04-25 15:11:46.131 [main] INFO  --- c.h.d.service.BackorderService     :   Updating backorder
2024-04-25 15:11:46.133 [main] INFO  --- c.h.d.service.BackorderService     :   Saving backorder
2024-04-25 15:11:46.136 [main] INFO  --- c.h.d.service.BackorderService     :   Fetching all backorders
2024-04-25 15:11:46.138 [main] INFO  --- c.h.d.service.BackorderService     :   Deleting backorder
2024-04-25 15:11:46.142 [main] INFO  --- c.h.d.controller.DiscountController     :   Received request to Fetch discount by Id : 1
2024-04-25 15:11:46.142 [main] INFO  --- c.h.d.controller.DiscountController     :   Fetched discounts with Id : 1, discount : com.himanshu.departmentalStore.model.Discount@70d8f66
2024-04-25 15:11:46.144 [main] INFO  --- c.h.d.controller.DiscountController     :   Received request to delete discount with ID 1
2024-04-25 15:11:46.146 [main] INFO  --- c.h.d.controller.DiscountController     :   Received request to Fetch all active discounts
2024-04-25 15:11:46.146 [main] INFO  --- c.h.d.controller.DiscountController     :   Fetched all active discounts : [com.himanshu.departmentalStore.model.Discount@51430893, com.himanshu.departmentalStore.model.Discount@3a5ecb62]
2024-04-25 15:11:46.148 [main] INFO  --- c.h.d.controller.DiscountController     :   Received request to create new discount: com.himanshu.departmentalStore.model.Discount@7643c43
2024-04-25 15:11:46.151 [main] INFO  --- c.h.d.controller.DiscountController     :   Received request to update discount with ID 1: com.himanshu.departmentalStore.model.Discount@2e37cd0
2024-04-25 15:11:46.156 [main] INFO  --- c.h.d.service.OrderService     :   Deleting order with Id : 1
2024-04-25 15:11:46.160 [main] INFO  --- c.h.d.service.OrderService     :   Placing order.
2024-04-25 15:11:46.161 [main] INFO  --- c.h.d.service.OrderService     :   Checking isProductAvailable
2024-04-25 15:11:46.161 [main] ERROR --- c.h.d.service.OrderService     :   Product not available
2024-04-25 15:11:46.161 [main] INFO  --- c.h.d.service.OrderService     :   Creating Backorder
2024-04-25 15:11:46.161 [main] INFO  --- c.h.d.service.OrderService     :   Saving Backorder
2024-04-25 15:11:46.161 [main] INFO  --- c.h.d.service.OrderService     :   Backorder saved with Id : 1
2024-04-25 15:11:46.165 [main] INFO  --- c.h.d.service.OrderService     :   Updating order with Id : 1
2024-04-25 15:11:46.166 [main] INFO  --- c.h.d.service.OrderService     :   Check if the customer, product, and discount are the same or different
2024-04-25 15:11:46.166 [main] ERROR --- c.h.d.service.OrderService     :   No change in previous and current quantity : not updated
2024-04-25 15:11:46.170 [main] INFO  --- c.h.d.service.OrderService     :   Updating order with Id : 1
2024-04-25 15:11:46.173 [main] INFO  --- c.h.d.service.CustomerService     :   Deleting customer with ID -1
2024-04-25 15:11:46.177 [main] INFO  --- c.h.d.service.CustomerService     :   Updating customer with ID 1: null
2024-04-25 15:11:46.177 [main] ERROR --- c.h.d.service.CustomerService     :   Customer with ID 1 not found
2024-04-25 15:11:46.180 [main] INFO  --- c.h.d.service.CustomerService     :   Updating customer with ID -1: com.himanshu.departmentalStore.model.Customer@6f76289d
2024-04-25 15:11:46.180 [main] ERROR --- c.h.d.service.CustomerService     :   Customer with ID -1 not found
2024-04-25 15:11:46.182 [main] INFO  --- c.h.d.service.CustomerService     :   Fetching customer with ID -1
2024-04-25 15:11:46.184 [main] INFO  --- c.h.d.service.CustomerService     :   Deleting customer with ID null
2024-04-25 15:11:46.187 [main] INFO  --- c.h.d.service.CustomerService     :   Deleting customer with ID -1
2024-04-25 15:11:46.191 [main] INFO  --- c.h.d.controller.ProductController     :   Request received to fetch product with ID 1
2024-04-25 15:11:46.191 [main] INFO  --- c.h.d.controller.ProductController     :   Returning product with ID 1: com.himanshu.departmentalStore.model.Product@38a77e1b
2024-04-25 15:11:46.193 [main] INFO  --- c.h.d.controller.ProductController     :   Request received to update product with ID 1: com.himanshu.departmentalStore.model.Product@2cf846b9
2024-04-25 15:11:46.194 [main] INFO  --- c.h.d.controller.ProductController     :   Updated product with ID 1: com.himanshu.departmentalStore.model.Product@2cf846b9
2024-04-25 15:11:46.196 [main] INFO  --- c.h.d.controller.ProductController     :   Request received to fetch all products
2024-04-25 15:11:46.197 [main] INFO  --- c.h.d.controller.ProductController     :   Returning 2 products
2024-04-25 15:11:46.198 [main] INFO  --- c.h.d.controller.ProductController     :   Request received to delete product with ID 1
2024-04-25 15:11:46.199 [main] INFO  --- c.h.d.controller.ProductController     :   Product with ID 1 deleted successfully
2024-04-25 15:11:46.200 [main] INFO  --- c.h.d.controller.ProductController     :   Request received to save a new product: com.himanshu.departmentalStore.model.Product@2892b704
2024-04-25 15:11:46.201 [main] INFO  --- c.h.d.controller.ProductController     :   Saved product: com.himanshu.departmentalStore.model.Product@2892b704
2024-04-25 15:11:46.203 [main] INFO  --- c.h.d.service.DiscountService     :   Fetching discount by ID: 1
2024-04-25 15:11:46.205 [main] INFO  --- c.h.d.service.DiscountService     :   Deleting discount with ID: 1
2024-04-25 15:11:46.207 [main] INFO  --- c.h.d.service.DiscountService     :   Fetching all active discounts
2024-04-25 15:11:46.209 [main] INFO  --- c.h.d.service.DiscountService     :   Saving discount: com.himanshu.departmentalStore.model.Discount@882364e
2024-04-25 15:11:46.211 [main] INFO  --- c.h.d.service.DiscountService     :   Updating discount with ID 1: com.himanshu.departmentalStore.model.Discount@28790ede
2024-04-25 15:11:46.351 [SpringApplicationShutdownHook] INFO  --- o.s.o.j.LocalContainerEntityManagerFactoryBean     :   Closing JPA EntityManagerFactory for persistence unit 'default'
2024-04-25 15:11:46.353 [SpringApplicationShutdownHook] INFO  --- com.zaxxer.hikari.HikariDataSource     :   HikariPool-1 - Shutdown initiated...
2024-04-25 15:11:46.360 [SpringApplicationShutdownHook] INFO  --- com.zaxxer.hikari.HikariDataSource     :   HikariPool-1 - Shutdown completed.
2024-04-25 15:12:20.146 [main] INFO  --- c.h.d.service.OrderService     :   Placing order.
2024-04-25 15:12:20.166 [main] INFO  --- c.h.d.service.OrderService     :   Checking isProductAvailable
2024-04-25 15:12:20.166 [main] ERROR --- c.h.d.service.OrderService     :   Product not available
2024-04-25 15:12:20.166 [main] INFO  --- c.h.d.service.OrderService     :   Creating Backorder
2024-04-25 15:12:20.166 [main] INFO  --- c.h.d.service.OrderService     :   Saving Backorder
2024-04-25 15:12:20.167 [main] INFO  --- c.h.d.service.OrderService     :   Backorder saved with Id : 1
2024-04-25 15:12:29.101 [main] INFO  --- c.h.d.service.OrderService     :   Deleting order with Id : 1
2024-04-25 15:12:29.158 [main] INFO  --- c.h.d.service.OrderService     :   Placing order.
2024-04-25 15:12:29.159 [main] INFO  --- c.h.d.service.OrderService     :   Checking isProductAvailable
2024-04-25 15:12:29.159 [main] ERROR --- c.h.d.service.OrderService     :   Product not available
2024-04-25 15:12:29.159 [main] INFO  --- c.h.d.service.OrderService     :   Creating Backorder
2024-04-25 15:12:29.159 [main] INFO  --- c.h.d.service.OrderService     :   Saving Backorder
2024-04-25 15:12:29.159 [main] INFO  --- c.h.d.service.OrderService     :   Backorder saved with Id : 1
2024-04-25 15:12:29.170 [main] INFO  --- c.h.d.service.OrderService     :   Updating order with Id : 1
2024-04-25 15:12:29.171 [main] INFO  --- c.h.d.service.OrderService     :   Check if the customer, product, and discount are the same or different
2024-04-25 15:12:29.171 [main] ERROR --- c.h.d.service.OrderService     :   No change in previous and current quantity : not updated
2024-04-25 15:12:29.179 [main] INFO  --- c.h.d.service.OrderService     :   Updating order with Id : 1
2024-04-25 15:13:22.154 [main] INFO  --- c.h.d.service.OrderService     :   Deleting order with Id : 1
2024-04-25 15:13:22.177 [main] INFO  --- c.h.d.service.OrderService     :   Updating product
2024-04-25 15:13:22.177 [main] INFO  --- c.h.d.service.OrderService     :   Product quantity increased in product
2024-04-25 15:13:22.178 [main] INFO  --- c.h.d.service.OrderService     :   Checking backorder which can be fulfilled
2024-04-25 15:13:22.178 [main] INFO  --- c.h.d.service.OrderService     :   Order deleted with Id : 1
2024-04-25 15:13:22.209 [main] INFO  --- c.h.d.service.OrderService     :   Updating order with Id : 1
2024-04-25 15:13:22.210 [main] INFO  --- c.h.d.service.OrderService     :   Check if the customer, product, and discount are the same or different
2024-04-25 15:13:22.210 [main] INFO  --- c.h.d.service.OrderService     :   Product quantity increased : Checking is Product available
2024-04-25 15:13:22.210 [main] INFO  --- c.h.d.service.OrderService     :   Product available.
2024-04-25 15:13:22.211 [main] INFO  --- c.h.d.service.OrderService     :   Updated Order, product, orderAmount
2024-04-25 15:13:22.221 [main] INFO  --- c.h.d.service.OrderService     :   Fetching all orders
2024-04-25 15:13:22.221 [main] INFO  --- c.h.d.service.OrderService     :   Order Fetched
2024-04-25 15:13:22.228 [main] INFO  --- c.h.d.service.OrderService     :   Fetching all orders with Id : 1
2024-04-25 15:13:22.229 [main] INFO  --- c.h.d.service.OrderService     :   Order fetched with Id : 1, order : com.himanshu.departmentalStore.model.Order@718dbd79
2024-04-25 15:13:22.238 [main] INFO  --- c.h.d.service.OrderService     :   Placing order.
2024-04-25 15:13:22.238 [main] INFO  --- c.h.d.service.OrderService     :   Checking isProductAvailable
2024-04-25 15:13:22.238 [main] INFO  --- c.h.d.service.OrderService     :   Product available.
2024-04-25 15:13:22.239 [main] INFO  --- c.h.d.service.OrderService     :   Calculating total amount
2024-04-25 15:13:22.239 [main] INFO  --- c.h.d.service.OrderService     :   Amount updated in order
2024-04-25 15:13:22.239 [main] INFO  --- c.h.d.service.OrderService     :   Updating product quantity
2024-04-25 15:13:22.239 [main] INFO  --- c.h.d.service.OrderService     :   Saving order
2024-04-25 15:13:22.273 [main] INFO  --- c.h.d.controller.CustomerController     :   Request received to fetch customer with ID 1
2024-04-25 15:13:22.273 [main] INFO  --- c.h.d.controller.CustomerController     :   Returning customer with ID 1: com.himanshu.departmentalStore.model.Customer@74d3b638
2024-04-25 15:13:22.286 [main] INFO  --- c.h.d.controller.CustomerController     :   Request received to delete customer with ID 1
2024-04-25 15:13:22.287 [main] INFO  --- c.h.d.controller.CustomerController     :   Customer with ID 1 deleted successfully
2024-04-25 15:13:22.291 [main] INFO  --- c.h.d.controller.CustomerController     :   Received request to retrieve all customers.
2024-04-25 15:13:22.292 [main] INFO  --- c.h.d.controller.CustomerController     :   Retrieved 2 customers.
2024-04-25 15:13:22.295 [main] INFO  --- c.h.d.controller.CustomerController     :   Request received to save a new customer: com.himanshu.departmentalStore.model.Customer@26221bad
2024-04-25 15:13:22.296 [main] INFO  --- c.h.d.controller.CustomerController     :   Saved customer: com.himanshu.departmentalStore.model.Customer@26221bad
2024-04-25 15:13:22.301 [main] INFO  --- c.h.d.controller.CustomerController     :   Request received to update customer with ID 1: com.himanshu.departmentalStore.model.Customer@3e47a03
2024-04-25 15:13:22.302 [main] INFO  --- c.h.d.controller.CustomerController     :   Updated customer with ID 1: com.himanshu.departmentalStore.model.Customer@3e47a03
2024-04-25 15:13:22.898 [background-preinit] INFO  --- o.h.validator.internal.util.Version     :   HV000001: Hibernate Validator 8.0.1.Final
2024-04-25 15:13:22.933 [main] INFO  --- c.h.d.repository.OrderRepositoryTest     :   Starting OrderRepositoryTest using Java 21.0.2 with PID 19940 (started by Himanshu.Kumar in C:\Users\himanshu.kumar\IdeaProjects\departmentalStore)
2024-04-25 15:13:22.934 [main] DEBUG --- c.h.d.repository.OrderRepositoryTest     :   Running with Spring Boot v3.2.4, Spring v6.1.5
2024-04-25 15:13:22.934 [main] INFO  --- c.h.d.repository.OrderRepositoryTest     :   No active profile set, falling back to 1 default profile: "default"
2024-04-25 15:13:23.841 [main] INFO  --- o.s.d.r.c.RepositoryConfigurationDelegate     :   Bootstrapping Spring Data JPA repositories in DEFAULT mode.
2024-04-25 15:13:23.911 [main] INFO  --- o.s.d.r.c.RepositoryConfigurationDelegate     :   Finished Spring Data repository scanning in 59 ms. Found 5 JPA repository interfaces.
2024-04-25 15:13:24.436 [main] INFO  --- o.h.jpa.internal.util.LogHelper     :   HHH000204: Processing PersistenceUnitInfo [name: default]
2024-04-25 15:13:24.513 [main] INFO  --- org.hibernate.Version     :   HHH000412: Hibernate ORM core version 6.4.4.Final
2024-04-25 15:13:24.552 [main] INFO  --- o.h.c.i.RegionFactoryInitiator     :   HHH000026: Second-level cache disabled
2024-04-25 15:13:24.670 [main] INFO  --- o.s.o.j.p.SpringPersistenceUnitInfo     :   No LoadTimeWeaver setup: ignoring JPA class transformer
2024-04-25 15:13:24.702 [main] INFO  --- com.zaxxer.hikari.HikariDataSource     :   HikariPool-1 - Starting...
2024-04-25 15:13:25.131 [main] INFO  --- com.zaxxer.hikari.pool.HikariPool     :   HikariPool-1 - Added connection com.mysql.cj.jdbc.ConnectionImpl@18bc1064
2024-04-25 15:13:25.134 [main] INFO  --- com.zaxxer.hikari.HikariDataSource     :   HikariPool-1 - Start completed.
2024-04-25 15:13:26.255 [main] INFO  --- o.h.e.t.j.p.i.JtaPlatformInitiator     :   HHH000489: No JTA platform available (set 'hibernate.transaction.jta.platform' to enable JTA platform integration)
2024-04-25 15:13:26.346 [main] INFO  --- o.s.o.j.LocalContainerEntityManagerFactoryBean     :   Initialized JPA EntityManagerFactory for persistence unit 'default'
2024-04-25 15:13:27.537 [main] WARN  --- o.s.b.a.o.j.JpaBaseConfiguration$JpaWebConfiguration     :   spring.jpa.open-in-view is enabled by default. Therefore, database queries may be performed during view rendering. Explicitly configure spring.jpa.open-in-view to disable this warning
2024-04-25 15:13:28.064 [main] INFO  --- c.h.d.repository.OrderRepositoryTest     :   Started OrderRepositoryTest in 5.378 seconds (process running for 8.699)
2024-04-25 15:13:34.540 [main] INFO  --- c.h.d.service.ProductService     :   Fetching product with ID 1
2024-04-25 15:13:34.540 [main] INFO  --- c.h.d.service.ProductService     :   Fetched product: com.himanshu.departmentalStore.model.Product@642bfa5e
2024-04-25 15:13:34.543 [main] INFO  --- c.h.d.service.ProductService     :   Updating product with ID 1: com.himanshu.departmentalStore.model.Product@11514c77
2024-04-25 15:13:34.547 [main] INFO  --- c.h.d.service.ProductService     :   Fetching all products from the database
2024-04-25 15:13:34.547 [main] INFO  --- c.h.d.service.ProductService     :   Fetched 2 products
2024-04-25 15:13:34.549 [main] INFO  --- c.h.d.service.ProductService     :   Deleting product with ID 1
2024-04-25 15:13:34.552 [main] INFO  --- c.h.d.service.ProductService     :   Saving new product: com.himanshu.departmentalStore.model.Product@4127f82a
2024-04-25 15:13:34.702 [main] INFO  --- c.h.d.service.ProductService     :   Deleting product with ID null
2024-04-25 15:13:34.706 [main] INFO  --- c.h.d.service.ProductService     :   Deleting product with ID -1
2024-04-25 15:13:34.710 [main] INFO  --- c.h.d.service.ProductService     :   Updating product with ID -1: com.himanshu.departmentalStore.model.Product@3890c4da
2024-04-25 15:13:34.711 [main] ERROR --- c.h.d.service.ProductService     :   Product with ID -1 not found
2024-04-25 15:13:34.714 [main] INFO  --- c.h.d.service.ProductService     :   Updating product with ID 1: null
2024-04-25 15:13:34.715 [main] ERROR --- c.h.d.service.ProductService     :   Product with ID 1 not found
2024-04-25 15:13:34.718 [main] INFO  --- c.h.d.service.ProductService     :   Fetching product with ID -1
2024-04-25 15:13:34.870 [main] INFO  --- c.h.d.controller.OrderController     :   Received request to delete order with ID: 1
2024-04-25 15:13:34.872 [main] INFO  --- c.h.d.controller.OrderController     :   Order deleted with ID: 1
2024-04-25 15:13:34.878 [main] INFO  --- c.h.d.controller.OrderController     :   Received request to update the order with Id : 1.
2024-04-25 15:13:34.878 [main] INFO  --- c.h.d.controller.OrderController     :   Converting OrderRequestBody to Order.
2024-04-25 15:13:34.878 [main] INFO  --- c.h.d.controller.OrderController     :   OrderRequestBody converted to Order
2024-04-25 15:13:34.878 [main] INFO  --- c.h.d.controller.OrderController     :   Order placed
2024-04-25 15:13:34.881 [main] INFO  --- c.h.d.controller.OrderController     :   Received request to fetch all orders.
2024-04-25 15:13:34.884 [main] INFO  --- c.h.d.controller.OrderController     :   Received request to fetch all orders by Id : 1
2024-04-25 15:13:34.885 [main] INFO  --- c.h.d.controller.OrderController     :   Fetched order with id : 1, order : com.himanshu.departmentalStore.model.Order@5dd1526e
2024-04-25 15:13:34.889 [main] INFO  --- c.h.d.controller.OrderController     :   Received request to create order.
2024-04-25 15:13:34.889 [main] INFO  --- c.h.d.controller.OrderController     :   Converting OrderRequestBody to Order.
2024-04-25 15:13:34.890 [main] INFO  --- c.h.d.controller.OrderController     :   OrderRequestBody converted to Order
2024-04-25 15:13:34.890 [main] INFO  --- c.h.d.controller.OrderController     :   Order Placed.
2024-04-25 15:13:35.230 [main] INFO  --- c.h.d.service.CustomerService     :   Fetching customer with ID 1
2024-04-25 15:13:35.231 [main] INFO  --- c.h.d.service.CustomerService     :   Fetched customer: com.himanshu.departmentalStore.model.Customer@7b6419dd
2024-04-25 15:13:35.234 [main] INFO  --- c.h.d.service.CustomerService     :   Deleting customer with ID 1
2024-04-25 15:13:35.236 [main] INFO  --- c.h.d.service.CustomerService     :   Fetching all customers from the database
2024-04-25 15:13:35.236 [main] INFO  --- c.h.d.service.CustomerService     :   Fetched 2 customers
2024-04-25 15:13:35.238 [main] INFO  --- c.h.d.service.CustomerService     :   Saving new customer: com.himanshu.departmentalStore.model.Customer@698cc99d
2024-04-25 15:13:35.240 [main] INFO  --- c.h.d.service.CustomerService     :   Updating customer with ID 1: com.himanshu.departmentalStore.model.Customer@776a3e76
2024-04-25 15:13:35.245 [main] INFO  --- c.h.d.controller.BackorderController     :   Received request to fetch backorder by ID: 1
2024-04-25 15:13:35.246 [main] INFO  --- c.h.d.controller.BackorderController     :   Fetched backorder with Id: 1
2024-04-25 15:13:35.249 [main] INFO  --- c.h.d.controller.BackorderController     :   Received request to update backorder with ID 1: BackOrderRequestBody(productId=1, customerId=1, quantity=10)
2024-04-25 15:13:35.251 [main] INFO  --- c.h.d.controller.BackorderController     :   Converting RequestBody to backorder
2024-04-25 15:13:35.251 [main] INFO  --- c.h.d.controller.BackorderController     :   RequestBody converted to backorder
2024-04-25 15:13:35.251 [main] INFO  --- c.h.d.controller.BackorderController     :   Backorder updated with ID : 1
2024-04-25 15:13:35.255 [main] INFO  --- c.h.d.controller.BackorderController     :   Received request to create new backorder with request body: BackOrderRequestBody(productId=1, customerId=1, quantity=5)
2024-04-25 15:13:35.255 [main] INFO  --- c.h.d.controller.BackorderController     :   Converting RequestBody to backorder
2024-04-25 15:13:35.255 [main] INFO  --- c.h.d.controller.BackorderController     :   RequestBody converted to backorder
2024-04-25 15:13:35.255 [main] INFO  --- c.h.d.controller.BackorderController     :   Backorder created with ID : 1
2024-04-25 15:13:35.258 [main] INFO  --- c.h.d.controller.BackorderController     :   Received request to fetch all backorders
2024-04-25 15:13:35.258 [main] INFO  --- c.h.d.controller.BackorderController     :   Fetched backorders
2024-04-25 15:13:35.261 [main] INFO  --- c.h.d.controller.BackorderController     :   Received request to delete backorder with ID: 1
2024-04-25 15:13:35.261 [main] INFO  --- c.h.d.controller.BackorderController     :   Backorder deleted with ID: 1
2024-04-25 15:13:35.340 [main] INFO  --- c.h.d.service.BackorderService     :   Deleting backorder
2024-04-25 15:13:35.343 [main] INFO  --- c.h.d.service.BackorderService     :   Deleting backorder
2024-04-25 15:13:35.348 [main] INFO  --- c.h.d.service.BackorderService     :   Updating backorder
2024-04-25 15:13:35.352 [main] INFO  --- c.h.d.service.BackorderService     :   Fetching backorder by Id : -1
2024-04-25 15:13:35.354 [main] INFO  --- c.h.d.service.BackorderService     :   Updating backorder
2024-04-25 15:13:35.421 [main] INFO  --- c.h.d.service.DiscountService     :   Fetching discount by ID: -1
2024-04-25 15:13:35.426 [main] INFO  --- c.h.d.service.DiscountService     :   Updating discount with ID -1: com.himanshu.departmentalStore.model.Discount@752ccee0
2024-04-25 15:13:35.430 [main] INFO  --- c.h.d.service.DiscountService     :   Deleting discount with ID: -1
2024-04-25 15:13:35.433 [main] INFO  --- c.h.d.service.DiscountService     :   Updating discount with ID 1: null
2024-04-25 15:13:35.437 [main] INFO  --- c.h.d.service.DiscountService     :   Deleting discount with ID: null
2024-04-25 15:13:35.440 [main] INFO  --- c.h.d.service.BackorderService     :   Fetching backorder by Id : 1
2024-04-25 15:13:35.443 [main] INFO  --- c.h.d.service.BackorderService     :   Updating backorder
2024-04-25 15:13:35.445 [main] INFO  --- c.h.d.service.BackorderService     :   Saving backorder
2024-04-25 15:13:35.448 [main] INFO  --- c.h.d.service.BackorderService     :   Fetching all backorders
2024-04-25 15:13:35.450 [main] INFO  --- c.h.d.service.BackorderService     :   Deleting backorder
2024-04-25 15:13:35.453 [main] INFO  --- c.h.d.controller.DiscountController     :   Received request to Fetch discount by Id : 1
2024-04-25 15:13:35.453 [main] INFO  --- c.h.d.controller.DiscountController     :   Fetched discounts with Id : 1, discount : com.himanshu.departmentalStore.model.Discount@51430893
2024-04-25 15:13:35.455 [main] INFO  --- c.h.d.controller.DiscountController     :   Received request to delete discount with ID 1
2024-04-25 15:13:35.458 [main] INFO  --- c.h.d.controller.DiscountController     :   Received request to Fetch all active discounts
2024-04-25 15:13:35.458 [main] INFO  --- c.h.d.controller.DiscountController     :   Fetched all active discounts : [com.himanshu.departmentalStore.model.Discount@7643c43, com.himanshu.departmentalStore.model.Discount@4e2abbac]
2024-04-25 15:13:35.460 [main] INFO  --- c.h.d.controller.DiscountController     :   Received request to create new discount: com.himanshu.departmentalStore.model.Discount@17c83403
2024-04-25 15:13:35.463 [main] INFO  --- c.h.d.controller.DiscountController     :   Received request to update discount with ID 1: com.himanshu.departmentalStore.model.Discount@2a84aed7
2024-04-25 15:13:35.467 [main] INFO  --- c.h.d.service.OrderService     :   Deleting order with Id : 1
2024-04-25 15:13:35.472 [main] INFO  --- c.h.d.service.OrderService     :   Placing order.
2024-04-25 15:13:35.472 [main] INFO  --- c.h.d.service.OrderService     :   Checking isProductAvailable
2024-04-25 15:13:35.472 [main] ERROR --- c.h.d.service.OrderService     :   Product not available
2024-04-25 15:13:35.472 [main] INFO  --- c.h.d.service.OrderService     :   Creating Backorder
2024-04-25 15:13:35.472 [main] INFO  --- c.h.d.service.OrderService     :   Saving Backorder
2024-04-25 15:13:35.473 [main] INFO  --- c.h.d.service.OrderService     :   Backorder saved with Id : 1
2024-04-25 15:13:35.476 [main] INFO  --- c.h.d.service.OrderService     :   Updating order with Id : 1
2024-04-25 15:13:35.476 [main] INFO  --- c.h.d.service.OrderService     :   Check if the customer, product, and discount are the same or different
2024-04-25 15:13:35.476 [main] ERROR --- c.h.d.service.OrderService     :   No change in previous and current quantity : not updated
2024-04-25 15:13:35.480 [main] INFO  --- c.h.d.service.OrderService     :   Updating order with Id : 1
2024-04-25 15:13:35.483 [main] INFO  --- c.h.d.service.CustomerService     :   Deleting customer with ID -1
2024-04-25 15:13:35.488 [main] INFO  --- c.h.d.service.CustomerService     :   Updating customer with ID 1: null
2024-04-25 15:13:35.488 [main] ERROR --- c.h.d.service.CustomerService     :   Customer with ID 1 not found
2024-04-25 15:13:35.490 [main] INFO  --- c.h.d.service.CustomerService     :   Updating customer with ID -1: com.himanshu.departmentalStore.model.Customer@28aeab8a
2024-04-25 15:13:35.490 [main] ERROR --- c.h.d.service.CustomerService     :   Customer with ID -1 not found
2024-04-25 15:13:35.492 [main] INFO  --- c.h.d.service.CustomerService     :   Fetching customer with ID -1
2024-04-25 15:13:35.494 [main] INFO  --- c.h.d.service.CustomerService     :   Deleting customer with ID null
2024-04-25 15:13:35.498 [main] INFO  --- c.h.d.service.CustomerService     :   Deleting customer with ID -1
2024-04-25 15:13:35.501 [main] INFO  --- c.h.d.controller.ProductController     :   Request received to fetch product with ID 1
2024-04-25 15:13:35.501 [main] INFO  --- c.h.d.controller.ProductController     :   Returning product with ID 1: com.himanshu.departmentalStore.model.Product@6f45872b
2024-04-25 15:13:35.503 [main] INFO  --- c.h.d.controller.ProductController     :   Request received to update product with ID 1: com.himanshu.departmentalStore.model.Product@4631ecf5
2024-04-25 15:13:35.503 [main] INFO  --- c.h.d.controller.ProductController     :   Updated product with ID 1: com.himanshu.departmentalStore.model.Product@4631ecf5
2024-04-25 15:13:35.505 [main] INFO  --- c.h.d.controller.ProductController     :   Request received to fetch all products
2024-04-25 15:13:35.506 [main] INFO  --- c.h.d.controller.ProductController     :   Returning 2 products
2024-04-25 15:13:35.507 [main] INFO  --- c.h.d.controller.ProductController     :   Request received to delete product with ID 1
2024-04-25 15:13:35.508 [main] INFO  --- c.h.d.controller.ProductController     :   Product with ID 1 deleted successfully
2024-04-25 15:13:35.510 [main] INFO  --- c.h.d.controller.ProductController     :   Request received to save a new product: com.himanshu.departmentalStore.model.Product@451f5e53
2024-04-25 15:13:35.510 [main] INFO  --- c.h.d.controller.ProductController     :   Saved product: com.himanshu.departmentalStore.model.Product@451f5e53
2024-04-25 15:13:35.513 [main] INFO  --- c.h.d.service.DiscountService     :   Fetching discount by ID: 1
2024-04-25 15:13:35.514 [main] INFO  --- c.h.d.service.DiscountService     :   Deleting discount with ID: 1
2024-04-25 15:13:35.516 [main] INFO  --- c.h.d.service.DiscountService     :   Fetching all active discounts
2024-04-25 15:13:35.517 [main] INFO  --- c.h.d.service.DiscountService     :   Saving discount: com.himanshu.departmentalStore.model.Discount@28790ede
2024-04-25 15:13:35.519 [main] INFO  --- c.h.d.service.DiscountService     :   Updating discount with ID 1: com.himanshu.departmentalStore.model.Discount@548c7eab
2024-04-25 15:13:35.659 [SpringApplicationShutdownHook] INFO  --- o.s.o.j.LocalContainerEntityManagerFactoryBean     :   Closing JPA EntityManagerFactory for persistence unit 'default'
2024-04-25 15:13:35.662 [SpringApplicationShutdownHook] INFO  --- com.zaxxer.hikari.HikariDataSource     :   HikariPool-1 - Shutdown initiated...
2024-04-25 15:13:35.669 [SpringApplicationShutdownHook] INFO  --- com.zaxxer.hikari.HikariDataSource     :   HikariPool-1 - Shutdown completed.
