2024-05-07 12:11:35.352 [background-preinit] INFO  --- o.h.validator.internal.util.Version     :   HV000001: Hibernate Validator 8.0.1.Final
2024-05-07 12:11:35.459 [main] INFO  --- c.h.d.i.BackorderIntegrationTest     :   Starting BackorderIntegrationTest using Java 21.0.2 with PID 12788 (started by Himanshu.Kumar in C:\Users\himanshu.kumar\IdeaProjects\departmentalStore)
2024-05-07 12:11:35.460 [main] DEBUG --- c.h.d.i.BackorderIntegrationTest     :   Running with Spring Boot v3.2.4, Spring v6.1.5
2024-05-07 12:11:35.461 [main] INFO  --- c.h.d.i.BackorderIntegrationTest     :   No active profile set, falling back to 1 default profile: "default"
2024-05-07 12:11:37.599 [main] INFO  --- o.s.d.r.c.RepositoryConfigurationDelegate     :   Bootstrapping Spring Data JPA repositories in DEFAULT mode.
2024-05-07 12:11:37.718 [main] INFO  --- o.s.d.r.c.RepositoryConfigurationDelegate     :   Finished Spring Data repository scanning in 97 ms. Found 5 JPA repository interfaces.
2024-05-07 12:11:39.356 [main] INFO  --- o.s.b.w.e.tomcat.TomcatWebServer     :   Tomcat initialized with port 0 (http)
2024-05-07 12:11:39.379 [main] INFO  --- o.a.coyote.http11.Http11NioProtocol     :   Initializing ProtocolHandler ["http-nio-auto-1"]
2024-05-07 12:11:39.382 [main] INFO  --- o.a.catalina.core.StandardService     :   Starting service [Tomcat]
2024-05-07 12:11:39.383 [main] INFO  --- o.a.catalina.core.StandardEngine     :   Starting Servlet engine: [Apache Tomcat/10.1.19]
2024-05-07 12:11:39.500 [main] INFO  --- o.a.c.c.C.[Tomcat].[localhost].[/]     :   Initializing Spring embedded WebApplicationContext
2024-05-07 12:11:39.501 [main] INFO  --- o.s.b.w.s.c.ServletWebServerApplicationContext     :   Root WebApplicationContext: initialization completed in 4001 ms
2024-05-07 12:11:40.040 [main] INFO  --- com.zaxxer.hikari.HikariDataSource     :   HikariPool-1 - Starting...
2024-05-07 12:11:40.328 [main] INFO  --- com.zaxxer.hikari.pool.HikariPool     :   HikariPool-1 - Added connection com.mysql.cj.jdbc.ConnectionImpl@7880465a
2024-05-07 12:11:40.332 [main] INFO  --- com.zaxxer.hikari.HikariDataSource     :   HikariPool-1 - Start completed.
2024-05-07 12:11:40.556 [main] INFO  --- o.f.c.i.license.VersionPrinter     :   Flyway Community Edition 9.22.3 by Redgate
2024-05-07 12:11:40.556 [main] INFO  --- o.f.c.i.license.VersionPrinter     :   See release notes here: https://rd.gt/416ObMi
2024-05-07 12:11:40.556 [main] INFO  --- o.f.c.i.license.VersionPrinter     :   
2024-05-07 12:11:40.606 [main] INFO  --- org.flywaydb.core.FlywayExecutor     :   Database: jdbc:mysql://localhost:3306/jpa_testing_departmentalstore_flyway (MySQL 8.0)
2024-05-07 12:11:40.716 [main] INFO  --- o.f.core.internal.command.DbValidate     :   Successfully validated 5 migrations (execution time 00:00.063s)
2024-05-07 12:11:40.747 [main] INFO  --- o.f.core.internal.command.DbMigrate     :   Current version of schema `jpa_testing_departmentalstore_flyway`: 5
2024-05-07 12:11:40.753 [main] INFO  --- o.f.core.internal.command.DbMigrate     :   Schema `jpa_testing_departmentalstore_flyway` is up to date. No migration necessary.
2024-05-07 12:11:40.983 [main] INFO  --- o.h.jpa.internal.util.LogHelper     :   HHH000204: Processing PersistenceUnitInfo [name: default]
2024-05-07 12:11:41.144 [main] INFO  --- org.hibernate.Version     :   HHH000412: Hibernate ORM core version 6.4.4.Final
2024-05-07 12:11:41.229 [main] INFO  --- o.h.c.i.RegionFactoryInitiator     :   HHH000026: Second-level cache disabled
2024-05-07 12:11:41.570 [main] INFO  --- o.s.o.j.p.SpringPersistenceUnitInfo     :   No LoadTimeWeaver setup: ignoring JPA class transformer
2024-05-07 12:11:43.328 [main] INFO  --- o.h.e.t.j.p.i.JtaPlatformInitiator     :   HHH000489: No JTA platform available (set 'hibernate.transaction.jta.platform' to enable JTA platform integration)
2024-05-07 12:11:43.467 [main] INFO  --- o.s.o.j.LocalContainerEntityManagerFactoryBean     :   Initialized JPA EntityManagerFactory for persistence unit 'default'
2024-05-07 12:11:45.434 [main] WARN  --- o.s.b.a.o.j.JpaBaseConfiguration$JpaWebConfiguration     :   spring.jpa.open-in-view is enabled by default. Therefore, database queries may be performed during view rendering. Explicitly configure spring.jpa.open-in-view to disable this warning
2024-05-07 12:11:47.058 [main] INFO  --- o.a.c.c.C.[Tomcat].[localhost].[/]     :   Initializing Spring TestDispatcherServlet ''
2024-05-07 12:11:47.058 [main] INFO  --- o.s.t.w.s.TestDispatcherServlet     :   Initializing Servlet ''
2024-05-07 12:11:47.071 [main] INFO  --- o.s.b.a.e.web.EndpointLinksResolver     :   Exposing 1 endpoint(s) beneath base path '/actuator'
2024-05-07 12:11:47.096 [main] INFO  --- o.s.t.w.s.TestDispatcherServlet     :   Completed initialization in 38 ms
2024-05-07 12:11:47.242 [main] INFO  --- o.a.coyote.http11.Http11NioProtocol     :   Starting ProtocolHandler ["http-nio-auto-1"]
2024-05-07 12:11:47.287 [main] INFO  --- o.s.b.w.e.tomcat.TomcatWebServer     :   Tomcat started on port 64812 (http) with context path ''
2024-05-07 12:11:47.317 [main] INFO  --- c.h.d.i.BackorderIntegrationTest     :   Started BackorderIntegrationTest in 12.279 seconds (process running for 38.82)
2024-05-07 12:11:48.020 [main] INFO  --- c.h.d.controller.BackorderController     :   Received request to fetch backorder by ID: 16
2024-05-07 12:11:48.020 [main] INFO  --- c.h.d.service.BackorderService     :   Fetching backorder by Id : 16
2024-05-07 12:11:48.059 [main] INFO  --- c.h.d.controller.BackorderController     :   Fetched backorder with Id: 16
2024-05-07 12:11:48.404 [main] INFO  --- c.h.d.controller.BackorderController     :   Received request to update backorder with ID 17: com.himanshu.departmentalStore.dto.BackOrderRequestBody@22744e6e
2024-05-07 12:11:48.405 [main] INFO  --- c.h.d.controller.BackorderController     :   Converting RequestBody to backorder
2024-05-07 12:11:48.411 [main] INFO  --- c.h.d.controller.BackorderController     :   RequestBody converted to backorder
2024-05-07 12:11:48.411 [main] INFO  --- c.h.d.service.BackorderService     :   Updating backorder
2024-05-07 12:11:48.948 [main] INFO  --- c.h.d.controller.BackorderController     :   Backorder updated with ID : 17
2024-05-07 12:11:49.037 [main] INFO  --- c.h.d.controller.BackorderController     :   Received request to fetch backorder by ID: 118
2024-05-07 12:11:49.037 [main] INFO  --- c.h.d.service.BackorderService     :   Fetching backorder by Id : 118
2024-05-07 12:11:49.045 [main] ERROR --- c.h.d.e.GlobalExceptionHandler     :   ResourceNotFoundException: Backorder not found with Id : 118
2024-05-07 12:11:49.131 [main] INFO  --- c.h.d.controller.BackorderController     :   Received request to delete backorder with ID: 119
2024-05-07 12:11:49.131 [main] INFO  --- c.h.d.service.BackorderService     :   Deleting backorder
2024-05-07 12:11:49.136 [main] ERROR --- c.h.d.e.GlobalExceptionHandler     :   ResourceNotFoundException: Backorder not found with Id : 119
2024-05-07 12:11:49.222 [main] INFO  --- c.h.d.controller.BackorderController     :   Received request to create new backorder with request body: com.himanshu.departmentalStore.dto.BackOrderRequestBody@47213121
2024-05-07 12:11:49.223 [main] INFO  --- c.h.d.controller.BackorderController     :   Converting RequestBody to backorder
2024-05-07 12:11:49.223 [main] INFO  --- c.h.d.controller.BackorderController     :   RequestBody converted to backorder
2024-05-07 12:11:49.224 [main] INFO  --- c.h.d.service.BackorderService     :   Saving backorder
2024-05-07 12:11:49.232 [main] INFO  --- c.h.d.controller.BackorderController     :   Backorder created with ID : 20
2024-05-07 12:11:49.345 [main] INFO  --- c.h.d.controller.BackorderController     :   Received request to fetch all backorders
2024-05-07 12:11:49.346 [main] INFO  --- c.h.d.service.BackorderService     :   Fetching all backorders
2024-05-07 12:11:49.358 [main] INFO  --- c.h.d.controller.BackorderController     :   Fetched backorders
2024-05-07 12:11:49.475 [main] INFO  --- c.h.d.controller.BackorderController     :   Received request to update backorder with ID 122: com.himanshu.departmentalStore.dto.BackOrderRequestBody@1f0bc34a
2024-05-07 12:11:49.475 [main] INFO  --- c.h.d.controller.BackorderController     :   Converting RequestBody to backorder
2024-05-07 12:11:49.475 [main] INFO  --- c.h.d.controller.BackorderController     :   RequestBody converted to backorder
2024-05-07 12:11:49.475 [main] INFO  --- c.h.d.service.BackorderService     :   Updating backorder
2024-05-07 12:11:49.481 [main] ERROR --- c.h.d.e.GlobalExceptionHandler     :   ResourceNotFoundException: Backorder not found with Id : 122
2024-05-07 12:11:49.578 [main] INFO  --- c.h.d.controller.BackorderController     :   Received request to delete backorder with ID: 23
2024-05-07 12:11:49.579 [main] INFO  --- c.h.d.service.BackorderService     :   Deleting backorder
2024-05-07 12:11:49.596 [main] INFO  --- c.h.d.controller.BackorderController     :   Backorder deleted with ID: 23
2024-05-07 12:11:49.644 [main] INFO  --- o.s.t.c.s.AnnotationConfigContextLoaderUtils     :   Could not detect default configuration classes for test class [com.himanshu.departmentalStore.integration_test.CustomerIntegrationTest]: CustomerIntegrationTest does not declare any static, non-private, non-final, nested classes annotated with @Configuration.
2024-05-07 12:11:49.662 [main] INFO  --- o.s.b.t.c.SpringBootTestContextBootstrapper     :   Found @SpringBootConfiguration com.himanshu.departmentalStore.DepartmentalStoreApplication for test class com.himanshu.departmentalStore.integration_test.CustomerIntegrationTest
2024-05-07 12:11:49.698 [main] INFO  --- c.h.d.controller.CustomerController     :   Request received to fetch customer with ID 56
2024-05-07 12:11:49.698 [main] INFO  --- c.h.d.service.CustomerService     :   Fetching customer with ID 56
2024-05-07 12:11:49.710 [main] INFO  --- c.h.d.service.CustomerService     :   Fetched customer: com.himanshu.departmentalStore.model.Customer@8cd9c7e
2024-05-07 12:11:49.710 [main] INFO  --- c.h.d.controller.CustomerController     :   Returning customer with ID 56: com.himanshu.departmentalStore.model.Customer@8cd9c7e
2024-05-07 12:11:49.751 [main] INFO  --- c.h.d.controller.CustomerController     :   Request received to delete customer with ID 57
2024-05-07 12:11:49.751 [main] INFO  --- c.h.d.service.CustomerService     :   Deleting customer with ID 57
2024-05-07 12:11:49.765 [main] INFO  --- c.h.d.controller.CustomerController     :   Customer with ID 57 deleted successfully
2024-05-07 12:11:49.797 [main] INFO  --- c.h.d.controller.CustomerController     :   Received request to retrieve all customers.
2024-05-07 12:11:49.797 [main] INFO  --- c.h.d.service.CustomerService     :   Fetching all customers from the database
2024-05-07 12:11:49.804 [main] INFO  --- c.h.d.service.CustomerService     :   Fetched 1 customers
2024-05-07 12:11:49.805 [main] INFO  --- c.h.d.controller.CustomerController     :   Retrieved 1 customers.
2024-05-07 12:11:49.843 [main] INFO  --- c.h.d.controller.CustomerController     :   Request received to delete customer with ID 159
2024-05-07 12:11:49.843 [main] INFO  --- c.h.d.service.CustomerService     :   Deleting customer with ID 159
2024-05-07 12:11:49.848 [main] ERROR --- c.h.d.e.GlobalExceptionHandler     :   ResourceNotFoundException: Customer not found with Id : 159
2024-05-07 12:11:49.879 [main] INFO  --- c.h.d.controller.CustomerController     :   Request received to save a new customer: com.himanshu.departmentalStore.model.Customer@3355ac1f
2024-05-07 12:11:49.879 [main] INFO  --- c.h.d.service.CustomerService     :   Saving new customer: com.himanshu.departmentalStore.model.Customer@3355ac1f
2024-05-07 12:11:49.886 [main] INFO  --- c.h.d.controller.CustomerController     :   Saved customer: com.himanshu.departmentalStore.model.Customer@3355ac1f
2024-05-07 12:11:49.922 [main] INFO  --- c.h.d.controller.CustomerController     :   Request received to update customer with ID 161: com.himanshu.departmentalStore.model.Customer@688a98
2024-05-07 12:11:49.922 [main] INFO  --- c.h.d.service.CustomerService     :   Updating customer with ID 161: com.himanshu.departmentalStore.model.Customer@688a98
2024-05-07 12:11:49.930 [main] ERROR --- c.h.d.service.CustomerService     :   Customer with ID 161 not found
2024-05-07 12:11:49.931 [main] ERROR --- c.h.d.e.GlobalExceptionHandler     :   ResourceNotFoundException: Customer not found with Id : 161
2024-05-07 12:11:49.967 [main] INFO  --- c.h.d.controller.CustomerController     :   Request received to update customer with ID 62: com.himanshu.departmentalStore.model.Customer@319ea6be
2024-05-07 12:11:49.967 [main] INFO  --- c.h.d.service.CustomerService     :   Updating customer with ID 62: com.himanshu.departmentalStore.model.Customer@319ea6be
2024-05-07 12:11:49.980 [main] INFO  --- c.h.d.controller.CustomerController     :   Updated customer with ID 62: com.himanshu.departmentalStore.model.Customer@5066389b
2024-05-07 12:11:50.009 [main] INFO  --- c.h.d.controller.CustomerController     :   Request received to fetch customer with ID 163
2024-05-07 12:11:50.009 [main] INFO  --- c.h.d.service.CustomerService     :   Fetching customer with ID 163
2024-05-07 12:11:50.013 [main] ERROR --- c.h.d.e.GlobalExceptionHandler     :   ResourceNotFoundException: Customer not found with Id : 163
2024-05-07 12:11:50.034 [main] INFO  --- o.s.t.c.s.AnnotationConfigContextLoaderUtils     :   Could not detect default configuration classes for test class [com.himanshu.departmentalStore.integration_test.DiscountIntegrationTest]: DiscountIntegrationTest does not declare any static, non-private, non-final, nested classes annotated with @Configuration.
2024-05-07 12:11:50.046 [main] INFO  --- o.s.b.t.c.SpringBootTestContextBootstrapper     :   Found @SpringBootConfiguration com.himanshu.departmentalStore.DepartmentalStoreApplication for test class com.himanshu.departmentalStore.integration_test.DiscountIntegrationTest
2024-05-07 12:11:50.077 [main] INFO  --- c.h.d.controller.DiscountController     :   Received request to Fetch discount by Id : 15
2024-05-07 12:11:50.078 [main] INFO  --- c.h.d.service.DiscountService     :   Fetching discount by ID: 15
2024-05-07 12:11:50.085 [main] INFO  --- c.h.d.controller.DiscountController     :   Fetched discounts with Id : 15, discount : com.himanshu.departmentalStore.model.Discount@2ff5ef54
2024-05-07 12:11:50.123 [main] INFO  --- c.h.d.controller.DiscountController     :   Received request to delete discount with ID 16
2024-05-07 12:11:50.123 [main] INFO  --- c.h.d.service.DiscountService     :   Deleting discount with ID: 16
2024-05-07 12:11:50.163 [main] INFO  --- c.h.d.controller.DiscountController     :   Received request to Fetch all discounts
2024-05-07 12:11:50.164 [main] INFO  --- c.h.d.service.DiscountService     :   Fetching all discounts
2024-05-07 12:11:50.170 [main] INFO  --- c.h.d.controller.DiscountController     :   Fetched all discounts : [com.himanshu.departmentalStore.model.Discount@3027a1f1]
2024-05-07 12:11:50.201 [main] INFO  --- c.h.d.controller.DiscountController     :   Received request to delete discount with ID 118
2024-05-07 12:11:50.202 [main] INFO  --- c.h.d.service.DiscountService     :   Deleting discount with ID: 118
2024-05-07 12:11:50.206 [main] ERROR --- c.h.d.e.GlobalExceptionHandler     :   ResourceNotFoundException: Discount not found with Id : 118
2024-05-07 12:11:50.241 [main] INFO  --- c.h.d.controller.DiscountController     :   Received request to create new discount: com.himanshu.departmentalStore.model.Discount@76619aa2
2024-05-07 12:11:50.242 [main] INFO  --- c.h.d.service.DiscountService     :   Saving discount: com.himanshu.departmentalStore.model.Discount@76619aa2
2024-05-07 12:11:50.293 [main] INFO  --- c.h.d.controller.DiscountController     :   Received request to update discount with ID 120: com.himanshu.departmentalStore.model.Discount@dce9433
2024-05-07 12:11:50.294 [main] INFO  --- c.h.d.service.DiscountService     :   Updating discount with ID 120: com.himanshu.departmentalStore.model.Discount@dce9433
2024-05-07 12:11:50.303 [main] ERROR --- c.h.d.e.GlobalExceptionHandler     :   ResourceNotFoundException: Discount not found with Id : 120
2024-05-07 12:11:50.339 [main] INFO  --- c.h.d.controller.DiscountController     :   Received request to update discount with ID 21: com.himanshu.departmentalStore.model.Discount@3fabebae
2024-05-07 12:11:50.340 [main] INFO  --- c.h.d.service.DiscountService     :   Updating discount with ID 21: com.himanshu.departmentalStore.model.Discount@3fabebae
2024-05-07 12:11:50.380 [main] INFO  --- c.h.d.controller.DiscountController     :   Received request to Fetch discount by Id : 122
2024-05-07 12:11:50.381 [main] INFO  --- c.h.d.service.DiscountService     :   Fetching discount by ID: 122
2024-05-07 12:11:50.384 [main] ERROR --- c.h.d.e.GlobalExceptionHandler     :   ResourceNotFoundException: Discount not found with Id : 122
2024-05-07 12:11:50.401 [main] INFO  --- o.s.t.c.s.AnnotationConfigContextLoaderUtils     :   Could not detect default configuration classes for test class [com.himanshu.departmentalStore.integration_test.OrderIntegrationTest]: OrderIntegrationTest does not declare any static, non-private, non-final, nested classes annotated with @Configuration.
2024-05-07 12:11:50.409 [main] INFO  --- o.s.b.t.c.SpringBootTestContextBootstrapper     :   Found @SpringBootConfiguration com.himanshu.departmentalStore.DepartmentalStoreApplication for test class com.himanshu.departmentalStore.integration_test.OrderIntegrationTest
2024-05-07 12:11:50.460 [main] INFO  --- c.h.d.controller.OrderController     :   Received request to fetch all orders by Id : 118
2024-05-07 12:11:50.460 [main] INFO  --- c.h.d.service.OrderService     :   Fetching all orders with Id : 118
2024-05-07 12:11:50.466 [main] ERROR --- c.h.d.e.GlobalExceptionHandler     :   ResourceNotFoundException: Order not found with Id : 118
2024-05-07 12:11:50.574 [main] INFO  --- c.h.d.controller.OrderController     :   Received request to create order.
2024-05-07 12:11:50.574 [main] INFO  --- c.h.d.controller.OrderController     :   Converting OrderRequestBody to Order.
2024-05-07 12:11:50.575 [main] INFO  --- c.h.d.controller.OrderController     :   OrderRequestBody converted to Order
2024-05-07 12:11:50.575 [main] INFO  --- c.h.d.service.OrderService     :   Placing order.
2024-05-07 12:11:50.575 [main] INFO  --- c.h.d.service.ProductService     :   Fetching product with ID 57
2024-05-07 12:11:50.581 [main] INFO  --- c.h.d.service.ProductService     :   Fetched product: com.himanshu.departmentalStore.model.Product@1a05ebe3
2024-05-07 12:11:50.582 [main] INFO  --- c.h.d.service.OrderService     :   Checking isProductAvailable
2024-05-07 12:11:50.582 [main] INFO  --- c.h.d.service.OrderService     :   Product available.
2024-05-07 12:11:50.582 [main] INFO  --- c.h.d.service.OrderService     :   Calculating total amount
2024-05-07 12:11:50.582 [main] INFO  --- c.h.d.service.OrderService     :   Amount updated in order
2024-05-07 12:11:50.582 [main] INFO  --- c.h.d.service.ProductService     :   Updating product with ID 57: com.himanshu.departmentalStore.model.Product@1a05ebe3
2024-05-07 12:11:50.591 [main] INFO  --- c.h.d.service.OrderService     :   Updating product quantity
2024-05-07 12:11:50.591 [main] INFO  --- c.h.d.service.OrderService     :   Saving order
2024-05-07 12:11:50.639 [main] WARN  --- o.h.e.jdbc.spi.SqlExceptionHelper     :   SQL Error: 1452, SQLState: 23000
2024-05-07 12:11:50.640 [main] ERROR --- o.h.e.jdbc.spi.SqlExceptionHelper     :   Cannot add or update a child row: a foreign key constraint fails (`jpa_testing_departmentalstore_flyway`.`customer_order`, CONSTRAINT `customer_order_ibfk_2` FOREIGN KEY (`customer_id`) REFERENCES `customer` (`id`))
2024-05-07 12:11:50.654 [main] ERROR --- c.h.d.e.GlobalExceptionHandler     :   Global Exception: could not execute statement [Cannot add or update a child row: a foreign key constraint fails (`jpa_testing_departmentalstore_flyway`.`customer_order`, CONSTRAINT `customer_order_ibfk_2` FOREIGN KEY (`customer_id`) REFERENCES `customer` (`id`))] [insert into customer_order (amount,customer_id,discount_id,product_id,quantity,timestamp) values (?,?,?,?,?,?)]; SQL [insert into customer_order (amount,customer_id,discount_id,product_id,quantity,timestamp) values (?,?,?,?,?,?)]; constraint [null]
2024-05-07 12:11:50.722 [main] INFO  --- c.h.d.controller.OrderController     :   Received request to delete order with ID: 20
2024-05-07 12:11:50.722 [main] INFO  --- c.h.d.service.OrderService     :   Deleting order with Id : 20
2024-05-07 12:11:50.727 [main] INFO  --- c.h.d.service.OrderService     :   Updating product
2024-05-07 12:11:50.728 [main] INFO  --- c.h.d.service.ProductService     :   Updating product with ID 58: com.himanshu.departmentalStore.model.Product@5db867ee
2024-05-07 12:11:50.736 [main] INFO  --- c.h.d.service.OrderService     :   Product quantity increased in product
2024-05-07 12:11:50.736 [main] INFO  --- c.h.d.service.OrderService     :   Checking backorder which can be fulfilled
2024-05-07 12:11:50.736 [main] INFO  --- c.h.d.service.BackorderService     :   Fetching all backorder associated with Ordered product
2024-05-07 12:11:50.737 [main] INFO  --- c.h.d.service.BackorderService     :   Fetching all backorder having productId: 58
2024-05-07 12:11:50.756 [main] INFO  --- c.h.d.service.BackorderService     :   performing operation on backorder.
2024-05-07 12:11:50.763 [main] INFO  --- c.h.d.service.OrderService     :   Order deleted with Id : 20
2024-05-07 12:11:50.763 [main] INFO  --- c.h.d.controller.OrderController     :   Order deleted with ID: 20
2024-05-07 12:11:50.847 [main] INFO  --- c.h.d.controller.OrderController     :   Received request to update the order with Id : 21.
2024-05-07 12:11:50.847 [main] INFO  --- c.h.d.controller.OrderController     :   Converting OrderRequestBody to Order.
2024-05-07 12:11:50.848 [main] INFO  --- c.h.d.controller.OrderController     :   OrderRequestBody converted to Order
2024-05-07 12:11:50.848 [main] INFO  --- c.h.d.service.OrderService     :   Updating order with Id : 21
2024-05-07 12:11:50.853 [main] INFO  --- c.h.d.service.OrderService     :   Check if the customer, product, and discount are the same or different
2024-05-07 12:11:50.853 [main] ERROR --- c.h.d.service.OrderService     :   Can't update : Customer or Product or Discount is not same : Only Quantity can be updated
2024-05-07 12:11:50.854 [main] ERROR --- c.h.d.e.GlobalExceptionHandler     :   Custom Exception: Can't update  : Customer or Product or Discount is not same : Only Quantity can be updated
2024-05-07 12:11:50.937 [main] INFO  --- c.h.d.controller.OrderController     :   Received request to update the order with Id : 22.
2024-05-07 12:11:50.938 [main] INFO  --- c.h.d.controller.OrderController     :   Converting OrderRequestBody to Order.
2024-05-07 12:11:50.938 [main] INFO  --- c.h.d.controller.OrderController     :   OrderRequestBody converted to Order
2024-05-07 12:11:50.938 [main] INFO  --- c.h.d.service.OrderService     :   Updating order with Id : 22
2024-05-07 12:11:50.944 [main] INFO  --- c.h.d.service.OrderService     :   Check if the customer, product, and discount are the same or different
2024-05-07 12:11:50.944 [main] INFO  --- c.h.d.service.OrderService     :   Product quantity increased : Checking is Product available
2024-05-07 12:11:50.944 [main] INFO  --- c.h.d.service.OrderService     :   Product available.
2024-05-07 12:11:50.944 [main] INFO  --- c.h.d.service.ProductService     :   Updating product with ID 60: com.himanshu.departmentalStore.model.Product@1dd288c6
2024-05-07 12:11:50.954 [main] INFO  --- c.h.d.service.OrderService     :   Updated Order, product, orderAmount
2024-05-07 12:11:50.959 [main] INFO  --- c.h.d.controller.OrderController     :   Order placed
2024-05-07 12:11:51.065 [main] INFO  --- c.h.d.controller.OrderController     :   Received request to fetch all orders.
2024-05-07 12:11:51.066 [main] INFO  --- c.h.d.service.OrderService     :   Fetching all orders
2024-05-07 12:11:51.075 [main] INFO  --- c.h.d.service.OrderService     :   Order Fetched
2024-05-07 12:11:51.164 [main] INFO  --- c.h.d.controller.OrderController     :   Received request to create order.
2024-05-07 12:11:51.164 [main] INFO  --- c.h.d.controller.OrderController     :   Converting OrderRequestBody to Order.
2024-05-07 12:11:51.164 [main] INFO  --- c.h.d.controller.OrderController     :   OrderRequestBody converted to Order
2024-05-07 12:11:51.164 [main] INFO  --- c.h.d.service.OrderService     :   Placing order.
2024-05-07 12:11:51.164 [main] INFO  --- c.h.d.service.ProductService     :   Fetching product with ID 62
2024-05-07 12:11:51.169 [main] INFO  --- c.h.d.service.ProductService     :   Fetched product: com.himanshu.departmentalStore.model.Product@14fc1fc5
2024-05-07 12:11:51.169 [main] INFO  --- c.h.d.service.OrderService     :   Checking isProductAvailable
2024-05-07 12:11:51.170 [main] INFO  --- c.h.d.service.OrderService     :   Product available.
2024-05-07 12:11:51.170 [main] INFO  --- c.h.d.service.OrderService     :   Calculating total amount
2024-05-07 12:11:51.170 [main] INFO  --- c.h.d.service.OrderService     :   Amount updated in order
2024-05-07 12:11:51.170 [main] INFO  --- c.h.d.service.ProductService     :   Updating product with ID 62: com.himanshu.departmentalStore.model.Product@14fc1fc5
2024-05-07 12:11:51.180 [main] INFO  --- c.h.d.service.OrderService     :   Updating product quantity
2024-05-07 12:11:51.180 [main] INFO  --- c.h.d.service.OrderService     :   Saving order
2024-05-07 12:11:51.187 [main] INFO  --- c.h.d.controller.OrderController     :   Order Placed.
2024-05-07 12:11:51.289 [main] INFO  --- c.h.d.controller.OrderController     :   Received request to fetch all orders by Id : 25
2024-05-07 12:11:51.290 [main] INFO  --- c.h.d.service.OrderService     :   Fetching all orders with Id : 25
2024-05-07 12:11:51.295 [main] INFO  --- c.h.d.service.OrderService     :   Order fetched with Id : 25, order : com.himanshu.departmentalStore.model.Order@2baaa024
2024-05-07 12:11:51.296 [main] INFO  --- c.h.d.controller.OrderController     :   Fetched order with id : 25, order : com.himanshu.departmentalStore.model.Order@2baaa024
2024-05-07 12:11:51.421 [main] INFO  --- c.h.d.controller.OrderController     :   Received request to delete order with ID: 126
2024-05-07 12:11:51.421 [main] INFO  --- c.h.d.service.OrderService     :   Deleting order with Id : 126
2024-05-07 12:11:51.432 [main] ERROR --- c.h.d.e.GlobalExceptionHandler     :   ResourceNotFoundException: Order not found with Id : 126
2024-05-07 12:11:51.543 [main] INFO  --- c.h.d.controller.OrderController     :   Received request to update the order with Id : 127.
2024-05-07 12:11:51.544 [main] INFO  --- c.h.d.controller.OrderController     :   Converting OrderRequestBody to Order.
2024-05-07 12:11:51.544 [main] INFO  --- c.h.d.controller.OrderController     :   OrderRequestBody converted to Order
2024-05-07 12:11:51.544 [main] INFO  --- c.h.d.service.OrderService     :   Updating order with Id : 127
2024-05-07 12:11:51.549 [main] ERROR --- c.h.d.e.GlobalExceptionHandler     :   ResourceNotFoundException: Order not found with Id : 127
2024-05-07 12:11:51.612 [main] INFO  --- c.h.d.controller.OrderController     :   Received request to create order.
2024-05-07 12:11:51.612 [main] INFO  --- c.h.d.controller.OrderController     :   Converting OrderRequestBody to Order.
2024-05-07 12:11:51.612 [main] INFO  --- c.h.d.controller.OrderController     :   OrderRequestBody converted to Order
2024-05-07 12:11:51.613 [main] INFO  --- c.h.d.service.OrderService     :   Placing order.
2024-05-07 12:11:51.613 [main] INFO  --- c.h.d.service.ProductService     :   Fetching product with ID 66
2024-05-07 12:11:51.616 [main] INFO  --- c.h.d.service.ProductService     :   Fetched product: com.himanshu.departmentalStore.model.Product@62979023
2024-05-07 12:11:51.616 [main] INFO  --- c.h.d.service.OrderService     :   Checking isProductAvailable
2024-05-07 12:11:51.616 [main] ERROR --- c.h.d.service.OrderService     :   Product not available
2024-05-07 12:11:51.616 [main] INFO  --- c.h.d.service.OrderService     :   Creating Backorder
2024-05-07 12:11:51.617 [main] INFO  --- c.h.d.service.OrderService     :   Saving Backorder
2024-05-07 12:11:51.617 [main] INFO  --- c.h.d.service.BackorderService     :   Saving backorder
2024-05-07 12:11:51.622 [main] INFO  --- c.h.d.service.OrderService     :   Backorder saved with Id : 24
2024-05-07 12:11:51.622 [main] ERROR --- c.h.d.e.GlobalExceptionHandler     :   Custom Exception: Ordered quantity is more then quantity left in stock : Backorder created
2024-05-07 12:11:51.697 [main] INFO  --- c.h.d.controller.OrderController     :   Received request to update the order with Id : 28.
2024-05-07 12:11:51.697 [main] INFO  --- c.h.d.controller.OrderController     :   Converting OrderRequestBody to Order.
2024-05-07 12:11:51.697 [main] INFO  --- c.h.d.controller.OrderController     :   OrderRequestBody converted to Order
2024-05-07 12:11:51.697 [main] INFO  --- c.h.d.service.OrderService     :   Updating order with Id : 28
2024-05-07 12:11:51.703 [main] INFO  --- c.h.d.service.OrderService     :   Check if the customer, product, and discount are the same or different
2024-05-07 12:11:51.703 [main] ERROR --- c.h.d.service.OrderService     :   Can't update : Customer or Product or Discount is not same : Only Quantity can be updated
2024-05-07 12:11:51.703 [main] ERROR --- c.h.d.e.GlobalExceptionHandler     :   Custom Exception: Can't update  : Customer or Product or Discount is not same : Only Quantity can be updated
2024-05-07 12:11:51.777 [main] INFO  --- c.h.d.controller.OrderController     :   Received request to create order.
2024-05-07 12:11:51.777 [main] INFO  --- c.h.d.controller.OrderController     :   Converting OrderRequestBody to Order.
2024-05-07 12:11:51.778 [main] INFO  --- c.h.d.controller.OrderController     :   OrderRequestBody converted to Order
2024-05-07 12:11:51.778 [main] INFO  --- c.h.d.service.OrderService     :   Placing order.
2024-05-07 12:11:51.778 [main] INFO  --- c.h.d.service.ProductService     :   Fetching product with ID 168
2024-05-07 12:11:51.781 [main] ERROR --- c.h.d.e.GlobalExceptionHandler     :   ResourceNotFoundException: Product not found with Id : 168
2024-05-07 12:11:51.813 [main] INFO  --- o.s.t.c.s.AnnotationConfigContextLoaderUtils     :   Could not detect default configuration classes for test class [com.himanshu.departmentalStore.integration_test.ProductIntegrationTest]: ProductIntegrationTest does not declare any static, non-private, non-final, nested classes annotated with @Configuration.
2024-05-07 12:11:51.820 [main] INFO  --- o.s.b.t.c.SpringBootTestContextBootstrapper     :   Found @SpringBootConfiguration com.himanshu.departmentalStore.DepartmentalStoreApplication for test class com.himanshu.departmentalStore.integration_test.ProductIntegrationTest
2024-05-07 12:11:51.837 [main] INFO  --- c.h.d.controller.ProductController     :   Request received to fetch product with ID 69
2024-05-07 12:11:51.837 [main] INFO  --- c.h.d.service.ProductService     :   Fetching product with ID 69
2024-05-07 12:11:51.842 [main] INFO  --- c.h.d.service.ProductService     :   Fetched product: com.himanshu.departmentalStore.model.Product@9f941a6
2024-05-07 12:11:51.842 [main] INFO  --- c.h.d.controller.ProductController     :   Returning product with ID 69: com.himanshu.departmentalStore.model.Product@9f941a6
2024-05-07 12:11:51.872 [main] INFO  --- c.h.d.controller.ProductController     :   Request received to update product with ID 70: com.himanshu.departmentalStore.model.Product@1cc7ccad
2024-05-07 12:11:51.872 [main] INFO  --- c.h.d.service.ProductService     :   Updating product with ID 70: com.himanshu.departmentalStore.model.Product@1cc7ccad
2024-05-07 12:11:51.882 [main] INFO  --- c.h.d.controller.ProductController     :   Updated product with ID 70: com.himanshu.departmentalStore.model.Product@625ca0ee
2024-05-07 12:11:51.908 [main] INFO  --- c.h.d.controller.ProductController     :   Request received to fetch all products
2024-05-07 12:11:51.908 [main] INFO  --- c.h.d.service.ProductService     :   Fetching all products from the database
2024-05-07 12:11:51.914 [main] INFO  --- c.h.d.service.ProductService     :   Fetched 1 products
2024-05-07 12:11:51.914 [main] INFO  --- c.h.d.controller.ProductController     :   Returning 1 products
2024-05-07 12:11:51.951 [main] INFO  --- c.h.d.controller.ProductController     :   Request received to update product with ID 172: com.himanshu.departmentalStore.model.Product@40d9e7d3
2024-05-07 12:11:51.952 [main] INFO  --- c.h.d.service.ProductService     :   Updating product with ID 172: com.himanshu.departmentalStore.model.Product@40d9e7d3
2024-05-07 12:11:51.956 [main] ERROR --- c.h.d.e.GlobalExceptionHandler     :   ResourceNotFoundException: Product not found with Id : 172
2024-05-07 12:11:51.984 [main] INFO  --- c.h.d.controller.ProductController     :   Request received to delete product with ID 73
2024-05-07 12:11:51.984 [main] INFO  --- c.h.d.service.ProductService     :   Deleting product with ID 73
2024-05-07 12:11:51.994 [main] INFO  --- c.h.d.controller.ProductController     :   Product with ID 73 deleted successfully
2024-05-07 12:11:52.014 [main] INFO  --- c.h.d.controller.ProductController     :   Request received to save a new product: com.himanshu.departmentalStore.model.Product@4712adae
2024-05-07 12:11:52.014 [main] INFO  --- c.h.d.service.ProductService     :   Saving new product: com.himanshu.departmentalStore.model.Product@4712adae
2024-05-07 12:11:52.021 [main] INFO  --- c.h.d.controller.ProductController     :   Saved product: com.himanshu.departmentalStore.model.Product@4712adae
2024-05-07 12:11:52.048 [main] INFO  --- c.h.d.controller.ProductController     :   Request received to fetch product with ID 175
2024-05-07 12:11:52.048 [main] INFO  --- c.h.d.service.ProductService     :   Fetching product with ID 175
2024-05-07 12:11:52.051 [main] ERROR --- c.h.d.e.GlobalExceptionHandler     :   ResourceNotFoundException: Product not found with Id : 175
2024-05-07 12:11:52.076 [main] INFO  --- c.h.d.controller.ProductController     :   Request received to delete product with ID 176
2024-05-07 12:11:52.077 [main] INFO  --- c.h.d.service.ProductService     :   Deleting product with ID 176
2024-05-07 12:11:52.080 [main] ERROR --- c.h.d.e.GlobalExceptionHandler     :   ResourceNotFoundException: Product not found with Id : 176
2024-05-07 12:11:52.152 [main] INFO  --- c.h.d.r.BackorderRepositoryTest     :   Starting BackorderRepositoryTest using Java 21.0.2 with PID 12788 (started by Himanshu.Kumar in C:\Users\himanshu.kumar\IdeaProjects\departmentalStore)
2024-05-07 12:11:52.152 [main] DEBUG --- c.h.d.r.BackorderRepositoryTest     :   Running with Spring Boot v3.2.4, Spring v6.1.5
2024-05-07 12:11:52.152 [main] INFO  --- c.h.d.r.BackorderRepositoryTest     :   No active profile set, falling back to 1 default profile: "default"
2024-05-07 12:11:52.704 [main] INFO  --- o.s.d.r.c.RepositoryConfigurationDelegate     :   Bootstrapping Spring Data JPA repositories in DEFAULT mode.
2024-05-07 12:11:52.732 [main] INFO  --- o.s.d.r.c.RepositoryConfigurationDelegate     :   Finished Spring Data repository scanning in 26 ms. Found 5 JPA repository interfaces.
2024-05-07 12:11:52.863 [main] INFO  --- com.zaxxer.hikari.HikariDataSource     :   HikariPool-2 - Starting...
2024-05-07 12:11:52.884 [main] INFO  --- com.zaxxer.hikari.pool.HikariPool     :   HikariPool-2 - Added connection com.mysql.cj.jdbc.ConnectionImpl@6bc532a3
2024-05-07 12:11:52.885 [main] INFO  --- com.zaxxer.hikari.HikariDataSource     :   HikariPool-2 - Start completed.
2024-05-07 12:11:52.907 [main] INFO  --- org.flywaydb.core.FlywayExecutor     :   Database: jdbc:mysql://localhost:3306/jpa_testing_departmentalstore_flyway (MySQL 8.0)
2024-05-07 12:11:52.928 [main] INFO  --- o.f.core.internal.command.DbValidate     :   Successfully validated 5 migrations (execution time 00:00.013s)
2024-05-07 12:11:52.939 [main] INFO  --- o.f.core.internal.command.DbMigrate     :   Current version of schema `jpa_testing_departmentalstore_flyway`: 5
2024-05-07 12:11:52.940 [main] INFO  --- o.f.core.internal.command.DbMigrate     :   Schema `jpa_testing_departmentalstore_flyway` is up to date. No migration necessary.
2024-05-07 12:11:52.996 [main] INFO  --- o.h.jpa.internal.util.LogHelper     :   HHH000204: Processing PersistenceUnitInfo [name: default]
2024-05-07 12:11:53.003 [main] INFO  --- o.h.c.i.RegionFactoryInitiator     :   HHH000026: Second-level cache disabled
2024-05-07 12:11:53.011 [main] INFO  --- o.s.o.j.p.SpringPersistenceUnitInfo     :   No LoadTimeWeaver setup: ignoring JPA class transformer
2024-05-07 12:11:53.225 [main] INFO  --- o.h.e.t.j.p.i.JtaPlatformInitiator     :   HHH000489: No JTA platform available (set 'hibernate.transaction.jta.platform' to enable JTA platform integration)
2024-05-07 12:11:53.279 [main] INFO  --- o.s.o.j.LocalContainerEntityManagerFactoryBean     :   Initialized JPA EntityManagerFactory for persistence unit 'default'
2024-05-07 12:11:53.789 [main] WARN  --- o.s.b.a.o.j.JpaBaseConfiguration$JpaWebConfiguration     :   spring.jpa.open-in-view is enabled by default. Therefore, database queries may be performed during view rendering. Explicitly configure spring.jpa.open-in-view to disable this warning
2024-05-07 12:11:54.355 [main] INFO  --- o.s.b.a.e.web.EndpointLinksResolver     :   Exposing 1 endpoint(s) beneath base path '/actuator'
2024-05-07 12:11:54.395 [main] INFO  --- c.h.d.r.BackorderRepositoryTest     :   Started BackorderRepositoryTest in 2.281 seconds (process running for 45.898)
2024-05-07 12:11:56.411 [main] INFO  --- c.h.d.service.BackorderService     :   Fetching backorder by Id : 1
2024-05-07 12:11:56.414 [main] INFO  --- c.h.d.service.BackorderService     :   Updating backorder
2024-05-07 12:11:56.418 [main] INFO  --- c.h.d.service.BackorderService     :   Saving backorder
2024-05-07 12:11:56.422 [main] INFO  --- c.h.d.service.BackorderService     :   Fetching all backorders
2024-05-07 12:11:56.428 [main] INFO  --- c.h.d.service.BackorderService     :   Deleting backorder
2024-05-07 12:11:56.577 [main] INFO  --- c.h.d.service.CustomerService     :   Fetching customer with ID 1
2024-05-07 12:11:56.577 [main] INFO  --- c.h.d.service.CustomerService     :   Fetched customer: com.himanshu.departmentalStore.model.Customer@753a3297
2024-05-07 12:11:56.580 [main] INFO  --- c.h.d.service.CustomerService     :   Deleting customer with ID 1
2024-05-07 12:11:56.583 [main] INFO  --- c.h.d.service.CustomerService     :   Fetching all customers from the database
2024-05-07 12:11:56.583 [main] INFO  --- c.h.d.service.CustomerService     :   Fetched 2 customers
2024-05-07 12:11:56.586 [main] INFO  --- c.h.d.service.CustomerService     :   Saving new customer: com.himanshu.departmentalStore.model.Customer@1146374f
2024-05-07 12:11:56.589 [main] INFO  --- c.h.d.service.CustomerService     :   Updating customer with ID 1: com.himanshu.departmentalStore.model.Customer@10754d5c
2024-05-07 12:11:56.729 [main] INFO  --- c.h.d.service.DiscountService     :   Fetching discount by ID: 1
2024-05-07 12:11:56.731 [main] INFO  --- c.h.d.service.DiscountService     :   Deleting discount with ID: 1
2024-05-07 12:11:56.734 [main] INFO  --- c.h.d.service.DiscountService     :   Fetching all active discounts
2024-05-07 12:11:56.738 [main] INFO  --- c.h.d.service.DiscountService     :   Saving discount: com.himanshu.departmentalStore.model.Discount@4909267f
2024-05-07 12:11:56.742 [main] INFO  --- c.h.d.service.DiscountService     :   fetching discount with ID 1
2024-05-07 12:11:56.745 [main] INFO  --- c.h.d.service.DiscountService     :   Updating discount with ID 1: com.himanshu.departmentalStore.model.Discount@3b682c4b
2024-05-07 12:11:56.748 [main] INFO  --- c.h.d.service.DiscountService     :   fetching discount with ID null
2024-05-07 12:11:56.782 [main] INFO  --- c.h.d.service.BackorderService     :   Deleting backorder
2024-05-07 12:11:56.789 [main] INFO  --- c.h.d.service.BackorderService     :   Deleting backorder
2024-05-07 12:11:56.796 [main] INFO  --- c.h.d.service.BackorderService     :   Updating backorder
2024-05-07 12:11:56.802 [main] INFO  --- c.h.d.service.BackorderService     :   Fetching backorder by Id : -1
2024-05-07 12:11:56.806 [main] INFO  --- c.h.d.service.BackorderService     :   Updating backorder
2024-05-07 12:11:56.813 [main] INFO  --- c.h.d.service.CustomerService     :   Deleting customer with ID -1
2024-05-07 12:11:56.823 [main] INFO  --- c.h.d.service.CustomerService     :   Updating customer with ID 1: null
2024-05-07 12:11:56.824 [main] ERROR --- c.h.d.service.CustomerService     :   Customer with ID 1 not found
2024-05-07 12:11:56.829 [main] INFO  --- c.h.d.service.CustomerService     :   Updating customer with ID -1: com.himanshu.departmentalStore.model.Customer@216a0f9b
2024-05-07 12:11:56.829 [main] ERROR --- c.h.d.service.CustomerService     :   Customer with ID -1 not found
2024-05-07 12:11:56.834 [main] INFO  --- c.h.d.service.CustomerService     :   Fetching customer with ID -1
2024-05-07 12:11:56.838 [main] INFO  --- c.h.d.service.CustomerService     :   Deleting customer with ID null
2024-05-07 12:11:56.842 [main] INFO  --- c.h.d.service.CustomerService     :   Deleting customer with ID -1
2024-05-07 12:11:56.850 [main] INFO  --- c.h.d.service.DiscountService     :   Fetching discount by ID: -1
2024-05-07 12:11:56.856 [main] INFO  --- c.h.d.service.DiscountService     :   Updating discount with ID -1: com.himanshu.departmentalStore.model.Discount@6573178b
2024-05-07 12:11:56.866 [main] INFO  --- c.h.d.service.DiscountService     :   Deleting discount with ID: -1
2024-05-07 12:11:56.871 [main] INFO  --- c.h.d.service.DiscountService     :   Updating discount with ID 1: null
2024-05-07 12:11:56.876 [main] INFO  --- c.h.d.service.DiscountService     :   Deleting discount with ID: null
2024-05-07 12:11:57.100 [main] INFO  --- c.h.d.service.OrderService     :   Placing order.
2024-05-07 12:11:57.100 [main] INFO  --- c.h.d.service.OrderService     :   Checking isProductAvailable
2024-05-07 12:11:57.100 [main] ERROR --- c.h.d.service.OrderService     :   Product not available
2024-05-07 12:11:57.101 [main] INFO  --- c.h.d.service.OrderService     :   Creating Backorder
2024-05-07 12:11:57.102 [main] INFO  --- c.h.d.service.OrderService     :   Saving Backorder
2024-05-07 12:11:57.102 [main] INFO  --- c.h.d.service.OrderService     :   Backorder saved with Id : 1
2024-05-07 12:11:57.107 [main] INFO  --- c.h.d.service.OrderService     :   Deleting order with Id : 1
2024-05-07 12:11:57.113 [main] INFO  --- c.h.d.service.OrderService     :   Updating order with Id : 1
2024-05-07 12:11:57.113 [main] INFO  --- c.h.d.service.OrderService     :   Check if the customer, product, and discount are the same or different
2024-05-07 12:11:57.114 [main] ERROR --- c.h.d.service.OrderService     :   No change in previous and current quantity : not updated
2024-05-07 12:11:57.122 [main] INFO  --- c.h.d.service.OrderService     :   Updating order with Id : 1
2024-05-07 12:11:57.292 [main] INFO  --- c.h.d.service.ProductService     :   Deleting product with ID null
2024-05-07 12:11:57.301 [main] INFO  --- c.h.d.service.ProductService     :   Deleting product with ID -1
2024-05-07 12:11:57.306 [main] INFO  --- c.h.d.service.ProductService     :   Updating product with ID -1: com.himanshu.departmentalStore.model.Product@33f9020a
2024-05-07 12:11:57.311 [main] INFO  --- c.h.d.service.ProductService     :   Updating product with ID 1: null
2024-05-07 12:11:57.318 [main] INFO  --- c.h.d.service.ProductService     :   Fetching product with ID -1
2024-05-07 12:11:57.332 [main] INFO  --- c.h.d.service.OrderService     :   Deleting order with Id : 1
2024-05-07 12:11:57.332 [main] INFO  --- c.h.d.service.OrderService     :   Updating product
2024-05-07 12:11:57.333 [main] INFO  --- c.h.d.service.OrderService     :   Product quantity increased in product
2024-05-07 12:11:57.333 [main] INFO  --- c.h.d.service.OrderService     :   Checking backorder which can be fulfilled
2024-05-07 12:11:57.334 [main] INFO  --- c.h.d.service.OrderService     :   Order deleted with Id : 1
2024-05-07 12:11:57.340 [main] INFO  --- c.h.d.service.OrderService     :   Updating order with Id : 1
2024-05-07 12:11:57.340 [main] INFO  --- c.h.d.service.OrderService     :   Check if the customer, product, and discount are the same or different
2024-05-07 12:11:57.340 [main] INFO  --- c.h.d.service.OrderService     :   Product quantity increased : Checking is Product available
2024-05-07 12:11:57.340 [main] INFO  --- c.h.d.service.OrderService     :   Product available.
2024-05-07 12:11:57.341 [main] INFO  --- c.h.d.service.OrderService     :   Updated Order, product, orderAmount
2024-05-07 12:11:57.347 [main] INFO  --- c.h.d.service.OrderService     :   Fetching all orders
2024-05-07 12:11:57.348 [main] INFO  --- c.h.d.service.OrderService     :   Order Fetched
2024-05-07 12:11:57.353 [main] INFO  --- c.h.d.service.OrderService     :   Fetching all orders with Id : 1
2024-05-07 12:11:57.353 [main] INFO  --- c.h.d.service.OrderService     :   Order fetched with Id : 1, order : com.himanshu.departmentalStore.model.Order@1fe1bfc5
2024-05-07 12:11:57.358 [main] INFO  --- c.h.d.service.OrderService     :   Placing order.
2024-05-07 12:11:57.359 [main] INFO  --- c.h.d.service.OrderService     :   Checking isProductAvailable
2024-05-07 12:11:57.359 [main] INFO  --- c.h.d.service.OrderService     :   Product available.
2024-05-07 12:11:57.359 [main] INFO  --- c.h.d.service.OrderService     :   Calculating total amount
2024-05-07 12:11:57.359 [main] INFO  --- c.h.d.service.OrderService     :   Amount updated in order
2024-05-07 12:11:57.359 [main] INFO  --- c.h.d.service.OrderService     :   Updating product quantity
2024-05-07 12:11:57.359 [main] INFO  --- c.h.d.service.OrderService     :   Saving order
2024-05-07 12:11:57.365 [main] INFO  --- c.h.d.service.ProductService     :   Fetching product with ID 1
2024-05-07 12:11:57.366 [main] INFO  --- c.h.d.service.ProductService     :   Fetched product: com.himanshu.departmentalStore.model.Product@118f2e19
2024-05-07 12:11:57.370 [main] INFO  --- c.h.d.service.ProductService     :   Updating product with ID 1: com.himanshu.departmentalStore.model.Product@43f143b
2024-05-07 12:11:57.374 [main] INFO  --- c.h.d.service.ProductService     :   Fetching all products from the database
2024-05-07 12:11:57.375 [main] INFO  --- c.h.d.service.ProductService     :   Fetched 2 products
2024-05-07 12:11:57.380 [main] INFO  --- c.h.d.service.ProductService     :   Deleting product with ID 1
2024-05-07 12:11:57.384 [main] INFO  --- c.h.d.service.ProductService     :   Saving new product: com.himanshu.departmentalStore.model.Product@7fb7b1ac
2024-05-07 12:11:57.388 [main] INFO  --- o.s.t.c.s.AnnotationConfigContextLoaderUtils     :   Could not detect default configuration classes for test class [com.himanshu.departmentalStore.util.CustomDateTimeUtilsTest]: CustomDateTimeUtilsTest does not declare any static, non-private, non-final, nested classes annotated with @Configuration.
2024-05-07 12:11:57.410 [main] INFO  --- o.s.b.t.c.SpringBootTestContextBootstrapper     :   Found @SpringBootConfiguration com.himanshu.departmentalStore.DepartmentalStoreApplication for test class com.himanshu.departmentalStore.util.CustomDateTimeUtilsTest
2024-05-07 12:11:59.086 [SpringApplicationShutdownHook] INFO  --- o.s.o.j.LocalContainerEntityManagerFactoryBean     :   Closing JPA EntityManagerFactory for persistence unit 'default'
2024-05-07 12:11:59.089 [SpringApplicationShutdownHook] INFO  --- com.zaxxer.hikari.HikariDataSource     :   HikariPool-1 - Shutdown initiated...
2024-05-07 12:11:59.096 [SpringApplicationShutdownHook] INFO  --- com.zaxxer.hikari.HikariDataSource     :   HikariPool-1 - Shutdown completed.
2024-05-07 12:11:59.107 [SpringApplicationShutdownHook] INFO  --- o.s.o.j.LocalContainerEntityManagerFactoryBean     :   Closing JPA EntityManagerFactory for persistence unit 'default'
2024-05-07 12:11:59.108 [SpringApplicationShutdownHook] INFO  --- com.zaxxer.hikari.HikariDataSource     :   HikariPool-2 - Shutdown initiated...
2024-05-07 12:11:59.113 [SpringApplicationShutdownHook] INFO  --- com.zaxxer.hikari.HikariDataSource     :   HikariPool-2 - Shutdown completed.
