2024-04-22 18:08:16.714 [main] INFO  --- c.h.d.service.OrderService     :   Deleting order with Id : 1
2024-04-22 18:08:16.721 [main] INFO  --- c.h.d.service.OrderService     :   Updating product
2024-04-22 18:08:16.722 [main] INFO  --- c.h.d.service.OrderService     :   Product quantity increased in product
2024-04-22 18:08:16.722 [main] INFO  --- c.h.d.service.OrderService     :   Checking backorder which can be fulfilled
2024-04-22 18:08:16.722 [main] INFO  --- c.h.d.service.OrderService     :   Fetching all backorder associated with Ordered product
2024-04-22 18:08:16.722 [main] INFO  --- c.h.d.service.OrderService     :   performing operation on backorder.
2024-04-22 18:08:16.723 [main] INFO  --- c.h.d.service.OrderService     :   Order deleted with Id : 1
2024-04-22 18:08:16.750 [main] INFO  --- c.h.d.service.OrderService     :   Updating order with Id : 1
2024-04-22 18:08:16.751 [main] INFO  --- c.h.d.service.OrderService     :   Check if the customer, product, and discount are the same or different
2024-04-22 18:08:16.767 [main] INFO  --- c.h.d.service.OrderService     :   Fetching all orders
2024-04-22 18:08:16.768 [main] INFO  --- c.h.d.service.OrderService     :   Order Fetched
2024-04-22 18:08:16.776 [main] INFO  --- c.h.d.service.OrderService     :   Fetching all orders with Id : 1
2024-04-22 18:08:16.777 [main] INFO  --- c.h.d.service.OrderService     :   Order fetched with Id : 1, order : com.himanshu.departmentalStore.model.Order@12968227
2024-04-22 18:08:16.786 [main] INFO  --- c.h.d.service.OrderService     :   Placing order.
2024-04-22 18:08:16.787 [main] INFO  --- c.h.d.service.OrderService     :   Checking isProductAvailable
2024-04-22 18:08:16.824 [main] INFO  --- c.h.d.controller.CustomerController     :   Request received to fetch customer with ID 1
2024-04-22 18:08:16.825 [main] INFO  --- c.h.d.controller.CustomerController     :   Returning customer with ID 1: com.himanshu.departmentalStore.model.Customer@700f518a
2024-04-22 18:08:16.840 [main] INFO  --- c.h.d.controller.CustomerController     :   Request received to delete customer with ID 1
2024-04-22 18:08:16.840 [main] INFO  --- c.h.d.controller.CustomerController     :   Customer with ID 1 deleted successfully
2024-04-22 18:08:16.845 [main] INFO  --- c.h.d.controller.CustomerController     :   Received request to retrieve all customers.
2024-04-22 18:08:16.846 [main] INFO  --- c.h.d.controller.CustomerController     :   Retrieved 2 customers.
2024-04-22 18:08:16.852 [main] INFO  --- c.h.d.controller.CustomerController     :   Request received to save a new customer: com.himanshu.departmentalStore.model.Customer@1d75e7af
2024-04-22 18:08:16.852 [main] INFO  --- c.h.d.controller.CustomerController     :   Saved customer: com.himanshu.departmentalStore.model.Customer@1d75e7af
2024-04-22 18:08:16.859 [main] INFO  --- c.h.d.controller.CustomerController     :   Request received to update customer with ID 1: com.himanshu.departmentalStore.model.Customer@1dd7796b
2024-04-22 18:08:16.860 [main] INFO  --- c.h.d.controller.CustomerController     :   Updated customer with ID 1: com.himanshu.departmentalStore.model.Customer@1dd7796b
2024-04-22 18:08:17.678 [background-preinit] INFO  --- o.h.validator.internal.util.Version     :   HV000001: Hibernate Validator 8.0.1.Final
2024-04-22 18:08:17.720 [main] INFO  --- c.h.d.repository.OrderRepositoryTest     :   Starting OrderRepositoryTest using Java 21.0.2 with PID 12584 (started by Himanshu.Kumar in C:\Users\himanshu.kumar\IdeaProjects\departmentalStore)
2024-04-22 18:08:17.720 [main] DEBUG --- c.h.d.repository.OrderRepositoryTest     :   Running with Spring Boot v3.2.4, Spring v6.1.5
2024-04-22 18:08:17.721 [main] INFO  --- c.h.d.repository.OrderRepositoryTest     :   No active profile set, falling back to 1 default profile: "default"
2024-04-22 18:08:18.817 [main] INFO  --- o.s.d.r.c.RepositoryConfigurationDelegate     :   Bootstrapping Spring Data JPA repositories in DEFAULT mode.
2024-04-22 18:08:18.922 [main] INFO  --- o.s.d.r.c.RepositoryConfigurationDelegate     :   Finished Spring Data repository scanning in 94 ms. Found 5 JPA repository interfaces.
2024-04-22 18:08:19.556 [main] INFO  --- o.h.jpa.internal.util.LogHelper     :   HHH000204: Processing PersistenceUnitInfo [name: default]
2024-04-22 18:08:19.659 [main] INFO  --- org.hibernate.Version     :   HHH000412: Hibernate ORM core version 6.4.4.Final
2024-04-22 18:08:19.716 [main] INFO  --- o.h.c.i.RegionFactoryInitiator     :   HHH000026: Second-level cache disabled
2024-04-22 18:08:19.876 [main] INFO  --- o.s.o.j.p.SpringPersistenceUnitInfo     :   No LoadTimeWeaver setup: ignoring JPA class transformer
2024-04-22 18:08:19.918 [main] INFO  --- com.zaxxer.hikari.HikariDataSource     :   HikariPool-1 - Starting...
2024-04-22 18:08:20.415 [main] INFO  --- com.zaxxer.hikari.pool.HikariPool     :   HikariPool-1 - Added connection com.mysql.cj.jdbc.ConnectionImpl@451a4187
2024-04-22 18:08:20.426 [main] INFO  --- com.zaxxer.hikari.HikariDataSource     :   HikariPool-1 - Start completed.
2024-04-22 18:08:21.469 [main] INFO  --- o.h.e.t.j.p.i.JtaPlatformInitiator     :   HHH000489: No JTA platform available (set 'hibernate.transaction.jta.platform' to enable JTA platform integration)
2024-04-22 18:08:21.558 [main] INFO  --- o.s.o.j.LocalContainerEntityManagerFactoryBean     :   Initialized JPA EntityManagerFactory for persistence unit 'default'
2024-04-22 18:08:22.737 [main] WARN  --- o.s.b.a.o.j.JpaBaseConfiguration$JpaWebConfiguration     :   spring.jpa.open-in-view is enabled by default. Therefore, database queries may be performed during view rendering. Explicitly configure spring.jpa.open-in-view to disable this warning
2024-04-22 18:08:23.252 [main] INFO  --- c.h.d.repository.OrderRepositoryTest     :   Started OrderRepositoryTest in 5.863 seconds (process running for 9.211)
2024-04-22 18:08:24.477 [main] INFO  --- c.h.d.service.ProductService     :   Fetching product with ID 1
2024-04-22 18:08:24.477 [main] INFO  --- c.h.d.service.ProductService     :   Fetched product: com.himanshu.departmentalStore.model.Product@11c94cf7
2024-04-22 18:08:24.480 [main] INFO  --- c.h.d.service.ProductService     :   Updating product with ID 1: com.himanshu.departmentalStore.model.Product@3fbf4614
2024-04-22 18:08:24.483 [main] INFO  --- c.h.d.service.ProductService     :   Fetching all products from the database
2024-04-22 18:08:24.483 [main] INFO  --- c.h.d.service.ProductService     :   Fetched 2 products
2024-04-22 18:08:24.485 [main] INFO  --- c.h.d.service.ProductService     :   Deleting product with ID 1
2024-04-22 18:08:24.488 [main] INFO  --- c.h.d.service.ProductService     :   Saving new product: com.himanshu.departmentalStore.model.Product@6d02c23f
2024-04-22 18:08:24.750 [main] INFO  --- c.h.d.controller.OrderController     :   Received request to delete order with ID: 1
2024-04-22 18:08:24.751 [main] INFO  --- c.h.d.controller.OrderController     :   Order deleted with ID: 1
2024-04-22 18:08:24.757 [main] INFO  --- c.h.d.controller.OrderController     :   Received request to update the order with Id : 1.
2024-04-22 18:08:24.757 [main] INFO  --- c.h.d.controller.OrderController     :   Converting OrderRequestBody to Order.
2024-04-22 18:08:24.758 [main] INFO  --- c.h.d.controller.OrderController     :   OrderRequestBody converted to Order
2024-04-22 18:08:24.758 [main] INFO  --- c.h.d.controller.OrderController     :   Order placed
2024-04-22 18:08:24.761 [main] INFO  --- c.h.d.controller.OrderController     :   Received request to fetch all orders.
2024-04-22 18:08:24.765 [main] INFO  --- c.h.d.controller.OrderController     :   Received request to fetch all orders by Id : 1
2024-04-22 18:08:24.765 [main] INFO  --- c.h.d.controller.OrderController     :   Fetched order with id : 1, order : com.himanshu.departmentalStore.model.Order@5d98f014
2024-04-22 18:08:24.770 [main] INFO  --- c.h.d.controller.OrderController     :   Received request to create order.
2024-04-22 18:08:24.771 [main] INFO  --- c.h.d.controller.OrderController     :   Converting OrderRequestBody to Order.
2024-04-22 18:08:24.771 [main] INFO  --- c.h.d.controller.OrderController     :   OrderRequestBody converted to Order
2024-04-22 18:08:24.771 [main] INFO  --- c.h.d.controller.OrderController     :   Order Placed.
2024-04-22 18:08:24.948 [main] INFO  --- c.h.d.service.CustomerService     :   Fetching customer with ID 1
2024-04-22 18:08:24.949 [main] INFO  --- c.h.d.service.CustomerService     :   Fetched customer: com.himanshu.departmentalStore.model.Customer@23cd4444
2024-04-22 18:08:24.952 [main] INFO  --- c.h.d.service.CustomerService     :   Deleting customer with ID 1
2024-04-22 18:08:24.955 [main] INFO  --- c.h.d.service.CustomerService     :   Fetching all customers from the database
2024-04-22 18:08:24.955 [main] INFO  --- c.h.d.service.CustomerService     :   Fetched 2 customers
2024-04-22 18:08:24.957 [main] INFO  --- c.h.d.service.CustomerService     :   Saving new customer: com.himanshu.departmentalStore.model.Customer@bdc2f96
2024-04-22 18:08:24.960 [main] INFO  --- c.h.d.service.CustomerService     :   Updating customer with ID 1: com.himanshu.departmentalStore.model.Customer@51a07eac
2024-04-22 18:08:24.963 [main] INFO  --- c.h.d.controller.BackorderController     :   Received request to fetch backorder by ID: 1
2024-04-22 18:08:24.964 [main] INFO  --- c.h.d.controller.BackorderController     :   Fetched backorder with Id: 1
2024-04-22 18:08:24.968 [main] INFO  --- c.h.d.controller.BackorderController     :   Received request to update backorder with ID 1: BackOrderRequestBody(productId=1, customerId=1, quantity=10)
2024-04-22 18:08:24.972 [main] INFO  --- c.h.d.controller.BackorderController     :   Converting RequestBody to backorder
2024-04-22 18:08:24.972 [main] INFO  --- c.h.d.controller.BackorderController     :   RequestBody converted to backorder
2024-04-22 18:08:24.972 [main] INFO  --- c.h.d.controller.BackorderController     :   Backorder updated with ID : 1
2024-04-22 18:08:24.976 [main] INFO  --- c.h.d.controller.BackorderController     :   Received request to create new backorder with request body: BackOrderRequestBody(productId=1, customerId=1, quantity=5)
2024-04-22 18:08:24.977 [main] INFO  --- c.h.d.controller.BackorderController     :   Converting RequestBody to backorder
2024-04-22 18:08:24.977 [main] INFO  --- c.h.d.controller.BackorderController     :   RequestBody converted to backorder
2024-04-22 18:08:24.977 [main] INFO  --- c.h.d.controller.BackorderController     :   Backorder created with ID : 1
2024-04-22 18:08:24.979 [main] INFO  --- c.h.d.controller.BackorderController     :   Received request to fetch all backorders
2024-04-22 18:08:24.980 [main] INFO  --- c.h.d.controller.BackorderController     :   Fetched backorders
2024-04-22 18:08:24.982 [main] INFO  --- c.h.d.controller.BackorderController     :   Received request to delete backorder with ID: 1
2024-04-22 18:08:24.983 [main] INFO  --- c.h.d.controller.BackorderController     :   Backorder deleted with ID: 1
2024-04-22 18:08:25.049 [main] INFO  --- c.h.d.service.BackorderService     :   Fetching backorder by Id : 1
2024-04-22 18:08:25.053 [main] INFO  --- c.h.d.service.BackorderService     :   Updating backorder
2024-04-22 18:08:25.055 [main] INFO  --- c.h.d.service.BackorderService     :   Saving backorder
2024-04-22 18:08:25.058 [main] INFO  --- c.h.d.service.BackorderService     :   Fetching all backorders
2024-04-22 18:08:25.060 [main] INFO  --- c.h.d.service.BackorderService     :   Deleting backorder
2024-04-22 18:08:25.066 [main] INFO  --- c.h.d.controller.DiscountController     :   Received request to Fetch discount by Id : 1
2024-04-22 18:08:25.066 [main] INFO  --- c.h.d.controller.DiscountController     :   Fetched discounts with Id : 1, discount : com.himanshu.departmentalStore.model.Discount@7bd804ed
2024-04-22 18:08:25.068 [main] INFO  --- c.h.d.controller.DiscountController     :   Received request to delete discount with ID 1
2024-04-22 18:08:25.070 [main] INFO  --- c.h.d.controller.DiscountController     :   Received request to Fetch all active discounts
2024-04-22 18:08:25.070 [main] INFO  --- c.h.d.controller.DiscountController     :   Fetched all active discounts : [com.himanshu.departmentalStore.model.Discount@5c5432d9, com.himanshu.departmentalStore.model.Discount@6790aad2]
2024-04-22 18:08:25.073 [main] INFO  --- c.h.d.controller.DiscountController     :   Received request to create new discount: com.himanshu.departmentalStore.model.Discount@7e452d2b
2024-04-22 18:08:25.075 [main] INFO  --- c.h.d.controller.DiscountController     :   Received request to update discount with ID 1: com.himanshu.departmentalStore.model.Discount@615ef647
2024-04-22 18:08:25.079 [main] INFO  --- c.h.d.controller.ProductController     :   Request received to fetch product with ID 1
2024-04-22 18:08:25.080 [main] INFO  --- c.h.d.controller.ProductController     :   Returning product with ID 1: com.himanshu.departmentalStore.model.Product@24d25c43
2024-04-22 18:08:25.082 [main] INFO  --- c.h.d.controller.ProductController     :   Request received to update product with ID 1: com.himanshu.departmentalStore.model.Product@6157c26f
2024-04-22 18:08:25.083 [main] INFO  --- c.h.d.controller.ProductController     :   Updated product with ID 1: com.himanshu.departmentalStore.model.Product@6157c26f
2024-04-22 18:08:25.084 [main] INFO  --- c.h.d.controller.ProductController     :   Request received to fetch all products
2024-04-22 18:08:25.085 [main] INFO  --- c.h.d.controller.ProductController     :   Returning 2 products
2024-04-22 18:08:25.086 [main] INFO  --- c.h.d.controller.ProductController     :   Request received to delete product with ID 1
2024-04-22 18:08:25.086 [main] INFO  --- c.h.d.controller.ProductController     :   Product with ID 1 deleted successfully
2024-04-22 18:08:25.088 [main] INFO  --- c.h.d.controller.ProductController     :   Request received to save a new product: com.himanshu.departmentalStore.model.Product@2b465e1a
2024-04-22 18:08:25.089 [main] INFO  --- c.h.d.controller.ProductController     :   Saved product: com.himanshu.departmentalStore.model.Product@2b465e1a
2024-04-22 18:08:25.153 [main] INFO  --- c.h.d.service.DiscountService     :   Fetching discount by ID: 1
2024-04-22 18:08:25.156 [main] INFO  --- c.h.d.service.DiscountService     :   Deleting discount with ID: 1
2024-04-22 18:08:25.158 [main] INFO  --- c.h.d.service.DiscountService     :   Fetching all active discounts
2024-04-22 18:08:25.161 [main] INFO  --- c.h.d.service.DiscountService     :   Saving discount: com.himanshu.departmentalStore.model.Discount@1145d71f
2024-04-22 18:08:25.164 [main] INFO  --- c.h.d.service.DiscountService     :   Updating discount with ID 1: com.himanshu.departmentalStore.model.Discount@7150439c
2024-04-22 18:08:25.334 [SpringApplicationShutdownHook] INFO  --- o.s.o.j.LocalContainerEntityManagerFactoryBean     :   Closing JPA EntityManagerFactory for persistence unit 'default'
2024-04-22 18:08:25.337 [SpringApplicationShutdownHook] INFO  --- com.zaxxer.hikari.HikariDataSource     :   HikariPool-1 - Shutdown initiated...
2024-04-22 18:08:25.344 [SpringApplicationShutdownHook] INFO  --- com.zaxxer.hikari.HikariDataSource     :   HikariPool-1 - Shutdown completed.
