2024-04-23 14:28:10.373 [main] INFO  --- c.h.d.service.OrderService     :   Deleting order with Id : 1
2024-04-23 14:28:10.396 [main] INFO  --- c.h.d.service.OrderService     :   Updating product
2024-04-23 14:28:10.398 [main] INFO  --- c.h.d.service.OrderService     :   Product quantity increased in product
2024-04-23 14:28:10.398 [main] INFO  --- c.h.d.service.OrderService     :   Checking backorder which can be fulfilled
2024-04-23 14:28:10.399 [main] INFO  --- c.h.d.service.OrderService     :   Order deleted with Id : 1
2024-04-23 14:28:10.432 [main] INFO  --- c.h.d.service.OrderService     :   Updating order with Id : 1
2024-04-23 14:28:10.432 [main] INFO  --- c.h.d.service.OrderService     :   Check if the customer, product, and discount are the same or different
2024-04-23 14:28:10.432 [main] INFO  --- c.h.d.service.OrderService     :   Product quantity increased : Checking is Product available
2024-04-23 14:28:10.433 [main] INFO  --- c.h.d.service.OrderService     :   Product available.
2024-04-23 14:28:10.433 [main] INFO  --- c.h.d.service.OrderService     :   Updated Order, product, orderAmount
2024-04-23 14:28:10.442 [main] INFO  --- c.h.d.service.OrderService     :   Fetching all orders
2024-04-23 14:28:10.443 [main] INFO  --- c.h.d.service.OrderService     :   Order Fetched
2024-04-23 14:28:10.450 [main] INFO  --- c.h.d.service.OrderService     :   Fetching all orders with Id : 1
2024-04-23 14:28:10.451 [main] INFO  --- c.h.d.service.OrderService     :   Order fetched with Id : 1, order : com.himanshu.departmentalStore.model.Order@14229fa7
2024-04-23 14:28:10.460 [main] INFO  --- c.h.d.service.OrderService     :   Placing order.
2024-04-23 14:28:10.460 [main] INFO  --- c.h.d.service.OrderService     :   Checking isProductAvailable
2024-04-23 14:28:10.460 [main] INFO  --- c.h.d.service.OrderService     :   Product available.
2024-04-23 14:28:10.460 [main] INFO  --- c.h.d.service.OrderService     :   Calculating total amount
2024-04-23 14:28:10.460 [main] INFO  --- c.h.d.service.OrderService     :   Amount updated in order
2024-04-23 14:28:10.460 [main] INFO  --- c.h.d.service.OrderService     :   Updating product quantity
2024-04-23 14:28:10.460 [main] INFO  --- c.h.d.service.OrderService     :   Saving order
2024-04-23 14:28:10.496 [main] INFO  --- c.h.d.controller.CustomerController     :   Request received to fetch customer with ID 1
2024-04-23 14:28:10.497 [main] INFO  --- c.h.d.controller.CustomerController     :   Returning customer with ID 1: com.himanshu.departmentalStore.model.Customer@c35af2a
2024-04-23 14:28:10.512 [main] INFO  --- c.h.d.controller.CustomerController     :   Request received to delete customer with ID 1
2024-04-23 14:28:10.513 [main] INFO  --- c.h.d.controller.CustomerController     :   Customer with ID 1 deleted successfully
2024-04-23 14:28:10.517 [main] INFO  --- c.h.d.controller.CustomerController     :   Received request to retrieve all customers.
2024-04-23 14:28:10.518 [main] INFO  --- c.h.d.controller.CustomerController     :   Retrieved 2 customers.
2024-04-23 14:28:10.522 [main] INFO  --- c.h.d.controller.CustomerController     :   Request received to save a new customer: com.himanshu.departmentalStore.model.Customer@28737371
2024-04-23 14:28:10.524 [main] INFO  --- c.h.d.controller.CustomerController     :   Saved customer: com.himanshu.departmentalStore.model.Customer@28737371
2024-04-23 14:28:10.528 [main] INFO  --- c.h.d.controller.CustomerController     :   Request received to update customer with ID 1: com.himanshu.departmentalStore.model.Customer@bbf9e07
2024-04-23 14:28:10.529 [main] INFO  --- c.h.d.controller.CustomerController     :   Updated customer with ID 1: com.himanshu.departmentalStore.model.Customer@bbf9e07
2024-04-23 14:28:11.141 [background-preinit] INFO  --- o.h.validator.internal.util.Version     :   HV000001: Hibernate Validator 8.0.1.Final
2024-04-23 14:28:11.171 [main] INFO  --- c.h.d.repository.OrderRepositoryTest     :   Starting OrderRepositoryTest using Java 21.0.2 with PID 2308 (started by Himanshu.Kumar in C:\Users\himanshu.kumar\IdeaProjects\departmentalStore)
2024-04-23 14:28:11.171 [main] DEBUG --- c.h.d.repository.OrderRepositoryTest     :   Running with Spring Boot v3.2.4, Spring v6.1.5
2024-04-23 14:28:11.172 [main] INFO  --- c.h.d.repository.OrderRepositoryTest     :   No active profile set, falling back to 1 default profile: "default"
2024-04-23 14:28:12.084 [main] INFO  --- o.s.d.r.c.RepositoryConfigurationDelegate     :   Bootstrapping Spring Data JPA repositories in DEFAULT mode.
2024-04-23 14:28:12.163 [main] INFO  --- o.s.d.r.c.RepositoryConfigurationDelegate     :   Finished Spring Data repository scanning in 65 ms. Found 5 JPA repository interfaces.
2024-04-23 14:28:12.691 [main] INFO  --- o.h.jpa.internal.util.LogHelper     :   HHH000204: Processing PersistenceUnitInfo [name: default]
2024-04-23 14:28:12.787 [main] INFO  --- org.hibernate.Version     :   HHH000412: Hibernate ORM core version 6.4.4.Final
2024-04-23 14:28:12.831 [main] INFO  --- o.h.c.i.RegionFactoryInitiator     :   HHH000026: Second-level cache disabled
2024-04-23 14:28:12.954 [main] INFO  --- o.s.o.j.p.SpringPersistenceUnitInfo     :   No LoadTimeWeaver setup: ignoring JPA class transformer
2024-04-23 14:28:12.991 [main] INFO  --- com.zaxxer.hikari.HikariDataSource     :   HikariPool-1 - Starting...
2024-04-23 14:28:13.407 [main] INFO  --- com.zaxxer.hikari.pool.HikariPool     :   HikariPool-1 - Added connection com.mysql.cj.jdbc.ConnectionImpl@6b32b678
2024-04-23 14:28:13.410 [main] INFO  --- com.zaxxer.hikari.HikariDataSource     :   HikariPool-1 - Start completed.
2024-04-23 14:28:14.436 [main] INFO  --- o.h.e.t.j.p.i.JtaPlatformInitiator     :   HHH000489: No JTA platform available (set 'hibernate.transaction.jta.platform' to enable JTA platform integration)
2024-04-23 14:28:14.528 [main] INFO  --- o.s.o.j.LocalContainerEntityManagerFactoryBean     :   Initialized JPA EntityManagerFactory for persistence unit 'default'
2024-04-23 14:28:15.646 [main] WARN  --- o.s.b.a.o.j.JpaBaseConfiguration$JpaWebConfiguration     :   spring.jpa.open-in-view is enabled by default. Therefore, database queries may be performed during view rendering. Explicitly configure spring.jpa.open-in-view to disable this warning
2024-04-23 14:28:16.152 [main] INFO  --- c.h.d.repository.OrderRepositoryTest     :   Started OrderRepositoryTest in 5.232 seconds (process running for 8.496)
2024-04-23 14:28:17.309 [main] INFO  --- c.h.d.service.ProductService     :   Fetching product with ID 1
2024-04-23 14:28:17.310 [main] INFO  --- c.h.d.service.ProductService     :   Fetched product: com.himanshu.departmentalStore.model.Product@78171169
2024-04-23 14:28:17.313 [main] INFO  --- c.h.d.service.ProductService     :   Updating product with ID 1: com.himanshu.departmentalStore.model.Product@4f162df8
2024-04-23 14:28:17.316 [main] INFO  --- c.h.d.service.ProductService     :   Fetching all products from the database
2024-04-23 14:28:17.317 [main] INFO  --- c.h.d.service.ProductService     :   Fetched 2 products
2024-04-23 14:28:17.319 [main] INFO  --- c.h.d.service.ProductService     :   Deleting product with ID 1
2024-04-23 14:28:17.322 [main] INFO  --- c.h.d.service.ProductService     :   Saving new product: com.himanshu.departmentalStore.model.Product@7e762feb
2024-04-23 14:28:17.603 [main] INFO  --- c.h.d.controller.OrderController     :   Received request to delete order with ID: 1
2024-04-23 14:28:17.604 [main] INFO  --- c.h.d.controller.OrderController     :   Order deleted with ID: 1
2024-04-23 14:28:17.609 [main] INFO  --- c.h.d.controller.OrderController     :   Received request to update the order with Id : 1.
2024-04-23 14:28:17.609 [main] INFO  --- c.h.d.controller.OrderController     :   Converting OrderRequestBody to Order.
2024-04-23 14:28:17.609 [main] INFO  --- c.h.d.controller.OrderController     :   OrderRequestBody converted to Order
2024-04-23 14:28:17.609 [main] INFO  --- c.h.d.controller.OrderController     :   Order placed
2024-04-23 14:28:17.612 [main] INFO  --- c.h.d.controller.OrderController     :   Received request to fetch all orders.
2024-04-23 14:28:17.616 [main] INFO  --- c.h.d.controller.OrderController     :   Received request to fetch all orders by Id : 1
2024-04-23 14:28:17.617 [main] INFO  --- c.h.d.controller.OrderController     :   Fetched order with id : 1, order : com.himanshu.departmentalStore.model.Order@79e1f733
2024-04-23 14:28:17.620 [main] INFO  --- c.h.d.controller.OrderController     :   Received request to create order.
2024-04-23 14:28:17.620 [main] INFO  --- c.h.d.controller.OrderController     :   Converting OrderRequestBody to Order.
2024-04-23 14:28:17.620 [main] INFO  --- c.h.d.controller.OrderController     :   OrderRequestBody converted to Order
2024-04-23 14:28:17.621 [main] INFO  --- c.h.d.controller.OrderController     :   Order Placed.
2024-04-23 14:28:17.870 [main] INFO  --- c.h.d.service.CustomerService     :   Fetching customer with ID 1
2024-04-23 14:28:17.871 [main] INFO  --- c.h.d.service.CustomerService     :   Fetched customer: com.himanshu.departmentalStore.model.Customer@d97ca99
2024-04-23 14:28:17.873 [main] INFO  --- c.h.d.service.CustomerService     :   Deleting customer with ID 1
2024-04-23 14:28:17.877 [main] INFO  --- c.h.d.service.CustomerService     :   Fetching all customers from the database
2024-04-23 14:28:17.877 [main] INFO  --- c.h.d.service.CustomerService     :   Fetched 2 customers
2024-04-23 14:28:17.881 [main] INFO  --- c.h.d.service.CustomerService     :   Saving new customer: com.himanshu.departmentalStore.model.Customer@758d901e
2024-04-23 14:28:17.884 [main] INFO  --- c.h.d.service.CustomerService     :   Updating customer with ID 1: com.himanshu.departmentalStore.model.Customer@5cd8bf01
2024-04-23 14:28:17.889 [main] INFO  --- c.h.d.controller.BackorderController     :   Received request to fetch backorder by ID: 1
2024-04-23 14:28:17.890 [main] INFO  --- c.h.d.controller.BackorderController     :   Fetched backorder with Id: 1
2024-04-23 14:28:17.894 [main] INFO  --- c.h.d.controller.BackorderController     :   Received request to update backorder with ID 1: BackOrderRequestBody(productId=1, customerId=1, quantity=10)
2024-04-23 14:28:17.896 [main] INFO  --- c.h.d.controller.BackorderController     :   Converting RequestBody to backorder
2024-04-23 14:28:17.897 [main] INFO  --- c.h.d.controller.BackorderController     :   RequestBody converted to backorder
2024-04-23 14:28:17.897 [main] INFO  --- c.h.d.controller.BackorderController     :   Backorder updated with ID : 1
2024-04-23 14:28:17.900 [main] INFO  --- c.h.d.controller.BackorderController     :   Received request to create new backorder with request body: BackOrderRequestBody(productId=1, customerId=1, quantity=5)
2024-04-23 14:28:17.900 [main] INFO  --- c.h.d.controller.BackorderController     :   Converting RequestBody to backorder
2024-04-23 14:28:17.900 [main] INFO  --- c.h.d.controller.BackorderController     :   RequestBody converted to backorder
2024-04-23 14:28:17.901 [main] INFO  --- c.h.d.controller.BackorderController     :   Backorder created with ID : 1
2024-04-23 14:28:17.904 [main] INFO  --- c.h.d.controller.BackorderController     :   Received request to fetch all backorders
2024-04-23 14:28:17.905 [main] INFO  --- c.h.d.controller.BackorderController     :   Fetched backorders
2024-04-23 14:28:17.909 [main] INFO  --- c.h.d.controller.BackorderController     :   Received request to delete backorder with ID: 1
2024-04-23 14:28:17.910 [main] INFO  --- c.h.d.controller.BackorderController     :   Backorder deleted with ID: 1
2024-04-23 14:28:17.989 [main] INFO  --- c.h.d.service.BackorderService     :   Fetching backorder by Id : 1
2024-04-23 14:28:17.992 [main] INFO  --- c.h.d.service.BackorderService     :   Updating backorder
2024-04-23 14:28:17.996 [main] INFO  --- c.h.d.service.BackorderService     :   Saving backorder
2024-04-23 14:28:17.999 [main] INFO  --- c.h.d.service.BackorderService     :   Fetching all backorders
2024-04-23 14:28:18.001 [main] INFO  --- c.h.d.service.BackorderService     :   Deleting backorder
2024-04-23 14:28:18.006 [main] INFO  --- c.h.d.controller.DiscountController     :   Received request to Fetch discount by Id : 1
2024-04-23 14:28:18.006 [main] INFO  --- c.h.d.controller.DiscountController     :   Fetched discounts with Id : 1, discount : com.himanshu.departmentalStore.model.Discount@319f21b7
2024-04-23 14:28:18.008 [main] INFO  --- c.h.d.controller.DiscountController     :   Received request to delete discount with ID 1
2024-04-23 14:28:18.011 [main] INFO  --- c.h.d.controller.DiscountController     :   Received request to Fetch all active discounts
2024-04-23 14:28:18.012 [main] INFO  --- c.h.d.controller.DiscountController     :   Fetched all active discounts : [com.himanshu.departmentalStore.model.Discount@35e6861, com.himanshu.departmentalStore.model.Discount@4b847324]
2024-04-23 14:28:18.014 [main] INFO  --- c.h.d.controller.DiscountController     :   Received request to create new discount: com.himanshu.departmentalStore.model.Discount@45339f9
2024-04-23 14:28:18.017 [main] INFO  --- c.h.d.controller.DiscountController     :   Received request to update discount with ID 1: com.himanshu.departmentalStore.model.Discount@1ccb0482
2024-04-23 14:28:18.022 [main] INFO  --- c.h.d.controller.ProductController     :   Request received to fetch product with ID 1
2024-04-23 14:28:18.023 [main] INFO  --- c.h.d.controller.ProductController     :   Returning product with ID 1: com.himanshu.departmentalStore.model.Product@206e080
2024-04-23 14:28:18.026 [main] INFO  --- c.h.d.controller.ProductController     :   Request received to update product with ID 1: com.himanshu.departmentalStore.model.Product@40364273
2024-04-23 14:28:18.026 [main] INFO  --- c.h.d.controller.ProductController     :   Updated product with ID 1: com.himanshu.departmentalStore.model.Product@40364273
2024-04-23 14:28:18.029 [main] INFO  --- c.h.d.controller.ProductController     :   Request received to fetch all products
2024-04-23 14:28:18.029 [main] INFO  --- c.h.d.controller.ProductController     :   Returning 2 products
2024-04-23 14:28:18.031 [main] INFO  --- c.h.d.controller.ProductController     :   Request received to delete product with ID 1
2024-04-23 14:28:18.032 [main] INFO  --- c.h.d.controller.ProductController     :   Product with ID 1 deleted successfully
2024-04-23 14:28:18.034 [main] INFO  --- c.h.d.controller.ProductController     :   Request received to save a new product: com.himanshu.departmentalStore.model.Product@4dbea3be
2024-04-23 14:28:18.035 [main] INFO  --- c.h.d.controller.ProductController     :   Saved product: com.himanshu.departmentalStore.model.Product@4dbea3be
2024-04-23 14:28:18.111 [main] INFO  --- c.h.d.service.DiscountService     :   Fetching discount by ID: 1
2024-04-23 14:28:18.114 [main] INFO  --- c.h.d.service.DiscountService     :   Deleting discount with ID: 1
2024-04-23 14:28:18.118 [main] INFO  --- c.h.d.service.DiscountService     :   Fetching all active discounts
2024-04-23 14:28:18.121 [main] INFO  --- c.h.d.service.DiscountService     :   Saving discount: com.himanshu.departmentalStore.model.Discount@47fa54d
2024-04-23 14:28:18.124 [main] INFO  --- c.h.d.service.DiscountService     :   Updating discount with ID 1: com.himanshu.departmentalStore.model.Discount@737fd68
2024-04-23 14:28:18.294 [SpringApplicationShutdownHook] INFO  --- o.s.o.j.LocalContainerEntityManagerFactoryBean     :   Closing JPA EntityManagerFactory for persistence unit 'default'
2024-04-23 14:28:18.296 [SpringApplicationShutdownHook] INFO  --- com.zaxxer.hikari.HikariDataSource     :   HikariPool-1 - Shutdown initiated...
2024-04-23 14:28:18.304 [SpringApplicationShutdownHook] INFO  --- com.zaxxer.hikari.HikariDataSource     :   HikariPool-1 - Shutdown completed.
