2024-05-06 02:12:09.770 [background-preinit] INFO  --- o.h.validator.internal.util.Version     :   HV000001: Hibernate Validator 8.0.1.Final
2024-05-06 02:12:09.890 [main] INFO  --- c.h.d.DepartmentalStoreApplication     :   Starting DepartmentalStoreApplication using Java 21.0.2 with PID 4992 (C:\Users\himanshu.kumar\IdeaProjects\departmentalStore\target\classes started by Himanshu.Kumar in C:\Users\himanshu.kumar\IdeaProjects\departmentalStore)
2024-05-06 02:12:09.891 [main] DEBUG --- c.h.d.DepartmentalStoreApplication     :   Running with Spring Boot v3.2.4, Spring v6.1.5
2024-05-06 02:12:09.893 [main] INFO  --- c.h.d.DepartmentalStoreApplication     :   No active profile set, falling back to 1 default profile: "default"
2024-05-06 02:12:12.357 [main] INFO  --- o.s.d.r.c.RepositoryConfigurationDelegate     :   Bootstrapping Spring Data JPA repositories in DEFAULT mode.
2024-05-06 02:12:12.545 [main] INFO  --- o.s.d.r.c.RepositoryConfigurationDelegate     :   Finished Spring Data repository scanning in 164 ms. Found 5 JPA repository interfaces.
2024-05-06 02:12:14.361 [main] INFO  --- o.s.b.w.e.tomcat.TomcatWebServer     :   Tomcat initialized with port 8080 (http)
2024-05-06 02:12:14.390 [main] INFO  --- o.a.coyote.http11.Http11NioProtocol     :   Initializing ProtocolHandler ["http-nio-8080"]
2024-05-06 02:12:14.395 [main] INFO  --- o.a.catalina.core.StandardService     :   Starting service [Tomcat]
2024-05-06 02:12:14.396 [main] INFO  --- o.a.catalina.core.StandardEngine     :   Starting Servlet engine: [Apache Tomcat/10.1.19]
2024-05-06 02:12:14.553 [main] INFO  --- o.a.c.c.C.[Tomcat].[localhost].[/]     :   Initializing Spring embedded WebApplicationContext
2024-05-06 02:12:14.554 [main] INFO  --- o.s.b.w.s.c.ServletWebServerApplicationContext     :   Root WebApplicationContext: initialization completed in 4541 ms
2024-05-06 02:12:15.038 [main] INFO  --- com.zaxxer.hikari.HikariDataSource     :   HikariPool-1 - Starting...
2024-05-06 02:12:15.757 [main] INFO  --- com.zaxxer.hikari.pool.HikariPool     :   HikariPool-1 - Added connection com.mysql.cj.jdbc.ConnectionImpl@32b95de
2024-05-06 02:12:15.761 [main] INFO  --- com.zaxxer.hikari.HikariDataSource     :   HikariPool-1 - Start completed.
2024-05-06 02:12:15.988 [main] INFO  --- o.f.c.i.license.VersionPrinter     :   Flyway Community Edition 9.22.3 by Redgate
2024-05-06 02:12:15.988 [main] INFO  --- o.f.c.i.license.VersionPrinter     :   See release notes here: https://rd.gt/416ObMi
2024-05-06 02:12:15.989 [main] INFO  --- o.f.c.i.license.VersionPrinter     :   
2024-05-06 02:12:16.026 [main] INFO  --- org.flywaydb.core.FlywayExecutor     :   Database: jdbc:mysql://localhost:3306/jpa_departmentalstore_flyway (MySQL 8.0)
2024-05-06 02:12:16.109 [main] INFO  --- o.f.core.internal.command.DbValidate     :   Successfully validated 5 migrations (execution time 00:00.051s)
2024-05-06 02:12:16.141 [main] INFO  --- o.f.core.internal.command.DbMigrate     :   Current version of schema `jpa_departmentalstore_flyway`: 5
2024-05-06 02:12:16.147 [main] INFO  --- o.f.core.internal.command.DbMigrate     :   Schema `jpa_departmentalstore_flyway` is up to date. No migration necessary.
2024-05-06 02:12:16.373 [main] INFO  --- o.h.jpa.internal.util.LogHelper     :   HHH000204: Processing PersistenceUnitInfo [name: default]
2024-05-06 02:12:16.542 [main] INFO  --- org.hibernate.Version     :   HHH000412: Hibernate ORM core version 6.4.4.Final
2024-05-06 02:12:16.667 [main] INFO  --- o.h.c.i.RegionFactoryInitiator     :   HHH000026: Second-level cache disabled
2024-05-06 02:12:17.255 [main] INFO  --- o.s.o.j.p.SpringPersistenceUnitInfo     :   No LoadTimeWeaver setup: ignoring JPA class transformer
2024-05-06 02:12:19.740 [main] INFO  --- o.h.e.t.j.p.i.JtaPlatformInitiator     :   HHH000489: No JTA platform available (set 'hibernate.transaction.jta.platform' to enable JTA platform integration)
2024-05-06 02:12:19.803 [main] INFO  --- o.s.o.j.LocalContainerEntityManagerFactoryBean     :   Initialized JPA EntityManagerFactory for persistence unit 'default'
2024-05-06 02:12:21.875 [main] WARN  --- o.s.b.a.o.j.JpaBaseConfiguration$JpaWebConfiguration     :   spring.jpa.open-in-view is enabled by default. Therefore, database queries may be performed during view rendering. Explicitly configure spring.jpa.open-in-view to disable this warning
2024-05-06 02:12:23.805 [main] INFO  --- o.s.b.a.e.web.EndpointLinksResolver     :   Exposing 14 endpoint(s) beneath base path '/actuator'
2024-05-06 02:12:23.993 [main] INFO  --- o.a.coyote.http11.Http11NioProtocol     :   Starting ProtocolHandler ["http-nio-8080"]
2024-05-06 02:12:24.103 [main] INFO  --- o.s.b.w.e.tomcat.TomcatWebServer     :   Tomcat started on port 8080 (http) with context path ''
2024-05-06 02:12:24.158 [main] INFO  --- c.h.d.DepartmentalStoreApplication     :   Started DepartmentalStoreApplication in 15.068 seconds (process running for 16.381)
2024-05-06 02:14:05.709 [main] INFO  --- c.h.d.controller.BackorderController     :   Received request to fetch backorder by ID: 1
2024-05-06 02:14:05.753 [main] INFO  --- c.h.d.controller.BackorderController     :   Fetched backorder with Id: 1
2024-05-06 02:14:05.947 [main] INFO  --- c.h.d.controller.BackorderController     :   Received request to update backorder with ID 1: com.himanshu.departmentalStore.dto.BackOrderRequestBody@69a373fd
2024-05-06 02:14:05.947 [main] INFO  --- c.h.d.controller.BackorderController     :   Converting RequestBody to backorder
2024-05-06 02:14:05.949 [main] INFO  --- c.h.d.controller.BackorderController     :   RequestBody converted to backorder
2024-05-06 02:14:05.950 [main] INFO  --- c.h.d.controller.BackorderController     :   Backorder updated with ID : 1
2024-05-06 02:14:05.971 [main] INFO  --- c.h.d.controller.BackorderController     :   Received request to create new backorder with request body: com.himanshu.departmentalStore.dto.BackOrderRequestBody@5fd8dd66
2024-05-06 02:14:05.972 [main] INFO  --- c.h.d.controller.BackorderController     :   Converting RequestBody to backorder
2024-05-06 02:14:05.974 [main] INFO  --- c.h.d.controller.BackorderController     :   RequestBody converted to backorder
2024-05-06 02:14:05.975 [main] INFO  --- c.h.d.controller.BackorderController     :   Backorder created with ID : 1
2024-05-06 02:14:06.002 [main] INFO  --- c.h.d.controller.BackorderController     :   Received request to fetch all backorders
2024-05-06 02:14:06.004 [main] INFO  --- c.h.d.controller.BackorderController     :   Fetched backorders
2024-05-06 02:14:06.020 [main] INFO  --- c.h.d.controller.BackorderController     :   Received request to delete backorder with ID: 1
2024-05-06 02:14:06.021 [main] INFO  --- c.h.d.controller.BackorderController     :   Backorder deleted with ID: 1
2024-05-06 02:14:06.067 [main] INFO  --- c.h.d.controller.CustomerController     :   Request received to fetch customer with ID 1
2024-05-06 02:14:06.069 [main] INFO  --- c.h.d.controller.CustomerController     :   Returning customer with ID 1: com.himanshu.departmentalStore.model.Customer@77fc19cf
2024-05-06 02:14:06.082 [main] INFO  --- c.h.d.controller.CustomerController     :   Request received to delete customer with ID 1
2024-05-06 02:14:06.084 [main] INFO  --- c.h.d.controller.CustomerController     :   Customer with ID 1 deleted successfully
2024-05-06 02:14:06.096 [main] INFO  --- c.h.d.controller.CustomerController     :   Received request to retrieve all customers.
2024-05-06 02:14:06.097 [main] INFO  --- c.h.d.controller.CustomerController     :   Retrieved 2 customers.
2024-05-06 02:14:06.162 [main] INFO  --- c.h.d.controller.CustomerController     :   Request received to save a new customer: com.himanshu.departmentalStore.model.Customer@389a5022
2024-05-06 02:14:06.163 [main] INFO  --- c.h.d.controller.CustomerController     :   Saved customer: com.himanshu.departmentalStore.model.Customer@389a5022
2024-05-06 02:14:06.187 [main] INFO  --- c.h.d.controller.CustomerController     :   Request received to update customer with ID 1: com.himanshu.departmentalStore.model.Customer@5b44318
2024-05-06 02:14:06.189 [main] INFO  --- c.h.d.controller.CustomerController     :   Updated customer with ID 1: com.himanshu.departmentalStore.model.Customer@5b44318
2024-05-06 02:14:06.476 [main] INFO  --- c.h.d.controller.DiscountController     :   Received request to Fetch discount by Id : 1
2024-05-06 02:14:06.481 [main] INFO  --- c.h.d.controller.DiscountController     :   Fetched discounts with Id : 1, discount : com.himanshu.departmentalStore.model.Discount@4e5c8ef3
2024-05-06 02:14:06.491 [main] INFO  --- c.h.d.controller.DiscountController     :   Received request to delete discount with ID 1
2024-05-06 02:14:06.521 [main] INFO  --- c.h.d.controller.DiscountController     :   Received request to Fetch all active discounts
2024-05-06 02:14:06.524 [main] INFO  --- c.h.d.controller.DiscountController     :   Fetched all active discounts : [com.himanshu.departmentalStore.model.Discount@8077c97, com.himanshu.departmentalStore.model.Discount@22865072]
2024-05-06 02:14:06.537 [main] INFO  --- c.h.d.controller.DiscountController     :   Received request to create new discount: com.himanshu.departmentalStore.model.Discount@5d5d3a5c
2024-05-06 02:14:06.546 [main] INFO  --- c.h.d.controller.DiscountController     :   Received request to update discount with ID 1: com.himanshu.departmentalStore.model.Discount@7e18ced7
2024-05-06 02:14:06.724 [main] INFO  --- c.h.d.controller.OrderController     :   Received request to delete order with ID: 1
2024-05-06 02:14:06.725 [main] INFO  --- c.h.d.controller.OrderController     :   Order deleted with ID: 1
2024-05-06 02:14:06.740 [main] INFO  --- c.h.d.controller.OrderController     :   Received request to update the order with Id : 1.
2024-05-06 02:14:06.742 [main] INFO  --- c.h.d.controller.OrderController     :   Converting OrderRequestBody to Order.
2024-05-06 02:14:06.743 [main] INFO  --- c.h.d.controller.OrderController     :   OrderRequestBody converted to Order
2024-05-06 02:14:06.747 [main] INFO  --- c.h.d.controller.OrderController     :   Order placed
2024-05-06 02:14:06.760 [main] INFO  --- c.h.d.controller.OrderController     :   Received request to fetch all orders.
2024-05-06 02:14:06.772 [main] INFO  --- c.h.d.controller.OrderController     :   Received request to fetch all orders by Id : 1
2024-05-06 02:14:06.773 [main] INFO  --- c.h.d.controller.OrderController     :   Fetched order with id : 1, order : com.himanshu.departmentalStore.model.Order@6b09ce57
2024-05-06 02:14:06.789 [main] INFO  --- c.h.d.controller.OrderController     :   Received request to create order.
2024-05-06 02:14:06.790 [main] INFO  --- c.h.d.controller.OrderController     :   Converting OrderRequestBody to Order.
2024-05-06 02:14:06.790 [main] INFO  --- c.h.d.controller.OrderController     :   OrderRequestBody converted to Order
2024-05-06 02:14:06.792 [main] INFO  --- c.h.d.controller.OrderController     :   Order Placed.
2024-05-06 02:14:06.826 [main] INFO  --- c.h.d.controller.ProductController     :   Request received to fetch product with ID 1
2024-05-06 02:14:06.827 [main] INFO  --- c.h.d.controller.ProductController     :   Returning product with ID 1: com.himanshu.departmentalStore.model.Product@781c2497
2024-05-06 02:14:06.836 [main] INFO  --- c.h.d.controller.ProductController     :   Request received to update product with ID 1: com.himanshu.departmentalStore.model.Product@70c491b8
2024-05-06 02:14:06.838 [main] INFO  --- c.h.d.controller.ProductController     :   Updated product with ID 1: com.himanshu.departmentalStore.model.Product@70c491b8
2024-05-06 02:14:06.849 [main] INFO  --- c.h.d.controller.ProductController     :   Request received to fetch all products
2024-05-06 02:14:06.850 [main] INFO  --- c.h.d.controller.ProductController     :   Returning 2 products
2024-05-06 02:14:06.869 [main] INFO  --- c.h.d.controller.ProductController     :   Request received to delete product with ID 1
2024-05-06 02:14:06.870 [main] INFO  --- c.h.d.controller.ProductController     :   Product with ID 1 deleted successfully
2024-05-06 02:14:06.879 [main] INFO  --- c.h.d.controller.ProductController     :   Request received to save a new product: com.himanshu.departmentalStore.model.Product@28367da7
2024-05-06 02:14:06.881 [main] INFO  --- c.h.d.controller.ProductController     :   Saved product: com.himanshu.departmentalStore.model.Product@28367da7
2024-05-06 02:14:07.494 [main] INFO  --- o.s.t.c.s.AnnotationConfigContextLoaderUtils     :   Could not detect default configuration classes for test class [com.himanshu.departmentalStore.integration_test.BackorderIntegrationTest]: BackorderIntegrationTest does not declare any static, non-private, non-final, nested classes annotated with @Configuration.
2024-05-06 02:14:08.047 [main] INFO  --- o.s.b.t.c.SpringBootTestContextBootstrapper     :   Found @SpringBootConfiguration com.himanshu.departmentalStore.DepartmentalStoreApplication for test class com.himanshu.departmentalStore.integration_test.BackorderIntegrationTest
2024-05-06 02:14:08.656 [main] INFO  --- o.testcontainers.images.PullPolicy     :   Image pull policy will be performed by: DefaultPullPolicy()
2024-05-06 02:14:08.667 [main] INFO  --- o.t.utility.ImageNameSubstitutor     :   Image name substitution will be performed by: DefaultImageNameSubstitutor (composite of 'ConfigurationFileImageNameSubstitutor' and 'PrefixingImageNameSubstitutor')
2024-05-06 02:14:10.098 [main] INFO  --- o.t.d.DockerClientProviderStrategy     :   Loaded org.testcontainers.dockerclient.NpipeSocketClientProviderStrategy from ~/.testcontainers.properties, will try it first
2024-05-06 02:14:11.478 [main] INFO  --- o.t.d.DockerClientProviderStrategy     :   Found Docker environment with local Npipe socket (npipe:////./pipe/docker_engine)
2024-05-06 02:14:11.484 [main] INFO  --- o.testcontainers.DockerClientFactory     :   Docker host IP address is localhost
2024-05-06 02:14:11.537 [main] INFO  --- o.testcontainers.DockerClientFactory     :   Connected to docker: 
  Server Version: 26.0.0
  API Version: 1.45
  Operating System: Docker Desktop
  Total Memory: 7882 MB
2024-05-06 02:14:11.628 [main] INFO  --- tc.testcontainers/ryuk:0.6.0     :   Creating container for image: testcontainers/ryuk:0.6.0
2024-05-06 02:14:13.087 [main] INFO  --- tc.testcontainers/ryuk:0.6.0     :   Container testcontainers/ryuk:0.6.0 is starting: e859cd685605afc23a374d14f4586b9a73bbe8e65c0e0f00c2792ce3ffa2772e
2024-05-06 02:14:14.017 [main] INFO  --- tc.testcontainers/ryuk:0.6.0     :   Container testcontainers/ryuk:0.6.0 started in PT2.3888925S
2024-05-06 02:14:14.073 [main] INFO  --- o.t.utility.RyukResourceReaper     :   Ryuk started - will monitor and terminate Testcontainers containers on JVM exit
2024-05-06 02:14:14.074 [main] INFO  --- o.testcontainers.DockerClientFactory     :   Checking the system...
2024-05-06 02:14:14.076 [main] INFO  --- o.testcontainers.DockerClientFactory     :   ✔︎ Docker server version should be at least 1.6.0
2024-05-06 02:14:14.089 [main] INFO  --- tc.mysql:latest     :   Creating container for image: mysql:latest
2024-05-06 02:14:14.520 [main] INFO  --- tc.mysql:latest     :   Container mysql:latest is starting: f191f0d1c9645615f727b36f2a3a880b0733eda0d82d01173553206324f95c9a
2024-05-06 02:14:15.152 [main] INFO  --- tc.mysql:latest     :   Waiting for database connection to become available at jdbc:mysql://localhost:60664/test using query 'SELECT 1'
2024-05-06 02:14:50.481 [main] INFO  --- tc.mysql:latest     :   Container mysql:latest started in PT36.3922454S
2024-05-06 02:14:50.482 [main] INFO  --- tc.mysql:latest     :   Container is started (JDBC URL: jdbc:mysql://localhost:60664/test)
