2024-04-23 15:03:32.167 [background-preinit] INFO  --- o.h.validator.internal.util.Version     :   HV000001: Hibernate Validator 8.0.1.Final
2024-04-23 15:03:32.203 [main] INFO  --- c.h.d.r.BackorderRepositoryTest     :   Starting BackorderRepositoryTest using Java 21.0.2 with PID 7588 (started by Himanshu.Kumar in C:\Users\himanshu.kumar\IdeaProjects\departmentalStore)
2024-04-23 15:03:32.204 [main] DEBUG --- c.h.d.r.BackorderRepositoryTest     :   Running with Spring Boot v3.2.4, Spring v6.1.5
2024-04-23 15:03:32.205 [main] INFO  --- c.h.d.r.BackorderRepositoryTest     :   No active profile set, falling back to 1 default profile: "default"
2024-04-23 15:03:33.320 [main] INFO  --- o.s.d.r.c.RepositoryConfigurationDelegate     :   Bootstrapping Spring Data JPA repositories in DEFAULT mode.
2024-04-23 15:03:33.417 [main] INFO  --- o.s.d.r.c.RepositoryConfigurationDelegate     :   Finished Spring Data repository scanning in 84 ms. Found 5 JPA repository interfaces.
2024-04-23 15:03:34.175 [main] INFO  --- o.h.jpa.internal.util.LogHelper     :   HHH000204: Processing PersistenceUnitInfo [name: default]
2024-04-23 15:03:34.277 [main] INFO  --- org.hibernate.Version     :   HHH000412: Hibernate ORM core version 6.4.4.Final
2024-04-23 15:03:34.350 [main] INFO  --- o.h.c.i.RegionFactoryInitiator     :   HHH000026: Second-level cache disabled
2024-04-23 15:03:34.813 [main] INFO  --- o.s.o.j.p.SpringPersistenceUnitInfo     :   No LoadTimeWeaver setup: ignoring JPA class transformer
2024-04-23 15:03:34.860 [main] INFO  --- com.zaxxer.hikari.HikariDataSource     :   HikariPool-1 - Starting...
2024-04-23 15:03:35.370 [main] INFO  --- com.zaxxer.hikari.pool.HikariPool     :   HikariPool-1 - Added connection com.mysql.cj.jdbc.ConnectionImpl@460f1cdb
2024-04-23 15:03:35.373 [main] INFO  --- com.zaxxer.hikari.HikariDataSource     :   HikariPool-1 - Start completed.
2024-04-23 15:03:36.743 [main] INFO  --- o.h.e.t.j.p.i.JtaPlatformInitiator     :   HHH000489: No JTA platform available (set 'hibernate.transaction.jta.platform' to enable JTA platform integration)
2024-04-23 15:03:36.824 [main] INFO  --- o.s.o.j.LocalContainerEntityManagerFactoryBean     :   Initialized JPA EntityManagerFactory for persistence unit 'default'
2024-04-23 15:03:37.929 [main] WARN  --- o.s.b.a.o.j.JpaBaseConfiguration$JpaWebConfiguration     :   spring.jpa.open-in-view is enabled by default. Therefore, database queries may be performed during view rendering. Explicitly configure spring.jpa.open-in-view to disable this warning
2024-04-23 15:03:38.551 [main] INFO  --- c.h.d.r.BackorderRepositoryTest     :   Started BackorderRepositoryTest in 6.588 seconds (process running for 8.291)
2024-04-23 15:03:40.304 [SpringApplicationShutdownHook] INFO  --- o.s.o.j.LocalContainerEntityManagerFactoryBean     :   Closing JPA EntityManagerFactory for persistence unit 'default'
2024-04-23 15:03:40.308 [SpringApplicationShutdownHook] INFO  --- com.zaxxer.hikari.HikariDataSource     :   HikariPool-1 - Shutdown initiated...
2024-04-23 15:03:40.323 [SpringApplicationShutdownHook] INFO  --- com.zaxxer.hikari.HikariDataSource     :   HikariPool-1 - Shutdown completed.
2024-04-23 15:03:55.189 [main] INFO  --- c.h.d.service.OrderService     :   Deleting order with Id : 1
2024-04-23 15:03:55.199 [main] INFO  --- c.h.d.service.OrderService     :   Updating product
2024-04-23 15:03:55.200 [main] INFO  --- c.h.d.service.OrderService     :   Product quantity increased in product
2024-04-23 15:03:55.200 [main] INFO  --- c.h.d.service.OrderService     :   Checking backorder which can be fulfilled
2024-04-23 15:03:55.200 [main] INFO  --- c.h.d.service.OrderService     :   Order deleted with Id : 1
2024-04-23 15:03:55.234 [main] INFO  --- c.h.d.service.OrderService     :   Updating order with Id : 1
2024-04-23 15:03:55.235 [main] INFO  --- c.h.d.service.OrderService     :   Check if the customer, product, and discount are the same or different
2024-04-23 15:03:55.235 [main] INFO  --- c.h.d.service.OrderService     :   Product quantity increased : Checking is Product available
2024-04-23 15:03:55.235 [main] INFO  --- c.h.d.service.OrderService     :   Product available.
2024-04-23 15:03:55.235 [main] INFO  --- c.h.d.service.OrderService     :   Updated Order, product, orderAmount
2024-04-23 15:03:55.248 [main] INFO  --- c.h.d.service.OrderService     :   Fetching all orders
2024-04-23 15:03:55.248 [main] INFO  --- c.h.d.service.OrderService     :   Order Fetched
2024-04-23 15:03:55.254 [main] INFO  --- c.h.d.service.OrderService     :   Fetching all orders with Id : 1
2024-04-23 15:03:55.255 [main] INFO  --- c.h.d.service.OrderService     :   Order fetched with Id : 1, order : com.himanshu.departmentalStore.model.Order@6778aea6
2024-04-23 15:03:55.263 [main] INFO  --- c.h.d.service.OrderService     :   Placing order.
2024-04-23 15:03:55.264 [main] INFO  --- c.h.d.service.OrderService     :   Checking isProductAvailable
2024-04-23 15:03:55.264 [main] INFO  --- c.h.d.service.OrderService     :   Product available.
2024-04-23 15:03:55.264 [main] INFO  --- c.h.d.service.OrderService     :   Calculating total amount
2024-04-23 15:03:55.264 [main] INFO  --- c.h.d.service.OrderService     :   Amount updated in order
2024-04-23 15:03:55.264 [main] INFO  --- c.h.d.service.OrderService     :   Updating product quantity
2024-04-23 15:03:55.265 [main] INFO  --- c.h.d.service.OrderService     :   Saving order
2024-04-23 15:03:55.301 [main] INFO  --- c.h.d.controller.CustomerController     :   Request received to fetch customer with ID 1
2024-04-23 15:03:55.302 [main] INFO  --- c.h.d.controller.CustomerController     :   Returning customer with ID 1: com.himanshu.departmentalStore.model.Customer@4cb40e3b
2024-04-23 15:03:55.317 [main] INFO  --- c.h.d.controller.CustomerController     :   Request received to delete customer with ID 1
2024-04-23 15:03:55.318 [main] INFO  --- c.h.d.controller.CustomerController     :   Customer with ID 1 deleted successfully
2024-04-23 15:03:55.323 [main] INFO  --- c.h.d.controller.CustomerController     :   Received request to retrieve all customers.
2024-04-23 15:03:55.324 [main] INFO  --- c.h.d.controller.CustomerController     :   Retrieved 2 customers.
2024-04-23 15:03:55.329 [main] INFO  --- c.h.d.controller.CustomerController     :   Request received to save a new customer: com.himanshu.departmentalStore.model.Customer@474c9131
2024-04-23 15:03:55.330 [main] INFO  --- c.h.d.controller.CustomerController     :   Saved customer: com.himanshu.departmentalStore.model.Customer@474c9131
2024-04-23 15:03:55.335 [main] INFO  --- c.h.d.controller.CustomerController     :   Request received to update customer with ID 1: com.himanshu.departmentalStore.model.Customer@70c0a3d5
2024-04-23 15:03:55.336 [main] INFO  --- c.h.d.controller.CustomerController     :   Updated customer with ID 1: com.himanshu.departmentalStore.model.Customer@70c0a3d5
2024-04-23 15:03:55.948 [background-preinit] INFO  --- o.h.validator.internal.util.Version     :   HV000001: Hibernate Validator 8.0.1.Final
2024-04-23 15:03:55.984 [main] INFO  --- c.h.d.repository.OrderRepositoryTest     :   Starting OrderRepositoryTest using Java 21.0.2 with PID 15296 (started by Himanshu.Kumar in C:\Users\himanshu.kumar\IdeaProjects\departmentalStore)
2024-04-23 15:03:55.984 [main] DEBUG --- c.h.d.repository.OrderRepositoryTest     :   Running with Spring Boot v3.2.4, Spring v6.1.5
2024-04-23 15:03:55.985 [main] INFO  --- c.h.d.repository.OrderRepositoryTest     :   No active profile set, falling back to 1 default profile: "default"
2024-04-23 15:03:56.879 [main] INFO  --- o.s.d.r.c.RepositoryConfigurationDelegate     :   Bootstrapping Spring Data JPA repositories in DEFAULT mode.
2024-04-23 15:03:56.942 [main] INFO  --- o.s.d.r.c.RepositoryConfigurationDelegate     :   Finished Spring Data repository scanning in 52 ms. Found 5 JPA repository interfaces.
2024-04-23 15:03:57.437 [main] INFO  --- o.h.jpa.internal.util.LogHelper     :   HHH000204: Processing PersistenceUnitInfo [name: default]
2024-04-23 15:03:57.515 [main] INFO  --- org.hibernate.Version     :   HHH000412: Hibernate ORM core version 6.4.4.Final
2024-04-23 15:03:57.560 [main] INFO  --- o.h.c.i.RegionFactoryInitiator     :   HHH000026: Second-level cache disabled
2024-04-23 15:03:57.678 [main] INFO  --- o.s.o.j.p.SpringPersistenceUnitInfo     :   No LoadTimeWeaver setup: ignoring JPA class transformer
2024-04-23 15:03:57.715 [main] INFO  --- com.zaxxer.hikari.HikariDataSource     :   HikariPool-1 - Starting...
2024-04-23 15:03:58.136 [main] INFO  --- com.zaxxer.hikari.pool.HikariPool     :   HikariPool-1 - Added connection com.mysql.cj.jdbc.ConnectionImpl@3b6c740b
2024-04-23 15:03:58.139 [main] INFO  --- com.zaxxer.hikari.HikariDataSource     :   HikariPool-1 - Start completed.
2024-04-23 15:03:59.104 [main] INFO  --- o.h.e.t.j.p.i.JtaPlatformInitiator     :   HHH000489: No JTA platform available (set 'hibernate.transaction.jta.platform' to enable JTA platform integration)
2024-04-23 15:03:59.188 [main] INFO  --- o.s.o.j.LocalContainerEntityManagerFactoryBean     :   Initialized JPA EntityManagerFactory for persistence unit 'default'
2024-04-23 15:04:00.288 [main] WARN  --- o.s.b.a.o.j.JpaBaseConfiguration$JpaWebConfiguration     :   spring.jpa.open-in-view is enabled by default. Therefore, database queries may be performed during view rendering. Explicitly configure spring.jpa.open-in-view to disable this warning
2024-04-23 15:04:00.815 [main] INFO  --- c.h.d.repository.OrderRepositoryTest     :   Started OrderRepositoryTest in 5.075 seconds (process running for 8.365)
2024-04-23 15:04:02.241 [main] INFO  --- c.h.d.service.ProductService     :   Fetching product with ID 1
2024-04-23 15:04:02.242 [main] INFO  --- c.h.d.service.ProductService     :   Fetched product: com.himanshu.departmentalStore.model.Product@3412a1dd
2024-04-23 15:04:02.245 [main] INFO  --- c.h.d.service.ProductService     :   Updating product with ID 1: com.himanshu.departmentalStore.model.Product@2e07ae6c
2024-04-23 15:04:02.248 [main] INFO  --- c.h.d.service.ProductService     :   Fetching all products from the database
2024-04-23 15:04:02.248 [main] INFO  --- c.h.d.service.ProductService     :   Fetched 2 products
2024-04-23 15:04:02.250 [main] INFO  --- c.h.d.service.ProductService     :   Deleting product with ID 1
2024-04-23 15:04:02.253 [main] INFO  --- c.h.d.service.ProductService     :   Saving new product: com.himanshu.departmentalStore.model.Product@6a56a99a
2024-04-23 15:04:02.516 [main] INFO  --- c.h.d.controller.OrderController     :   Received request to delete order with ID: 1
2024-04-23 15:04:02.516 [main] INFO  --- c.h.d.controller.OrderController     :   Order deleted with ID: 1
2024-04-23 15:04:02.522 [main] INFO  --- c.h.d.controller.OrderController     :   Received request to update the order with Id : 1.
2024-04-23 15:04:02.522 [main] INFO  --- c.h.d.controller.OrderController     :   Converting OrderRequestBody to Order.
2024-04-23 15:04:02.522 [main] INFO  --- c.h.d.controller.OrderController     :   OrderRequestBody converted to Order
2024-04-23 15:04:02.523 [main] INFO  --- c.h.d.controller.OrderController     :   Order placed
2024-04-23 15:04:02.526 [main] INFO  --- c.h.d.controller.OrderController     :   Received request to fetch all orders.
2024-04-23 15:04:02.529 [main] INFO  --- c.h.d.controller.OrderController     :   Received request to fetch all orders by Id : 1
2024-04-23 15:04:02.529 [main] INFO  --- c.h.d.controller.OrderController     :   Fetched order with id : 1, order : com.himanshu.departmentalStore.model.Order@40fab20a
2024-04-23 15:04:02.532 [main] INFO  --- c.h.d.controller.OrderController     :   Received request to create order.
2024-04-23 15:04:02.532 [main] INFO  --- c.h.d.controller.OrderController     :   Converting OrderRequestBody to Order.
2024-04-23 15:04:02.532 [main] INFO  --- c.h.d.controller.OrderController     :   OrderRequestBody converted to Order
2024-04-23 15:04:02.533 [main] INFO  --- c.h.d.controller.OrderController     :   Order Placed.
2024-04-23 15:04:02.723 [main] INFO  --- c.h.d.service.CustomerService     :   Fetching customer with ID 1
2024-04-23 15:04:02.724 [main] INFO  --- c.h.d.service.CustomerService     :   Fetched customer: com.himanshu.departmentalStore.model.Customer@acc6a69
2024-04-23 15:04:02.727 [main] INFO  --- c.h.d.service.CustomerService     :   Deleting customer with ID 1
2024-04-23 15:04:02.730 [main] INFO  --- c.h.d.service.CustomerService     :   Fetching all customers from the database
2024-04-23 15:04:02.731 [main] INFO  --- c.h.d.service.CustomerService     :   Fetched 2 customers
2024-04-23 15:04:02.733 [main] INFO  --- c.h.d.service.CustomerService     :   Saving new customer: com.himanshu.departmentalStore.model.Customer@c207c10
2024-04-23 15:04:02.735 [main] INFO  --- c.h.d.service.CustomerService     :   Updating customer with ID 1: com.himanshu.departmentalStore.model.Customer@76982efa
2024-04-23 15:04:02.741 [main] INFO  --- c.h.d.controller.BackorderController     :   Received request to fetch backorder by ID: 1
2024-04-23 15:04:02.741 [main] INFO  --- c.h.d.controller.BackorderController     :   Fetched backorder with Id: 1
2024-04-23 15:04:02.745 [main] INFO  --- c.h.d.controller.BackorderController     :   Received request to update backorder with ID 1: BackOrderRequestBody(productId=1, customerId=1, quantity=10)
2024-04-23 15:04:02.748 [main] INFO  --- c.h.d.controller.BackorderController     :   Converting RequestBody to backorder
2024-04-23 15:04:02.748 [main] INFO  --- c.h.d.controller.BackorderController     :   RequestBody converted to backorder
2024-04-23 15:04:02.748 [main] INFO  --- c.h.d.controller.BackorderController     :   Backorder updated with ID : 1
2024-04-23 15:04:02.751 [main] INFO  --- c.h.d.controller.BackorderController     :   Received request to create new backorder with request body: BackOrderRequestBody(productId=1, customerId=1, quantity=5)
2024-04-23 15:04:02.752 [main] INFO  --- c.h.d.controller.BackorderController     :   Converting RequestBody to backorder
2024-04-23 15:04:02.752 [main] INFO  --- c.h.d.controller.BackorderController     :   RequestBody converted to backorder
2024-04-23 15:04:02.752 [main] INFO  --- c.h.d.controller.BackorderController     :   Backorder created with ID : 1
2024-04-23 15:04:02.755 [main] INFO  --- c.h.d.controller.BackorderController     :   Received request to fetch all backorders
2024-04-23 15:04:02.755 [main] INFO  --- c.h.d.controller.BackorderController     :   Fetched backorders
2024-04-23 15:04:02.758 [main] INFO  --- c.h.d.controller.BackorderController     :   Received request to delete backorder with ID: 1
2024-04-23 15:04:02.758 [main] INFO  --- c.h.d.controller.BackorderController     :   Backorder deleted with ID: 1
2024-04-23 15:04:02.826 [main] INFO  --- c.h.d.service.BackorderService     :   Fetching backorder by Id : 1
2024-04-23 15:04:02.829 [main] INFO  --- c.h.d.service.BackorderService     :   Updating backorder
2024-04-23 15:04:02.831 [main] INFO  --- c.h.d.service.BackorderService     :   Saving backorder
2024-04-23 15:04:02.834 [main] INFO  --- c.h.d.service.BackorderService     :   Fetching all backorders
2024-04-23 15:04:02.836 [main] INFO  --- c.h.d.service.BackorderService     :   Deleting backorder
2024-04-23 15:04:02.841 [main] INFO  --- c.h.d.controller.DiscountController     :   Received request to Fetch discount by Id : 1
2024-04-23 15:04:02.842 [main] INFO  --- c.h.d.controller.DiscountController     :   Fetched discounts with Id : 1, discount : com.himanshu.departmentalStore.model.Discount@9252e52
2024-04-23 15:04:02.843 [main] INFO  --- c.h.d.controller.DiscountController     :   Received request to delete discount with ID 1
2024-04-23 15:04:02.846 [main] INFO  --- c.h.d.controller.DiscountController     :   Received request to Fetch all active discounts
2024-04-23 15:04:02.846 [main] INFO  --- c.h.d.controller.DiscountController     :   Fetched all active discounts : [com.himanshu.departmentalStore.model.Discount@1231e446, com.himanshu.departmentalStore.model.Discount@32c60fec]
2024-04-23 15:04:02.848 [main] INFO  --- c.h.d.controller.DiscountController     :   Received request to create new discount: com.himanshu.departmentalStore.model.Discount@3990c36c
2024-04-23 15:04:02.851 [main] INFO  --- c.h.d.controller.DiscountController     :   Received request to update discount with ID 1: com.himanshu.departmentalStore.model.Discount@2625c1cc
2024-04-23 15:04:02.855 [main] INFO  --- c.h.d.controller.ProductController     :   Request received to fetch product with ID 1
2024-04-23 15:04:02.856 [main] INFO  --- c.h.d.controller.ProductController     :   Returning product with ID 1: com.himanshu.departmentalStore.model.Product@559ff07
2024-04-23 15:04:02.858 [main] INFO  --- c.h.d.controller.ProductController     :   Request received to update product with ID 1: com.himanshu.departmentalStore.model.Product@592e1c4f
2024-04-23 15:04:02.858 [main] INFO  --- c.h.d.controller.ProductController     :   Updated product with ID 1: com.himanshu.departmentalStore.model.Product@592e1c4f
2024-04-23 15:04:02.860 [main] INFO  --- c.h.d.controller.ProductController     :   Request received to fetch all products
2024-04-23 15:04:02.860 [main] INFO  --- c.h.d.controller.ProductController     :   Returning 2 products
2024-04-23 15:04:02.861 [main] INFO  --- c.h.d.controller.ProductController     :   Request received to delete product with ID 1
2024-04-23 15:04:02.862 [main] INFO  --- c.h.d.controller.ProductController     :   Product with ID 1 deleted successfully
2024-04-23 15:04:02.863 [main] INFO  --- c.h.d.controller.ProductController     :   Request received to save a new product: com.himanshu.departmentalStore.model.Product@53cd2763
2024-04-23 15:04:02.864 [main] INFO  --- c.h.d.controller.ProductController     :   Saved product: com.himanshu.departmentalStore.model.Product@53cd2763
2024-04-23 15:04:02.929 [main] INFO  --- c.h.d.service.DiscountService     :   Fetching discount by ID: 1
2024-04-23 15:04:02.932 [main] INFO  --- c.h.d.service.DiscountService     :   Deleting discount with ID: 1
2024-04-23 15:04:02.934 [main] INFO  --- c.h.d.service.DiscountService     :   Fetching all active discounts
2024-04-23 15:04:02.937 [main] INFO  --- c.h.d.service.DiscountService     :   Saving discount: com.himanshu.departmentalStore.model.Discount@d679e86
2024-04-23 15:04:02.940 [main] INFO  --- c.h.d.service.DiscountService     :   Updating discount with ID 1: com.himanshu.departmentalStore.model.Discount@e6522bd
2024-04-23 15:04:03.084 [SpringApplicationShutdownHook] INFO  --- o.s.o.j.LocalContainerEntityManagerFactoryBean     :   Closing JPA EntityManagerFactory for persistence unit 'default'
2024-04-23 15:04:03.087 [SpringApplicationShutdownHook] INFO  --- com.zaxxer.hikari.HikariDataSource     :   HikariPool-1 - Shutdown initiated...
2024-04-23 15:04:03.096 [SpringApplicationShutdownHook] INFO  --- com.zaxxer.hikari.HikariDataSource     :   HikariPool-1 - Shutdown completed.
