2024-05-07 12:09:35.698 [main] INFO  --- c.h.d.controller.BackorderController     :   Received request to fetch backorder by ID: 1
2024-05-07 12:09:35.737 [main] INFO  --- c.h.d.controller.BackorderController     :   Fetched backorder with Id: 1
2024-05-07 12:09:35.842 [main] INFO  --- c.h.d.controller.BackorderController     :   Received request to update backorder with ID 1: com.himanshu.departmentalStore.dto.BackOrderRequestBody@7a55fb81
2024-05-07 12:09:35.842 [main] INFO  --- c.h.d.controller.BackorderController     :   Converting RequestBody to backorder
2024-05-07 12:09:35.843 [main] INFO  --- c.h.d.controller.BackorderController     :   RequestBody converted to backorder
2024-05-07 12:09:35.845 [main] INFO  --- c.h.d.controller.BackorderController     :   Backorder updated with ID : 1
2024-05-07 12:09:35.857 [main] INFO  --- c.h.d.controller.BackorderController     :   Received request to create new backorder with request body: com.himanshu.departmentalStore.dto.BackOrderRequestBody@5c53c235
2024-05-07 12:09:35.858 [main] INFO  --- c.h.d.controller.BackorderController     :   Converting RequestBody to backorder
2024-05-07 12:09:35.859 [main] INFO  --- c.h.d.controller.BackorderController     :   RequestBody converted to backorder
2024-05-07 12:09:35.859 [main] INFO  --- c.h.d.controller.BackorderController     :   Backorder created with ID : 1
2024-05-07 12:09:35.871 [main] INFO  --- c.h.d.controller.BackorderController     :   Received request to fetch all backorders
2024-05-07 12:09:35.872 [main] INFO  --- c.h.d.controller.BackorderController     :   Fetched backorders
2024-05-07 12:09:35.880 [main] INFO  --- c.h.d.controller.BackorderController     :   Received request to delete backorder with ID: 1
2024-05-07 12:09:35.881 [main] INFO  --- c.h.d.controller.BackorderController     :   Backorder deleted with ID: 1
2024-05-07 12:09:35.908 [main] INFO  --- c.h.d.controller.CustomerController     :   Request received to fetch customer with ID 1
2024-05-07 12:09:35.909 [main] INFO  --- c.h.d.controller.CustomerController     :   Returning customer with ID 1: com.himanshu.departmentalStore.model.Customer@21516c88
2024-05-07 12:09:35.919 [main] INFO  --- c.h.d.controller.CustomerController     :   Request received to delete customer with ID 1
2024-05-07 12:09:35.920 [main] INFO  --- c.h.d.controller.CustomerController     :   Customer with ID 1 deleted successfully
2024-05-07 12:09:35.927 [main] INFO  --- c.h.d.controller.CustomerController     :   Received request to retrieve all customers.
2024-05-07 12:09:35.928 [main] INFO  --- c.h.d.controller.CustomerController     :   Retrieved 2 customers.
2024-05-07 12:09:35.936 [main] INFO  --- c.h.d.controller.CustomerController     :   Request received to save a new customer: com.himanshu.departmentalStore.model.Customer@e01a26b
2024-05-07 12:09:35.937 [main] INFO  --- c.h.d.controller.CustomerController     :   Saved customer: com.himanshu.departmentalStore.model.Customer@e01a26b
2024-05-07 12:09:35.950 [main] INFO  --- c.h.d.controller.CustomerController     :   Request received to update customer with ID 1: com.himanshu.departmentalStore.model.Customer@5cce40d7
2024-05-07 12:09:35.953 [main] INFO  --- c.h.d.controller.CustomerController     :   Updated customer with ID 1: com.himanshu.departmentalStore.model.Customer@5cce40d7
2024-05-07 12:09:36.112 [main] INFO  --- c.h.d.controller.DiscountController     :   Received request to Fetch discount by Id : 1
2024-05-07 12:09:36.114 [main] INFO  --- c.h.d.controller.DiscountController     :   Fetched discounts with Id : 1, discount : com.himanshu.departmentalStore.model.Discount@f03ee8f
2024-05-07 12:09:36.123 [main] INFO  --- c.h.d.controller.DiscountController     :   Received request to delete discount with ID 1
2024-05-07 12:09:36.134 [main] INFO  --- c.h.d.controller.DiscountController     :   Received request to Fetch all active discounts
2024-05-07 12:09:36.135 [main] INFO  --- c.h.d.controller.DiscountController     :   Fetched all active discounts : [com.himanshu.departmentalStore.model.Discount@4ebd6fd6, com.himanshu.departmentalStore.model.Discount@5e5a8718]
2024-05-07 12:09:36.145 [main] INFO  --- c.h.d.controller.DiscountController     :   Received request to create new discount: com.himanshu.departmentalStore.model.Discount@615e83ac
2024-05-07 12:09:36.155 [main] INFO  --- c.h.d.controller.DiscountController     :   Received request to update discount with ID 1: com.himanshu.departmentalStore.model.Discount@4e50ae56
2024-05-07 12:09:36.278 [main] INFO  --- c.h.d.controller.OrderController     :   Received request to delete order with ID: 1
2024-05-07 12:09:36.280 [main] INFO  --- c.h.d.controller.OrderController     :   Order deleted with ID: 1
2024-05-07 12:09:36.293 [main] INFO  --- c.h.d.controller.OrderController     :   Received request to update the order with Id : 1.
2024-05-07 12:09:36.294 [main] INFO  --- c.h.d.controller.OrderController     :   Converting OrderRequestBody to Order.
2024-05-07 12:09:36.295 [main] INFO  --- c.h.d.controller.OrderController     :   OrderRequestBody converted to Order
2024-05-07 12:09:36.296 [main] INFO  --- c.h.d.controller.OrderController     :   Order placed
2024-05-07 12:09:36.312 [main] INFO  --- c.h.d.controller.OrderController     :   Received request to fetch all orders.
2024-05-07 12:09:36.334 [main] INFO  --- c.h.d.controller.OrderController     :   Received request to fetch all orders by Id : 1
2024-05-07 12:09:36.335 [main] INFO  --- c.h.d.controller.OrderController     :   Fetched order with id : 1, order : com.himanshu.departmentalStore.model.Order@7606bd03
2024-05-07 12:09:36.347 [main] INFO  --- c.h.d.controller.OrderController     :   Received request to create order.
2024-05-07 12:09:36.347 [main] INFO  --- c.h.d.controller.OrderController     :   Converting OrderRequestBody to Order.
2024-05-07 12:09:36.347 [main] INFO  --- c.h.d.controller.OrderController     :   OrderRequestBody converted to Order
2024-05-07 12:09:36.348 [main] INFO  --- c.h.d.controller.OrderController     :   Order Placed.
2024-05-07 12:09:36.376 [main] INFO  --- c.h.d.controller.ProductController     :   Request received to fetch product with ID 1
2024-05-07 12:09:36.377 [main] INFO  --- c.h.d.controller.ProductController     :   Returning product with ID 1: com.himanshu.departmentalStore.model.Product@3957d88b
2024-05-07 12:09:36.387 [main] INFO  --- c.h.d.controller.ProductController     :   Request received to update product with ID 1: com.himanshu.departmentalStore.model.Product@2fba0dac
2024-05-07 12:09:36.388 [main] INFO  --- c.h.d.controller.ProductController     :   Updated product with ID 1: com.himanshu.departmentalStore.model.Product@2fba0dac
2024-05-07 12:09:36.396 [main] INFO  --- c.h.d.controller.ProductController     :   Request received to fetch all products
2024-05-07 12:09:36.397 [main] INFO  --- c.h.d.controller.ProductController     :   Returning 2 products
2024-05-07 12:09:36.405 [main] INFO  --- c.h.d.controller.ProductController     :   Request received to delete product with ID 1
2024-05-07 12:09:36.406 [main] INFO  --- c.h.d.controller.ProductController     :   Product with ID 1 deleted successfully
2024-05-07 12:09:36.415 [main] INFO  --- c.h.d.controller.ProductController     :   Request received to save a new product: com.himanshu.departmentalStore.model.Product@7be38eba
2024-05-07 12:09:36.416 [main] INFO  --- c.h.d.controller.ProductController     :   Saved product: com.himanshu.departmentalStore.model.Product@7be38eba
2024-05-07 12:09:36.896 [main] INFO  --- o.s.t.c.s.AnnotationConfigContextLoaderUtils     :   Could not detect default configuration classes for test class [com.himanshu.departmentalStore.integration_test.BackorderIntegrationTest]: BackorderIntegrationTest does not declare any static, non-private, non-final, nested classes annotated with @Configuration.
2024-05-07 12:09:37.443 [main] INFO  --- o.s.b.t.c.SpringBootTestContextBootstrapper     :   Found @SpringBootConfiguration com.himanshu.departmentalStore.DepartmentalStoreApplication for test class com.himanshu.departmentalStore.integration_test.BackorderIntegrationTest
2024-05-07 12:09:37.920 [main] INFO  --- o.testcontainers.images.PullPolicy     :   Image pull policy will be performed by: DefaultPullPolicy()
2024-05-07 12:09:37.930 [main] INFO  --- o.t.utility.ImageNameSubstitutor     :   Image name substitution will be performed by: DefaultImageNameSubstitutor (composite of 'ConfigurationFileImageNameSubstitutor' and 'PrefixingImageNameSubstitutor')
2024-05-07 12:09:38.797 [main] INFO  --- o.t.d.DockerClientProviderStrategy     :   Loaded org.testcontainers.dockerclient.NpipeSocketClientProviderStrategy from ~/.testcontainers.properties, will try it first
2024-05-07 12:09:39.910 [main] INFO  --- o.t.d.DockerClientProviderStrategy     :   Found Docker environment with local Npipe socket (npipe:////./pipe/docker_engine)
2024-05-07 12:09:39.914 [main] INFO  --- o.testcontainers.DockerClientFactory     :   Docker host IP address is localhost
2024-05-07 12:09:39.967 [main] INFO  --- o.testcontainers.DockerClientFactory     :   Connected to docker: 
  Server Version: 26.0.0
  API Version: 1.45
  Operating System: Docker Desktop
  Total Memory: 7882 MB
2024-05-07 12:09:40.059 [main] INFO  --- tc.testcontainers/ryuk:0.6.0     :   Creating container for image: testcontainers/ryuk:0.6.0
2024-05-07 12:09:41.658 [main] INFO  --- tc.testcontainers/ryuk:0.6.0     :   Container testcontainers/ryuk:0.6.0 is starting: 58981dad321b8b8f0c7bf4a515029bd409a65b8c6288e94c47db535cdfbd5567
2024-05-07 12:09:43.431 [main] INFO  --- tc.testcontainers/ryuk:0.6.0     :   Container testcontainers/ryuk:0.6.0 started in PT3.3720132S
2024-05-07 12:09:43.450 [main] INFO  --- o.t.utility.RyukResourceReaper     :   Ryuk started - will monitor and terminate Testcontainers containers on JVM exit
2024-05-07 12:09:43.451 [main] INFO  --- o.testcontainers.DockerClientFactory     :   Checking the system...
2024-05-07 12:09:43.453 [main] INFO  --- o.testcontainers.DockerClientFactory     :   ✔︎ Docker server version should be at least 1.6.0
2024-05-07 12:09:43.463 [main] INFO  --- tc.mysql:latest     :   Creating container for image: mysql:latest
2024-05-07 12:09:43.646 [main] INFO  --- tc.mysql:latest     :   Container mysql:latest is starting: 3c23b5253289fa32b7a4f07bd5601c85ae2f4a63eb54572dc7c1dd42dd5f73d8
2024-05-07 12:09:44.060 [main] INFO  --- tc.mysql:latest     :   Waiting for database connection to become available at jdbc:mysql://localhost:64487/test using query 'SELECT 1'
2024-05-07 12:10:02.757 [main] INFO  --- tc.mysql:latest     :   Container mysql:latest started in PT19.2940175S
2024-05-07 12:10:02.758 [main] INFO  --- tc.mysql:latest     :   Container is started (JDBC URL: jdbc:mysql://localhost:64487/test)
